2018-01-03 09:29:19,777 [7296] INFO  HttpClient - 无法连接到远程服务器
2018-01-03 09:29:22,042 [7296] INFO  HttpClient - 无法连接到远程服务器
2018-01-03 09:39:24,688 [8284] INFO  FormLogin - 操作超时
2018-01-03 09:41:05,769 [7340] INFO  FormLogin - 无法连接到远程服务器
2018-01-03 09:41:08,779 [8716] INFO  FormLogin - 无法连接到远程服务器
2018-01-03 09:41:11,760 [8284] INFO  FormLogin - 无法连接到远程服务器
2018-01-03 09:41:14,752 [8096] INFO  FormLogin - 无法连接到远程服务器
2018-01-03 09:41:17,784 [8716] INFO  FormLogin - 无法连接到远程服务器
2018-01-03 09:41:20,797 [8716] INFO  FormLogin - 无法连接到远程服务器
2018-01-03 09:41:23,847 [7340] INFO  FormLogin - 无法连接到远程服务器
2018-01-03 09:41:24,629 [8284] INFO  FormLogin - 无法连接到远程服务器
2018-01-03 09:41:26,856 [8716] INFO  FormLogin - 无法连接到远程服务器
2018-01-03 09:41:29,857 [7340] INFO  FormLogin - 无法连接到远程服务器
2018-01-03 09:41:32,889 [8716] INFO  FormLogin - 无法连接到远程服务器
2018-01-03 09:41:35,893 [8716] INFO  FormLogin - 无法连接到远程服务器
2018-01-03 09:41:37,311 [8264] INFO  FormLogin - 无法连接到远程服务器
2018-01-03 09:41:38,883 [8292] INFO  FormLogin - 无法连接到远程服务器
2018-01-03 09:41:41,873 [8096] INFO  FormLogin - 无法连接到远程服务器
2018-01-03 09:41:44,871 [8292] INFO  FormLogin - 无法连接到远程服务器
2018-01-03 09:41:47,915 [7340] INFO  FormLogin - 无法连接到远程服务器
2018-01-03 09:41:50,934 [8284] INFO  FormLogin - 无法连接到远程服务器
2018-01-03 09:41:53,932 [8716] INFO  FormLogin - 无法连接到远程服务器
2018-01-03 09:41:56,929 [8716] INFO  FormLogin - 无法连接到远程服务器
2018-01-03 09:41:59,941 [8716] INFO  FormLogin - 无法连接到远程服务器
2018-01-03 09:42:02,967 [8292] INFO  FormLogin - 无法连接到远程服务器
2018-01-03 09:42:05,934 [8096] INFO  FormLogin - 无法连接到远程服务器
2018-01-03 09:42:08,966 [8716] INFO  FormLogin - 无法连接到远程服务器
2018-01-03 09:42:11,962 [7340] INFO  FormLogin - 无法连接到远程服务器
2018-01-03 09:42:14,978 [8716] INFO  FormLogin - 无法连接到远程服务器
2018-01-03 09:42:18,016 [7340] INFO  FormLogin - 无法连接到远程服务器
2018-01-03 09:42:21,017 [5236] INFO  FormLogin - 无法连接到远程服务器
2018-01-03 09:42:24,033 [7340] INFO  FormLogin - 无法连接到远程服务器
2018-01-03 09:42:24,652 [5236] INFO  FormLogin - 无法连接到远程服务器
2018-01-03 09:42:27,034 [5236] INFO  FormLogin - 无法连接到远程服务器
2018-01-03 09:42:30,067 [5236] INFO  FormLogin - 无法连接到远程服务器
2018-01-03 09:42:33,076 [8096] INFO  FormLogin - 无法连接到远程服务器
2018-01-03 09:42:36,091 [8180] INFO  FormLogin - 无法连接到远程服务器
2018-01-03 09:42:39,119 [8180] INFO  FormLogin - 无法连接到远程服务器
2018-01-03 09:42:42,121 [8180] INFO  FormLogin - 无法连接到远程服务器
2018-01-03 09:42:45,102 [8180] INFO  FormLogin - 无法连接到远程服务器
2018-01-03 09:42:45,711 [8264] INFO  FormLogin - 无法连接到远程服务器
2018-01-03 09:42:48,102 [8180] INFO  FormLogin - 无法连接到远程服务器
2018-01-03 09:45:32,257 [8672] INFO  HttpClient - 无法连接到远程服务器
2018-01-03 09:45:32,425 [8672] INFO  HttpClient - 无法连接到远程服务器
2018-01-03 09:46:40,250 [8672] INFO  FormLogin - 无法连接到远程服务器
2018-01-03 09:46:43,298 [8672] INFO  FormLogin - 无法连接到远程服务器
2018-01-03 09:46:46,323 [8672] INFO  FormLogin - 无法连接到远程服务器
2018-01-03 09:46:49,308 [8672] INFO  FormLogin - 无法连接到远程服务器
2018-01-03 09:46:52,331 [8672] INFO  FormLogin - 无法连接到远程服务器
2018-01-03 09:46:54,570 [8416] INFO  FormLogin - 无法连接到远程服务器
2018-01-03 09:46:55,318 [8672] INFO  FormLogin - 无法连接到远程服务器
2018-01-03 09:46:56,221 [7176] INFO  FormLogin - 无法连接到远程服务器
2018-01-03 09:46:58,319 [8800] INFO  FormLogin - 无法连接到远程服务器
2018-01-03 09:47:01,321 [8672] INFO  FormLogin - 无法连接到远程服务器
2018-01-03 09:47:04,338 [8672] INFO  FormLogin - 无法连接到远程服务器
2018-01-03 09:47:07,356 [8672] INFO  FormLogin - 无法连接到远程服务器
2018-01-03 09:47:10,373 [8800] INFO  FormLogin - 无法连接到远程服务器
2018-01-03 09:47:13,385 [8672] INFO  FormLogin - 无法连接到远程服务器
2018-01-03 09:47:16,361 [8672] INFO  FormLogin - 无法连接到远程服务器
2018-01-03 09:47:19,400 [8848] INFO  FormLogin - 无法连接到远程服务器
2018-01-03 09:47:22,391 [8672] INFO  FormLogin - 无法连接到远程服务器
2018-01-03 09:47:25,189 [8848] INFO  FormLogin - 无法连接到远程服务器
2018-01-03 09:47:25,415 [8800] INFO  FormLogin - 无法连接到远程服务器
2018-01-03 09:47:28,433 [7176] INFO  FormLogin - 无法连接到远程服务器
2018-01-03 09:47:31,454 [8848] INFO  FormLogin - 无法连接到远程服务器
2018-01-03 09:47:34,426 [8848] INFO  FormLogin - 无法连接到远程服务器
2018-01-03 09:47:37,475 [7176] INFO  FormLogin - 无法连接到远程服务器
2018-01-03 09:47:40,480 [7176] INFO  FormLogin - 无法连接到远程服务器
2018-01-03 09:47:43,469 [8848] INFO  FormLogin - 无法连接到远程服务器
2018-01-03 09:47:46,484 [8672] INFO  FormLogin - 无法连接到远程服务器
2018-01-03 09:50:06,878 [8508] INFO  FormLogin - 无法连接到远程服务器
2018-01-03 09:50:09,917 [8508] INFO  FormLogin - 无法连接到远程服务器
2018-01-03 09:50:12,921 [3420] INFO  FormLogin - 无法连接到远程服务器
2018-01-03 09:50:15,926 [8384] INFO  FormLogin - 无法连接到远程服务器
2018-01-03 09:50:16,136 [6296] INFO  FormLogin - 无法连接到远程服务器
2018-01-03 09:50:18,972 [8508] INFO  FormLogin - 无法连接到远程服务器
2018-01-03 09:50:21,938 [8508] INFO  FormLogin - 无法连接到远程服务器
2018-01-03 09:50:24,954 [8384] INFO  FormLogin - 无法连接到远程服务器
2018-01-03 09:50:27,987 [8164] INFO  FormLogin - 无法连接到远程服务器
2018-01-03 09:50:30,977 [8508] INFO  FormLogin - 无法连接到远程服务器
2018-01-03 09:50:33,991 [8164] INFO  FormLogin - 无法连接到远程服务器
2018-01-03 09:52:07,199 [7312] INFO  FormLogin - 无法连接到远程服务器
2018-01-03 09:52:07,227 [8384] INFO  FormLogin - 无法连接到远程服务器
2018-01-03 09:52:07,227 [6296] INFO  FormLogin - 无法连接到远程服务器
2018-01-03 09:52:07,379 [6296] INFO  FormLogin - 无法连接到远程服务器
2018-01-03 09:52:10,124 [8384] INFO  FormLogin - 无法连接到远程服务器
2018-01-03 09:52:13,106 [7312] INFO  FormLogin - 无法连接到远程服务器
2018-01-03 09:52:15,364 [6296] INFO  FormLogin - 无法连接到远程服务器
2018-01-03 09:52:15,492 [6296] INFO  FormLogin - 无法连接到远程服务器
2018-01-03 09:52:16,137 [8096] INFO  FormLogin - 无法连接到远程服务器
2018-01-03 09:52:19,130 [7312] INFO  FormLogin - 无法连接到远程服务器
2018-01-03 09:52:22,159 [7744] INFO  FormLogin - 无法连接到远程服务器
2018-01-03 09:52:25,161 [8384] INFO  FormLogin - 无法连接到远程服务器
2018-01-03 09:52:28,170 [9036] INFO  FormLogin - 无法连接到远程服务器
2018-01-03 09:52:31,166 [8164] INFO  FormLogin - 无法连接到远程服务器
2018-01-03 09:52:33,486 [6296] INFO  FormLogin - 无法连接到远程服务器
2018-01-03 09:52:33,618 [6296] INFO  FormLogin - 无法连接到远程服务器
2018-01-03 09:52:34,194 [7312] INFO  FormLogin - 无法连接到远程服务器
2018-01-03 09:52:37,192 [7744] INFO  FormLogin - 无法连接到远程服务器
2018-01-03 09:52:40,176 [9036] INFO  FormLogin - 无法连接到远程服务器
2018-01-03 09:52:43,190 [9036] INFO  FormLogin - 无法连接到远程服务器
2018-01-03 09:52:46,229 [7312] INFO  FormLogin - 无法连接到远程服务器
2018-01-03 09:52:49,229 [8164] INFO  FormLogin - 无法连接到远程服务器
2018-01-03 09:52:52,220 [8384] INFO  FormLogin - 无法连接到远程服务器
2018-01-03 09:52:55,235 [9036] INFO  FormLogin - 无法连接到远程服务器
2018-01-03 09:52:58,258 [8096] INFO  FormLogin - 无法连接到远程服务器
2018-01-03 09:53:01,288 [9036] INFO  FormLogin - 无法连接到远程服务器
2018-01-03 09:53:04,263 [9036] INFO  FormLogin - 无法连接到远程服务器
2018-01-03 09:53:07,078 [8384] INFO  FormLogin - 无法连接到远程服务器
2018-01-03 09:53:07,289 [8164] INFO  FormLogin - 无法连接到远程服务器
2018-01-03 09:53:10,347 [9036] INFO  FormLogin - 无法连接到远程服务器
2018-01-03 09:53:13,318 [8384] INFO  FormLogin - 无法连接到远程服务器
2018-01-03 09:53:16,346 [8384] INFO  FormLogin - 无法连接到远程服务器
2018-01-03 09:53:19,333 [9036] INFO  FormLogin - 无法连接到远程服务器
2018-01-03 09:53:22,349 [8096] INFO  FormLogin - 无法连接到远程服务器
2018-01-03 09:53:25,381 [7744] INFO  FormLogin - 无法连接到远程服务器
2018-01-03 09:53:28,348 [7744] INFO  FormLogin - 无法连接到远程服务器
2018-01-03 09:53:31,360 [8384] INFO  FormLogin - 无法连接到远程服务器
2018-01-03 09:53:34,366 [9036] INFO  FormLogin - 无法连接到远程服务器
2018-01-03 09:53:37,418 [7744] INFO  FormLogin - 无法连接到远程服务器
2018-01-03 09:53:40,398 [8384] INFO  FormLogin - 无法连接到远程服务器
2018-01-03 09:53:43,410 [8384] INFO  FormLogin - 无法连接到远程服务器
2018-01-03 09:53:46,435 [7744] INFO  FormLogin - 无法连接到远程服务器
2018-01-03 09:53:49,463 [8220] INFO  FormLogin - 无法连接到远程服务器
2018-01-03 09:53:52,443 [8220] INFO  FormLogin - 无法连接到远程服务器
2018-01-03 09:53:55,453 [7744] INFO  FormLogin - 无法连接到远程服务器
2018-01-03 09:53:58,466 [8220] INFO  FormLogin - 无法连接到远程服务器
2018-01-03 09:54:01,498 [7744] INFO  FormLogin - 无法连接到远程服务器
2018-01-03 09:54:04,510 [8220] INFO  FormLogin - 无法连接到远程服务器
2018-01-03 09:54:07,092 [7744] INFO  FormLogin - 无法连接到远程服务器
2018-01-03 09:54:07,485 [8384] INFO  FormLogin - 无法连接到远程服务器
2018-01-03 09:54:10,504 [8220] INFO  FormLogin - 无法连接到远程服务器
2018-01-03 09:54:13,548 [9036] INFO  FormLogin - 无法连接到远程服务器
2018-01-03 09:54:16,543 [8220] INFO  FormLogin - 无法连接到远程服务器
2018-01-03 09:54:19,558 [9036] INFO  FormLogin - 无法连接到远程服务器
2018-01-03 09:54:22,556 [8096] INFO  FormLogin - 无法连接到远程服务器
2018-01-03 09:54:25,565 [9036] INFO  FormLogin - 无法连接到远程服务器
2018-01-03 09:54:28,589 [9036] INFO  FormLogin - 无法连接到远程服务器
2018-01-03 09:54:31,599 [8220] INFO  FormLogin - 无法连接到远程服务器
2018-01-03 09:54:34,586 [8164] INFO  FormLogin - 无法连接到远程服务器
2018-01-03 09:54:37,622 [8220] INFO  FormLogin - 无法连接到远程服务器
2018-01-03 09:54:40,628 [8164] INFO  FormLogin - 无法连接到远程服务器
2018-01-03 09:54:43,639 [8164] INFO  FormLogin - 无法连接到远程服务器
2018-01-03 09:54:46,647 [8384] INFO  FormLogin - 无法连接到远程服务器
2018-01-03 09:54:49,673 [8164] INFO  FormLogin - 无法连接到远程服务器
2018-01-03 09:54:52,399 [6296] INFO  FormLogin - 无法连接到远程服务器
2018-01-03 09:54:52,594 [6296] INFO  FormLogin - 无法连接到远程服务器
2018-01-03 09:54:52,660 [8164] INFO  FormLogin - 无法连接到远程服务器
2018-01-03 09:54:55,725 [7744] INFO  FormLogin - 无法连接到远程服务器
2018-01-03 09:54:58,687 [7744] INFO  FormLogin - 无法连接到远程服务器
2018-01-03 09:55:01,714 [7744] INFO  FormLogin - 无法连接到远程服务器
2018-01-03 09:55:04,695 [9036] INFO  FormLogin - 无法连接到远程服务器
2018-01-03 09:55:07,096 [9036] INFO  FormLogin - 无法连接到远程服务器
2018-01-03 09:55:07,705 [8220] INFO  FormLogin - 无法连接到远程服务器
2018-01-03 09:55:10,722 [8220] INFO  FormLogin - 无法连接到远程服务器
2018-01-03 09:55:13,753 [8220] INFO  FormLogin - 无法连接到远程服务器
2018-01-03 09:55:16,772 [9036] INFO  FormLogin - 无法连接到远程服务器
2018-01-03 09:55:19,769 [9036] INFO  FormLogin - 无法连接到远程服务器
2018-01-03 09:55:22,785 [7744] INFO  FormLogin - 无法连接到远程服务器
2018-01-03 09:55:25,785 [7744] INFO  FormLogin - 无法连接到远程服务器
2018-01-03 09:55:28,783 [6504] INFO  FormLogin - 无法连接到远程服务器
2018-01-03 09:55:29,057 [6296] INFO  FormLogin - 无法连接到远程服务器
2018-01-03 09:55:29,193 [6296] INFO  FormLogin - 无法连接到远程服务器
2018-01-03 09:55:31,799 [6504] INFO  FormLogin - 无法连接到远程服务器
2018-01-03 09:55:34,815 [7744] INFO  FormLogin - 无法连接到远程服务器
2018-01-03 09:55:37,847 [7744] INFO  FormLogin - 无法连接到远程服务器
2018-01-03 09:55:40,824 [7744] INFO  FormLogin - 无法连接到远程服务器
2018-01-03 09:55:43,835 [7744] INFO  FormLogin - 无法连接到远程服务器
2018-01-03 09:55:46,882 [8164] INFO  FormLogin - 无法连接到远程服务器
2018-01-03 09:55:49,880 [8164] INFO  FormLogin - 无法连接到远程服务器
2018-01-03 09:55:52,868 [6504] INFO  FormLogin - 无法连接到远程服务器
2018-01-03 09:56:14,791 [7412] INFO  HttpClient - 无法连接到远程服务器
2018-01-03 09:56:14,994 [7412] INFO  HttpClient - 无法连接到远程服务器
2018-01-03 09:56:24,691 [7412] INFO  FormLogin - 无法连接到远程服务器
2018-01-03 09:56:24,824 [7412] INFO  FormLogin - 无法连接到远程服务器
2018-01-03 09:56:33,749 [5792] INFO  FormLogin - 无法连接到远程服务器
2018-01-03 09:56:36,740 [5376] INFO  FormLogin - 无法连接到远程服务器
2018-01-03 09:56:39,743 [5800] INFO  FormLogin - 无法连接到远程服务器
2018-01-03 09:56:42,768 [6448] INFO  FormLogin - 无法连接到远程服务器
2018-01-03 09:56:45,135 [7412] INFO  FormLogin - 无法连接到远程服务器
2018-01-03 09:56:45,350 [7412] INFO  FormLogin - 无法连接到远程服务器
2018-01-03 09:56:45,756 [5800] INFO  FormLogin - 无法连接到远程服务器
2018-01-03 09:56:48,206 [5800] INFO  FormLogin - 无法连接到远程服务器
2018-01-03 09:56:48,353 [7412] INFO  FormLogin - 无法连接到远程服务器
2018-01-03 09:56:48,763 [6448] INFO  FormLogin - 无法连接到远程服务器
2018-01-03 09:56:51,783 [5376] INFO  FormLogin - 无法连接到远程服务器
2018-01-03 09:56:54,810 [5800] INFO  FormLogin - 无法连接到远程服务器
2018-01-03 09:56:57,812 [5792] INFO  FormLogin - 无法连接到远程服务器
2018-01-03 09:57:00,831 [6448] INFO  FormLogin - 无法连接到远程服务器
2018-01-03 09:57:03,829 [5376] INFO  FormLogin - 无法连接到远程服务器
2018-01-03 09:57:06,854 [5792] INFO  FormLogin - 无法连接到远程服务器
2018-01-03 09:57:09,886 [6448] INFO  FormLogin - 无法连接到远程服务器
2018-01-03 09:57:12,868 [6448] INFO  FormLogin - 无法连接到远程服务器
2018-01-03 10:00:02,781 [5800] INFO  FormPosBan - 操作超时
2018-01-03 10:01:20,125 [6448] INFO  FormPosBan - 操作超时
2018-01-03 10:01:26,150 [6448] INFO  FormPosBan - 操作超时
2018-01-03 10:01:53,277 [9116] INFO  FormPosBan - 操作超时
2018-01-03 10:01:56,275 [5792] INFO  FormPosBan - 操作超时
2018-01-03 10:02:13,492 [8972] INFO  FormPosBan - 无法连接到远程服务器
2018-01-03 10:02:13,548 [3736] INFO  FormPosBan - 无法连接到远程服务器
2018-01-03 10:02:23,338 [2772] INFO  FormPosBan - 操作超时
2018-01-03 10:07:24,457 [5800] INFO  FormPosBan - 操作超时
2018-01-03 10:07:27,517 [2772] INFO  FormPosBan - 操作超时
2018-01-03 10:07:30,444 [5800] INFO  FormPosBan - 操作超时
2018-01-03 10:07:33,522 [7772] INFO  FormPosBan - 操作超时
2018-01-03 10:07:35,916 [5800] INFO  FormPosBan - 操作超时
2018-01-03 10:07:45,559 [2772] INFO  FormPosBan - 操作超时
2018-01-03 10:07:48,543 [5376] INFO  FormPosBan - 操作超时
2018-01-03 10:07:54,558 [2772] INFO  FormPosBan - 操作超时
2018-01-03 10:07:57,610 [5800] INFO  FormPosBan - 操作超时
2018-01-03 10:08:00,590 [8728] INFO  FormPosBan - 操作超时
2018-01-03 10:08:03,609 [7052] INFO  FormPosBan - 操作超时
2018-01-03 10:08:06,617 [5376] INFO  FormPosBan - 操作超时
2018-01-03 10:08:09,605 [5800] INFO  FormPosBan - 操作超时
2018-01-03 10:08:12,627 [8728] INFO  FormPosBan - 操作超时
2018-01-03 10:08:15,602 [5376] INFO  FormPosBan - 操作超时
2018-01-03 10:10:49,238 [6448] INFO  FormPosBan - 操作超时
2018-01-03 10:10:52,241 [2772] INFO  FormPosBan - 操作超时
2018-01-03 10:10:55,246 [5376] INFO  FormPosBan - 操作超时
2018-01-03 10:49:26,734 [3824] INFO  FormPosBan - 操作超时
2018-01-03 10:49:32,747 [3824] INFO  FormPosBan - 操作超时
2018-01-03 10:49:35,781 [5960] INFO  FormPosBan - 操作超时
2018-01-03 10:49:38,750 [8604] INFO  FormPosBan - 操作超时
2018-01-03 10:57:40,508 [7056] INFO  FormPosBan - 操作超时
2018-01-03 11:01:11,255 [5668] INFO  FormPosBan - 操作超时
2018-01-03 11:01:14,298 [6100] INFO  FormPosBan - 操作超时
2018-01-03 11:01:17,312 [3824] INFO  FormPosBan - 操作超时
2018-01-03 11:01:50,510 [5960] INFO  FormPosBan - 操作超时
2018-01-03 11:01:53,392 [3824] INFO  FormPosBan - 操作超时
2018-01-03 11:12:25,795 [3824] INFO  FormPosBan - 操作超时
2018-01-03 11:12:28,806 [7056] INFO  FormPosBan - 操作超时
2018-01-03 11:12:31,841 [6100] INFO  FormPosBan - 操作超时
2018-01-03 11:12:34,840 [3824] INFO  FormPosBan - 操作超时
2018-01-03 11:12:37,808 [6100] INFO  FormPosBan - 操作超时
2018-01-03 11:12:40,876 [5960] INFO  FormPosBan - 操作超时
2018-01-03 11:12:43,869 [7056] INFO  FormPosBan - 操作超时
2018-01-03 11:12:46,882 [3824] INFO  FormPosBan - 操作超时
2018-01-03 11:15:23,446 [5960] INFO  FormPosBan - 操作超时
2018-01-03 11:15:26,441 [3824] INFO  FormPosBan - 操作超时
2018-01-03 11:34:47,607 [2184] INFO  FormPosBan - 操作超时
2018-01-03 11:34:53,647 [6848] INFO  FormPosBan - 操作超时
2018-01-03 11:35:02,430 [8796] INFO  FormPosBan - 操作超时
2018-01-03 11:35:08,685 [2992] INFO  FormPosBan - 操作超时
2018-01-03 11:35:11,716 [6848] INFO  FormPosBan - 操作超时
2018-01-03 11:35:12,391 [8796] INFO  FormPosBan - 操作超时
2018-01-03 11:35:14,731 [1720] INFO  FormPosBan - 操作超时
2018-01-03 11:35:17,731 [7176] INFO  FormPosBan - 操作超时
2018-01-03 11:35:20,762 [4944] INFO  FormPosBan - 操作超时
2018-01-03 11:35:23,749 [2992] INFO  FormPosBan - 操作超时
2018-01-03 11:35:26,759 [2184] INFO  FormPosBan - 操作超时
2018-01-03 11:35:29,756 [7176] INFO  FormPosBan - 操作超时
2018-01-03 11:35:32,777 [2184] INFO  FormPosBan - 操作超时
2018-01-03 11:35:35,817 [2992] INFO  FormPosBan - 操作超时
2018-01-03 11:35:56,869 [7176] INFO  FormPosBan - 操作超时
2018-01-03 11:35:59,545 [2992] INFO  FormPosBan - 操作超时
2018-01-03 11:35:59,887 [2184] INFO  FormPosBan - 操作超时
2018-01-03 11:36:02,873 [8856] INFO  FormPosBan - 操作超时
2018-01-03 14:04:30,744 [9132] INFO  FormPosBan - 操作超时
2018-01-03 14:04:36,759 [9132] INFO  FormPosBan - 操作超时
2018-01-03 14:04:39,790 [9680] INFO  FormPosBan - 操作超时
2018-01-03 14:04:42,786 [8044] INFO  FormPosBan - 操作超时
2018-01-03 14:04:45,835 [9620] INFO  FormPosBan - 操作超时
2018-01-03 14:04:45,847 [9680] INFO  FormPosBan - 操作超时
2018-01-03 14:04:54,810 [9620] INFO  FormPosBan - 操作超时
2018-01-03 14:04:57,878 [2708] INFO  FormPosBan - 操作超时
2018-01-03 14:05:00,852 [9680] INFO  FormPosBan - 操作超时
2018-01-03 14:05:03,855 [2708] INFO  FormPosBan - 操作超时
2018-01-03 14:05:06,884 [9680] INFO  FormPosBan - 操作超时
2018-01-03 14:05:09,883 [8044] INFO  FormPosBan - 操作超时
2018-01-03 14:06:22,148 [2708] INFO  FormPosBan - 操作超时
2018-01-03 14:06:28,206 [8044] INFO  FormPosBan - 操作超时
2018-01-03 14:06:34,174 [2708] INFO  FormPosBan - 操作超时
2018-01-03 14:06:34,707 [7172] INFO  FormPosBan - 操作超时
2018-01-03 14:06:37,218 [9584] INFO  FormPosBan - 操作超时
2018-01-03 14:12:02,684 [2708] INFO  FormPosBan - 操作超时
2018-01-03 14:17:22,013 [9920] INFO  FormLogin - 操作超时
2018-01-03 14:17:25,007 [512] INFO  FormLogin - 操作超时
2018-01-03 14:17:31,035 [8140] INFO  FormLogin - 操作超时
2018-01-03 14:17:49,095 [8140] INFO  FormLogin - 操作超时
2018-01-03 14:17:52,098 [8780] INFO  FormLogin - 操作超时
2018-01-03 14:17:55,130 [9920] INFO  FormLogin - 操作超时
2018-01-03 14:17:58,116 [6888] INFO  FormLogin - 操作超时
2018-01-03 14:18:01,140 [8780] INFO  FormLogin - 操作超时
2018-01-03 14:18:03,948 [512] INFO  FormLogin - 操作超时
2018-01-03 14:18:04,136 [6888] INFO  FormLogin - 操作超时
2018-01-03 14:18:07,172 [8492] INFO  FormLogin - 操作超时
2018-01-03 14:18:40,295 [8780] INFO  FormLogin - 操作超时
2018-01-03 14:20:12,036 [7520] INFO  FormLogin - 操作超时
2018-01-03 14:20:13,627 [512] INFO  FormLogin - 操作超时
2018-01-03 14:20:16,639 [8780] INFO  FormLogin - 操作超时
2018-01-03 14:20:17,175 [7520] INFO  FormLogin - 操作超时
2018-01-03 14:20:19,663 [9920] INFO  FormLogin - 操作超时
2018-01-03 14:20:22,622 [8140] INFO  FormLogin - 操作超时
2018-01-03 14:20:25,672 [9024] INFO  FormLogin - 操作超时
2018-01-03 14:20:28,647 [512] INFO  FormLogin - 操作超时
2018-01-03 14:20:31,696 [9024] INFO  FormLogin - 操作超时
2018-01-03 14:20:34,686 [8492] INFO  FormLogin - 操作超时
2018-01-03 14:25:02,028 [4244] INFO  FormLogin - 操作已超时。
2018-01-03 14:49:23,163 [8780] INFO  FormLogin - 操作超时
2018-01-03 14:49:53,237 [8780] INFO  FormLogin - 操作超时
2018-01-03 14:49:59,276 [7412] INFO  FormLogin - 操作超时
2018-01-03 14:50:05,301 [6712] INFO  FormLogin - 操作超时
2018-01-03 14:50:12,529 [9820] INFO  FormLogin - 操作超时
2018-01-03 14:50:14,346 [6712] INFO  FormLogin - 操作超时
2018-01-03 14:50:17,340 [8780] INFO  FormLogin - 操作超时
2018-01-03 14:50:23,379 [9500] INFO  FormLogin - 操作超时
2018-01-03 14:50:26,383 [9820] INFO  FormLogin - 操作超时
2018-01-03 14:50:32,388 [9500] INFO  FormLogin - 操作超时
2018-01-03 14:50:35,442 [9820] INFO  FormLogin - 操作超时
2018-01-03 14:50:56,551 [8780] INFO  FormLogin - 操作超时
2018-01-03 14:51:02,571 [6712] INFO  FormLogin - 操作超时
2018-01-03 14:51:59,139 [3420] INFO  FormLogin - 操作超时
2018-01-03 14:51:59,718 [9820] INFO  FormLogin - 操作超时
2018-01-03 14:53:06,062 [8124] INFO  HttpClient - 操作超时
2018-01-03 14:53:11,717 [8124] INFO  HttpClient - 操作超时
2018-01-03 14:58:44,334 [6808] INFO  FormLogin - 无法连接到远程服务器
2018-01-03 14:58:46,194 [8676] INFO  FormLogin - 无法连接到远程服务器
2018-01-03 15:10:18,628 [10104] INFO  FormLogin - 操作超时
2018-01-03 15:10:21,590 [9844] INFO  FormLogin - 操作超时
2018-01-03 15:10:24,571 [9764] INFO  FormLogin - 操作超时
2018-01-03 15:10:27,619 [5964] INFO  FormLogin - 操作超时
2018-01-03 15:10:30,231 [3992] INFO  FormLogin - 操作超时
2018-01-03 15:10:30,602 [9348] INFO  FormLogin - 操作超时
2018-01-03 15:10:33,618 [10104] INFO  FormLogin - 操作超时
2018-01-03 15:10:36,640 [9844] INFO  FormLogin - 操作超时
2018-01-03 15:10:39,637 [10104] INFO  FormLogin - 操作超时
2018-01-03 15:10:40,391 [3992] INFO  FormLogin - 操作超时
2018-01-03 15:10:42,679 [5964] INFO  FormLogin - 操作超时
2018-01-03 15:10:45,725 [10104] INFO  FormLogin - 操作超时
2018-01-03 15:10:46,758 [10188] INFO  FormLogin - 无法连接到远程服务器
2018-01-03 15:10:46,778 [7300] INFO  FormLogin - 无法连接到远程服务器
2018-01-03 15:10:46,797 [10188] INFO  FormLogin - 无法连接到远程服务器
2018-01-03 15:10:46,816 [7772] INFO  FormLogin - 无法连接到远程服务器
2018-01-03 15:10:46,837 [5508] INFO  FormLogin - 无法连接到远程服务器
2018-01-03 15:10:46,852 [7300] INFO  FormLogin - 无法连接到远程服务器
2018-01-03 15:10:46,869 [10188] INFO  FormLogin - 无法连接到远程服务器
2018-01-03 15:10:46,885 [7772] INFO  FormLogin - 无法连接到远程服务器
2018-01-03 15:10:46,901 [5508] INFO  FormLogin - 无法连接到远程服务器
2018-01-03 15:10:46,918 [7300] INFO  FormLogin - 无法连接到远程服务器
2018-01-03 15:10:46,936 [7772] INFO  FormLogin - 无法连接到远程服务器
2018-01-03 15:10:46,971 [5508] INFO  FormLogin - 无法连接到远程服务器
2018-01-03 15:10:47,006 [7300] INFO  FormLogin - 无法连接到远程服务器
2018-01-03 15:10:47,023 [10188] INFO  FormLogin - 无法连接到远程服务器
2018-01-03 15:10:47,041 [7772] INFO  FormLogin - 无法连接到远程服务器
2018-01-03 15:10:47,077 [7300] INFO  FormLogin - 无法连接到远程服务器
2018-01-03 15:10:47,094 [5508] INFO  FormLogin - 无法连接到远程服务器
2018-01-03 15:10:47,111 [10188] INFO  FormLogin - 无法连接到远程服务器
2018-01-03 15:10:47,129 [7300] INFO  FormLogin - 无法连接到远程服务器
2018-01-03 15:10:47,147 [7772] INFO  FormLogin - 无法连接到远程服务器
2018-01-03 15:10:47,164 [5508] INFO  FormLogin - 无法连接到远程服务器
2018-01-03 15:10:47,183 [7300] INFO  FormLogin - 无法连接到远程服务器
2018-01-03 15:10:47,198 [10188] INFO  FormLogin - 无法连接到远程服务器
2018-01-03 15:10:47,214 [7772] INFO  FormLogin - 无法连接到远程服务器
2018-01-03 15:10:47,229 [5508] INFO  FormLogin - 无法连接到远程服务器
2018-01-03 15:10:48,700 [9844] INFO  FormLogin - 操作超时
2018-01-03 15:10:48,905 [3992] INFO  FormLogin - 操作超时
2018-01-03 15:10:51,711 [5964] INFO  FormLogin - 操作超时
2018-01-03 15:10:54,717 [9844] INFO  FormLogin - 操作超时
2018-01-03 15:10:57,762 [3296] INFO  FormLogin - 操作超时
2018-01-03 15:11:00,740 [5964] INFO  FormLogin - 操作超时
2018-01-03 15:11:01,714 [9764] INFO  FormLogin - 无法连接到远程服务器
2018-01-03 15:11:03,310 [5508] INFO  FormLogin - 无法连接到远程服务器
2018-01-03 15:11:03,317 [9844] INFO  FormLogin - 无法连接到远程服务器
2018-01-03 15:11:04,736 [9844] INFO  FormLogin - 无法连接到远程服务器
2018-01-03 15:11:12,566 [9844] INFO  FormLogin - 操作超时
2018-01-03 15:11:12,801 [3296] INFO  FormLogin - 操作超时
2018-01-03 15:11:15,771 [5964] INFO  FormLogin - 操作超时
2018-01-03 15:11:17,208 [8288] INFO  FormLogin - 无法连接到远程服务器
2018-01-03 15:11:17,208 [9844] INFO  FormLogin - 无法连接到远程服务器
2018-01-03 15:16:55,794 [9484] INFO  FormLogin - 请求被中止: 请求已被取消。
2018-01-03 15:36:08,873 [8856] INFO  FormLogin - 操作超时
2018-01-03 15:36:14,888 [8856] INFO  FormLogin - 操作超时
2018-01-03 15:36:17,901 [8208] INFO  FormLogin - 操作超时
2018-01-03 15:36:32,958 [2128] INFO  FormLogin - 操作超时
2018-01-03 15:36:47,973 [8208] INFO  FormLogin - 操作超时
2018-01-03 15:37:12,060 [8764] INFO  FormLogin - 操作超时
2018-01-03 15:37:15,109 [8856] INFO  FormLogin - 操作超时
2018-01-03 15:37:21,127 [1548] INFO  FormLogin - 操作超时
2018-01-03 15:37:25,904 [8764] INFO  FormLogin - 操作超时
2018-01-03 15:37:27,144 [2128] INFO  FormLogin - 操作超时
2018-01-03 15:37:33,169 [2128] INFO  FormLogin - 操作超时
2018-01-03 15:37:48,240 [1548] INFO  FormLogin - 操作超时
2018-01-03 15:38:18,294 [8764] INFO  FormLogin - 操作超时
2018-01-03 15:39:27,582 [2128] INFO  FormLogin - 操作超时
2018-01-03 15:41:49,113 [1548] INFO  FormLogin - 操作超时
2018-01-03 15:42:37,272 [3244] INFO  FormLogin - 操作超时
2018-01-03 15:42:40,280 [7404] INFO  FormLogin - 操作超时
2018-01-03 15:43:03,949 [9448] INFO  FormLogin - 无法连接到远程服务器
2018-01-03 15:43:04,338 [9488] INFO  FormLogin - 操作超时
2018-01-03 15:43:22,442 [7404] INFO  FormLogin - 操作超时
2018-01-03 15:43:52,519 [9488] INFO  FormLogin - 操作超时
2018-01-03 15:46:17,054 [4756] INFO  FormLogin - 操作超时
2018-01-03 15:46:23,075 [4756] INFO  FormLogin - 操作超时
2018-01-03 15:46:26,071 [7280] INFO  FormLogin - 操作超时
2018-01-03 15:46:35,117 [8764] INFO  FormLogin - 操作超时
2018-01-03 15:49:11,056 [9844] INFO  FormLogin - ****************************异常文本****************************
【出现时间】：2018-01-03 15:49:10
【异常类型】：FormatException
【异常信息】：输入字符串的格式不正确。
【堆栈调用】：   在 POS.BLL.ClientBLL.GetOjie2() 位置 D:\开发\开发\Pos\POS.BLL\ClientBLL.cs:行号 283
   在 POS.Client.FormClientQuery..ctor(List`1 clinets) 位置 D:\开发\开发\Pos\POS\Client\FormClientQuery.cs:行号 28
   在 POS.Sale.FormMain.QueryClnt() 位置 D:\开发\开发\Pos\POS\Sale\FormMain.cs:行号 724
   在 POS.Sale.FormMain.bteClientCode_KeyDown(Object sender, KeyEventArgs e) 位置 D:\开发\开发\Pos\POS\Sale\FormMain.cs:行号 680
   在 System.Windows.Forms.Control.OnKeyDown(KeyEventArgs e)
   在 DevExpress.XtraEditors.BaseEdit.OnKeyDown(KeyEventArgs e)
   在 System.Windows.Forms.Control.OnKeyDown(KeyEventArgs e)
   在 DevExpress.XtraEditors.Mask.MaskBox.OnKeyDown(KeyEventArgs e)
   在 System.Windows.Forms.Control.ProcessKeyEventArgs(Message& m)
   在 System.Windows.Forms.Control.WmKeyChar(Message& m)
   在 System.Windows.Forms.Control.WndProc(Message& m)
   在 System.Windows.Forms.TextBox.WndProc(Message& m)
   在 DevExpress.XtraEditors.Mask.MaskBox.WndProc(Message& m)
   在 DevExpress.XtraEditors.TextBoxMaskBox.WndProc(Message& msg)
   在 System.Windows.Forms.NativeWindow.Callback(IntPtr hWnd, Int32 msg, IntPtr wparam, IntPtr lparam)
***************************************************************

2018-01-03 16:53:08,716 [10120] INFO  FormLogin - 操作超时
2018-01-03 16:53:20,750 [3408] INFO  FormLogin - 操作超时
2018-01-03 16:54:51,061 [6208] INFO  FormLogin - 操作超时
2018-01-03 18:17:23,590 [9888] INFO  FormLogin - 操作超时
2018-01-03 18:43:00,625 [9316] INFO  FormLogin - 请求被中止: 请求已被取消。
2018-01-03 18:56:01,898 [1296] INFO  FormLogin - 无法连接到远程服务器
2018-01-03 18:56:02,923 [3428] INFO  FormLogin - 无法连接到远程服务器
2018-01-03 18:56:04,969 [1296] INFO  FormLogin - 无法连接到远程服务器
2018-01-03 18:56:06,596 [9116] INFO  FormLogin - 无法连接到远程服务器
2018-01-03 18:56:06,665 [3428] INFO  FormLogin - 无法连接到远程服务器
2018-01-03 18:56:07,946 [1296] INFO  FormLogin - 无法连接到远程服务器
2018-01-03 18:56:10,940 [5384] INFO  FormLogin - 无法连接到远程服务器
2018-01-03 18:56:13,963 [5384] INFO  FormLogin - 无法连接到远程服务器
2018-01-03 18:56:16,940 [5384] INFO  FormLogin - 无法连接到远程服务器
2018-01-03 18:56:19,970 [1512] INFO  FormLogin - 无法连接到远程服务器
2018-01-03 18:56:21,495 [1512] INFO  FormLogin - 无法连接到远程服务器
2018-01-03 18:56:23,000 [1512] INFO  FormLogin - 无法连接到远程服务器
2018-01-03 18:56:25,996 [5384] INFO  FormLogin - 无法连接到远程服务器
2018-01-03 18:56:29,004 [5384] INFO  FormLogin - 无法连接到远程服务器
2018-01-03 18:56:31,996 [1296] INFO  FormLogin - 无法连接到远程服务器
