2018-01-09 09:28:40,985 [2076] INFO  FormLogin - 无法连接到远程服务器
2018-01-09 09:28:41,684 [3168] INFO  FormLogin - 无法连接到远程服务器
2018-01-09 09:28:44,599 [8016] INFO  FormLogin - 无法连接到远程服务器
2018-01-09 09:28:44,810 [2076] INFO  FormLogin - 无法连接到远程服务器
2018-01-09 09:28:46,747 [2076] INFO  FormLogin - 无法连接到远程服务器
2018-01-09 09:28:47,611 [3168] INFO  FormLogin - 无法连接到远程服务器
2018-01-09 09:28:50,622 [6440] INFO  FormLogin - 无法连接到远程服务器
2018-01-09 09:28:53,635 [3168] INFO  FormLogin - 无法连接到远程服务器
2018-01-09 09:28:56,638 [8016] INFO  FormLogin - 无法连接到远程服务器
2018-01-09 09:28:59,664 [7860] INFO  FormLogin - 无法连接到远程服务器
2018-01-09 09:29:02,701 [3168] INFO  FormLogin - 无法连接到远程服务器
2018-01-09 09:29:05,718 [3168] INFO  FormLogin - 无法连接到远程服务器
2018-01-09 09:29:08,499 [7860] INFO  FormLogin - 无法连接到远程服务器
2018-01-09 09:29:08,698 [3168] INFO  FormLogin - 无法连接到远程服务器
2018-01-09 09:29:11,724 [7860] INFO  FormLogin - 无法连接到远程服务器
2018-01-09 09:29:14,751 [6440] INFO  FormLogin - 无法连接到远程服务器
2018-01-09 09:29:17,727 [6440] INFO  FormLogin - 无法连接到远程服务器
2018-01-09 09:29:20,738 [3168] INFO  FormLogin - 无法连接到远程服务器
2018-01-09 09:29:23,757 [8016] INFO  FormLogin - 无法连接到远程服务器
2018-01-09 09:29:26,767 [3168] INFO  FormLogin - 无法连接到远程服务器
2018-01-09 09:29:29,769 [3168] INFO  FormLogin - 无法连接到远程服务器
2018-01-09 09:29:31,013 [2076] INFO  FormLogin - 无法连接到远程服务器
2018-01-09 09:29:32,785 [3168] INFO  FormLogin - 无法连接到远程服务器
2018-01-09 09:29:35,777 [7860] INFO  FormLogin - 无法连接到远程服务器
2018-01-09 09:29:38,814 [8016] INFO  FormLogin - 无法连接到远程服务器
2018-01-09 09:29:41,823 [3168] INFO  FormLogin - 无法连接到远程服务器
2018-01-09 09:29:44,829 [8016] INFO  FormLogin - 无法连接到远程服务器
2018-01-09 09:29:47,856 [7860] INFO  FormLogin - 无法连接到远程服务器
2018-01-09 09:29:50,871 [3168] INFO  FormLogin - 无法连接到远程服务器
2018-01-09 09:29:53,839 [7860] INFO  FormLogin - 无法连接到远程服务器
2018-01-09 09:29:56,908 [8016] INFO  FormLogin - 无法连接到远程服务器
2018-01-09 09:29:59,884 [6440] INFO  FormLogin - 无法连接到远程服务器
2018-01-09 09:30:02,929 [7860] INFO  FormLogin - 无法连接到远程服务器
2018-01-09 09:30:05,923 [7860] INFO  FormLogin - 无法连接到远程服务器
2018-01-09 09:30:08,515 [6440] INFO  FormLogin - 无法连接到远程服务器
2018-01-09 09:30:08,887 [7860] INFO  FormLogin - 无法连接到远程服务器
2018-01-09 09:30:11,933 [5536] INFO  FormLogin - 无法连接到远程服务器
2018-01-09 09:30:14,974 [8016] INFO  FormLogin - 无法连接到远程服务器
2018-01-09 09:30:17,503 [2076] INFO  FormLogin - 无法连接到远程服务器
2018-01-09 09:30:17,958 [8016] INFO  FormLogin - 无法连接到远程服务器
2018-01-09 09:30:20,935 [5536] INFO  FormLogin - 无法连接到远程服务器
2018-01-09 09:30:21,379 [2076] INFO  FormLogin - 无法连接到远程服务器
2018-01-09 09:30:23,951 [8016] INFO  FormLogin - 无法连接到远程服务器
2018-01-09 09:30:26,967 [5536] INFO  FormLogin - 无法连接到远程服务器
2018-01-09 09:30:29,974 [7860] INFO  FormLogin - 无法连接到远程服务器
2018-01-09 09:30:32,990 [5536] INFO  FormLogin - 无法连接到远程服务器
2018-01-09 09:30:35,992 [5536] INFO  FormLogin - 无法连接到远程服务器
2018-01-09 09:30:39,011 [8016] INFO  FormLogin - 无法连接到远程服务器
2018-01-09 09:30:42,032 [5536] INFO  FormLogin - 无法连接到远程服务器
2018-01-09 09:30:45,023 [8016] INFO  FormLogin - 无法连接到远程服务器
2018-01-09 09:30:48,043 [7860] INFO  FormLogin - 无法连接到远程服务器
2018-01-09 09:30:51,070 [7860] INFO  FormLogin - 无法连接到远程服务器
2018-01-09 09:30:54,064 [7860] INFO  FormLogin - 无法连接到远程服务器
2018-01-09 09:30:57,076 [5536] INFO  FormLogin - 无法连接到远程服务器
2018-01-09 09:31:00,090 [7860] INFO  FormLogin - 无法连接到远程服务器
2018-01-09 09:31:03,101 [5536] INFO  FormLogin - 无法连接到远程服务器
2018-01-09 09:31:06,107 [6440] INFO  FormLogin - 无法连接到远程服务器
2018-01-09 09:31:08,532 [6440] INFO  FormLogin - 无法连接到远程服务器
2018-01-09 09:31:09,103 [5536] INFO  FormLogin - 无法连接到远程服务器
2018-01-09 09:31:12,145 [5536] INFO  FormLogin - 无法连接到远程服务器
2018-01-09 09:31:15,151 [7860] INFO  FormLogin - 无法连接到远程服务器
2018-01-09 09:31:18,180 [6440] INFO  FormLogin - 无法连接到远程服务器
2018-01-09 09:31:21,170 [5536] INFO  FormLogin - 无法连接到远程服务器
2018-01-09 09:31:24,198 [8016] INFO  FormLogin - 无法连接到远程服务器
2018-01-09 09:31:27,197 [7860] INFO  FormLogin - 无法连接到远程服务器
2018-01-09 09:31:30,207 [8016] INFO  FormLogin - 无法连接到远程服务器
2018-01-09 09:31:33,247 [7860] INFO  FormLogin - 无法连接到远程服务器
2018-01-09 09:31:36,233 [6440] INFO  FormLogin - 无法连接到远程服务器
2018-01-09 09:31:39,238 [8016] INFO  FormLogin - 无法连接到远程服务器
2018-01-09 09:31:42,365 [5536] INFO  FormLogin - 无法连接到远程服务器
2018-01-09 09:31:45,258 [6440] INFO  FormLogin - 无法连接到远程服务器
2018-01-09 09:31:48,300 [5536] INFO  FormLogin - 无法连接到远程服务器
2018-01-09 09:31:51,299 [5536] INFO  FormLogin - 无法连接到远程服务器
2018-01-09 09:31:54,300 [8016] INFO  FormLogin - 无法连接到远程服务器
2018-01-09 09:31:57,301 [6440] INFO  FormLogin - 无法连接到远程服务器
2018-01-09 09:32:00,317 [7860] INFO  FormLogin - 无法连接到远程服务器
2018-01-09 09:32:03,318 [6440] INFO  FormLogin - 无法连接到远程服务器
2018-01-09 09:32:06,340 [5536] INFO  FormLogin - 无法连接到远程服务器
2018-01-09 09:32:08,574 [6440] INFO  FormLogin - 无法连接到远程服务器
2018-01-09 09:32:09,364 [5536] INFO  FormLogin - 无法连接到远程服务器
2018-01-09 09:32:12,370 [5536] INFO  FormLogin - 无法连接到远程服务器
2018-01-09 09:32:15,376 [6440] INFO  FormLogin - 无法连接到远程服务器
2018-01-09 09:32:18,387 [7860] INFO  FormLogin - 无法连接到远程服务器
2018-01-09 09:32:21,399 [5536] INFO  FormLogin - 无法连接到远程服务器
2018-01-09 10:30:39,801 [6480] INFO  FormPosBan - 修改交班记录
2018-01-09 10:30:39,827 [6480] INFO  FormPosBan - 修改交班记录成功
2018-01-09 10:30:39,982 [6480] INFO  FormPosBan - 开始上传数据
2018-01-09 10:30:42,712 [6480] INFO  FormPosBan - 上传数据成功
2018-01-09 10:51:18,887 [9040] INFO  FormLogin - 操作超时
2018-01-09 10:51:19,274 [9052] INFO  FormLogin - 无法连接到远程服务器
2018-01-09 11:34:48,904 [8852] INFO  FormLogin - 操作超时
2018-01-09 11:34:51,908 [8636] INFO  FormLogin - 操作超时
2018-01-09 11:38:13,788 [8848] INFO  FormLogin - 操作超时
2018-01-09 11:40:12,273 [6304] INFO  FormLogin - 操作超时
2018-01-09 11:40:15,294 [7076] INFO  FormLogin - 操作超时
2018-01-09 11:40:21,301 [8436] INFO  FormLogin - 操作超时
2018-01-09 11:40:39,383 [6304] INFO  FormLogin - 操作超时
2018-01-09 11:40:57,445 [9032] INFO  FormLogin - 操作超时
2018-01-09 11:40:58,429 [5776] INFO  FormLogin - 无法连接到远程服务器
2018-01-09 11:41:12,492 [8436] INFO  FormLogin - 操作超时
2018-01-09 11:41:27,535 [8848] INFO  FormLogin - 操作超时
2018-01-09 11:41:30,529 [6304] INFO  FormLogin - 操作超时
2018-01-09 11:41:36,630 [6788] INFO  FormLogin - 操作超时
2018-01-09 11:45:27,557 [8372] INFO  HttpClient - 操作超时
2018-01-09 12:06:16,980 [9168] INFO  FormLogin - 操作超时
2018-01-09 12:06:44,071 [8440] INFO  FormLogin - 操作超时
2018-01-09 12:07:32,197 [9168] INFO  FormLogin - 操作超时
2018-01-09 12:07:35,247 [7012] INFO  FormLogin - 操作超时
2018-01-09 12:07:38,243 [8440] INFO  FormLogin - 操作超时
2018-01-09 12:07:41,254 [6984] INFO  FormLogin - 操作超时
2018-01-09 12:07:44,267 [5700] INFO  FormLogin - 操作超时
2018-01-09 12:09:48,043 [8440] INFO  FormLogin - 操作超时
2018-01-09 12:10:00,096 [6984] INFO  FormLogin - 操作超时
2018-01-09 12:10:03,097 [2320] INFO  FormLogin - 操作超时
2018-01-09 12:10:06,131 [9168] INFO  FormLogin - 操作超时
2018-01-09 12:10:09,302 [6140] INFO  FormLogin - 操作超时
2018-01-09 12:10:12,155 [8440] INFO  FormLogin - 操作超时
2018-01-09 12:10:15,157 [7012] INFO  FormLogin - 操作超时
2018-01-09 12:10:18,167 [7640] INFO  FormLogin - 操作超时
2018-01-09 12:10:21,180 [2476] INFO  FormLogin - 操作超时
2018-01-09 12:12:00,530 [7640] INFO  FormLogin - 操作超时
2018-01-09 12:12:06,566 [2476] INFO  FormLogin - 操作超时
2018-01-09 12:12:42,697 [9168] INFO  FormLogin - 操作超时
2018-01-09 12:12:48,733 [7640] INFO  FormLogin - 操作超时
2018-01-09 12:17:28,559 [7012] INFO  FormLogin - 操作超时
2018-01-09 12:17:28,721 [4780] INFO  FormLogin - 操作超时
2018-01-09 12:17:31,709 [9152] INFO  FormLogin - 操作超时
2018-01-09 12:17:34,760 [6140] INFO  FormLogin - 操作超时
2018-01-09 12:17:37,757 [9168] INFO  FormLogin - 操作超时
2018-01-09 12:17:41,555 [6984] INFO  FormLogin - 操作超时
2018-01-09 12:17:44,549 [5748] INFO  FormLogin - 操作超时
2018-01-09 12:17:47,576 [7400] INFO  FormLogin - 操作超时
2018-01-09 12:17:50,596 [8120] INFO  FormLogin - 操作超时
2018-01-09 12:17:53,605 [9152] INFO  FormLogin - 操作超时
2018-01-09 12:17:56,623 [7012] INFO  FormLogin - 操作超时
2018-01-09 12:17:59,622 [8400] INFO  FormLogin - 操作超时
2018-01-09 12:18:02,646 [3116] INFO  FormLogin - 操作超时
2018-01-09 12:18:05,636 [5748] INFO  FormLogin - 操作超时
2018-01-09 12:18:08,768 [892] INFO  FormLogin - 操作超时
2018-01-09 12:18:11,667 [8120] INFO  FormLogin - 操作超时
2018-01-09 12:18:14,677 [7400] INFO  FormLogin - 操作超时
2018-01-09 12:18:17,711 [4780] INFO  FormLogin - 操作超时
2018-01-09 12:22:12,523 [7400] INFO  FormLogin - 操作超时
2018-01-09 12:23:00,724 [8008] INFO  FormLogin - 操作超时
2018-01-09 12:23:06,743 [7012] INFO  FormLogin - 操作超时
2018-01-09 12:23:24,818 [8008] INFO  FormLogin - 操作超时
2018-01-09 12:23:45,878 [8008] INFO  FormLogin - 操作超时
2018-01-09 12:25:34,286 [892] INFO  FormLogin - 操作超时
2018-01-09 12:26:37,497 [8008] INFO  FormLogin - 操作超时
2018-01-09 12:26:40,480 [9156] INFO  FormLogin - 操作超时
2018-01-09 12:30:50,450 [9156] INFO  FormLogin - 操作超时
2018-01-09 12:31:50,661 [9156] INFO  FormLogin - 操作超时
2018-01-09 12:32:29,784 [892] INFO  FormLogin - 操作超时
2018-01-09 12:32:44,859 [9156] INFO  FormLogin - 操作超时
2018-01-09 12:32:47,871 [6984] INFO  FormLogin - 操作超时
2018-01-09 12:42:22,960 [9156] INFO  FormLogin - 操作超时
2018-01-09 12:42:25,957 [8008] INFO  FormLogin - 操作超时
2018-01-09 12:42:28,932 [6984] INFO  FormLogin - 操作超时
2018-01-09 12:42:28,964 [892] INFO  FormLogin - 操作超时
2018-01-09 12:42:31,995 [7012] INFO  FormLogin - 操作超时
2018-01-09 12:42:35,881 [8276] INFO  FormLogin - 操作超时
2018-01-09 12:42:38,895 [7240] INFO  FormLogin - 操作超时
2018-01-09 12:42:41,924 [7304] INFO  FormLogin - 操作超时
2018-01-09 12:42:44,919 [9156] INFO  FormLogin - 操作超时
2018-01-09 12:42:47,879 [8008] INFO  FormLogin - 操作超时
2018-01-09 12:42:50,947 [892] INFO  FormLogin - 操作超时
2018-01-09 12:42:53,939 [8016] INFO  FormLogin - 操作超时
2018-01-09 12:42:56,969 [8276] INFO  FormLogin - 操作超时
2018-01-09 12:42:59,978 [7012] INFO  FormLogin - 操作超时
2018-01-09 12:47:25,077 [8016] INFO  FormLogin - 操作超时
2018-01-09 12:47:34,112 [9156] INFO  FormLogin - 操作超时
2018-01-09 13:43:10,467 [8008] INFO  FormLogin - 操作超时
2018-01-09 14:13:45,530 [9860] INFO  FormLogin - 无法连接到远程服务器
2018-01-09 14:13:46,116 [9576] INFO  FormLogin - 无法连接到远程服务器
2018-01-09 14:13:48,603 [9576] INFO  FormLogin - 无法连接到远程服务器
2018-01-09 14:13:48,631 [9388] INFO  FormLogin - 无法连接到远程服务器
2018-01-09 14:13:50,822 [9576] INFO  FormLogin - 无法连接到远程服务器
2018-01-09 14:13:51,545 [4296] INFO  FormLogin - 无法连接到远程服务器
2018-01-09 14:13:52,838 [9576] INFO  FormLogin - 无法连接到远程服务器
2018-01-09 14:13:54,563 [9152] INFO  FormLogin - 无法连接到远程服务器
2018-01-09 14:13:57,566 [9860] INFO  FormLogin - 无法连接到远程服务器
2018-01-09 14:14:23,619 [9860] INFO  FormLogin - 操作超时
2018-01-09 14:14:38,653 [9376] INFO  FormLogin - 操作超时
2018-01-09 14:15:05,775 [4296] INFO  FormLogin - 操作超时
2018-01-09 14:15:07,721 [9576] INFO  FormLogin - 操作超时
2018-01-09 14:15:14,801 [9860] INFO  FormLogin - 操作超时
2018-01-09 14:15:58,503 [9800] INFO  FormLogin - 操作超时
2018-01-09 14:21:21,617 [1256] INFO  FormLogin - 操作超时
2018-01-09 14:21:24,605 [6912] INFO  FormLogin - 操作超时
2018-01-09 14:21:27,623 [6336] INFO  FormLogin - 操作超时
2018-01-09 14:21:30,646 [10084] INFO  FormLogin - 操作超时
2018-01-09 14:21:33,640 [9080] INFO  FormLogin - 操作超时
2018-01-09 14:21:36,663 [9844] INFO  FormLogin - 操作超时
2018-01-09 14:21:39,669 [9296] INFO  FormLogin - 操作超时
2018-01-09 14:21:39,955 [6960] INFO  FormLogin - 操作超时
2018-01-09 14:21:42,968 [8468] INFO  FormLogin - 操作超时
2018-01-09 14:21:45,997 [1156] INFO  FormLogin - 操作超时
2018-01-09 14:21:48,991 [9308] INFO  FormLogin - 操作超时
2018-01-09 14:21:52,002 [6368] INFO  FormLogin - 操作超时
2018-01-09 14:21:55,041 [5500] INFO  FormLogin - 操作超时
2018-01-09 14:21:56,053 [10060] INFO  FormLogin - 操作超时
2018-01-09 14:21:58,043 [9336] INFO  FormLogin - 操作超时
2018-01-09 14:22:01,046 [9080] INFO  FormLogin - 操作超时
2018-01-09 14:22:04,041 [8468] INFO  FormLogin - 操作超时
2018-01-09 14:22:07,071 [6960] INFO  FormLogin - 操作超时
2018-01-09 14:22:08,323 [9296] INFO  FormLogin - 操作超时
2018-01-09 14:22:11,664 [9844] INFO  FormLogin - 操作超时
2018-01-09 14:22:14,650 [1256] INFO  FormLogin - 操作超时
2018-01-09 14:22:17,640 [10060] INFO  FormLogin - 操作超时
2018-01-09 14:22:20,660 [10084] INFO  FormLogin - 操作超时
2018-01-09 14:22:23,704 [6336] INFO  FormLogin - 操作超时
2018-01-09 14:22:26,684 [1156] INFO  FormLogin - 操作超时
2018-01-09 14:22:29,716 [2580] INFO  FormLogin - 操作超时
2018-01-09 14:22:32,707 [8468] INFO  FormLogin - 操作超时
2018-01-09 14:22:35,735 [5500] INFO  FormLogin - 操作超时
2018-01-09 14:22:38,740 [6912] INFO  FormLogin - 操作超时
2018-01-09 14:22:41,744 [9336] INFO  FormLogin - 操作超时
2018-01-09 14:22:44,763 [9308] INFO  FormLogin - 操作超时
2018-01-09 14:22:47,799 [10060] INFO  FormLogin - 操作超时
2018-01-09 14:22:50,814 [6336] INFO  FormLogin - 操作超时
2018-01-09 14:22:53,792 [2580] INFO  FormLogin - 操作超时
2018-01-09 14:22:56,095 [9844] INFO  FormLogin - 操作超时
2018-01-09 14:22:56,820 [6960] INFO  FormLogin - 操作超时
2018-01-09 14:22:59,801 [10084] INFO  FormLogin - 操作超时
2018-01-09 14:23:02,821 [5500] INFO  FormLogin - 操作超时
2018-01-09 14:23:05,808 [6912] INFO  FormLogin - 操作超时
2018-01-09 14:23:08,852 [2140] INFO  FormPosBan - 操作超时
2018-01-09 14:23:26,159 [1156] INFO  FormPosBan - 操作超时
2018-01-09 14:23:26,159 [8468] INFO  FormPosBan - 操作超时
2018-01-09 14:23:26,180 [9080] INFO  FormPosBan - 操作超时
2018-01-09 14:23:26,206 [6336] INFO  FormPosBan - 操作超时
2018-01-09 14:23:26,207 [2580] INFO  FormPosBan - 操作超时
2018-01-09 14:23:26,916 [6368] INFO  FormPosBan - 操作超时
2018-01-09 14:23:29,304 [9296] INFO  FormPosBan - 操作超时
2018-01-09 14:23:46,285 [6960] INFO  FormPosBan - 操作超时
2018-01-09 14:23:49,171 [6256] INFO  FormPosBan - 操作超时
2018-01-09 14:23:52,174 [5008] INFO  FormPosBan - 操作超时
2018-01-09 14:23:55,078 [9296] INFO  FormPosBan - 操作超时
2018-01-09 14:23:55,149 [9308] INFO  FormPosBan - 操作超时
2018-01-09 14:23:56,082 [1156] INFO  FormPosBan - 操作超时
2018-01-09 14:23:58,219 [8468] INFO  FormPosBan - 操作超时
2018-01-09 14:24:01,262 [10060] INFO  FormPosBan - 操作超时
2018-01-09 14:24:04,199 [2140] INFO  FormPosBan - 操作超时
2018-01-09 14:24:07,197 [9844] INFO  FormPosBan - 操作超时
2018-01-09 14:24:10,259 [9080] INFO  FormPosBan - 操作超时
2018-01-09 14:24:13,253 [10084] INFO  FormPosBan - 操作超时
2018-01-09 14:24:16,211 [9336] INFO  FormPosBan - 操作超时
2018-01-09 14:24:19,233 [5008] INFO  FormPosBan - 操作超时
2018-01-09 14:24:22,297 [8468] INFO  FormPosBan - 操作超时
2018-01-09 14:24:25,309 [6256] INFO  FormPosBan - 操作超时
2018-01-09 14:24:28,274 [5500] INFO  FormPosBan - 操作超时
2018-01-09 14:24:31,319 [6336] INFO  FormPosBan - 操作超时
2018-01-09 14:24:34,327 [6912] INFO  FormPosBan - 操作超时
2018-01-09 14:24:37,332 [1156] INFO  FormPosBan - 操作超时
2018-01-09 14:24:40,352 [10060] INFO  FormPosBan - 操作超时
2018-01-09 14:24:43,383 [6368] INFO  FormPosBan - 操作超时
2018-01-09 14:24:46,391 [6960] INFO  FormPosBan - 操作超时
2018-01-09 14:24:49,346 [6256] INFO  FormPosBan - 操作超时
2018-01-09 14:24:52,399 [2580] INFO  FormPosBan - 操作超时
2018-01-09 14:24:55,442 [6336] INFO  FormPosBan - 操作超时
2018-01-09 14:24:56,108 [1256] INFO  FormPosBan - 操作超时
2018-01-09 14:24:58,429 [5500] INFO  FormPosBan - 操作超时
2018-01-09 14:25:01,422 [10084] INFO  FormPosBan - 操作超时
2018-01-09 14:25:04,437 [5008] INFO  FormPosBan - 操作超时
2018-01-09 14:25:07,411 [2140] INFO  FormPosBan - 操作超时
2018-01-09 14:25:10,424 [8468] INFO  FormPosBan - 操作超时
2018-01-09 14:25:13,505 [6960] INFO  FormPosBan - 操作超时
2018-01-09 14:25:16,482 [6336] INFO  FormPosBan - 操作超时
2018-01-09 14:25:24,727 [6368] INFO  FormPosBan - 操作超时
2018-01-09 14:25:24,768 [10060] INFO  FormPosBan - 请求被中止: 操作超时。
2018-01-09 14:25:25,511 [5008] INFO  FormPosBan - 操作超时
2018-01-09 14:25:28,521 [2140] INFO  FormPosBan - 操作超时
2018-01-09 14:25:31,491 [6912] INFO  FormPosBan - 操作超时
2018-01-09 14:25:33,900 [9296] INFO  FormPosBan - 操作超时
2018-01-09 14:25:38,834 [1256] INFO  FormPosBan - 请求被中止: 操作超时。
2018-01-09 14:25:38,867 [10084] INFO  FormPosBan - 操作超时
2018-01-09 14:25:47,290 [9080] INFO  FormPosBan - 请求被中止: 操作超时。
2018-01-09 14:25:52,194 [6256] INFO  FormPosBan - 操作超时
2018-01-09 14:25:52,233 [5500] INFO  FormPosBan - 操作超时
2018-01-09 14:25:53,960 [2580] INFO  FormPosBan - 操作超时
2018-01-09 14:25:57,556 [5008] INFO  FormPosBan - 操作超时
2018-01-09 14:25:58,872 [6960] INFO  FormPosBan - 操作超时
2018-01-09 14:26:00,605 [1256] INFO  FormPosBan - 操作超时
2018-01-09 14:26:03,801 [9336] INFO  FormPosBan - 操作超时
2018-01-09 14:26:07,360 [10060] INFO  FormPosBan - 操作超时
2018-01-09 14:26:12,271 [6368] INFO  FormPosBan - 操作超时
2018-01-09 14:26:15,288 [6912] INFO  FormPosBan - 操作超时
2018-01-09 14:26:18,293 [6336] INFO  FormPosBan - 操作超时
2018-01-09 14:26:21,279 [2580] INFO  FormPosBan - 操作超时
2018-01-09 14:26:24,298 [8468] INFO  FormPosBan - 操作超时
2018-01-09 14:26:27,328 [5008] INFO  FormPosBan - 操作超时
2018-01-09 14:26:30,322 [1256] INFO  FormPosBan - 操作超时
2018-01-09 14:26:33,305 [6256] INFO  FormPosBan - 操作超时
2018-01-09 14:26:36,353 [6960] INFO  FormPosBan - 操作超时
2018-01-09 14:26:39,378 [5500] INFO  FormPosBan - 操作超时
2018-01-09 14:26:42,377 [2140] INFO  FormPosBan - 操作超时
2018-01-09 14:26:45,336 [9336] INFO  FormPosBan - 操作超时
2018-01-09 14:26:48,363 [9080] INFO  FormPosBan - 操作超时
2018-01-09 14:26:51,409 [2580] INFO  FormPosBan - 操作超时
2018-01-09 14:26:54,412 [6912] INFO  FormPosBan - 操作超时
2018-01-09 14:26:55,075 [9296] INFO  FormPosBan - 操作超时
2018-01-09 14:27:00,466 [6336] INFO  FormPosBan - 请求被中止: 操作超时。
2018-01-09 14:27:00,497 [6256] INFO  FormPosBan - 操作超时
2018-01-09 14:27:00,513 [1256] INFO  FormPosBan - 操作超时
2018-01-09 14:27:03,451 [5008] INFO  FormPosBan - 操作超时
2018-01-09 14:27:06,442 [8884] INFO  FormPosBan - 操作超时
2018-01-09 14:27:09,500 [10060] INFO  FormPosBan - 操作超时
2018-01-09 14:27:12,507 [7292] INFO  FormPosBan - 操作超时
2018-01-09 14:27:15,502 [1156] INFO  FormPosBan - 操作超时
2018-01-09 14:27:20,483 [6960] INFO  FormPosBan - 操作超时
2018-01-09 14:27:23,474 [8468] INFO  FormPosBan - 操作超时
2018-01-09 14:27:26,500 [4296] INFO  FormPosBan - 操作超时
2018-01-09 14:27:29,564 [5008] INFO  FormPosBan - 操作超时
2018-01-09 14:27:32,498 [8884] INFO  FormPosBan - 操作超时
2018-01-09 14:27:35,509 [7748] INFO  FormPosBan - 操作超时
2018-01-09 14:27:38,523 [2140] INFO  FormPosBan - 操作超时
2018-01-09 14:27:41,545 [6336] INFO  FormPosBan - 操作超时
2018-01-09 14:27:44,563 [7292] INFO  FormPosBan - 操作超时
2018-01-09 14:27:47,539 [6912] INFO  FormPosBan - 操作超时
2018-01-09 14:27:50,549 [9336] INFO  FormPosBan - 操作超时
2018-01-09 14:30:37,733 [7000] INFO  HttpClient - 操作超时
2018-01-09 14:31:30,387 [8760] INFO  HttpClient - 操作超时
2018-01-09 14:31:50,543 [8760] INFO  HttpClient - 操作超时
2018-01-09 14:32:17,734 [8760] INFO  FormLogin - 操作超时
2018-01-09 14:32:37,903 [8760] INFO  FormLogin - 操作超时
2018-01-09 14:33:04,260 [7704] INFO  FormLogin - 操作超时
2018-01-09 14:33:06,904 [8760] INFO  FormLogin - 操作超时
2018-01-09 14:33:07,210 [8564] INFO  FormLogin - 操作超时
2018-01-09 14:33:10,266 [5740] INFO  FormLogin - 操作超时
2018-01-09 14:33:13,251 [7740] INFO  FormLogin - 操作超时
2018-01-09 14:33:16,281 [8736] INFO  FormLogin - 操作超时
2018-01-09 14:33:19,290 [9280] INFO  FormLogin - 操作超时
2018-01-09 14:33:22,271 [9588] INFO  FormLogin - 操作超时
2018-01-09 14:33:25,313 [9908] INFO  FormLogin - 操作超时
2018-01-09 14:33:28,295 [7704] INFO  FormLogin - 操作超时
2018-01-09 14:33:31,303 [4296] INFO  FormLogin - 操作超时
2018-01-09 14:33:34,349 [7740] INFO  FormLogin - 操作超时
2018-01-09 14:33:37,358 [8736] INFO  FormLogin - 操作超时
2018-01-09 14:33:40,330 [9280] INFO  FormLogin - 操作超时
2018-01-09 14:33:43,403 [9588] INFO  FormLogin - 操作超时
2018-01-09 14:33:46,400 [5740] INFO  FormLogin - 操作超时
2018-01-09 14:33:49,402 [9052] INFO  FormLogin - 操作超时
2018-01-09 14:33:52,406 [9908] INFO  FormLogin - 操作超时
2018-01-09 14:33:55,404 [4296] INFO  FormLogin - 操作超时
2018-01-09 14:33:58,408 [7704] INFO  FormLogin - 操作超时
2018-01-09 14:34:01,226 [8736] INFO  FormLogin - 操作超时
2018-01-09 14:34:01,414 [9280] INFO  FormLogin - 操作超时
2018-01-09 14:34:04,442 [7740] INFO  FormLogin - 操作超时
2018-01-09 14:34:07,465 [9588] INFO  FormLogin - 操作超时
2018-01-09 14:34:10,875 [8524] INFO  FormLogin - 操作超时
2018-01-09 14:34:13,905 [5740] INFO  FormLogin - 操作超时
2018-01-09 14:34:16,907 [9052] INFO  FormLogin - 操作超时
2018-01-09 14:34:21,023 [9908] INFO  FormLogin - 操作超时
2018-01-09 14:34:21,023 [8760] INFO  FormLogin - 操作超时
2018-01-09 14:35:13,549 [9620] INFO  HttpClient - 操作超时
2018-01-09 14:35:33,695 [9620] INFO  HttpClient - 操作超时
2018-01-09 14:36:07,211 [9620] INFO  FormLogin - 操作超时
2018-01-09 14:36:37,661 [9620] INFO  FormLogin - 操作超时
2018-01-09 14:37:21,855 [7704] INFO  FormLogin - 操作超时
2018-01-09 14:37:24,437 [9620] INFO  FormLogin - 操作超时
2018-01-09 14:37:24,875 [7988] INFO  FormLogin - 操作超时
2018-01-09 14:37:27,849 [1180] INFO  FormLogin - 操作超时
2018-01-09 14:37:30,906 [872] INFO  FormLogin - 操作超时
2018-01-09 14:37:33,893 [8812] INFO  FormLogin - 操作超时
2018-01-09 14:37:36,927 [8856] INFO  FormLogin - 操作超时
2018-01-09 14:37:39,907 [7900] INFO  FormLogin - 操作超时
2018-01-09 14:37:42,928 [8120] INFO  FormLogin - 操作超时
2018-01-09 14:37:45,914 [7704] INFO  FormLogin - 操作超时
2018-01-09 14:37:48,920 [9148] INFO  FormLogin - 操作超时
2018-01-09 14:41:05,791 [1544] INFO  HttpClient - 操作超时
2018-01-09 14:41:25,967 [1544] INFO  HttpClient - 操作超时
2018-01-09 14:41:53,387 [1544] INFO  FormLogin - 操作超时
2018-01-09 14:42:13,578 [1544] INFO  FormLogin - 操作超时
2018-01-09 14:42:50,299 [10044] INFO  FormLogin - 操作超时
2018-01-09 14:42:52,878 [8328] INFO  FormLogin - 操作超时
2018-01-09 14:42:55,918 [9876] INFO  FormLogin - 操作超时
2018-01-09 14:42:58,915 [3512] INFO  FormLogin - 操作超时
2018-01-09 14:43:01,940 [10152] INFO  FormLogin - 操作超时
2018-01-09 14:43:06,702 [1544] INFO  FormLogin - 操作超时
2018-01-09 14:43:51,027 [9336] INFO  FormLogin - 请求被中止: 操作超时。
2018-01-09 14:43:51,069 [8080] INFO  FormLogin - 请求被中止: 操作超时。
2018-01-09 14:43:51,069 [3104] INFO  FormLogin - 请求被中止: 操作超时。
2018-01-09 14:43:51,099 [9244] INFO  FormLogin - 请求被中止: 操作超时。
2018-01-09 14:43:51,099 [6492] INFO  FormLogin - 请求被中止: 操作超时。
2018-01-09 14:43:51,100 [8336] INFO  FormLogin - 请求被中止: 操作超时。
2018-01-09 14:43:51,100 [7600] INFO  FormLogin - 请求被中止: 操作超时。
2018-01-09 14:44:11,175 [1784] INFO  FormLogin - 操作超时
2018-01-09 14:44:11,206 [3512] INFO  FormLogin - 操作超时
2018-01-09 14:44:14,406 [9336] INFO  FormLogin - 操作超时
2018-01-09 14:44:18,559 [6492] INFO  FormLogin - 操作超时
2018-01-09 14:44:21,532 [8080] INFO  FormLogin - 操作超时
2018-01-09 14:44:24,595 [8328] INFO  FormLogin - 操作超时
2018-01-09 14:44:27,584 [10044] INFO  FormLogin - 操作超时
2018-01-09 14:44:30,598 [9876] INFO  FormLogin - 操作超时
2018-01-09 14:50:51,483 [9652] INFO  HttpClient - 操作超时
2018-01-09 14:51:11,647 [9652] INFO  HttpClient - 操作超时
2018-01-09 14:51:38,872 [9652] INFO  FormLogin - 操作超时
2018-01-09 14:51:59,038 [9652] INFO  FormLogin - 操作超时
2018-01-09 14:53:01,514 [8896] INFO  FormLogin - 操作超时
2018-01-09 14:53:05,894 [9272] INFO  FormLogin - 操作超时
2018-01-09 14:53:08,663 [9116] INFO  FormLogin - 操作超时
2018-01-09 14:53:21,828 [8916] INFO  FormLogin - 操作超时
2018-01-09 14:53:27,150 [8896] INFO  FormLogin - 请求被中止: 操作超时。
2018-01-09 14:53:29,310 [9188] INFO  FormLogin - 操作超时
2018-01-09 14:53:31,930 [9272] INFO  FormLogin - 操作超时
2018-01-09 14:53:35,157 [9116] INFO  FormLogin - 操作超时
2018-01-09 14:53:35,630 [9652] INFO  FormLogin - 操作超时
2018-01-09 14:53:43,291 [6912] INFO  FormLogin - 操作超时
2018-01-09 14:53:49,906 [9184] INFO  FormLogin - 操作超时
2018-01-09 14:53:51,347 [4252] INFO  FormLogin - 操作超时
2018-01-09 14:53:53,633 [9424] INFO  FormLogin - 操作超时
2018-01-09 14:53:54,641 [9784] INFO  FormLogin - 操作超时
2018-01-09 14:53:59,183 [7560] INFO  FormLogin - 操作超时
2018-01-09 14:54:02,105 [8056] INFO  FormLogin - 操作超时
2018-01-09 14:54:09,943 [6912] INFO  FormLogin - 操作超时
2018-01-09 14:54:12,948 [4252] INFO  FormLogin - 操作超时
2018-01-09 14:54:15,955 [9424] INFO  FormLogin - 操作超时
2018-01-09 14:54:18,961 [9188] INFO  FormLogin - 操作超时
2018-01-09 14:54:21,967 [7560] INFO  FormLogin - 操作超时
2018-01-09 14:54:24,371 [9652] INFO  FormLogin - 操作超时
2018-01-09 14:54:24,977 [9784] INFO  FormLogin - 操作超时
2018-01-09 14:54:27,984 [8056] INFO  FormLogin - 操作超时
2018-01-09 14:54:30,981 [9184] INFO  FormLogin - 操作超时
2018-01-09 14:54:33,992 [9272] INFO  FormLogin - 操作超时
2018-01-09 14:54:37,036 [1540] INFO  FormLogin - 操作超时
2018-01-09 14:54:40,044 [8916] INFO  FormLogin - 操作超时
2018-01-09 14:54:43,017 [9116] INFO  FormLogin - 操作超时
2018-01-09 14:54:46,061 [9784] INFO  FormLogin - 操作超时
2018-01-09 14:54:48,511 [9652] INFO  FormLogin - 操作超时
2018-01-09 14:54:49,061 [4252] INFO  FormLogin - 操作超时
2018-01-09 14:57:04,858 [4252] INFO  HttpClient - 操作超时
2018-01-09 14:57:25,074 [4252] INFO  HttpClient - 操作超时
2018-01-09 14:58:21,422 [4252] INFO  FormLogin - 操作超时
2018-01-09 14:58:41,554 [9576] INFO  FormLogin - 操作超时
2018-01-09 15:02:25,680 [8168] INFO  HttpClient - 操作超时
2018-01-09 15:02:45,849 [8168] INFO  HttpClient - 操作超时
2018-01-09 15:03:24,500 [8168] INFO  FormLogin - 操作超时
2018-01-09 15:04:48,038 [9108] INFO  FormLogin - 操作超时
2018-01-09 15:06:19,295 [9244] INFO  FormLogin - 操作超时
2018-01-09 15:06:22,269 [9920] INFO  FormLogin - 操作超时
2018-01-09 15:06:25,312 [2564] INFO  FormLogin - 操作超时
2018-01-09 15:06:28,023 [5776] INFO  FormLogin - 操作超时
2018-01-09 15:06:51,302 [2008] INFO  FormLogin - 请求被中止: 操作超时。
2018-01-09 15:06:51,360 [6860] INFO  FormLogin - 请求被中止: 操作超时。
2018-01-09 15:06:51,361 [9104] INFO  FormLogin - 请求被中止: 操作超时。
2018-01-09 15:06:51,379 [8544] INFO  FormLogin - 请求被中止: 操作超时。
2018-01-09 15:06:51,387 [6760] INFO  FormLogin - 请求被中止: 操作超时。
2018-01-09 15:06:51,401 [8552] INFO  FormLogin - 请求被中止: 操作超时。
2018-01-09 15:06:51,415 [9000] INFO  FormLogin - 请求被中止: 操作超时。
2018-01-09 15:07:11,300 [5776] INFO  FormLogin - 操作超时
2018-01-09 15:07:16,897 [6760] INFO  FormLogin - 操作超时
2018-01-09 15:07:16,897 [9104] INFO  FormLogin - 操作超时
2018-01-09 15:07:19,878 [6860] INFO  FormLogin - 操作超时
2018-01-09 15:07:22,877 [8544] INFO  FormLogin - 操作超时
2018-01-09 15:09:56,211 [8296] INFO  HttpClient - 操作超时
2018-01-09 15:10:19,092 [8296] INFO  HttpClient - 操作超时
2018-01-09 15:10:51,465 [8296] INFO  FormLogin - 操作超时
2018-01-09 15:11:19,450 [1872] INFO  FormLogin - 操作超时
2018-01-09 15:18:39,535 [7556] INFO  HttpClient - 操作超时
2018-01-09 15:18:59,677 [7556] INFO  HttpClient - 操作超时
2018-01-09 15:19:25,390 [7556] INFO  FormLogin - 操作超时
2018-01-09 15:19:45,586 [7556] INFO  FormLogin - 操作超时
2018-01-09 15:20:09,365 [7556] INFO  FormLogin - 请求被中止: 操作超时。
2018-01-09 15:20:12,348 [7556] INFO  FormLogin - 只能将超时设置为“System.Threading.Timeout.Infinite”或大于 0 的值。
参数名: value
2018-01-09 15:20:14,281 [7556] INFO  FormLogin - 只能将超时设置为“System.Threading.Timeout.Infinite”或大于 0 的值。
参数名: value
2018-01-09 15:20:15,814 [10036] INFO  FormLogin - 请求被中止: 操作超时。
2018-01-09 15:20:17,684 [7556] INFO  FormLogin - 只能将超时设置为“System.Threading.Timeout.Infinite”或大于 0 的值。
参数名: value
2018-01-09 15:20:18,827 [5324] INFO  FormLogin - 请求被中止: 操作超时。
2018-01-09 15:20:19,245 [7556] INFO  FormLogin - 只能将超时设置为“System.Threading.Timeout.Infinite”或大于 0 的值。
参数名: value
2018-01-09 15:20:20,972 [7556] INFO  FormLogin - 只能将超时设置为“System.Threading.Timeout.Infinite”或大于 0 的值。
参数名: value
2018-01-09 15:20:21,824 [9636] INFO  FormLogin - 请求被中止: 操作超时。
2018-01-09 15:20:22,556 [7556] INFO  FormLogin - 只能将超时设置为“System.Threading.Timeout.Infinite”或大于 0 的值。
参数名: value
2018-01-09 15:20:24,130 [7556] INFO  FormLogin - 只能将超时设置为“System.Threading.Timeout.Infinite”或大于 0 的值。
参数名: value
2018-01-09 15:20:25,735 [7556] INFO  FormLogin - 只能将超时设置为“System.Threading.Timeout.Infinite”或大于 0 的值。
参数名: value
2018-01-09 15:20:27,676 [7556] INFO  FormLogin - 只能将超时设置为“System.Threading.Timeout.Infinite”或大于 0 的值。
参数名: value
2018-01-09 15:20:29,265 [5776] INFO  FormLogin - 操作超时
2018-01-09 15:20:32,341 [10236] INFO  FormLogin - 操作超时
2018-01-09 15:20:35,309 [1896] INFO  FormLogin - 操作超时
2018-01-09 15:20:36,134 [7556] INFO  FormPosBan - 只能将超时设置为“System.Threading.Timeout.Infinite”或大于 0 的值。
参数名: value
2018-01-09 15:20:38,283 [10036] INFO  FormPosBan - 操作超时
2018-01-09 15:20:39,774 [7556] INFO  FormPosBan - 只能将超时设置为“System.Threading.Timeout.Infinite”或大于 0 的值。
参数名: value
2018-01-09 15:20:41,313 [5324] INFO  FormPosBan - 操作超时
2018-01-09 15:20:43,821 [7556] INFO  FormPosBan - 只能将超时设置为“System.Threading.Timeout.Infinite”或大于 0 的值。
参数名: value
2018-01-09 15:20:44,336 [9636] INFO  FormPosBan - 操作超时
2018-01-09 15:20:47,337 [10000] INFO  FormPosBan - 操作超时
2018-01-09 15:20:47,879 [7556] INFO  FormPosBan - 只能将超时设置为“System.Threading.Timeout.Infinite”或大于 0 的值。
参数名: value
2018-01-09 15:20:50,320 [2476] INFO  FormPosBan - 操作超时
2018-01-09 15:20:53,357 [10236] INFO  FormPosBan - 操作超时
2018-01-09 15:20:56,368 [1896] INFO  FormPosBan - 操作超时
2018-01-09 15:20:59,384 [10036] INFO  FormPosBan - 操作超时
2018-01-09 15:21:02,443 [7260] INFO  FormPosBan - 操作超时
2018-01-09 15:21:05,849 [9636] INFO  FormPosBan - 操作超时
2018-01-09 15:21:08,423 [5324] INFO  FormPosBan - 操作超时
2018-01-09 15:21:11,406 [10000] INFO  FormPosBan - 操作超时
2018-01-09 15:21:12,317 [5776] INFO  FormPosBan - 操作超时
2018-01-09 15:21:14,462 [10236] INFO  FormPosBan - 操作超时
2018-01-09 15:21:17,485 [1896] INFO  FormPosBan - 操作超时
2018-01-09 15:21:20,503 [10036] INFO  FormPosBan - 操作超时
2018-01-09 15:21:23,458 [7260] INFO  FormPosBan - 操作超时
2018-01-09 15:21:50,053 [10036] INFO  FormPosBan - 请求被中止: 操作超时。
2018-01-09 15:21:50,054 [2476] INFO  FormPosBan - 请求被中止: 操作超时。
2018-01-09 15:21:50,100 [10000] INFO  FormPosBan - 请求被中止: 操作超时。
2018-01-09 15:21:50,100 [1896] INFO  FormPosBan - 请求被中止: 操作超时。
2018-01-09 15:21:50,108 [10236] INFO  FormPosBan - 请求被中止: 操作超时。
2018-01-09 15:21:50,123 [9636] INFO  FormPosBan - 请求被中止: 操作超时。
2018-01-09 15:21:50,130 [5776] INFO  FormPosBan - 请求被中止: 操作超时。
2018-01-09 15:22:50,109 [1056] INFO  FormPosBan - 请求被中止: 操作超时。
2018-01-09 15:22:50,124 [7260] INFO  FormPosBan - 请求被中止: 操作超时。
2018-01-09 15:22:50,144 [5092] INFO  FormPosBan - 请求被中止: 操作超时。
2018-01-09 15:23:58,479 [7312] INFO  HttpClient - 操作超时
2018-01-09 15:24:18,658 [7312] INFO  HttpClient - 操作超时
2018-01-09 15:24:45,123 [7312] INFO  FormLogin - 操作超时
2018-01-09 15:26:35,042 [7312] INFO  FormLogin - 请求被中止: 操作超时。
2018-01-09 15:27:17,026 [480] INFO  HttpClient - 操作超时
2018-01-09 15:27:37,249 [480] INFO  HttpClient - 操作超时
2018-01-09 15:28:40,562 [480] INFO  FormLogin - 操作超时
2018-01-09 15:30:09,163 [480] INFO  FormLogin - 操作超时
2018-01-09 15:39:15,992 [5820] INFO  HttpClient - 操作超时
2018-01-09 15:39:36,152 [5820] INFO  HttpClient - 操作超时
2018-01-09 15:40:02,468 [5820] INFO  FormLogin - 操作超时
2018-01-09 15:40:30,759 [5820] INFO  FormLogin - 操作超时
2018-01-09 15:43:27,067 [2564] INFO  HttpClient - 操作超时
2018-01-09 15:43:47,241 [2564] INFO  HttpClient - 操作超时
2018-01-09 15:44:14,041 [2564] INFO  FormLogin - 操作超时
2018-01-09 15:44:34,183 [2564] INFO  FormLogin - 只能将超时设置为“System.Threading.Timeout.Infinite”或大于 0 的值。
参数名: value
2018-01-09 15:45:01,467 [8924] INFO  FormLogin - 操作超时
2018-01-09 15:45:03,052 [2564] INFO  FormLogin - 只能将超时设置为“System.Threading.Timeout.Infinite”或大于 0 的值。
参数名: value
2018-01-09 15:45:04,490 [7076] INFO  FormLogin - 操作超时
2018-01-09 15:45:07,518 [10084] INFO  FormLogin - 操作超时
2018-01-09 15:45:10,496 [8056] INFO  FormLogin - 操作超时
2018-01-09 15:45:13,521 [6900] INFO  FormLogin - 操作超时
2018-01-09 15:45:16,531 [8336] INFO  FormLogin - 操作超时
2018-01-09 15:45:19,553 [9916] INFO  FormLogin - 操作超时
2018-01-09 15:45:22,567 [6372] INFO  FormLogin - 操作超时
2018-01-09 15:45:25,573 [8768] INFO  FormLogin - 操作超时
2018-01-09 15:45:25,940 [2564] INFO  FormLogin - 只能将超时设置为“System.Threading.Timeout.Infinite”或大于 0 的值。
参数名: value
2018-01-09 15:45:54,662 [7076] INFO  FormLogin - 请求被中止: 操作超时。
2018-01-09 15:45:54,686 [3008] INFO  FormLogin - 请求被中止: 操作超时。
2018-01-09 15:45:54,697 [9620] INFO  FormLogin - 请求被中止: 操作超时。
2018-01-09 15:45:54,720 [788] INFO  FormLogin - 请求被中止: 操作超时。
2018-01-09 15:45:54,749 [6372] INFO  FormLogin - 请求被中止: 操作超时。
2018-01-09 15:45:54,749 [4696] INFO  FormLogin - 请求被中止: 操作超时。
2018-01-09 15:45:54,749 [8924] INFO  FormLogin - 请求被中止: 操作超时。
2018-01-09 15:46:19,373 [1784] INFO  FormLogin - 请求被中止: 操作超时。
2018-01-09 15:46:19,510 [9916] INFO  FormLogin - 请求被中止: 操作超时。
2018-01-09 15:46:19,567 [6744] INFO  FormLogin - 请求被中止: 操作超时。
2018-01-09 15:46:19,616 [2564] INFO  FormLogin - 请求被中止: 操作超时。
2018-01-09 15:46:20,491 [9608] INFO  FormLogin - 操作超时
2018-01-09 15:46:23,484 [4268] INFO  FormLogin - 操作超时
2018-01-09 15:46:26,499 [8556] INFO  FormLogin - 操作超时
2018-01-09 15:46:29,498 [8892] INFO  FormLogin - 操作超时
2018-01-09 15:46:39,354 [2476] INFO  FormLogin - 操作超时
2018-01-09 15:46:42,378 [6744] INFO  FormLogin - 操作超时
2018-01-09 15:46:44,940 [2564] INFO  FormLogin - 操作超时
2018-01-09 15:46:45,358 [9608] INFO  FormLogin - 操作超时
2018-01-09 15:46:48,360 [4268] INFO  FormLogin - 操作超时
2018-01-09 15:46:51,416 [4696] INFO  FormLogin - 操作超时
2018-01-09 15:46:54,422 [1784] INFO  FormLogin - 操作超时
2018-01-09 15:46:57,393 [788] INFO  FormLogin - 操作超时
2018-01-09 15:47:00,423 [6372] INFO  FormLogin - 操作超时
2018-01-09 15:47:03,445 [9620] INFO  FormLogin - 操作超时
2018-01-09 15:50:07,971 [7276] INFO  HttpClient - 操作超时
2018-01-09 15:50:28,178 [7276] INFO  HttpClient - 操作超时
2018-01-09 15:50:54,689 [7276] INFO  FormLogin - 操作超时
2018-01-09 15:51:14,814 [7276] INFO  FormLogin - 操作超时
2018-01-09 15:51:39,194 [7276] INFO  FormLogin - 操作超时
2018-01-09 15:51:59,325 [7276] INFO  FormLogin - 操作超时
2018-01-09 15:52:31,642 [7276] INFO  FormLogin - 操作超时
2018-01-09 15:52:43,409 [6220] INFO  FormLogin - ****************************异常文本****************************
【出现时间】：2018-01-09 15:52:43
【异常类型】：InvalidOperationException
【异常信息】：线程间操作无效: 从不是创建控件“”的线程访问它。
【堆栈调用】：   在 System.Windows.Forms.Control.get_Handle()
   在 System.Windows.Forms.Control.SetVisibleCore(Boolean value)
   在 System.Windows.Forms.Control.Show()
   在 POS.BaseForm.<>c__DisplayClass5_1.<CheckConnect>b__0()
   在 System.Threading.ExecutionContext.RunInternal(ExecutionContext executionContext, ContextCallback callback, Object state, Boolean preserveSyncCtx)
   在 System.Threading.ExecutionContext.Run(ExecutionContext executionContext, ContextCallback callback, Object state, Boolean preserveSyncCtx)
   在 System.Threading.ExecutionContext.Run(ExecutionContext executionContext, ContextCallback callback, Object state)
   在 System.Threading.ThreadHelper.ThreadStart()
***************************************************************

2018-01-09 15:55:08,504 [9608] INFO  HttpClient - 操作超时
2018-01-09 15:55:28,651 [9608] INFO  HttpClient - 操作超时
2018-01-09 15:56:13,541 [9608] INFO  FormLogin - 操作超时
2018-01-09 15:56:33,692 [9608] INFO  FormLogin - 操作超时
2018-01-09 15:57:02,810 [8396] INFO  FormLogin - 操作超时
2018-01-09 15:57:05,380 [9608] INFO  FormLogin - 操作超时
2018-01-09 15:57:05,883 [8408] INFO  FormLogin - 操作超时
2018-01-09 15:57:08,852 [8240] INFO  FormLogin - 操作超时
2018-01-09 15:57:11,895 [9300] INFO  FormLogin - 操作超时
2018-01-09 15:57:14,901 [8300] INFO  FormLogin - 操作超时
2018-01-09 15:57:17,904 [6844] INFO  FormLogin - 操作超时
2018-01-09 15:57:20,920 [9288] INFO  FormLogin - 操作超时
2018-01-09 15:57:23,894 [7392] INFO  FormLogin - 操作超时
2018-01-09 15:57:26,942 [8408] INFO  FormLogin - 操作超时
2018-01-09 15:57:29,942 [8240] INFO  FormLogin - 操作超时
2018-01-09 15:57:30,401 [9608] INFO  FormLogin - 操作超时
2018-01-09 15:57:32,953 [8396] INFO  FormLogin - 操作超时
2018-01-09 15:57:35,950 [8456] INFO  FormLogin - 操作超时
2018-01-09 15:57:38,991 [9544] INFO  FormLogin - 操作超时
2018-01-09 15:57:41,967 [9840] INFO  FormLogin - 操作超时
2018-01-09 15:57:44,988 [9124] INFO  FormLogin - 操作超时
2018-01-09 15:57:47,990 [9412] INFO  FormLogin - 操作超时
2018-01-09 15:57:51,046 [1108] INFO  FormLogin - 操作超时
2018-01-09 15:57:53,998 [8240] INFO  FormLogin - 操作超时
2018-01-09 15:57:57,043 [9300] INFO  FormLogin - 操作超时
2018-01-09 15:57:59,839 [7392] INFO  FormLogin - 操作超时
2018-01-09 15:58:00,027 [6844] INFO  FormLogin - 操作超时
2018-01-09 15:58:03,013 [9840] INFO  FormLogin - 操作超时
2018-01-09 15:58:06,040 [8408] INFO  FormLogin - 操作超时
2018-01-09 15:58:09,066 [9412] INFO  FormLogin - 操作超时
2018-01-09 15:58:12,086 [1108] INFO  FormLogin - 操作超时
2018-01-09 15:58:15,101 [8240] INFO  FormLogin - 操作超时
2018-01-09 15:58:18,066 [9300] INFO  FormLogin - 操作超时
2018-01-09 15:58:21,126 [8300] INFO  FormLogin - 操作超时
2018-01-09 15:58:24,119 [8396] INFO  FormLogin - 操作超时
2018-01-09 15:58:27,140 [9288] INFO  FormLogin - 操作超时
2018-01-09 15:58:30,161 [9412] INFO  FormLogin - 操作超时
2018-01-09 15:58:33,171 [8408] INFO  FormLogin - 操作超时
2018-01-09 15:58:36,187 [1108] INFO  FormLogin - 操作超时
2018-01-09 15:58:39,162 [9300] INFO  FormLogin - 操作超时
2018-01-09 15:58:42,189 [8240] INFO  FormLogin - 操作超时
2018-01-09 15:58:45,171 [8300] INFO  FormLogin - 操作超时
2018-01-09 15:58:48,223 [9288] INFO  FormLogin - 操作超时
2018-01-09 15:58:51,209 [8396] INFO  FormLogin - 操作超时
2018-01-09 15:58:54,252 [9124] INFO  FormLogin - 操作超时
2018-01-09 15:58:57,258 [8456] INFO  FormLogin - 操作超时
2018-01-09 15:58:59,868 [6844] INFO  FormLogin - 操作超时
2018-01-09 15:59:00,272 [9300] INFO  FormLogin - 操作超时
2018-01-09 15:59:03,278 [8240] INFO  FormLogin - 操作超时
2018-01-09 15:59:06,279 [8300] INFO  FormLogin - 操作超时
2018-01-09 15:59:09,314 [1108] INFO  FormLogin - 操作超时
2018-01-09 15:59:12,299 [8396] INFO  FormLogin - 操作超时
2018-01-09 15:59:15,324 [9124] INFO  FormLogin - 操作超时
2018-01-09 15:59:18,349 [8456] INFO  FormLogin - 操作超时
2018-01-09 15:59:21,327 [9288] INFO  FormLogin - 操作超时
2018-01-09 15:59:24,318 [8408] INFO  FormLogin - 操作超时
2018-01-09 15:59:27,397 [6844] INFO  FormLogin - 操作超时
2018-01-09 16:10:24,270 [6856] INFO  HttpClient - 操作超时
2018-01-09 16:10:44,426 [6856] INFO  HttpClient - 操作超时
2018-01-09 16:11:15,804 [6856] INFO  FormLogin - 操作超时
2018-01-09 16:12:35,246 [9516] INFO  HttpClient - 操作超时
2018-01-09 16:12:55,402 [9516] INFO  HttpClient - 操作超时
2018-01-09 16:13:21,861 [9516] INFO  FormLogin - 操作超时
2018-01-09 16:13:42,114 [9516] INFO  FormLogin - 操作超时
2018-01-09 16:14:41,790 [6196] INFO  FormLogin - 操作超时
2018-01-09 16:14:42,493 [9516] INFO  FormLogin - 操作超时
2018-01-09 16:14:44,788 [10160] INFO  FormLogin - 操作超时
2018-01-09 16:14:47,757 [9196] INFO  FormLogin - 操作超时
2018-01-09 16:19:15,789 [4220] INFO  HttpClient - 操作超时
2018-01-09 16:19:35,958 [4220] INFO  HttpClient - 操作超时
2018-01-09 16:20:02,683 [4220] INFO  FormLogin - 操作超时
2018-01-09 16:24:14,184 [7648] INFO  HttpClient - 操作超时
2018-01-09 16:24:34,318 [7648] INFO  HttpClient - 操作超时
2018-01-09 16:25:01,071 [7648] INFO  FormLogin - 操作超时
2018-01-09 16:28:46,436 [2212] INFO  HttpClient - 操作超时
2018-01-09 16:29:06,609 [2212] INFO  HttpClient - 操作超时
2018-01-09 16:29:33,361 [2212] INFO  FormLogin - 操作超时
2018-01-09 16:29:54,618 [2212] INFO  FormLogin - 操作超时
2018-01-09 16:31:00,365 [10164] INFO  HttpClient - 操作超时
2018-01-09 16:31:20,511 [10164] INFO  HttpClient - 操作超时
2018-01-09 16:31:49,741 [10164] INFO  FormLogin - 操作超时
2018-01-09 16:32:14,617 [10164] INFO  FormLogin - 操作超时
2018-01-09 16:32:59,059 [9612] INFO  HttpClient - 操作超时
2018-01-09 16:33:19,207 [9612] INFO  HttpClient - 操作超时
2018-01-09 16:33:48,437 [9612] INFO  FormLogin - 操作超时
2018-01-09 16:34:23,593 [6916] INFO  HttpClient - 操作超时
2018-01-09 16:34:43,760 [6916] INFO  HttpClient - 操作超时
2018-01-09 16:36:00,389 [6916] INFO  FormLogin - 操作超时
2018-01-09 16:36:21,642 [6916] INFO  FormLogin - 操作超时
2018-01-09 16:36:49,703 [4392] INFO  FormLogin - 操作超时
2018-01-09 16:36:52,721 [9152] INFO  FormLogin - 操作超时
2018-01-09 16:36:55,736 [9160] INFO  FormLogin - 操作超时
2018-01-09 16:36:58,714 [9640] INFO  FormLogin - 操作超时
2018-01-09 16:37:01,753 [9344] INFO  FormLogin - 操作超时
2018-01-09 16:37:04,765 [5608] INFO  FormLogin - 操作超时
2018-01-09 16:37:07,786 [7892] INFO  FormLogin - 操作超时
2018-01-09 16:37:10,813 [4392] INFO  FormLogin - 操作超时
2018-01-09 16:37:13,801 [5820] INFO  FormLogin - 操作超时
2018-01-09 16:37:16,780 [9152] INFO  FormLogin - 操作超时
2018-01-09 16:37:19,813 [9160] INFO  FormLogin - 操作超时
2018-01-09 16:37:22,828 [9640] INFO  FormLogin - 操作超时
2018-01-09 16:37:25,836 [9344] INFO  FormLogin - 操作超时
2018-01-09 16:37:28,833 [7892] INFO  FormLogin - 操作超时
2018-01-09 16:37:31,853 [5608] INFO  FormLogin - 操作超时
2018-01-09 16:37:34,848 [5820] INFO  FormLogin - 操作超时
2018-01-09 16:37:37,878 [9152] INFO  FormLogin - 操作超时
2018-01-09 16:37:40,903 [4392] INFO  FormLogin - 操作超时
2018-01-09 16:37:43,908 [9160] INFO  FormLogin - 操作超时
2018-01-09 16:37:46,716 [10060] INFO  FormLogin - 操作超时
2018-01-09 16:37:46,917 [9344] INFO  FormLogin - 操作超时
2018-01-09 16:37:49,936 [9640] INFO  FormLogin - 操作超时
2018-01-09 16:37:52,912 [5608] INFO  FormLogin - 操作超时
2018-01-09 16:37:55,962 [5820] INFO  FormLogin - 操作超时
2018-01-09 16:37:58,944 [9152] INFO  FormLogin - 操作超时
2018-01-09 16:38:01,971 [4392] INFO  FormLogin - 操作超时
2018-01-09 16:38:04,969 [9160] INFO  FormLogin - 操作超时
2018-01-09 16:38:07,985 [10060] INFO  FormLogin - 操作超时
2018-01-09 16:38:10,963 [9640] INFO  FormLogin - 操作超时
2018-01-09 16:38:14,028 [9344] INFO  FormLogin - 操作超时
2018-01-09 16:38:17,025 [5608] INFO  FormLogin - 操作超时
2018-01-09 16:38:20,020 [5820] INFO  FormLogin - 操作超时
2018-01-09 16:38:23,067 [4392] INFO  FormLogin - 操作超时
2018-01-09 16:38:26,062 [9160] INFO  FormLogin - 操作超时
2018-01-09 16:38:29,039 [10060] INFO  FormLogin - 操作超时
2018-01-09 16:38:32,071 [7892] INFO  FormLogin - 操作超时
2018-01-09 16:38:34,352 [6916] INFO  FormLogin - 操作超时
2018-01-09 16:38:35,094 [9152] INFO  FormLogin - 操作超时
2018-01-09 16:38:38,077 [9640] INFO  FormLogin - 操作超时
2018-01-09 16:38:41,143 [4272] INFO  FormLogin - 操作超时
2018-01-09 16:38:44,136 [6644] INFO  FormLogin - 操作超时
2018-01-09 16:38:46,696 [8096] INFO  FormLogin - 操作超时
2018-01-09 16:38:47,120 [10096] INFO  FormLogin - 操作超时
2018-01-09 16:38:50,153 [9612] INFO  FormLogin - 操作超时
2018-01-09 16:38:53,181 [9168] INFO  FormLogin - 操作超时
2018-01-09 16:38:56,179 [5608] INFO  FormLogin - 操作超时
2018-01-09 16:38:59,188 [2012] INFO  FormLogin - 操作超时
2018-01-09 16:39:02,184 [10140] INFO  FormLogin - 操作超时
2018-01-09 16:39:05,211 [2624] INFO  FormLogin - 操作超时
2018-01-09 16:39:08,203 [9496] INFO  FormLogin - 操作超时
2018-01-09 16:39:11,188 [4272] INFO  FormLogin - 操作超时
2018-01-09 16:42:24,810 [9668] INFO  HttpClient - 操作超时
2018-01-09 16:42:44,978 [9668] INFO  HttpClient - 操作超时
2018-01-09 16:43:12,739 [9668] INFO  FormLogin - 操作超时
2018-01-09 16:43:34,000 [9668] INFO  FormLogin - 操作超时
2018-01-09 16:45:23,441 [8680] INFO  HttpClient - 操作超时
2018-01-09 16:45:43,595 [8680] INFO  HttpClient - 操作超时
2018-01-09 16:46:10,583 [8680] INFO  FormLogin - 操作超时
2018-01-09 16:46:31,818 [8680] INFO  FormLogin - 操作超时
2018-01-09 16:46:59,876 [7056] INFO  FormLogin - 操作超时
2018-01-09 16:47:02,828 [9436] INFO  FormLogin - 操作超时
2018-01-09 16:47:05,851 [4220] INFO  FormLogin - 操作超时
2018-01-09 16:47:08,866 [7804] INFO  FormLogin - 操作超时
2018-01-09 16:47:11,897 [8340] INFO  FormLogin - 操作超时
2018-01-09 16:47:14,909 [9172] INFO  FormLogin - 操作超时
2018-01-09 16:47:17,931 [2012] INFO  FormLogin - 操作超时
2018-01-09 16:47:20,914 [8236] INFO  FormLogin - 操作超时
2018-01-09 16:47:55,163 [8544] INFO  HttpClient - 操作超时
2018-01-09 16:48:15,334 [8544] INFO  HttpClient - 操作超时
2018-01-09 16:48:48,639 [8544] INFO  FormLogin - 操作超时
2018-01-09 16:49:14,366 [8544] INFO  FormLogin - 操作超时
2018-01-09 16:51:17,001 [4272] INFO  HttpClient - 操作超时
2018-01-09 16:51:37,329 [4272] INFO  HttpClient - 操作超时
2018-01-09 16:52:03,933 [4272] INFO  FormLogin - 操作超时
2018-01-09 16:52:31,011 [9812] INFO  FormLogin - 操作超时
2018-01-09 16:52:33,132 [4272] INFO  FormLogin - 操作超时
2018-01-09 16:52:34,014 [8188] INFO  FormLogin - 操作超时
2018-01-09 16:52:37,030 [9104] INFO  FormLogin - 操作超时
2018-01-09 16:52:40,010 [7116] INFO  FormLogin - 操作超时
2018-01-09 16:52:43,017 [4852] INFO  FormLogin - 操作超时
2018-01-09 16:52:46,092 [4068] INFO  FormLogin - 操作超时
2018-01-09 16:52:49,048 [9696] INFO  FormLogin - 操作超时
2018-01-09 16:52:52,077 [10048] INFO  FormLogin - 操作超时
2018-01-09 16:52:55,085 [9612] INFO  FormLogin - 操作超时
2018-01-09 16:52:58,109 [9104] INFO  FormLogin - 操作超时
2018-01-09 16:53:01,098 [7116] INFO  FormLogin - 操作超时
2018-01-09 16:56:48,679 [9812] INFO  FormLogin - 操作超时
2018-01-09 16:56:51,641 [10048] INFO  FormLogin - 操作超时
2018-01-09 16:56:53,375 [4272] INFO  FormLogin - 请求被中止: 操作超时。
2018-01-09 16:56:54,665 [9416] INFO  FormLogin - 操作超时
2018-01-09 16:56:57,698 [10104] INFO  FormLogin - 操作超时
2018-01-09 16:57:00,733 [5092] INFO  FormLogin - 操作超时
2018-01-09 16:57:59,909 [4272] INFO  FormPosBan - 修改交班记录
2018-01-09 16:57:59,929 [4272] INFO  FormPosBan - 修改交班记录成功
2018-01-09 16:58:00,096 [4272] INFO  FormPosBan - 开始上传数据
2018-01-09 16:58:02,811 [4272] INFO  FormPosBan - 上传数据成功
2018-01-09 17:08:21,050 [9784] INFO  FormLogin - 操作超时
2018-01-09 17:08:24,459 [4888] INFO  FormLogin - 操作超时
2018-01-09 17:08:30,091 [9612] INFO  FormLogin - 操作超时
2018-01-09 17:08:36,222 [5248] INFO  FormLogin - 操作超时
2018-01-09 17:08:51,230 [8804] INFO  FormLogin - 操作超时
2018-01-09 17:09:33,293 [4888] INFO  FormLogin - 操作超时
2018-01-09 17:09:33,386 [9920] INFO  FormLogin - 操作超时
2018-01-09 17:10:05,184 [8596] INFO  FormLogin - 操作已超时。
2018-01-09 17:14:04,451 [8744] INFO  FormLogin - 操作超时
2018-01-09 17:15:43,775 [2524] INFO  FormLogin - 操作超时
2018-01-09 17:15:44,674 [10640] INFO  FormLogin - 操作超时
2018-01-09 17:15:47,691 [10680] INFO  FormLogin - 操作超时
2018-01-09 17:15:50,700 [2476] INFO  FormLogin - 操作超时
2018-01-09 17:15:53,696 [7640] INFO  FormLogin - 操作超时
2018-01-09 17:15:56,752 [7980] INFO  FormLogin - 操作超时
2018-01-09 17:15:59,748 [9464] INFO  FormLogin - 操作超时
2018-01-09 17:16:00,220 [4904] INFO  FormLogin - 操作超时
2018-01-09 17:16:02,730 [8744] INFO  FormLogin - 操作超时
2018-01-09 17:16:11,481 [9544] INFO  FormLogin - 无法从传输连接中读取数据: 远程主机强迫关闭了一个现有的连接。。
2018-01-09 17:16:42,138 [2972] INFO  FormLogin - 操作超时
2018-01-09 17:45:26,853 [9696] INFO  FormLogin - 无法从传输连接中读取数据: 远程主机强迫关闭了一个现有的连接。。
2018-01-09 17:46:29,478 [10416] INFO  FormLogin - 无法从传输连接中读取数据: 远程主机强迫关闭了一个现有的连接。。
2018-01-09 18:31:29,083 [6196] INFO  SyncHelperDAL - 远程服务器返回错误: (502) 错误的网关。
2018-01-09 18:31:31,994 [6148] INFO  SyncHelperDAL - 远程服务器返回错误: (502) 错误的网关。
2018-01-09 18:32:51,307 [9184] INFO  SyncHelperDAL - 操作已超时。
2018-01-09 18:35:28,744 [10824] INFO  SyncHelperDAL - 操作已超时。
2018-01-09 18:42:23,192 [10552] INFO  SyncHelperDAL - 基础连接已经关闭: 接收时发生错误。
2018-01-09 18:42:51,090 [6048] INFO  SyncHelperDAL - 无法连接到远程服务器
2018-01-09 18:42:51,204 [9000] INFO  SyncHelperDAL - 无法连接到远程服务器
2018-01-09 18:42:52,523 [8088] INFO  SyncHelperDAL - 无法连接到远程服务器
2018-01-09 18:42:52,595 [6048] INFO  SyncHelperDAL - 无法连接到远程服务器
2018-01-09 18:42:52,829 [9000] INFO  SyncHelperDAL - 无法连接到远程服务器
2018-01-09 18:42:52,852 [6048] INFO  SyncHelperDAL - 无法连接到远程服务器
2018-01-09 18:42:52,976 [6048] INFO  SyncHelperDAL - 无法连接到远程服务器
2018-01-09 18:42:53,247 [6048] INFO  SyncHelperDAL - 无法连接到远程服务器
2018-01-09 18:42:53,375 [6048] INFO  SyncHelperDAL - 无法连接到远程服务器
2018-01-09 18:42:53,701 [6048] INFO  SyncHelperDAL - 无法连接到远程服务器
2018-01-09 18:42:55,109 [10440] INFO  SyncHelperDAL - 无法连接到远程服务器
2018-01-09 18:42:55,154 [10440] INFO  SyncHelperDAL - 无法连接到远程服务器
2018-01-09 18:42:55,353 [10440] INFO  SyncHelperDAL - 无法连接到远程服务器
2018-01-09 18:42:55,491 [10440] INFO  SyncHelperDAL - 无法连接到远程服务器
2018-01-09 18:42:55,999 [10440] INFO  SyncHelperDAL - 无法连接到远程服务器
2018-01-09 18:42:56,046 [6048] INFO  SyncHelperDAL - 无法连接到远程服务器
2018-01-09 18:42:56,221 [6048] INFO  SyncHelperDAL - 无法连接到远程服务器
2018-01-09 18:42:56,259 [10440] INFO  SyncHelperDAL - 无法连接到远程服务器
2018-01-09 18:42:56,485 [10008] INFO  SyncHelperDAL - 无法连接到远程服务器
2018-01-09 18:43:01,397 [9424] INFO  SyncHelperDAL - 无法连接到远程服务器
2018-01-09 18:43:13,436 [11004] INFO  SyncHelperDAL - 无法连接到远程服务器
2018-01-09 19:04:12,396 [2008] INFO  SyncHelperDAL - 无法从传输连接中读取数据: 连接已关闭。
2018-01-09 19:05:00,944 [8400] INFO  SyncHelperDAL - 无法从传输连接中读取数据: 连接已关闭。
2018-01-09 19:05:36,087 [10160] INFO  SyncHelperDAL - 无法从传输连接中读取数据: 连接已关闭。
2018-01-09 19:09:08,859 [11104] INFO  SyncHelperDAL - 无法从传输连接中读取数据: 连接已关闭。
2018-01-09 19:09:37,257 [6216] INFO  SyncHelperDAL - 操作已超时。
2018-01-09 19:09:57,884 [7076] INFO  SyncHelperDAL - 无法从传输连接中读取数据: 连接已关闭。
2018-01-09 19:09:59,676 [8400] INFO  SyncHelperDAL - 无法从传输连接中读取数据: 连接已关闭。
2018-01-09 19:10:00,519 [5636] INFO  SyncHelperDAL - 无法从传输连接中读取数据: 连接已关闭。
2018-01-09 19:10:19,238 [9996] INFO  SyncHelperDAL - 无法从传输连接中读取数据: 连接已关闭。
2018-01-09 19:12:51,629 [9688] INFO  SyncHelperDAL - 操作已超时。
2018-01-09 19:13:13,358 [1836] INFO  SyncHelperDAL - 无法连接到远程服务器
2018-01-09 19:13:45,253 [2504] INFO  SyncHelperDAL - 无法连接到远程服务器
2018-01-09 19:15:37,931 [10624] INFO  SyncHelperDAL - 无法连接到远程服务器
2018-01-09 19:15:38,007 [10624] INFO  SyncHelperDAL - 无法连接到远程服务器
2018-01-09 19:15:57,298 [11028] INFO  SyncHelperDAL - 无法连接到远程服务器
2018-01-09 19:15:58,809 [9336] INFO  SyncHelperDAL - 无法连接到远程服务器
2018-01-09 19:15:58,891 [9336] INFO  SyncHelperDAL - 无法连接到远程服务器
2018-01-09 19:15:58,920 [9336] INFO  SyncHelperDAL - 无法连接到远程服务器
2018-01-09 19:15:58,962 [9336] INFO  SyncHelperDAL - 无法连接到远程服务器
2018-01-09 19:15:58,987 [9336] INFO  SyncHelperDAL - 无法连接到远程服务器
2018-01-09 19:18:55,188 [8416] INFO  SyncHelperDAL - 无法连接到远程服务器
2018-01-09 19:19:37,490 [10468] INFO  SyncHelperDAL - 无法连接到远程服务器
2018-01-09 19:19:37,545 [8416] INFO  SyncHelperDAL - 无法连接到远程服务器
2018-01-09 19:19:37,575 [9900] INFO  SyncHelperDAL - 无法连接到远程服务器
2018-01-09 19:19:37,575 [4260] INFO  SyncHelperDAL - 无法连接到远程服务器
2018-01-09 19:19:37,575 [10724] INFO  SyncHelperDAL - 无法连接到远程服务器
2018-01-09 19:19:37,597 [11032] INFO  SyncHelperDAL - 无法连接到远程服务器
2018-01-09 19:19:37,598 [10372] INFO  SyncHelperDAL - 无法连接到远程服务器
2018-01-09 19:19:37,598 [9816] INFO  SyncHelperDAL - 无法连接到远程服务器
2018-01-09 19:19:37,621 [9248] INFO  SyncHelperDAL - 无法连接到远程服务器
2018-01-09 19:19:40,451 [9816] INFO  SyncHelperDAL - 无法连接到远程服务器
2018-01-09 19:19:40,484 [6984] INFO  SyncHelperDAL - 无法连接到远程服务器
2018-01-09 19:19:40,486 [9248] INFO  SyncHelperDAL - 无法连接到远程服务器
2018-01-09 19:21:00,923 [6904] INFO  SyncHelperDAL - 请求被中止: 操作超时。
2018-01-09 19:21:10,498 [5636] INFO  SyncHelperDAL - 请求被中止: 操作超时。
