2018-03-12 11:20:25,252 [5472] INFO  Refund - Refund：Refund is processing...
2018-03-12 11:23:21,097 [9616] INFO  Refund - Refund：Refund is processing...
2018-03-12 11:23:21,168 [9616] DEBUG WxPayApi - WxPayApi:Refund request : <xml><appid><![CDATA[wx32665e55bffa086b]]></appid><mch_id><![CDATA[1231139902]]></mch_id><nonce_str><![CDATA[8bc61bde57bf4c1d9bb1c50d8248e97a]]></nonce_str><op_user_id><![CDATA[1231139902]]></op_user_id><out_refund_no><![CDATA[123113990220180312112321554]]></out_refund_no><out_trade_no><![CDATA[123113990220180309145233576]]></out_trade_no><refund_fee>1</refund_fee><sign><![CDATA[DB2B4A53F6FF904B3AA3E23D92AE4847]]></sign><total_fee>1</total_fee></xml>
2018-03-12 11:23:21,539 [9616] DEBUG HttpService - WxPayApi:PostXml used cert
2018-03-12 11:23:23,555 [9616] DEBUG HttpService - WxPayApi:Refund response : <xml><return_code><![CDATA[SUCCESS]]></return_code>
<return_msg><![CDATA[OK]]></return_msg>
<appid><![CDATA[wx32665e55bffa086b]]></appid>
<mch_id><![CDATA[1231139902]]></mch_id>
<nonce_str><![CDATA[IfnGMy7gTQB6b5gk]]></nonce_str>
<sign><![CDATA[F438EAEE1C2EBB0527F37FD89C622319]]></sign>
<result_code><![CDATA[SUCCESS]]></result_code>
<transaction_id><![CDATA[4200000063201803095514826494]]></transaction_id>
<out_trade_no><![CDATA[123113990220180309145233576]]></out_trade_no>
<out_refund_no><![CDATA[123113990220180312112321554]]></out_refund_no>
<refund_id><![CDATA[50000606012018031203800978269]]></refund_id>
<refund_channel><![CDATA[]]></refund_channel>
<refund_fee>1</refund_fee>
<coupon_refund_fee>0</coupon_refund_fee>
<total_fee>1</total_fee>
<cash_fee>1</cash_fee>
<coupon_refund_count>0</coupon_refund_count>
<cash_refund_fee>1</cash_refund_fee>
</xml>
2018-03-12 11:23:23,570 [9616] INFO  WxPayData - Refund：Refund process complete, result : <xml><appid><![CDATA[wx32665e55bffa086b]]></appid><cash_fee><![CDATA[1]]></cash_fee><cash_refund_fee><![CDATA[1]]></cash_refund_fee><coupon_refund_count><![CDATA[0]]></coupon_refund_count><coupon_refund_fee><![CDATA[0]]></coupon_refund_fee><mch_id><![CDATA[1231139902]]></mch_id><nonce_str><![CDATA[IfnGMy7gTQB6b5gk]]></nonce_str><out_refund_no><![CDATA[123113990220180312112321554]]></out_refund_no><out_trade_no><![CDATA[123113990220180309145233576]]></out_trade_no><refund_channel><![CDATA[]]></refund_channel><refund_fee><![CDATA[1]]></refund_fee><refund_id><![CDATA[50000606012018031203800978269]]></refund_id><result_code><![CDATA[SUCCESS]]></result_code><return_code><![CDATA[SUCCESS]]></return_code><return_msg><![CDATA[OK]]></return_msg><sign><![CDATA[F438EAEE1C2EBB0527F37FD89C622319]]></sign><total_fee><![CDATA[1]]></total_fee><transaction_id><![CDATA[4200000063201803095514826494]]></transaction_id></xml>
2018-03-12 13:35:37,432 [9324] INFO  WxPayData - 无法连接到远程服务器
2018-03-12 13:35:37,570 [7812] INFO  WxPayData - 无法连接到远程服务器
2018-03-12 13:35:37,627 [3656] INFO  WxPayData - 无法连接到远程服务器
2018-03-12 13:53:18,914 [9584] INFO  WxPayData - 请求被中止: 操作超时。
2018-03-12 14:00:21,011 [11656] INFO  WxPayData - 请求被中止: 操作超时。
2018-03-12 14:50:30,360 [11656] INFO  WxPayData - 请求被中止: 操作超时。
2018-03-12 14:50:30,417 [1144] INFO  WxPayData - 请求被中止: 操作超时。
2018-03-12 15:07:50,273 [11656] INFO  WxPayData - 请求被中止: 操作超时。
2018-03-12 15:08:20,326 [1144] INFO  WxPayData - 请求被中止: 操作超时。
2018-03-12 15:08:20,364 [12660] INFO  WxPayData - 请求被中止: 操作超时。
