2018-01-11 09:42:29,253 [6432] INFO  FormPosBan - 无法连接到远程服务器
2018-01-11 09:42:50,116 [1304] INFO  FormPosBan - 无法连接到远程服务器
2018-01-11 09:42:52,987 [6104] INFO  FormPosBan - 无法连接到远程服务器
2018-01-11 09:43:38,169 [1304] INFO  FormPosBan - 无法连接到远程服务器
2018-01-11 11:18:39,559 [7792] INFO  FormLogin - 无法连接到远程服务器
2018-01-11 11:18:39,750 [8020] INFO  FormLogin - 无法连接到远程服务器
2018-01-11 11:19:06,884 [7032] INFO  FormLogin - 无法连接到远程服务器
2018-01-11 11:25:59,394 [7692] INFO  FormLogin - 无法连接到远程服务器
2018-01-11 11:26:02,407 [1400] INFO  FormLogin - 无法连接到远程服务器
2018-01-11 11:26:05,407 [8652] INFO  FormLogin - 无法连接到远程服务器
2018-01-11 11:26:08,397 [6860] INFO  FormLogin - 无法连接到远程服务器
2018-01-11 11:26:11,427 [4932] INFO  FormLogin - 无法连接到远程服务器
2018-01-11 11:26:14,453 [4372] INFO  FormLogin - 无法连接到远程服务器
2018-01-11 11:26:17,468 [6796] INFO  FormLogin - 无法连接到远程服务器
2018-01-11 11:26:18,996 [828] INFO  FormLogin - 无法连接到远程服务器
2018-01-11 11:26:19,395 [828] INFO  FormLogin - 无法连接到远程服务器
2018-01-11 11:26:19,436 [3496] INFO  FormLogin - 无法连接到远程服务器
2018-01-11 11:26:19,457 [5260] INFO  FormLogin - 无法连接到远程服务器
2018-01-11 11:26:20,242 [4744] INFO  FormLogin - 无法连接到远程服务器
2018-01-11 11:26:20,466 [5520] INFO  FormLogin - 无法连接到远程服务器
2018-01-11 11:26:23,465 [8908] INFO  FormLogin - 无法连接到远程服务器
2018-01-11 11:26:25,529 [5260] INFO  FormLogin - 无法连接到远程服务器
2018-01-11 11:26:26,470 [8020] INFO  FormLogin - 无法连接到远程服务器
2018-01-11 11:26:28,491 [5272] INFO  FormLogin - 无法连接到远程服务器
2018-01-11 11:26:29,515 [7032] INFO  FormLogin - 无法连接到远程服务器
2018-01-11 11:26:32,501 [8028] INFO  FormLogin - 无法连接到远程服务器
2018-01-11 11:26:35,538 [8324] INFO  FormLogin - 无法连接到远程服务器
2018-01-11 11:26:38,531 [6900] INFO  FormLogin - 无法连接到远程服务器
2018-01-11 11:26:39,557 [8084] INFO  FormLogin - 无法连接到远程服务器
2018-01-11 11:26:41,532 [9188] INFO  FormLogin - 无法连接到远程服务器
2018-01-11 11:27:13,138 [2780] INFO  FormLogin - 请求被中止: 操作超时。
2018-01-11 14:01:07,092 [9768] INFO  FormLogin - 无法连接到远程服务器
2018-01-11 14:01:10,077 [9452] INFO  FormLogin - 无法连接到远程服务器
2018-01-11 14:01:13,121 [6280] INFO  FormLogin - 无法连接到远程服务器
2018-01-11 14:01:16,141 [6860] INFO  FormLogin - 无法连接到远程服务器
2018-01-11 14:01:19,152 [10004] INFO  FormLogin - 无法连接到远程服务器
2018-01-11 14:01:22,151 [7280] INFO  FormLogin - 无法连接到远程服务器
2018-01-11 14:01:25,162 [3748] INFO  FormLogin - 无法连接到远程服务器
2018-01-11 14:01:28,169 [8704] INFO  FormLogin - 无法连接到远程服务器
2018-01-11 14:01:31,180 [9316] INFO  FormLogin - 无法连接到远程服务器
2018-01-11 14:01:33,956 [10216] INFO  FormLogin - 无法连接到远程服务器
2018-01-11 14:01:34,990 [8376] INFO  FormLogin - 无法连接到远程服务器
2018-01-11 14:01:38,058 [6300] INFO  FormLogin - 无法连接到远程服务器
2018-01-11 14:01:41,045 [9384] INFO  FormLogin - 无法连接到远程服务器
2018-01-11 14:01:44,048 [9712] INFO  FormLogin - 无法连接到远程服务器
2018-01-11 14:01:47,057 [7308] INFO  FormLogin - 无法连接到远程服务器
2018-01-11 14:01:50,054 [2808] INFO  FormLogin - 无法连接到远程服务器
2018-01-11 14:01:53,084 [9768] INFO  FormLogin - 无法连接到远程服务器
2018-01-11 14:01:56,079 [6280] INFO  FormLogin - 无法连接到远程服务器
2018-01-11 14:01:59,099 [6860] INFO  FormLogin - 无法连接到远程服务器
2018-01-11 14:02:02,072 [10004] INFO  FormLogin - 无法连接到远程服务器
2018-01-11 14:02:05,126 [7280] INFO  FormLogin - 无法连接到远程服务器
2018-01-11 14:02:08,149 [3748] INFO  FormLogin - 无法连接到远程服务器
2018-01-11 14:02:11,139 [8704] INFO  FormLogin - 无法连接到远程服务器
2018-01-11 14:02:14,138 [9316] INFO  FormLogin - 无法连接到远程服务器
2018-01-11 14:02:17,137 [10216] INFO  FormLogin - 无法连接到远程服务器
2018-01-11 14:02:20,132 [9452] INFO  FormLogin - 无法连接到远程服务器
2018-01-11 14:02:23,196 [9384] INFO  FormLogin - 无法连接到远程服务器
2018-01-11 14:02:26,202 [9712] INFO  FormLogin - 无法连接到远程服务器
2018-01-11 14:02:29,195 [7308] INFO  FormLogin - 无法连接到远程服务器
2018-01-11 14:02:32,224 [2808] INFO  FormLogin - 无法连接到远程服务器
2018-01-11 14:02:34,009 [6300] INFO  FormLogin - 无法连接到远程服务器
2018-01-11 14:02:35,224 [8376] INFO  FormLogin - 无法连接到远程服务器
2018-01-11 14:02:38,202 [6280] INFO  FormLogin - 无法连接到远程服务器
2018-01-11 14:02:41,235 [6860] INFO  FormLogin - 无法连接到远程服务器
2018-01-11 14:02:44,262 [10004] INFO  FormLogin - 无法连接到远程服务器
2018-01-11 14:02:47,279 [9768] INFO  FormLogin - 无法连接到远程服务器
2018-01-11 14:02:50,275 [3748] INFO  FormLogin - 无法连接到远程服务器
2018-01-11 14:02:53,286 [3520] INFO  FormLogin - 无法连接到远程服务器
2018-01-11 14:02:56,346 [4764] INFO  FormLogin - 无法连接到远程服务器
2018-01-11 14:02:59,344 [10216] INFO  FormLogin - 无法连接到远程服务器
2018-01-11 14:03:02,339 [9316] INFO  FormLogin - 无法连接到远程服务器
2018-01-11 14:03:05,328 [9384] INFO  FormLogin - 无法连接到远程服务器
2018-01-11 14:03:08,355 [9712] INFO  FormLogin - 无法连接到远程服务器
2018-01-11 14:03:11,348 [2532] INFO  FormLogin - 无法连接到远程服务器
2018-01-11 14:03:14,378 [7308] INFO  FormLogin - 无法连接到远程服务器
2018-01-11 14:03:17,351 [8704] INFO  FormLogin - 无法连接到远程服务器
2018-01-11 14:03:20,413 [6280] INFO  FormLogin - 无法连接到远程服务器
2018-01-11 14:03:23,400 [4120] INFO  FormLogin - 无法连接到远程服务器
2018-01-11 14:03:26,397 [2808] INFO  FormLogin - 无法连接到远程服务器
2018-01-11 14:03:29,405 [7280] INFO  FormLogin - 无法连接到远程服务器
2018-01-11 14:03:32,456 [10004] INFO  FormLogin - 无法连接到远程服务器
2018-01-11 14:03:34,005 [6300] INFO  FormLogin - 无法连接到远程服务器
2018-01-11 14:03:35,478 [8376] INFO  FormLogin - 无法连接到远程服务器
2018-01-11 14:03:38,466 [3748] INFO  FormLogin - 无法连接到远程服务器
2018-01-11 14:03:41,472 [3520] INFO  FormLogin - 无法连接到远程服务器
2018-01-11 14:03:44,516 [4764] INFO  FormLogin - 无法连接到远程服务器
2018-01-11 14:03:47,518 [9384] INFO  FormLogin - 无法连接到远程服务器
2018-01-11 14:03:50,509 [10216] INFO  FormLogin - 无法连接到远程服务器
2018-01-11 14:03:53,525 [2532] INFO  FormLogin - 无法连接到远程服务器
2018-01-11 14:03:56,507 [7308] INFO  FormLogin - 无法连接到远程服务器
2018-01-11 14:03:59,519 [9768] INFO  FormLogin - 无法连接到远程服务器
2018-01-11 14:04:02,557 [9452] INFO  FormLogin - 无法连接到远程服务器
2018-01-11 14:04:05,574 [4120] INFO  FormLogin - 无法连接到远程服务器
2018-01-11 14:04:08,556 [8704] INFO  FormLogin - 无法连接到远程服务器
2018-01-11 14:04:11,559 [7280] INFO  FormLogin - 无法连接到远程服务器
2018-01-11 14:04:14,582 [10004] INFO  FormLogin - 无法连接到远程服务器
2018-01-11 14:04:17,575 [2808] INFO  FormLogin - 无法连接到远程服务器
2018-01-11 14:04:20,602 [6300] INFO  FormLogin - 无法连接到远程服务器
2018-01-11 14:04:23,623 [3520] INFO  FormLogin - 无法连接到远程服务器
2018-01-11 14:04:26,647 [9712] INFO  FormLogin - 无法连接到远程服务器
2018-01-11 14:04:29,606 [6280] INFO  FormLogin - 无法连接到远程服务器
2018-01-11 14:04:32,614 [9384] INFO  FormLogin - 无法连接到远程服务器
2018-01-11 14:04:34,022 [10216] INFO  FormLogin - 无法连接到远程服务器
2018-01-11 14:04:35,655 [2532] INFO  FormLogin - 无法连接到远程服务器
2018-01-11 14:04:38,643 [8376] INFO  FormLogin - 无法连接到远程服务器
2018-01-11 14:04:41,655 [7308] INFO  FormLogin - 无法连接到远程服务器
2018-01-11 14:04:44,685 [9768] INFO  FormLogin - 无法连接到远程服务器
2018-01-11 14:04:47,735 [9452] INFO  FormLogin - 无法连接到远程服务器
2018-01-11 14:04:50,695 [9316] INFO  FormLogin - 无法连接到远程服务器
2018-01-11 14:04:53,698 [8704] INFO  FormLogin - 无法连接到远程服务器
2018-01-11 14:04:56,735 [7280] INFO  FormLogin - 无法连接到远程服务器
2018-01-11 14:04:59,747 [10004] INFO  FormLogin - 无法连接到远程服务器
2018-01-11 14:05:02,782 [6300] INFO  FormLogin - 无法连接到远程服务器
2018-01-11 14:05:05,774 [9692] INFO  FormLogin - 无法连接到远程服务器
2018-01-11 14:05:08,756 [8516] INFO  FormLogin - 无法连接到远程服务器
2018-01-11 14:05:11,819 [9712] INFO  FormLogin - 无法连接到远程服务器
2018-01-11 14:05:14,823 [9384] INFO  FormLogin - 无法连接到远程服务器
2018-01-11 14:05:17,827 [2532] INFO  FormLogin - 无法连接到远程服务器
2018-01-11 14:05:20,817 [4120] INFO  FormLogin - 无法连接到远程服务器
2018-01-11 14:05:23,840 [7308] INFO  FormLogin - 无法连接到远程服务器
2018-01-11 14:05:26,834 [2808] INFO  FormLogin - 无法连接到远程服务器
2018-01-11 14:05:29,844 [10216] INFO  FormLogin - 无法连接到远程服务器
2018-01-11 14:05:32,881 [3520] INFO  FormLogin - 无法连接到远程服务器
2018-01-11 14:05:34,013 [6280] INFO  FormLogin - 无法连接到远程服务器
2018-01-11 14:05:35,868 [9316] INFO  FormLogin - 无法连接到远程服务器
2018-01-11 14:05:38,868 [7280] INFO  FormLogin - 无法连接到远程服务器
2018-01-11 14:05:41,922 [9884] INFO  FormLogin - 无法连接到远程服务器
2018-01-11 14:05:44,920 [10004] INFO  FormLogin - 无法连接到远程服务器
2018-01-11 14:05:47,953 [8704] INFO  FormLogin - 无法连接到远程服务器
2018-01-11 14:05:50,981 [9692] INFO  FormLogin - 无法连接到远程服务器
2018-01-11 14:05:53,978 [8516] INFO  FormLogin - 无法连接到远程服务器
2018-01-11 14:05:56,965 [6300] INFO  FormLogin - 无法连接到远程服务器
2018-01-11 14:05:59,973 [2532] INFO  FormLogin - 无法连接到远程服务器
2018-01-11 14:06:02,993 [9628] INFO  FormLogin - 无法连接到远程服务器
2018-01-11 14:06:05,982 [7308] INFO  FormLogin - 无法连接到远程服务器
2018-01-11 14:06:09,006 [9384] INFO  FormLogin - 无法连接到远程服务器
2018-01-11 14:06:11,996 [4120] INFO  FormLogin - 无法连接到远程服务器
2018-01-11 14:06:15,006 [2808] INFO  FormLogin - 无法连接到远程服务器
2018-01-11 14:06:18,010 [3520] INFO  FormLogin - 无法连接到远程服务器
2018-01-11 14:06:21,042 [7280] INFO  FormLogin - 无法连接到远程服务器
2018-01-11 14:06:24,061 [9884] INFO  FormLogin - 无法连接到远程服务器
2018-01-11 14:06:27,070 [10216] INFO  FormLogin - 无法连接到远程服务器
2018-01-11 14:06:30,070 [9712] INFO  FormLogin - 无法连接到远程服务器
2018-01-11 14:06:33,075 [8704] INFO  FormLogin - 无法连接到远程服务器
2018-01-11 14:06:34,094 [8376] INFO  FormLogin - 无法连接到远程服务器
2018-01-11 14:06:36,099 [9692] INFO  FormLogin - 无法连接到远程服务器
2018-01-11 14:06:39,121 [8516] INFO  FormLogin - 无法连接到远程服务器
2018-01-11 14:06:42,128 [10004] INFO  FormLogin - 无法连接到远程服务器
2018-01-11 14:06:45,158 [6300] INFO  FormLogin - 无法连接到远程服务器
2018-01-11 14:06:48,158 [2532] INFO  FormLogin - 无法连接到远程服务器
2018-01-11 14:06:51,159 [9384] INFO  FormLogin - 无法连接到远程服务器
2018-01-11 14:06:54,187 [9628] INFO  FormLogin - 无法连接到远程服务器
2018-01-11 14:06:57,212 [2808] INFO  FormLogin - 无法连接到远程服务器
2018-01-11 14:07:00,218 [3520] INFO  FormLogin - 无法连接到远程服务器
2018-01-11 14:07:03,246 [7308] INFO  FormLogin - 无法连接到远程服务器
2018-01-11 14:07:06,231 [4120] INFO  FormLogin - 无法连接到远程服务器
2018-01-11 14:07:09,241 [9884] INFO  FormLogin - 无法连接到远程服务器
2018-01-11 14:07:12,245 [9768] INFO  FormLogin - 无法连接到远程服务器
2018-01-11 14:07:15,254 [10216] INFO  FormLogin - 无法连接到远程服务器
2018-01-11 14:07:18,234 [8704] INFO  FormLogin - 无法连接到远程服务器
2018-01-11 14:07:21,287 [9692] INFO  FormLogin - 无法连接到远程服务器
2018-01-11 14:07:24,305 [9712] INFO  FormLogin - 无法连接到远程服务器
2018-01-11 14:07:27,275 [8516] INFO  FormLogin - 无法连接到远程服务器
2018-01-11 14:07:30,293 [2532] INFO  FormLogin - 无法连接到远程服务器
2018-01-11 14:07:33,312 [6300] INFO  FormLogin - 无法连接到远程服务器
2018-01-11 14:07:34,079 [7280] INFO  FormLogin - 无法连接到远程服务器
2018-01-11 14:07:36,327 [9628] INFO  FormLogin - 无法连接到远程服务器
2018-01-11 14:07:39,332 [10004] INFO  FormLogin - 无法连接到远程服务器
2018-01-11 14:07:42,290 [3520] INFO  FormLogin - 无法连接到远程服务器
2018-01-11 14:07:45,339 [7308] INFO  FormLogin - 无法连接到远程服务器
2018-01-11 14:07:48,376 [9384] INFO  FormLogin - 无法连接到远程服务器
2018-01-11 14:07:51,389 [9316] INFO  FormLogin - 无法连接到远程服务器
2018-01-11 14:07:54,397 [9768] INFO  FormLogin - 无法连接到远程服务器
2018-01-11 14:07:57,429 [4120] INFO  FormLogin - 无法连接到远程服务器
2018-01-11 14:08:00,402 [9884] INFO  FormLogin - 无法连接到远程服务器
2018-01-11 14:08:03,427 [8704] INFO  FormLogin - 无法连接到远程服务器
2018-01-11 14:08:06,428 [9692] INFO  FormLogin - 无法连接到远程服务器
2018-01-11 14:08:09,453 [8516] INFO  FormLogin - 无法连接到远程服务器
2018-01-11 14:08:12,457 [10216] INFO  FormLogin - 无法连接到远程服务器
2018-01-11 14:08:15,457 [2532] INFO  FormLogin - 无法连接到远程服务器
2018-01-11 14:08:18,465 [9452] INFO  FormLogin - 无法连接到远程服务器
2018-01-11 14:08:21,495 [9712] INFO  FormLogin - 无法连接到远程服务器
2018-01-11 14:08:24,469 [9628] INFO  FormLogin - 无法连接到远程服务器
2018-01-11 14:08:27,503 [2780] INFO  FormLogin - 无法连接到远程服务器
2018-01-11 14:08:30,479 [9384] INFO  FormLogin - 无法连接到远程服务器
2018-01-11 14:08:33,521 [3520] INFO  FormLogin - 无法连接到远程服务器
2018-01-11 14:08:34,104 [7308] INFO  FormLogin - 无法连接到远程服务器
2018-01-11 14:08:36,511 [10004] INFO  FormLogin - 无法连接到远程服务器
2018-01-11 14:08:39,534 [6300] INFO  FormLogin - 无法连接到远程服务器
2018-01-11 14:08:42,549 [9884] INFO  FormLogin - 无法连接到远程服务器
2018-01-11 14:08:45,573 [7280] INFO  FormLogin - 无法连接到远程服务器
2018-01-11 14:08:48,601 [8704] INFO  FormLogin - 无法连接到远程服务器
2018-01-11 14:08:51,601 [8516] INFO  FormLogin - 无法连接到远程服务器
2018-01-11 14:08:54,632 [9692] INFO  FormLogin - 无法连接到远程服务器
2018-01-11 14:08:57,677 [2532] INFO  FormLogin - 无法连接到远程服务器
2018-01-11 14:09:00,675 [10216] INFO  FormLogin - 无法连接到远程服务器
2018-01-11 14:09:03,660 [6280] INFO  FormLogin - 无法连接到远程服务器
2018-01-11 14:09:06,695 [4120] INFO  FormLogin - 无法连接到远程服务器
2018-01-11 14:09:09,711 [9628] INFO  FormLogin - 无法连接到远程服务器
2018-01-11 14:09:12,703 [9768] INFO  FormLogin - 无法连接到远程服务器
2018-01-11 14:09:15,694 [2780] INFO  FormLogin - 无法连接到远程服务器
2018-01-11 14:09:18,728 [9712] INFO  FormLogin - 无法连接到远程服务器
2018-01-11 14:09:21,700 [8180] INFO  FormLogin - 无法连接到远程服务器
2018-01-11 14:09:24,705 [9884] INFO  FormLogin - 无法连接到远程服务器
2018-01-11 14:09:27,735 [6300] INFO  FormLogin - 无法连接到远程服务器
2018-01-11 14:09:30,772 [8704] INFO  FormLogin - 无法连接到远程服务器
2018-01-11 14:09:33,781 [8516] INFO  FormLogin - 无法连接到远程服务器
2018-01-11 14:09:34,139 [3520] INFO  FormLogin - 无法连接到远程服务器
2018-01-11 14:09:36,792 [9692] INFO  FormLogin - 无法连接到远程服务器
2018-01-11 14:09:39,792 [9384] INFO  FormLogin - 无法连接到远程服务器
2018-01-11 14:09:42,792 [9316] INFO  FormLogin - 无法连接到远程服务器
2018-01-11 14:09:45,821 [6280] INFO  FormLogin - 无法连接到远程服务器
2018-01-11 14:09:48,809 [9452] INFO  FormLogin - 无法连接到远程服务器
2018-01-11 14:09:51,841 [4120] INFO  FormLogin - 无法连接到远程服务器
2018-01-11 14:09:54,858 [9628] INFO  FormLogin - 无法连接到远程服务器
2018-01-11 14:09:57,876 [7308] INFO  FormLogin - 无法连接到远程服务器
2018-01-11 14:10:00,873 [9712] INFO  FormLogin - 无法连接到远程服务器
2018-01-11 14:10:03,877 [8180] INFO  FormLogin - 无法连接到远程服务器
2018-01-11 14:10:06,900 [9884] INFO  FormLogin - 无法连接到远程服务器
2018-01-11 14:10:09,909 [10216] INFO  FormLogin - 无法连接到远程服务器
2018-01-11 14:10:12,907 [10004] INFO  FormLogin - 无法连接到远程服务器
2018-01-11 14:10:15,912 [7280] INFO  FormLogin - 无法连接到远程服务器
2018-01-11 14:10:18,920 [8516] INFO  FormLogin - 无法连接到远程服务器
2018-01-11 14:10:21,962 [3520] INFO  FormLogin - 无法连接到远程服务器
2018-01-11 14:10:24,973 [2780] INFO  FormLogin - 无法连接到远程服务器
2018-01-11 14:10:28,001 [9384] INFO  FormLogin - 无法连接到远程服务器
2018-01-11 14:10:30,997 [8704] INFO  FormLogin - 无法连接到远程服务器
2018-01-11 14:10:34,010 [2532] INFO  FormLogin - 无法连接到远程服务器
2018-01-11 14:10:34,127 [6300] INFO  FormLogin - 无法连接到远程服务器
2018-01-11 14:10:37,015 [9692] INFO  FormLogin - 无法连接到远程服务器
2018-01-11 14:10:40,010 [9628] INFO  FormLogin - 无法连接到远程服务器
2018-01-11 14:10:43,061 [9712] INFO  FormLogin - 无法连接到远程服务器
2018-01-11 14:10:46,038 [9768] INFO  FormLogin - 无法连接到远程服务器
2018-01-11 14:10:49,060 [8180] INFO  FormLogin - 无法连接到远程服务器
2018-01-11 14:10:52,020 [4120] INFO  FormLogin - 无法连接到远程服务器
2018-01-11 14:10:55,067 [9884] INFO  FormLogin - 无法连接到远程服务器
2018-01-11 14:10:58,089 [7308] INFO  FormLogin - 无法连接到远程服务器
2018-01-11 14:11:01,090 [8516] INFO  FormLogin - 无法连接到远程服务器
2018-01-11 14:11:04,105 [3520] INFO  FormLogin - 无法连接到远程服务器
2018-01-11 14:11:07,110 [10216] INFO  FormLogin - 无法连接到远程服务器
2018-01-11 14:11:10,090 [10004] INFO  FormLogin - 无法连接到远程服务器
2018-01-11 14:11:13,145 [7280] INFO  FormLogin - 无法连接到远程服务器
2018-01-11 14:11:16,148 [8704] INFO  FormLogin - 无法连接到远程服务器
2018-01-11 14:11:19,169 [9384] INFO  FormLogin - 无法连接到远程服务器
2018-01-11 14:11:22,184 [9692] INFO  FormLogin - 无法连接到远程服务器
2018-01-11 14:11:25,179 [6300] INFO  FormLogin - 无法连接到远程服务器
2018-01-11 14:11:28,201 [9628] INFO  FormLogin - 无法连接到远程服务器
2018-01-11 14:11:31,239 [9768] INFO  FormLogin - 无法连接到远程服务器
2018-01-11 14:11:34,123 [9712] INFO  FormLogin - 无法连接到远程服务器
2018-01-11 14:11:34,240 [4120] INFO  FormLogin - 无法连接到远程服务器
2018-01-11 14:11:37,269 [8180] INFO  FormLogin - 无法连接到远程服务器
2018-01-11 14:11:40,289 [7308] INFO  FormLogin - 无法连接到远程服务器
2018-01-11 14:11:43,271 [9884] INFO  FormLogin - 无法连接到远程服务器
2018-01-11 14:11:46,295 [3520] INFO  FormLogin - 无法连接到远程服务器
2018-01-11 14:11:49,280 [8516] INFO  FormLogin - 无法连接到远程服务器
2018-01-11 14:11:52,299 [10216] INFO  FormLogin - 无法连接到远程服务器
2018-01-11 14:11:55,324 [7280] INFO  FormLogin - 无法连接到远程服务器
2018-01-11 14:11:58,324 [8704] INFO  FormLogin - 无法连接到远程服务器
2018-01-11 14:12:01,347 [9384] INFO  FormLogin - 无法连接到远程服务器
2018-01-11 14:12:04,345 [10004] INFO  FormLogin - 无法连接到远程服务器
2018-01-11 14:12:07,365 [9692] INFO  FormLogin - 无法连接到远程服务器
2018-01-11 14:12:10,339 [6300] INFO  FormLogin - 无法连接到远程服务器
2018-01-11 14:12:13,363 [9768] INFO  FormLogin - 无法连接到远程服务器
2018-01-11 14:12:16,390 [9628] INFO  FormLogin - 无法连接到远程服务器
2018-01-11 14:12:19,379 [8920] INFO  FormLogin - 无法连接到远程服务器
2018-01-11 14:12:22,359 [8356] INFO  FormLogin - 无法连接到远程服务器
2018-01-11 14:12:25,405 [7308] INFO  FormLogin - 无法连接到远程服务器
2018-01-11 14:12:28,398 [9884] INFO  FormLogin - 无法连接到远程服务器
2018-01-11 14:12:31,399 [9712] INFO  FormLogin - 无法连接到远程服务器
2018-01-11 14:12:34,154 [8180] INFO  FormLogin - 无法连接到远程服务器
2018-01-11 14:12:34,436 [4120] INFO  FormLogin - 无法连接到远程服务器
2018-01-11 14:12:37,488 [7864] INFO  FormLogin - 无法连接到远程服务器
2018-01-11 14:12:40,517 [1880] INFO  FormLogin - 无法连接到远程服务器
2018-01-11 14:12:43,474 [3520] INFO  FormLogin - 无法连接到远程服务器
2018-01-11 14:12:46,513 [9384] INFO  FormLogin - 无法连接到远程服务器
2018-01-11 14:12:49,512 [10216] INFO  FormLogin - 无法连接到远程服务器
2018-01-11 14:12:52,530 [9692] INFO  FormLogin - 无法连接到远程服务器
2018-01-11 14:12:55,542 [9768] INFO  FormLogin - 无法连接到远程服务器
2018-01-11 14:12:58,541 [6300] INFO  FormLogin - 无法连接到远程服务器
2018-01-11 14:13:01,556 [8920] INFO  FormLogin - 无法连接到远程服务器
2018-01-11 14:13:04,557 [8356] INFO  FormLogin - 无法连接到远程服务器
2018-01-11 14:13:07,570 [7308] INFO  FormLogin - 无法连接到远程服务器
2018-01-11 14:13:10,594 [9884] INFO  FormLogin - 无法连接到远程服务器
2018-01-11 14:13:13,585 [9712] INFO  FormLogin - 无法连接到远程服务器
2018-01-11 14:13:16,597 [9496] INFO  FormLogin - 无法连接到远程服务器
2018-01-11 14:13:19,584 [8692] INFO  FormLogin - 无法连接到远程服务器
2018-01-11 14:13:22,599 [8180] INFO  FormLogin - 无法连接到远程服务器
2018-01-11 14:13:25,624 [9628] INFO  FormLogin - 无法连接到远程服务器
2018-01-11 14:13:28,631 [3520] INFO  FormLogin - 无法连接到远程服务器
2018-01-11 14:13:31,648 [8516] INFO  FormLogin - 无法连接到远程服务器
2018-01-11 14:13:34,151 [9384] INFO  FormLogin - 无法连接到远程服务器
2018-01-11 14:13:34,656 [7864] INFO  FormLogin - 无法连接到远程服务器
2018-01-11 14:13:37,663 [10216] INFO  FormLogin - 无法连接到远程服务器
2018-01-11 14:13:40,644 [7280] INFO  FormLogin - 无法连接到远程服务器
2018-01-11 14:13:43,717 [10004] INFO  FormLogin - 无法连接到远程服务器
2018-01-11 14:13:46,733 [8356] INFO  FormLogin - 无法连接到远程服务器
2018-01-11 14:13:49,709 [1880] INFO  FormLogin - 无法连接到远程服务器
2018-01-11 14:13:52,714 [7308] INFO  FormLogin - 无法连接到远程服务器
2018-01-11 14:13:55,713 [8920] INFO  FormLogin - 无法连接到远程服务器
2018-01-11 14:13:58,710 [6300] INFO  FormLogin - 无法连接到远程服务器
2018-01-11 14:14:01,752 [8692] INFO  FormLogin - 无法连接到远程服务器
2018-01-11 14:14:05,246 [4120] INFO  FormLogin - 无法连接到远程服务器
2018-01-11 14:14:08,257 [9692] INFO  FormLogin - 无法连接到远程服务器
2018-01-11 14:14:11,259 [9712] INFO  FormLogin - 无法连接到远程服务器
2018-01-11 14:14:14,269 [9628] INFO  FormLogin - 无法连接到远程服务器
2018-01-11 14:14:17,311 [7864] INFO  FormLogin - 无法连接到远程服务器
2018-01-11 14:14:20,288 [8516] INFO  FormLogin - 无法连接到远程服务器
2018-01-11 14:14:23,318 [3520] INFO  FormLogin - 无法连接到远程服务器
2018-01-11 14:14:26,321 [10004] INFO  FormLogin - 无法连接到远程服务器
2018-01-11 14:14:29,324 [8356] INFO  FormLogin - 无法连接到远程服务器
2018-01-11 14:14:32,346 [9384] INFO  FormLogin - 无法连接到远程服务器
2018-01-11 14:14:34,198 [1880] INFO  FormLogin - 无法连接到远程服务器
2018-01-11 14:14:35,383 [7308] INFO  FormLogin - 无法连接到远程服务器
2018-01-11 14:14:38,383 [8920] INFO  FormLogin - 无法连接到远程服务器
2018-01-11 14:14:41,382 [6300] INFO  FormLogin - 无法连接到远程服务器
2018-01-11 14:14:44,393 [8692] INFO  FormLogin - 无法连接到远程服务器
2018-01-11 14:14:47,393 [4120] INFO  FormLogin - 无法连接到远程服务器
2018-01-11 14:14:50,427 [10216] INFO  FormLogin - 无法连接到远程服务器
2018-01-11 14:14:53,467 [9712] INFO  FormLogin - 无法连接到远程服务器
2018-01-11 14:14:56,444 [9692] INFO  FormLogin - 无法连接到远程服务器
2018-01-11 14:14:59,456 [9628] INFO  FormLogin - 无法连接到远程服务器
2018-01-11 14:15:02,456 [7864] INFO  FormLogin - 无法连接到远程服务器
2018-01-11 14:15:05,465 [8516] INFO  FormLogin - 无法连接到远程服务器
2018-01-11 14:15:08,492 [9768] INFO  FormLogin - 无法连接到远程服务器
2018-01-11 14:15:11,491 [8356] INFO  FormLogin - 无法连接到远程服务器
2018-01-11 14:15:14,522 [9400] INFO  FormLogin - 无法连接到远程服务器
2018-01-11 14:15:17,492 [3520] INFO  FormLogin - 无法连接到远程服务器
2018-01-11 14:15:20,528 [8920] INFO  FormLogin - 无法连接到远程服务器
2018-01-11 14:15:23,527 [2924] INFO  FormLogin - 无法连接到远程服务器
2018-01-11 14:15:26,535 [8692] INFO  FormLogin - 无法连接到远程服务器
2018-01-11 14:15:29,558 [1880] INFO  FormLogin - 无法连接到远程服务器
2018-01-11 14:15:32,564 [9384] INFO  FormLogin - 无法连接到远程服务器
2018-01-11 14:15:34,191 [4120] INFO  FormLogin - 无法连接到远程服务器
2018-01-11 14:15:35,558 [10216] INFO  FormLogin - 无法连接到远程服务器
2018-01-11 14:15:38,572 [9692] INFO  FormLogin - 无法连接到远程服务器
2018-01-11 14:15:41,582 [7308] INFO  FormLogin - 无法连接到远程服务器
2018-01-11 14:15:44,596 [9628] INFO  FormLogin - 无法连接到远程服务器
2018-01-11 14:15:47,620 [7864] INFO  FormLogin - 无法连接到远程服务器
2018-01-11 14:15:50,626 [8516] INFO  FormLogin - 无法连接到远程服务器
2018-01-11 14:15:53,651 [6300] INFO  FormLogin - 无法连接到远程服务器
2018-01-11 14:15:56,639 [7280] INFO  FormLogin - 无法连接到远程服务器
2018-01-11 14:15:59,656 [3520] INFO  FormLogin - 无法连接到远程服务器
2018-01-11 14:16:02,666 [8356] INFO  FormLogin - 无法连接到远程服务器
2018-01-11 14:16:05,678 [2924] INFO  FormLogin - 无法连接到远程服务器
2018-01-11 14:16:08,688 [8692] INFO  FormLogin - 无法连接到远程服务器
2018-01-11 14:16:11,692 [8920] INFO  FormLogin - 无法连接到远程服务器
2018-01-11 14:16:14,694 [9384] INFO  FormLogin - 无法连接到远程服务器
2018-01-11 14:16:17,696 [9400] INFO  FormLogin - 无法连接到远程服务器
2018-01-11 14:16:20,717 [10216] INFO  FormLogin - 无法连接到远程服务器
2018-01-11 14:16:23,719 [7308] INFO  FormLogin - 无法连接到远程服务器
2018-01-11 14:16:26,763 [1880] INFO  FormLogin - 无法连接到远程服务器
2018-01-11 14:16:29,783 [7864] INFO  FormLogin - 无法连接到远程服务器
2018-01-11 14:16:32,790 [9692] INFO  FormLogin - 无法连接到远程服务器
2018-01-11 14:16:34,200 [4120] INFO  FormLogin - 无法连接到远程服务器
2018-01-11 14:16:35,797 [9628] INFO  FormLogin - 无法连接到远程服务器
2018-01-11 14:16:38,820 [8516] INFO  FormLogin - 无法连接到远程服务器
2018-01-11 14:16:41,813 [9712] INFO  FormLogin - 无法连接到远程服务器
2018-01-11 14:16:44,829 [9768] INFO  FormLogin - 无法连接到远程服务器
2018-01-11 14:16:47,831 [2924] INFO  FormLogin - 无法连接到远程服务器
2018-01-11 14:16:50,809 [8692] INFO  FormLogin - 无法连接到远程服务器
2018-01-11 14:16:53,873 [8920] INFO  FormLogin - 无法连接到远程服务器
2018-01-11 14:16:56,889 [6300] INFO  FormLogin - 无法连接到远程服务器
2018-01-11 14:16:59,887 [9400] INFO  FormLogin - 无法连接到远程服务器
2018-01-11 14:17:02,865 [3520] INFO  FormLogin - 无法连接到远程服务器
2018-01-11 14:17:06,928 [10004] INFO  FormLogin - 无法连接到远程服务器
2018-01-11 14:17:09,835 [7308] INFO  FormLogin - 无法连接到远程服务器
2018-01-11 14:17:12,825 [8356] INFO  FormLogin - 无法连接到远程服务器
2018-01-11 14:17:15,877 [7864] INFO  FormLogin - 无法连接到远程服务器
2018-01-11 14:17:18,881 [9628] INFO  FormLogin - 无法连接到远程服务器
2018-01-11 14:17:21,857 [1880] INFO  FormLogin - 无法连接到远程服务器
2018-01-11 14:17:24,882 [4120] INFO  FormLogin - 无法连接到远程服务器
2018-01-11 14:17:27,896 [8516] INFO  FormLogin - 无法连接到远程服务器
2018-01-11 14:17:30,872 [9692] INFO  FormLogin - 无法连接到远程服务器
2018-01-11 14:17:33,931 [8692] INFO  FormLogin - 无法连接到远程服务器
2018-01-11 14:17:34,236 [9712] INFO  FormLogin - 无法连接到远程服务器
2018-01-11 14:17:36,946 [9768] INFO  FormLogin - 无法连接到远程服务器
2018-01-11 14:17:39,931 [2924] INFO  FormLogin - 无法连接到远程服务器
2018-01-11 14:17:42,920 [9400] INFO  FormLogin - 无法连接到远程服务器
2018-01-11 14:17:45,947 [6300] INFO  FormLogin - 无法连接到远程服务器
2018-01-11 14:17:48,991 [8920] INFO  FormLogin - 无法连接到远程服务器
2018-01-11 14:17:52,022 [3520] INFO  FormLogin - 无法连接到远程服务器
2018-01-11 14:17:54,999 [8356] INFO  FormLogin - 无法连接到远程服务器
2018-01-11 14:17:58,003 [7864] INFO  FormLogin - 无法连接到远程服务器
2018-01-11 14:18:01,016 [9628] INFO  FormLogin - 无法连接到远程服务器
2018-01-11 14:18:04,048 [7308] INFO  FormLogin - 无法连接到远程服务器
2018-01-11 14:18:07,055 [10004] INFO  FormLogin - 无法连接到远程服务器
2018-01-11 14:18:10,055 [1880] INFO  FormLogin - 无法连接到远程服务器
2018-01-11 14:18:13,029 [4256] INFO  FormLogin - 无法连接到远程服务器
2018-01-11 14:18:16,073 [8216] INFO  FormLogin - 无法连接到远程服务器
2018-01-11 14:18:19,095 [9768] INFO  FormLogin - 无法连接到远程服务器
2018-01-11 14:18:22,112 [9692] INFO  FormLogin - 无法连接到远程服务器
2018-01-11 14:18:25,133 [6840] INFO  FormLogin - 无法连接到远程服务器
2018-01-11 14:18:28,147 [9400] INFO  FormLogin - 无法连接到远程服务器
2018-01-11 14:18:31,147 [2924] INFO  FormLogin - 无法连接到远程服务器
2018-01-11 14:18:34,143 [9712] INFO  FormLogin - 无法连接到远程服务器
2018-01-11 14:18:34,291 [6300] INFO  FormLogin - 无法连接到远程服务器
2018-01-11 14:18:37,141 [8692] INFO  FormLogin - 无法连接到远程服务器
2018-01-11 14:18:40,147 [3520] INFO  FormLogin - 无法连接到远程服务器
2018-01-11 14:18:43,186 [8920] INFO  FormLogin - 无法连接到远程服务器
2018-01-11 14:18:46,200 [9628] INFO  FormLogin - 无法连接到远程服务器
2018-01-11 14:18:49,210 [8516] INFO  FormLogin - 无法连接到远程服务器
2018-01-11 14:18:52,216 [1880] INFO  FormLogin - 无法连接到远程服务器
2018-01-11 14:18:55,234 [10004] INFO  FormLogin - 无法连接到远程服务器
2018-01-11 14:18:58,239 [4120] INFO  FormLogin - 无法连接到远程服务器
2018-01-11 14:19:01,260 [4256] INFO  FormLogin - 无法连接到远程服务器
2018-01-11 14:19:04,211 [9344] INFO  FormLogin - 无法连接到远程服务器
2018-01-11 14:19:07,298 [8216] INFO  FormLogin - 无法连接到远程服务器
2018-01-11 14:19:10,300 [9400] INFO  FormLogin - 无法连接到远程服务器
2018-01-11 14:19:13,296 [6840] INFO  FormLogin - 无法连接到远程服务器
2018-01-11 14:19:16,309 [2924] INFO  FormLogin - 无法连接到远程服务器
2018-01-11 14:19:19,330 [7308] INFO  FormLogin - 无法连接到远程服务器
2018-01-11 14:19:22,357 [8692] INFO  FormLogin - 无法连接到远程服务器
2018-01-11 14:19:25,328 [7864] INFO  FormLogin - 无法连接到远程服务器
2018-01-11 14:19:28,368 [8920] INFO  FormLogin - 无法连接到远程服务器
2018-01-11 14:19:31,364 [9692] INFO  FormLogin - 无法连接到远程服务器
2018-01-11 14:19:34,241 [9628] INFO  FormLogin - 无法连接到远程服务器
2018-01-11 14:19:34,357 [8516] INFO  FormLogin - 无法连接到远程服务器
2018-01-11 14:19:37,378 [3520] INFO  FormLogin - 无法连接到远程服务器
2018-01-11 14:19:40,418 [10004] INFO  FormLogin - 无法连接到远程服务器
2018-01-11 14:19:43,415 [4256] INFO  FormLogin - 无法连接到远程服务器
2018-01-11 14:19:46,417 [9344] INFO  FormLogin - 无法连接到远程服务器
2018-01-11 14:19:49,425 [8356] INFO  FormLogin - 无法连接到远程服务器
2018-01-11 14:19:52,439 [1880] INFO  FormLogin - 无法连接到远程服务器
2018-01-11 14:19:56,320 [9712] INFO  FormLogin - 无法连接到远程服务器
2018-01-11 14:19:59,344 [2924] INFO  FormLogin - 无法连接到远程服务器
2018-01-11 14:20:02,322 [9768] INFO  FormLogin - 无法连接到远程服务器
2018-01-11 14:20:05,341 [9400] INFO  FormLogin - 无法连接到远程服务器
2018-01-11 14:20:08,352 [8692] INFO  FormLogin - 无法连接到远程服务器
2018-01-11 14:20:11,322 [8920] INFO  FormLogin - 无法连接到远程服务器
2018-01-11 14:20:14,355 [7864] INFO  FormLogin - 无法连接到远程服务器
2018-01-11 14:20:17,376 [9628] INFO  FormLogin - 无法连接到远程服务器
2018-01-11 14:20:20,408 [8516] INFO  FormLogin - 无法连接到远程服务器
2018-01-11 14:20:23,409 [3520] INFO  FormLogin - 无法连接到远程服务器
2018-01-11 14:20:26,409 [4256] INFO  FormLogin - 无法连接到远程服务器
2018-01-11 14:20:29,393 [9344] INFO  FormLogin - 无法连接到远程服务器
2018-01-11 14:20:32,404 [7308] INFO  FormLogin - 无法连接到远程服务器
2018-01-11 14:20:34,224 [10004] INFO  FormLogin - 无法连接到远程服务器
2018-01-11 14:20:35,439 [1880] INFO  FormLogin - 无法连接到远程服务器
2018-01-11 14:20:38,474 [9692] INFO  FormLogin - 无法连接到远程服务器
2018-01-11 14:20:41,468 [9712] INFO  FormLogin - 无法连接到远程服务器
2018-01-11 14:20:44,531 [9768] INFO  FormLogin - 无法连接到远程服务器
2018-01-11 14:20:47,506 [9400] INFO  FormLogin - 无法连接到远程服务器
2018-01-11 14:20:50,497 [8692] INFO  FormLogin - 无法连接到远程服务器
2018-01-11 14:20:53,520 [2924] INFO  FormLogin - 无法连接到远程服务器
2018-01-11 14:20:56,514 [8356] INFO  FormLogin - 无法连接到远程服务器
2018-01-11 14:20:59,526 [7864] INFO  FormLogin - 无法连接到远程服务器
2018-01-11 14:21:02,534 [8028] INFO  FormLogin - 无法连接到远程服务器
2018-01-11 14:21:05,589 [4220] INFO  FormLogin - 无法连接到远程服务器
2018-01-11 14:21:08,553 [7436] INFO  FormLogin - 无法连接到远程服务器
2018-01-11 14:21:11,561 [9344] INFO  FormLogin - 无法连接到远程服务器
2018-01-11 14:21:14,590 [8536] INFO  FormLogin - 无法连接到远程服务器
2018-01-11 14:21:17,579 [8920] INFO  FormLogin - 无法连接到远程服务器
2018-01-11 14:21:20,591 [9628] INFO  FormLogin - 无法连接到远程服务器
2018-01-11 14:21:23,619 [8516] INFO  FormLogin - 无法连接到远程服务器
2018-01-11 14:21:26,647 [4256] INFO  FormLogin - 无法连接到远程服务器
2018-01-11 14:21:29,612 [9768] INFO  FormLogin - 无法连接到远程服务器
2018-01-11 14:21:32,633 [9712] INFO  FormLogin - 无法连接到远程服务器
2018-01-11 14:21:34,255 [9692] INFO  FormLogin - 无法连接到远程服务器
2018-01-11 14:21:35,680 [2924] INFO  FormLogin - 无法连接到远程服务器
2018-01-11 14:21:38,727 [8692] INFO  FormLogin - 无法连接到远程服务器
2018-01-11 14:21:41,737 [3520] INFO  FormLogin - 无法连接到远程服务器
2018-01-11 14:21:44,739 [9400] INFO  FormLogin - 无法连接到远程服务器
2018-01-11 14:21:47,750 [7308] INFO  FormLogin - 无法连接到远程服务器
2018-01-11 14:21:50,754 [8356] INFO  FormLogin - 无法连接到远程服务器
2018-01-11 14:21:53,775 [4220] INFO  FormLogin - 无法连接到远程服务器
2018-01-11 14:21:56,756 [7436] INFO  FormLogin - 无法连接到远程服务器
2018-01-11 14:21:59,798 [8536] INFO  FormLogin - 无法连接到远程服务器
2018-01-11 14:22:02,758 [8028] INFO  FormLogin - 无法连接到远程服务器
2018-01-11 14:22:05,766 [8920] INFO  FormLogin - 无法连接到远程服务器
2018-01-11 14:22:08,788 [4256] INFO  FormLogin - 无法连接到远程服务器
2018-01-11 14:22:11,821 [9628] INFO  FormLogin - 无法连接到远程服务器
2018-01-11 14:22:14,826 [8516] INFO  FormLogin - 无法连接到远程服务器
2018-01-11 14:22:17,801 [2924] INFO  FormLogin - 无法连接到远程服务器
2018-01-11 14:22:20,816 [1880] INFO  FormLogin - 无法连接到远程服务器
2018-01-11 14:22:23,813 [7864] INFO  FormLogin - 无法连接到远程服务器
2018-01-11 14:22:26,841 [9692] INFO  FormLogin - 无法连接到远程服务器
2018-01-11 14:22:29,860 [9344] INFO  FormLogin - 无法连接到远程服务器
2018-01-11 14:22:32,864 [3520] INFO  FormLogin - 无法连接到远程服务器
2018-01-11 14:22:34,302 [9400] INFO  FormLogin - 无法连接到远程服务器
2018-01-11 14:22:35,897 [7308] INFO  FormLogin - 无法连接到远程服务器
2018-01-11 14:22:38,893 [8692] INFO  FormLogin - 无法连接到远程服务器
2018-01-11 14:22:41,913 [4220] INFO  FormLogin - 无法连接到远程服务器
2018-01-11 14:22:44,948 [9768] INFO  FormLogin - 无法连接到远程服务器
2018-01-11 14:22:47,950 [8920] INFO  FormLogin - 无法连接到远程服务器
2018-01-11 14:22:50,964 [8536] INFO  FormLogin - 无法连接到远程服务器
2018-01-11 14:22:53,948 [4256] INFO  FormLogin - 无法连接到远程服务器
2018-01-11 14:22:56,943 [9628] INFO  FormLogin - 无法连接到远程服务器
2018-01-11 14:22:59,979 [8028] INFO  FormLogin - 无法连接到远程服务器
2018-01-11 14:23:03,007 [2924] INFO  FormLogin - 无法连接到远程服务器
2018-01-11 14:23:06,037 [7864] INFO  FormLogin - 无法连接到远程服务器
2018-01-11 14:23:08,987 [1880] INFO  FormLogin - 无法连接到远程服务器
2018-01-11 14:23:12,044 [8516] INFO  FormLogin - 无法连接到远程服务器
2018-01-11 14:23:15,038 [10004] INFO  FormLogin - 无法连接到远程服务器
2018-01-11 14:23:18,040 [7308] INFO  FormLogin - 无法连接到远程服务器
2018-01-11 14:23:21,050 [8692] INFO  FormLogin - 无法连接到远程服务器
2018-01-11 14:23:24,070 [4220] INFO  FormLogin - 无法连接到远程服务器
2018-01-11 14:23:27,097 [9768] INFO  FormLogin - 无法连接到远程服务器
2018-01-11 14:23:30,099 [8920] INFO  FormLogin - 无法连接到远程服务器
2018-01-11 14:23:33,102 [8536] INFO  FormLogin - 无法连接到远程服务器
2018-01-11 14:23:34,300 [9344] INFO  FormLogin - 无法连接到远程服务器
2018-01-11 14:23:36,120 [4256] INFO  FormLogin - 无法连接到远程服务器
2018-01-11 14:23:39,100 [9400] INFO  FormLogin - 无法连接到远程服务器
2018-01-11 14:23:42,120 [9692] INFO  FormLogin - 无法连接到远程服务器
2018-01-11 14:23:45,156 [8028] INFO  FormLogin - 无法连接到远程服务器
2018-01-11 14:23:48,173 [9876] INFO  FormLogin - 无法连接到远程服务器
2018-01-11 14:23:51,151 [7864] INFO  FormLogin - 无法连接到远程服务器
2018-01-11 14:23:54,192 [1880] INFO  FormLogin - 无法连接到远程服务器
2018-01-11 14:23:57,234 [10004] INFO  FormLogin - 无法连接到远程服务器
2018-01-11 14:24:00,225 [7544] INFO  FormLogin - 无法连接到远程服务器
2018-01-11 14:24:03,219 [8692] INFO  FormLogin - 无法连接到远程服务器
2018-01-11 14:24:06,252 [4220] INFO  FormLogin - 无法连接到远程服务器
2018-01-11 14:24:09,255 [9768] INFO  FormLogin - 无法连接到远程服务器
2018-01-11 14:24:12,245 [9912] INFO  FormLogin - 无法连接到远程服务器
2018-01-11 14:24:15,277 [8536] INFO  FormLogin - 无法连接到远程服务器
2018-01-11 14:24:18,281 [9344] INFO  FormLogin - 无法连接到远程服务器
2018-01-11 14:24:21,299 [9400] INFO  FormLogin - 无法连接到远程服务器
2018-01-11 14:24:24,279 [4256] INFO  FormLogin - 无法连接到远程服务器
2018-01-11 14:24:27,313 [9692] INFO  FormLogin - 无法连接到远程服务器
2018-01-11 14:24:30,306 [9876] INFO  FormLogin - 无法连接到远程服务器
2018-01-11 14:24:33,308 [8028] INFO  FormLogin - 无法连接到远程服务器
2018-01-11 14:24:34,317 [7864] INFO  FormLogin - 无法连接到远程服务器
2018-01-11 14:24:36,324 [7308] INFO  FormLogin - 无法连接到远程服务器
2018-01-11 14:24:39,340 [1880] INFO  FormLogin - 无法连接到远程服务器
2018-01-11 14:24:42,360 [8920] INFO  FormLogin - 无法连接到远程服务器
2018-01-11 14:24:45,369 [2924] INFO  FormLogin - 无法连接到远程服务器
2018-01-11 14:24:48,373 [4220] INFO  FormLogin - 无法连接到远程服务器
2018-01-11 14:24:51,385 [7544] INFO  FormLogin - 无法连接到远程服务器
2018-01-11 14:24:54,409 [9912] INFO  FormLogin - 无法连接到远程服务器
2018-01-11 14:24:57,449 [9628] INFO  FormLogin - 无法连接到远程服务器
2018-01-11 14:25:00,423 [9344] INFO  FormLogin - 无法连接到远程服务器
2018-01-11 14:25:03,449 [8692] INFO  FormLogin - 无法连接到远程服务器
2018-01-11 14:25:06,413 [8536] INFO  FormLogin - 无法连接到远程服务器
2018-01-11 14:25:09,440 [4256] INFO  FormLogin - 无法连接到远程服务器
2018-01-11 14:25:12,478 [9400] INFO  FormLogin - 无法连接到远程服务器
2018-01-11 14:25:15,480 [8028] INFO  FormLogin - 无法连接到远程服务器
2018-01-11 14:25:18,496 [7864] INFO  FormLogin - 无法连接到远程服务器
2018-01-11 14:25:21,515 [9876] INFO  FormLogin - 无法连接到远程服务器
2018-01-11 14:25:24,530 [8920] INFO  FormLogin - 无法连接到远程服务器
2018-01-11 14:25:28,121 [1880] INFO  FormLogin - 无法连接到远程服务器
2018-01-11 14:25:31,117 [9692] INFO  FormLogin - 无法连接到远程服务器
2018-01-11 14:25:34,150 [7544] INFO  FormLogin - 无法连接到远程服务器
2018-01-11 14:25:34,284 [2924] INFO  FormLogin - 无法连接到远程服务器
2018-01-11 14:25:37,175 [8516] INFO  FormLogin - 无法连接到远程服务器
2018-01-11 14:25:40,177 [9912] INFO  FormLogin - 无法连接到远程服务器
2018-01-11 14:25:43,210 [9344] INFO  FormLogin - 无法连接到远程服务器
2018-01-11 14:25:46,212 [8692] INFO  FormLogin - 无法连接到远程服务器
2018-01-11 14:25:49,233 [8536] INFO  FormLogin - 无法连接到远程服务器
2018-01-11 14:25:52,224 [4256] INFO  FormLogin - 无法连接到远程服务器
2018-01-11 14:25:55,240 [9628] INFO  FormLogin - 无法连接到远程服务器
2018-01-11 14:25:58,256 [8028] INFO  FormLogin - 无法连接到远程服务器
2018-01-11 14:26:01,246 [7308] INFO  FormLogin - 无法连接到远程服务器
2018-01-11 14:26:04,248 [4220] INFO  FormLogin - 无法连接到远程服务器
2018-01-11 14:26:07,261 [9400] INFO  FormLogin - 无法连接到远程服务器
2018-01-11 14:26:10,297 [1880] INFO  FormLogin - 无法连接到远程服务器
2018-01-11 14:26:13,291 [8920] INFO  FormLogin - 无法连接到远程服务器
2018-01-11 14:26:16,508 [7864] INFO  FormLogin - 无法连接到远程服务器
2018-01-11 14:26:19,331 [7544] INFO  FormLogin - 无法连接到远程服务器
2018-01-11 14:26:22,336 [9768] INFO  FormLogin - 无法连接到远程服务器
2018-01-11 14:26:25,356 [2924] INFO  FormLogin - 无法连接到远程服务器
2018-01-11 14:26:28,371 [9912] INFO  FormLogin - 无法连接到远程服务器
2018-01-11 14:26:31,424 [9344] INFO  FormLogin - 无法连接到远程服务器
2018-01-11 14:26:34,368 [4256] INFO  FormLogin - 无法连接到远程服务器
2018-01-11 14:26:34,381 [8536] INFO  FormLogin - 无法连接到远程服务器
2018-01-11 14:26:37,532 [9692] INFO  FormLogin - 无法连接到远程服务器
2018-01-11 14:26:40,405 [8076] INFO  FormLogin - 无法连接到远程服务器
2018-01-11 14:26:43,403 [9268] INFO  FormLogin - 无法连接到远程服务器
2018-01-11 14:26:46,447 [8028] INFO  FormLogin - 无法连接到远程服务器
2018-01-11 14:26:49,446 [8692] INFO  FormLogin - 无法连接到远程服务器
2018-01-11 14:26:52,437 [4220] INFO  FormLogin - 无法连接到远程服务器
2018-01-11 14:26:55,502 [8920] INFO  FormLogin - 无法连接到远程服务器
2018-01-11 14:26:58,633 [1880] INFO  FormLogin - 无法连接到远程服务器
2018-01-11 14:27:01,473 [7864] INFO  FormLogin - 无法连接到远程服务器
2018-01-11 14:27:04,493 [7544] INFO  FormLogin - 无法连接到远程服务器
2018-01-11 14:27:07,508 [9400] INFO  FormLogin - 无法连接到远程服务器
2018-01-11 14:27:10,509 [2924] INFO  FormLogin - 无法连接到远程服务器
2018-01-11 14:27:13,510 [8516] INFO  FormLogin - 无法连接到远程服务器
2018-01-11 14:27:16,539 [9912] INFO  FormLogin - 无法连接到远程服务器
2018-01-11 14:27:19,539 [8536] INFO  FormLogin - 无法连接到远程服务器
2018-01-11 14:27:22,567 [8076] INFO  FormLogin - 无法连接到远程服务器
2018-01-11 14:27:25,573 [9344] INFO  FormLogin - 无法连接到远程服务器
2018-01-11 14:27:28,587 [9268] INFO  FormLogin - 无法连接到远程服务器
2018-01-11 14:27:31,593 [9768] INFO  FormLogin - 无法连接到远程服务器
2018-01-11 14:27:34,352 [9692] INFO  FormLogin - 无法连接到远程服务器
2018-01-11 14:27:34,584 [8028] INFO  FormLogin - 无法连接到远程服务器
2018-01-11 14:27:37,589 [8692] INFO  FormLogin - 无法连接到远程服务器
2018-01-11 14:27:40,620 [4220] INFO  FormLogin - 无法连接到远程服务器
2018-01-11 14:27:43,615 [7864] INFO  FormLogin - 无法连接到远程服务器
2018-01-11 14:27:46,630 [7544] INFO  FormLogin - 无法连接到远程服务器
2018-01-11 14:27:49,680 [9400] INFO  FormLogin - 无法连接到远程服务器
2018-01-11 14:27:52,684 [4256] INFO  FormLogin - 无法连接到远程服务器
2018-01-11 14:27:55,679 [1880] INFO  FormLogin - 无法连接到远程服务器
2018-01-11 14:27:58,684 [9912] INFO  FormLogin - 无法连接到远程服务器
2018-01-11 14:28:01,720 [8536] INFO  FormLogin - 无法连接到远程服务器
2018-01-11 14:28:04,714 [2924] INFO  FormLogin - 无法连接到远程服务器
2018-01-11 14:28:07,749 [9344] INFO  FormLogin - 无法连接到远程服务器
2018-01-11 14:28:10,740 [9268] INFO  FormLogin - 无法连接到远程服务器
2018-01-11 14:28:13,775 [8920] INFO  FormLogin - 无法连接到远程服务器
2018-01-11 14:28:16,775 [9692] INFO  FormLogin - 无法连接到远程服务器
2018-01-11 14:28:19,768 [9768] INFO  FormLogin - 无法连接到远程服务器
2018-01-11 14:28:22,778 [8076] INFO  FormLogin - 无法连接到远程服务器
2018-01-11 14:28:25,780 [4220] INFO  FormLogin - 无法连接到远程服务器
2018-01-11 14:28:28,810 [7544] INFO  FormLogin - 无法连接到远程服务器
2018-01-11 14:28:31,780 [8028] INFO  FormLogin - 无法连接到远程服务器
2018-01-11 14:28:34,358 [9400] INFO  FormLogin - 无法连接到远程服务器
2018-01-11 14:28:34,835 [4256] INFO  FormLogin - 无法连接到远程服务器
2018-01-11 14:28:37,842 [1880] INFO  FormLogin - 无法连接到远程服务器
2018-01-11 14:46:39,820 [5224] INFO  FormLogin - 无法连接到远程服务器
2018-01-11 14:47:43,025 [8184] INFO  FormLogin - 无法连接到远程服务器
2018-01-11 14:47:46,043 [7648] INFO  FormLogin - 无法连接到远程服务器
2018-01-11 14:48:01,107 [8684] INFO  FormLogin - 无法连接到远程服务器
2018-01-11 14:48:06,332 [9360] INFO  FormLogin - 无法连接到远程服务器
2018-01-11 14:48:07,142 [8260] INFO  FormLogin - 无法连接到远程服务器
2018-01-11 14:48:10,135 [2760] INFO  FormLogin - 无法连接到远程服务器
2018-01-11 14:48:31,182 [7648] INFO  FormLogin - 无法连接到远程服务器
2018-01-11 14:53:47,960 [7908] INFO  FormLogin - 操作已超时。
2018-01-11 14:53:48,000 [6880] INFO  FormLogin - 远程服务器返回错误: (502) 错误的网关。
2018-01-11 14:53:48,036 [6876] INFO  FormLogin - 远程服务器返回错误: (502) 错误的网关。
2018-01-11 14:53:48,056 [9424] INFO  FormLogin - 远程服务器返回错误: (502) 错误的网关。
2018-01-11 14:53:48,078 [7460] INFO  FormLogin - 远程服务器返回错误: (502) 错误的网关。
2018-01-11 14:53:48,097 [7632] INFO  FormLogin - 远程服务器返回错误: (502) 错误的网关。
2018-01-11 14:53:48,117 [3712] INFO  FormLogin - 远程服务器返回错误: (502) 错误的网关。
2018-01-11 14:53:48,136 [8904] INFO  FormLogin - 远程服务器返回错误: (502) 错误的网关。
2018-01-11 14:53:48,154 [10080] INFO  FormLogin - 远程服务器返回错误: (502) 错误的网关。
2018-01-11 14:53:48,173 [6824] INFO  FormLogin - 远程服务器返回错误: (502) 错误的网关。
2018-01-11 14:53:48,193 [10156] INFO  FormLogin - 远程服务器返回错误: (502) 错误的网关。
2018-01-11 14:53:48,213 [7856] INFO  FormLogin - 远程服务器返回错误: (502) 错误的网关。
2018-01-11 14:53:48,232 [10128] INFO  FormLogin - 远程服务器返回错误: (502) 错误的网关。
2018-01-11 14:53:48,251 [9772] INFO  FormLogin - 远程服务器返回错误: (502) 错误的网关。
2018-01-11 14:53:48,271 [10060] INFO  FormLogin - 远程服务器返回错误: (502) 错误的网关。
2018-01-11 14:53:48,291 [8648] INFO  FormLogin - 远程服务器返回错误: (502) 错误的网关。
2018-01-11 14:53:48,311 [1252] INFO  FormLogin - 远程服务器返回错误: (502) 错误的网关。
2018-01-11 14:53:48,335 [8160] INFO  FormLogin - 远程服务器返回错误: (502) 错误的网关。
2018-01-11 14:53:48,496 [4260] INFO  FormLogin - 远程服务器返回错误: (502) 错误的网关。
2018-01-11 14:53:48,523 [8108] INFO  FormLogin - 远程服务器返回错误: (502) 错误的网关。
2018-01-11 14:53:48,565 [6428] INFO  FormLogin - 远程服务器返回错误: (504) 网关超时。
2018-01-11 14:53:48,584 [8908] INFO  FormLogin - 远程服务器返回错误: (502) 错误的网关。
2018-01-11 14:53:48,604 [5156] INFO  FormLogin - 远程服务器返回错误: (502) 错误的网关。
2018-01-11 14:53:48,625 [2924] INFO  FormLogin - 远程服务器返回错误: (502) 错误的网关。
2018-01-11 14:53:48,644 [9768] INFO  FormLogin - 远程服务器返回错误: (502) 错误的网关。
2018-01-11 14:53:48,664 [7712] INFO  FormLogin - 远程服务器返回错误: (502) 错误的网关。
2018-01-11 14:53:48,684 [6064] INFO  FormLogin - 远程服务器返回错误: (502) 错误的网关。
2018-01-11 14:53:48,751 [7228] INFO  FormLogin - 远程服务器返回错误: (504) 网关超时。
2018-01-11 14:53:48,772 [8844] INFO  FormLogin - 远程服务器返回错误: (504) 网关超时。
2018-01-11 15:17:27,452 [7308] INFO  FormLogin - 无法连接到远程服务器
2018-01-11 15:19:56,141 [6304] INFO  FormLogin - 无法连接到远程服务器
2018-01-11 15:57:17,888 [9184] INFO  FormLogin - 无法连接到远程服务器
2018-01-11 15:57:17,912 [7280] INFO  FormLogin - 无法连接到远程服务器
2018-01-11 15:57:28,220 [7212] INFO  FormLogin - 无法连接到远程服务器
2018-01-11 15:58:16,393 [7212] INFO  FormLogin - 无法连接到远程服务器
2018-01-11 15:58:17,728 [2436] INFO  FormLogin - 无法连接到远程服务器
2018-01-11 15:58:17,948 [2436] INFO  FormLogin - 无法连接到远程服务器
2018-01-11 15:58:17,994 [2436] INFO  FormLogin - 无法连接到远程服务器
2018-01-11 15:59:17,685 [6248] INFO  FormLogin - 无法连接到远程服务器
2018-01-11 16:00:13,832 [9560] INFO  FormLogin - 无法连接到远程服务器
2018-01-11 16:01:17,894 [5252] INFO  FormLogin - 无法连接到远程服务器
2018-01-11 16:01:18,052 [4232] INFO  FormLogin - 无法连接到远程服务器
2018-01-11 16:01:18,070 [5252] INFO  FormLogin - 无法连接到远程服务器
2018-01-11 16:01:18,208 [4232] INFO  FormLogin - 无法连接到远程服务器
2018-01-11 16:01:18,268 [4232] INFO  FormLogin - 无法连接到远程服务器
2018-01-11 16:29:17,190 [9560] INFO  FormLogin - 无法连接到远程服务器
2018-01-11 16:29:18,090 [6248] INFO  FormLogin - 无法连接到远程服务器
2018-01-11 16:29:20,203 [8416] INFO  FormLogin - 无法连接到远程服务器
2018-01-11 16:29:23,205 [7212] INFO  FormLogin - 无法连接到远程服务器
2018-01-11 19:54:31,665 [9432] INFO  FormLogin - 无法连接到远程服务器
2018-01-11 19:54:49,572 [1612] INFO  FormLogin - 无法连接到远程服务器
2018-01-11 19:54:49,639 [1612] INFO  FormLogin - 无法连接到远程服务器
2018-01-11 19:54:49,693 [9716] INFO  FormLogin - 无法连接到远程服务器
2018-01-11 19:54:49,812 [1612] INFO  FormLogin - 无法连接到远程服务器
2018-01-11 19:54:49,922 [1612] INFO  FormLogin - 无法连接到远程服务器
2018-01-11 19:54:55,748 [6728] INFO  FormLogin - 无法连接到远程服务器
2018-01-11 19:55:13,816 [8812] INFO  FormLogin - 无法连接到远程服务器
2018-01-11 19:56:03,415 [4916] INFO  FormLogin - 无法连接到远程服务器
2018-01-11 19:56:03,446 [9432] INFO  FormLogin - 无法连接到远程服务器
