2018-01-05 17:33:44,810 [11188] INFO  FormLogin - 操作超时
2018-01-05 17:35:46,989 [10412] INFO  FormLogin - 操作超时
2018-01-05 17:35:53,007 [10324] INFO  FormLogin - 操作超时
2018-01-05 17:36:14,081 [10412] INFO  FormLogin - 操作超时
2018-01-05 17:36:29,146 [10836] INFO  FormLogin - 操作超时
2018-01-05 17:36:57,086 [10300] INFO  FormLogin - ****************************异常文本****************************
【出现时间】：2018-01-05 17:36:57
【异常类型】：WebException
【异常信息】：无法连接到远程服务器
【堆栈调用】：   在 POS.BLL.AutoUpdaterBLL.GetUpgradeInfo() 位置 D:\开发\开发\Pos\POS.BLL\AutoUpdaterBLL.cs:行号 23
   在 POS.Setting.FormSetting.FormSetting_Load(Object sender, EventArgs e) 位置 D:\开发\开发\Pos\POS\Setting\FormSetting.cs:行号 168
   在 System.Windows.Forms.Form.OnLoad(EventArgs e)
   在 DevExpress.XtraEditors.XtraForm.OnLoad(EventArgs e)
   在 System.Windows.Forms.Form.OnCreateControl()
   在 System.Windows.Forms.Control.CreateControl(Boolean fIgnoreVisible)
   在 System.Windows.Forms.Control.CreateControl()
   在 System.Windows.Forms.Control.WmShowWindow(Message& m)
   在 System.Windows.Forms.Control.WndProc(Message& m)
   在 System.Windows.Forms.Form.WmShowWindow(Message& m)
   在 DevExpress.XtraEditors.XtraForm.WndProc(Message& msg)
   在 System.Windows.Forms.NativeWindow.Callback(IntPtr hWnd, Int32 msg, IntPtr wparam, IntPtr lparam)
***************************************************************

2018-01-05 17:36:57,212 [7320] INFO  FormLogin - 操作超时
2018-01-05 17:37:17,267 [10300] INFO  FormLogin - 操作超时
2018-01-05 17:37:17,294 [1824] INFO  FormLogin - 操作超时
2018-01-05 18:12:40,036 [10652] INFO  FormLogin - 操作超时
2018-01-05 18:13:07,142 [10652] INFO  FormLogin - 操作超时
2018-01-05 18:13:13,140 [10708] INFO  FormLogin - 操作超时
2018-01-05 18:14:10,432 [10652] INFO  FormLogin - 操作超时
2018-01-05 18:14:37,480 [1100] INFO  FormLogin - 操作超时
2018-01-05 18:14:46,483 [10848] INFO  FormLogin - 操作超时
2018-01-05 18:15:16,595 [10708] INFO  FormLogin - 操作超时
2018-01-05 18:56:37,541 [9100] INFO  FormLogin - 操作超时
2018-01-05 19:04:09,257 [7796] INFO  FormLogin - 操作超时
2018-01-05 19:04:11,346 [4136] INFO  FormLogin - 操作超时
2018-01-05 19:04:24,222 [7884] INFO  FormLogin - 操作超时
2018-01-05 19:04:24,957 [8704] INFO  FormLogin - 操作超时
2018-01-05 19:04:27,226 [9120] INFO  FormLogin - 操作超时
2018-01-05 19:05:00,396 [9100] INFO  FormLogin - 操作超时
2018-01-05 19:05:01,283 [4136] INFO  FormLogin - 操作超时
2018-01-05 19:05:06,532 [4856] INFO  FormLogin - 操作超时
2018-01-05 19:05:12,408 [9444] INFO  FormLogin - 操作超时
2018-01-05 19:05:21,533 [1184] INFO  FormLogin - 操作超时
2018-01-05 19:05:22,375 [11160] INFO  FormLogin - 无法连接到远程服务器
2018-01-05 19:05:38,345 [11160] INFO  FormLogin - ****************************异常文本****************************
【出现时间】：2018-01-05 19:05:38
【异常类型】：NullReferenceException
【异常信息】：未将对象引用设置到对象的实例。
【堆栈调用】：   在 POS.DAL.Sync.SyncHelperDAL.AsyncCallbackKu2(SyncResultModel`1 syncResult, Int32 id) 位置 D:\开发\开发\Pos\POS.DAL\Sync\SyncHelperDALV3.cs:行号 1106
   在 POS.DAL.Sync.SyncHelperDAL.<>c__DisplayClass22_0.<Syncku2>b__0(SyncResultModel`1 syncResult) 位置 D:\开发\开发\Pos\POS.DAL\Sync\SyncHelperDALV3.cs:行号 1095
   在 POS.Common.utility.HttpClient.AsyncCallback[T](IAsyncResult ar) 位置 D:\开发\开发\Pos\POS.Common\utility\HttpClient.cs:行号 245
   在 System.Net.LazyAsyncResult.Complete(IntPtr userToken)
   在 System.Threading.ExecutionContext.RunInternal(ExecutionContext executionContext, ContextCallback callback, Object state, Boolean preserveSyncCtx)
   在 System.Threading.ExecutionContext.Run(ExecutionContext executionContext, ContextCallback callback, Object state, Boolean preserveSyncCtx)
   在 System.Threading.ExecutionContext.Run(ExecutionContext executionContext, ContextCallback callback, Object state)
   在 System.Net.ContextAwareResult.Complete(IntPtr userToken)
   在 System.Net.LazyAsyncResult.ProtectedInvokeCallback(Object result, IntPtr userToken)
   在 System.Net.HttpWebRequest.SetResponse(Exception E)
   在 System.Net.ConnectionReturnResult.SetResponses(ConnectionReturnResult returnResult)
   在 System.Net.Connection.CompleteConnectionWrapper(Object request, Object state)
   在 System.Net.PooledStream.ConnectionCallback(Object owningObject, Exception e, Socket socket, IPAddress address)
   在 System.Net.ServicePoint.ConnectSocketCallback(IAsyncResult asyncResult)
   在 System.Net.LazyAsyncResult.Complete(IntPtr userToken)
   在 System.Net.ContextAwareResult.Complete(IntPtr userToken)
   在 System.Net.LazyAsyncResult.ProtectedInvokeCallback(Object result, IntPtr userToken)
   在 System.Net.Sockets.BaseOverlappedAsyncResult.CompletionPortCallback(UInt32 errorCode, UInt32 numBytes, NativeOverlapped* nativeOverlapped)
   在 System.Threading._IOCompletionCallback.PerformIOCompletionCallback(UInt32 errorCode, UInt32 numBytes, NativeOverlapped* pOVERLAP)
***************************************************************

2018-01-05 19:05:38,454 [1712] INFO  FormLogin - 操作超时
2018-01-05 19:05:38,455 [4136] INFO  FormLogin - 操作超时
2018-01-05 19:06:31,403 [9100] INFO  FormLogin - 操作超时
2018-01-05 19:06:34,773 [7884] INFO  FormLogin - 操作超时
2018-01-05 19:06:40,794 [9444] INFO  FormPosBan - 操作超时
2018-01-05 19:06:47,107 [9244] INFO  FormPosBan - 无法连接到远程服务器
2018-01-05 19:47:30,627 [9684] INFO  FormPosBan - 远程服务器返回错误: (404) 未找到。
2018-01-05 20:25:57,386 [10624] INFO  HttpClient - 远程服务器返回错误: (404) 未找到。
2018-01-05 20:25:57,418 [9244] INFO  HttpClient - 远程服务器返回错误: (404) 未找到。
2018-01-05 20:25:57,437 [10084] INFO  HttpClient - 远程服务器返回错误: (404) 未找到。
2018-01-05 20:26:10,181 [10624] INFO  FormLogin - 远程服务器返回错误: (404) 未找到。
2018-01-05 20:26:10,285 [10204] INFO  FormLogin - 远程服务器返回错误: (404) 未找到。
2018-01-05 20:26:10,349 [10084] INFO  FormLogin - 远程服务器返回错误: (404) 未找到。
2018-01-05 20:26:10,581 [10084] INFO  FormLogin - 远程服务器返回错误: (404) 未找到。
2018-01-05 20:26:10,692 [9048] INFO  FormLogin - 远程服务器返回错误: (404) 未找到。
2018-01-05 20:26:10,798 [9244] INFO  FormLogin - 远程服务器返回错误: (404) 未找到。
2018-01-05 20:26:10,897 [10624] INFO  FormLogin - 远程服务器返回错误: (404) 未找到。
2018-01-05 20:26:11,000 [9048] INFO  FormLogin - 远程服务器返回错误: (404) 未找到。
2018-01-05 20:26:11,101 [10084] INFO  FormLogin - 远程服务器返回错误: (404) 未找到。
2018-01-05 20:26:11,228 [10204] INFO  FormLogin - 远程服务器返回错误: (404) 未找到。
2018-01-05 20:26:11,316 [9048] INFO  FormLogin - 远程服务器返回错误: (404) 未找到。
2018-01-05 20:26:11,429 [9244] INFO  FormLogin - 远程服务器返回错误: (404) 未找到。
2018-01-05 20:26:11,555 [10084] INFO  FormLogin - 远程服务器返回错误: (404) 未找到。
2018-01-05 20:26:11,723 [10204] INFO  FormLogin - 远程服务器返回错误: (404) 未找到。
2018-01-05 20:37:47,985 [7808] INFO  HttpClient - 无法连接到远程服务器
2018-01-05 20:39:57,098 [7808] INFO  FormLogin - 无法连接到远程服务器
2018-01-05 20:40:10,289 [7808] INFO  FormLogin - 无法连接到远程服务器
2018-01-05 20:40:20,339 [9860] INFO  FormLogin - 无法连接到远程服务器
2018-01-05 20:40:23,353 [11660] INFO  FormLogin - 无法连接到远程服务器
2018-01-05 20:40:26,365 [11768] INFO  FormLogin - 无法连接到远程服务器
2018-01-05 20:40:29,392 [9860] INFO  FormLogin - 无法连接到远程服务器
2018-01-05 20:40:32,381 [9860] INFO  FormLogin - 无法连接到远程服务器
2018-01-05 20:40:35,387 [8048] INFO  FormLogin - 无法连接到远程服务器
2018-01-05 20:40:38,372 [11768] INFO  FormLogin - 无法连接到远程服务器
2018-01-05 20:40:41,383 [9860] INFO  FormLogin - 无法连接到远程服务器
2018-01-05 20:40:44,383 [8048] INFO  FormLogin - 无法连接到远程服务器
2018-01-05 20:40:47,440 [9860] INFO  FormLogin - 无法连接到远程服务器
2018-01-05 20:40:50,441 [8048] INFO  FormLogin - 无法连接到远程服务器
2018-01-05 20:40:53,523 [9860] INFO  FormLogin - 无法连接到远程服务器
2018-01-05 20:40:56,612 [11768] INFO  FormLogin - 无法连接到远程服务器
2018-01-05 20:40:59,528 [11768] INFO  FormLogin - 无法连接到远程服务器
2018-01-05 20:41:02,529 [11784] INFO  FormLogin - 无法连接到远程服务器
2018-01-05 20:41:05,616 [11768] INFO  FormLogin - 无法连接到远程服务器
2018-01-05 20:41:08,571 [8048] INFO  FormLogin - 无法连接到远程服务器
2018-01-05 20:41:11,341 [7808] INFO  FormLogin - 无法连接到远程服务器
2018-01-05 20:41:11,567 [11784] INFO  FormLogin - 无法连接到远程服务器
2018-01-05 20:41:14,590 [11768] INFO  FormLogin - 无法连接到远程服务器
2018-01-05 20:41:17,382 [9860] INFO  FormLogin - 无法连接到远程服务器
2018-01-05 20:41:17,593 [8048] INFO  FormLogin - 无法连接到远程服务器
2018-01-05 20:41:20,608 [8048] INFO  FormLogin - 无法连接到远程服务器
2018-01-05 20:41:22,721 [7808] INFO  FormLogin - 无法连接到远程服务器
2018-01-05 20:41:23,751 [8048] INFO  FormLogin - 无法连接到远程服务器
2018-01-05 20:41:26,666 [10628] INFO  FormLogin - 无法连接到远程服务器
2018-01-05 20:41:29,691 [11768] INFO  FormLogin - 无法连接到远程服务器
2018-01-05 20:41:32,602 [11784] INFO  FormLogin - 无法连接到远程服务器
2018-01-05 20:41:35,643 [10628] INFO  FormLogin - 无法连接到远程服务器
2018-01-05 20:41:38,638 [10628] INFO  FormLogin - 无法连接到远程服务器
2018-01-05 20:41:41,685 [8048] INFO  FormLogin - 无法连接到远程服务器
2018-01-05 20:41:44,678 [8048] INFO  FormLogin - 无法连接到远程服务器
2018-01-05 20:41:47,636 [10628] INFO  FormLogin - 无法连接到远程服务器
2018-01-05 20:41:50,735 [10628] INFO  FormLogin - 无法连接到远程服务器
2018-01-05 20:41:53,704 [10628] INFO  FormLogin - 无法连接到远程服务器
2018-01-05 20:41:56,697 [9860] INFO  FormLogin - 无法连接到远程服务器
2018-01-05 20:41:59,709 [10628] INFO  FormLogin - 无法连接到远程服务器
2018-01-05 20:42:02,747 [9860] INFO  FormLogin - 无法连接到远程服务器
2018-01-05 20:42:05,770 [10628] INFO  FormLogin - 无法连接到远程服务器
2018-01-05 20:42:08,757 [10628] INFO  FormLogin - 无法连接到远程服务器
2018-01-05 20:42:11,751 [10628] INFO  FormLogin - 无法连接到远程服务器
2018-01-05 20:42:14,769 [8048] INFO  FormLogin - 无法连接到远程服务器
2018-01-05 20:42:17,762 [10628] INFO  FormLogin - 无法连接到远程服务器
2018-01-05 20:42:20,780 [9860] INFO  FormLogin - 无法连接到远程服务器
2018-01-05 20:42:23,945 [9860] INFO  FormLogin - 无法连接到远程服务器
2018-01-05 20:42:26,967 [9860] INFO  FormLogin - 无法连接到远程服务器
2018-01-05 20:42:29,912 [8048] INFO  FormLogin - 无法连接到远程服务器
2018-01-05 20:42:33,024 [10628] INFO  FormLogin - 无法连接到远程服务器
2018-01-05 20:42:35,954 [9860] INFO  FormLogin - 无法连接到远程服务器
2018-01-05 20:42:38,940 [8048] INFO  FormLogin - 无法连接到远程服务器
2018-01-05 20:42:41,986 [8048] INFO  FormLogin - 无法连接到远程服务器
2018-01-05 20:42:44,959 [9860] INFO  FormLogin - 无法连接到远程服务器
2018-01-05 20:42:48,108 [9860] INFO  FormLogin - 无法连接到远程服务器
2018-01-05 20:42:51,212 [8048] INFO  FormLogin - 无法连接到远程服务器
2018-01-05 20:42:54,262 [9860] INFO  FormLogin - 无法连接到远程服务器
2018-01-05 20:42:57,163 [9860] INFO  FormLogin - 无法连接到远程服务器
2018-01-05 20:43:00,011 [11784] INFO  FormLogin - 无法连接到远程服务器
2018-01-05 20:43:03,102 [8048] INFO  FormLogin - 无法连接到远程服务器
2018-01-05 20:43:03,398 [9860] INFO  FormLogin - 无法连接到远程服务器
2018-01-05 20:43:06,020 [9016] INFO  FormLogin - 无法连接到远程服务器
2018-01-05 20:43:09,076 [9016] INFO  FormLogin - 无法连接到远程服务器
2018-01-05 20:43:12,050 [9016] INFO  FormLogin - 无法连接到远程服务器
2018-01-05 20:43:15,048 [10628] INFO  FormLogin - 无法连接到远程服务器
2018-01-05 20:43:18,072 [11784] INFO  FormLogin - 无法连接到远程服务器
2018-01-05 20:43:21,079 [11784] INFO  FormLogin - 无法连接到远程服务器
2018-01-05 20:43:24,083 [9016] INFO  FormLogin - 无法连接到远程服务器
2018-01-05 20:43:27,089 [9860] INFO  FormLogin - 无法连接到远程服务器
2018-01-05 20:43:30,110 [9860] INFO  FormLogin - 无法连接到远程服务器
2018-01-05 20:43:33,094 [9016] INFO  FormLogin - 无法连接到远程服务器
2018-01-05 20:43:36,143 [10628] INFO  FormLogin - 无法连接到远程服务器
2018-01-05 20:43:39,160 [9016] INFO  FormLogin - 无法连接到远程服务器
2018-01-05 20:43:42,171 [9016] INFO  FormLogin - 无法连接到远程服务器
2018-01-05 20:43:45,255 [9016] INFO  FormLogin - 无法连接到远程服务器
2018-01-05 20:43:48,265 [9016] INFO  FormLogin - 无法连接到远程服务器
2018-01-05 20:43:51,241 [9860] INFO  FormLogin - 无法连接到远程服务器
2018-01-05 20:43:54,225 [9016] INFO  FormLogin - 无法连接到远程服务器
2018-01-05 20:43:57,228 [10628] INFO  FormLogin - 无法连接到远程服务器
2018-01-05 20:44:00,231 [9016] INFO  FormLogin - 无法连接到远程服务器
2018-01-05 20:44:03,140 [9016] INFO  FormLogin - 无法连接到远程服务器
2018-01-05 20:44:03,328 [9860] INFO  FormLogin - 无法连接到远程服务器
2018-01-05 20:44:06,180 [10628] INFO  FormLogin - 无法连接到远程服务器
2018-01-05 20:44:09,191 [10628] INFO  FormLogin - 无法连接到远程服务器
2018-01-05 20:45:02,937 [9784] INFO  FormLogin - 远程服务器返回错误: (404) 未找到。
2018-01-05 20:45:03,021 [4504] INFO  FormLogin - 远程服务器返回错误: (404) 未找到。
2018-01-05 20:45:03,090 [9656] INFO  FormLogin - 远程服务器返回错误: (404) 未找到。
2018-01-05 20:45:03,296 [9656] INFO  FormLogin - 远程服务器返回错误: (404) 未找到。
2018-01-05 20:45:03,452 [9784] INFO  FormLogin - 远程服务器返回错误: (404) 未找到。
2018-01-05 20:45:03,554 [4504] INFO  FormLogin - 远程服务器返回错误: (404) 未找到。
2018-01-05 20:45:03,737 [12104] INFO  FormLogin - 远程服务器返回错误: (404) 未找到。
2018-01-05 20:45:03,964 [9656] INFO  FormLogin - 远程服务器返回错误: (404) 未找到。
2018-01-05 20:45:04,073 [9784] INFO  FormLogin - 远程服务器返回错误: (404) 未找到。
2018-01-05 20:45:04,166 [12104] INFO  FormLogin - 远程服务器返回错误: (404) 未找到。
2018-01-05 20:45:04,272 [9656] INFO  FormLogin - 远程服务器返回错误: (404) 未找到。
2018-01-05 20:45:04,364 [9784] INFO  FormLogin - 远程服务器返回错误: (404) 未找到。
2018-01-05 20:45:04,470 [12104] INFO  FormLogin - 远程服务器返回错误: (404) 未找到。
2018-01-05 20:45:04,610 [9656] INFO  FormLogin - 远程服务器返回错误: (404) 未找到。
2018-01-05 20:45:04,741 [9784] INFO  FormLogin - 远程服务器返回错误: (404) 未找到。
2018-01-05 20:45:04,972 [12104] INFO  FormLogin - 远程服务器返回错误: (404) 未找到。
2018-01-05 20:45:05,074 [9656] INFO  FormLogin - 远程服务器返回错误: (404) 未找到。
2018-01-05 20:45:05,285 [9784] INFO  FormLogin - 远程服务器返回错误: (404) 未找到。
2018-01-05 20:45:05,543 [4504] INFO  FormLogin - 远程服务器返回错误: (404) 未找到。
2018-01-05 20:45:05,624 [12104] INFO  FormLogin - 远程服务器返回错误: (404) 未找到。
2018-01-05 20:45:05,756 [9032] INFO  FormLogin - 远程服务器返回错误: (404) 未找到。
2018-01-05 20:45:05,852 [9784] INFO  FormLogin - 远程服务器返回错误: (404) 未找到。
2018-01-05 20:45:05,932 [12104] INFO  FormLogin - 远程服务器返回错误: (404) 未找到。
2018-01-05 20:45:06,017 [9032] INFO  FormLogin - 远程服务器返回错误: (404) 未找到。
2018-01-05 20:45:06,108 [9656] INFO  FormLogin - 远程服务器返回错误: (404) 未找到。
2018-01-05 20:45:06,181 [12104] INFO  FormLogin - 远程服务器返回错误: (404) 未找到。
2018-01-05 20:45:06,252 [9784] INFO  FormLogin - 远程服务器返回错误: (404) 未找到。
2018-01-05 20:45:06,324 [4504] INFO  FormLogin - 远程服务器返回错误: (404) 未找到。
2018-01-05 20:46:02,572 [4504] INFO  FormLogin - 远程服务器返回错误: (404) 未找到。
2018-01-05 20:46:02,842 [8768] INFO  FormLogin - 远程服务器返回错误: (404) 未找到。
2018-01-05 20:46:02,970 [12012] INFO  FormLogin - 远程服务器返回错误: (404) 未找到。
2018-01-05 20:46:03,177 [8768] INFO  FormLogin - 远程服务器返回错误: (404) 未找到。
2018-01-05 20:46:03,349 [8768] INFO  FormLogin - 远程服务器返回错误: (404) 未找到。
2018-01-05 20:46:03,589 [12012] INFO  FormLogin - 远程服务器返回错误: (404) 未找到。
2018-01-05 20:46:03,712 [9208] INFO  FormLogin - 远程服务器返回错误: (404) 未找到。
2018-01-05 20:46:03,819 [4504] INFO  FormLogin - 远程服务器返回错误: (404) 未找到。
2018-01-05 20:46:04,040 [12012] INFO  FormLogin - 远程服务器返回错误: (404) 未找到。
2018-01-05 20:46:04,187 [8420] INFO  FormLogin - 远程服务器返回错误: (404) 未找到。
2018-01-05 20:46:04,312 [9828] INFO  FormLogin - 远程服务器返回错误: (404) 未找到。
2018-01-05 20:46:04,391 [12012] INFO  FormLogin - 远程服务器返回错误: (404) 未找到。
2018-01-05 20:46:04,533 [9296] INFO  FormLogin - 远程服务器返回错误: (404) 未找到。
2018-01-05 20:46:04,673 [8768] INFO  FormLogin - 远程服务器返回错误: (404) 未找到。
2018-01-05 20:46:04,813 [9208] INFO  FormLogin - 远程服务器返回错误: (404) 未找到。
2018-01-05 20:46:04,903 [12012] INFO  FormLogin - 远程服务器返回错误: (404) 未找到。
2018-01-05 20:46:05,048 [8420] INFO  FormLogin - 远程服务器返回错误: (404) 未找到。
2018-01-05 20:46:05,131 [9296] INFO  FormLogin - 远程服务器返回错误: (404) 未找到。
2018-01-05 20:46:05,243 [9208] INFO  FormLogin - 远程服务器返回错误: (404) 未找到。
2018-01-05 20:46:05,344 [9828] INFO  FormLogin - 远程服务器返回错误: (404) 未找到。
2018-01-05 20:46:05,419 [9296] INFO  FormLogin - 远程服务器返回错误: (404) 未找到。
2018-01-05 20:46:05,542 [12012] INFO  FormLogin - 远程服务器返回错误: (404) 未找到。
2018-01-05 20:46:05,629 [9208] INFO  FormLogin - 远程服务器返回错误: (404) 未找到。
2018-01-05 20:46:05,791 [8768] INFO  FormLogin - 远程服务器返回错误: (404) 未找到。
2018-01-05 20:46:05,866 [9828] INFO  FormLogin - 远程服务器返回错误: (404) 未找到。
2018-01-05 20:46:05,930 [9296] INFO  FormLogin - 远程服务器返回错误: (404) 未找到。
2018-01-05 20:46:05,994 [8420] INFO  FormLogin - 远程服务器返回错误: (404) 未找到。
2018-01-05 20:46:06,057 [4504] INFO  FormLogin - 远程服务器返回错误: (404) 未找到。
2018-01-05 20:47:02,395 [7996] INFO  FormLogin - 远程服务器返回错误: (404) 未找到。
2018-01-05 20:47:02,464 [11288] INFO  FormLogin - 远程服务器返回错误: (404) 未找到。
2018-01-05 20:47:02,517 [7996] INFO  FormLogin - 远程服务器返回错误: (404) 未找到。
2018-01-05 20:47:02,552 [6884] INFO  FormLogin - 远程服务器返回错误: (404) 未找到。
2018-01-05 20:47:02,588 [4504] INFO  FormLogin - 远程服务器返回错误: (404) 未找到。
2018-01-05 20:47:02,612 [6884] INFO  FormLogin - 远程服务器返回错误: (404) 未找到。
2018-01-05 20:47:02,639 [11288] INFO  FormLogin - 远程服务器返回错误: (404) 未找到。
2018-01-05 20:47:02,657 [7996] INFO  FormLogin - 远程服务器返回错误: (404) 未找到。
2018-01-05 20:47:02,682 [6884] INFO  FormLogin - 远程服务器返回错误: (404) 未找到。
2018-01-05 20:47:02,707 [11288] INFO  FormLogin - 远程服务器返回错误: (404) 未找到。
2018-01-05 20:47:02,750 [4504] INFO  FormLogin - 远程服务器返回错误: (404) 未找到。
2018-01-05 20:47:02,766 [6884] INFO  FormLogin - 远程服务器返回错误: (404) 未找到。
2018-01-05 20:47:02,816 [11288] INFO  FormLogin - 远程服务器返回错误: (404) 未找到。
2018-01-05 20:47:02,837 [4504] INFO  FormLogin - 远程服务器返回错误: (404) 未找到。
2018-01-05 20:47:02,864 [6884] INFO  FormLogin - 远程服务器返回错误: (404) 未找到。
2018-01-05 20:47:02,899 [11288] INFO  FormLogin - 远程服务器返回错误: (404) 未找到。
2018-01-05 20:47:02,941 [7996] INFO  FormLogin - 远程服务器返回错误: (404) 未找到。
2018-01-05 20:47:02,975 [6884] INFO  FormLogin - 远程服务器返回错误: (404) 未找到。
2018-01-05 20:47:02,996 [11288] INFO  FormLogin - 远程服务器返回错误: (404) 未找到。
2018-01-05 20:47:03,013 [7996] INFO  FormLogin - 远程服务器返回错误: (404) 未找到。
2018-01-05 20:47:03,028 [6884] INFO  FormLogin - 远程服务器返回错误: (404) 未找到。
2018-01-05 20:47:03,066 [4504] INFO  FormLogin - 远程服务器返回错误: (404) 未找到。
2018-01-05 20:47:03,102 [11288] INFO  FormLogin - 远程服务器返回错误: (404) 未找到。
2018-01-05 20:47:03,117 [6884] INFO  FormLogin - 远程服务器返回错误: (404) 未找到。
2018-01-05 20:47:03,133 [7996] INFO  FormLogin - 远程服务器返回错误: (404) 未找到。
2018-01-05 20:47:03,149 [7308] INFO  FormLogin - 远程服务器返回错误: (404) 未找到。
2018-01-05 20:47:03,164 [4504] INFO  FormLogin - 远程服务器返回错误: (404) 未找到。
2018-01-05 20:47:03,179 [3812] INFO  FormLogin - 远程服务器返回错误: (404) 未找到。
2018-01-05 20:48:02,813 [9412] INFO  FormLogin - 远程服务器返回错误: (404) 未找到。
2018-01-05 20:48:02,922 [12016] INFO  FormLogin - 远程服务器返回错误: (404) 未找到。
2018-01-05 20:48:03,021 [11768] INFO  FormLogin - 远程服务器返回错误: (404) 未找到。
2018-01-05 20:48:03,227 [9412] INFO  FormLogin - 远程服务器返回错误: (404) 未找到。
2018-01-05 20:48:03,355 [3812] INFO  FormLogin - 远程服务器返回错误: (404) 未找到。
2018-01-05 20:48:03,481 [12016] INFO  FormLogin - 远程服务器返回错误: (404) 未找到。
2018-01-05 20:48:03,603 [11768] INFO  FormLogin - 远程服务器返回错误: (404) 未找到。
2018-01-05 20:48:03,714 [3812] INFO  FormLogin - 远程服务器返回错误: (404) 未找到。
2018-01-05 20:48:03,869 [9412] INFO  FormLogin - 远程服务器返回错误: (404) 未找到。
2018-01-05 20:48:03,972 [12016] INFO  FormLogin - 远程服务器返回错误: (404) 未找到。
2018-01-05 20:48:04,051 [3812] INFO  FormLogin - 远程服务器返回错误: (404) 未找到。
2018-01-05 20:48:04,236 [4060] INFO  FormLogin - 远程服务器返回错误: (404) 未找到。
2018-01-05 20:48:04,340 [12016] INFO  FormLogin - 远程服务器返回错误: (404) 未找到。
2018-01-05 20:48:04,443 [3812] INFO  FormLogin - 远程服务器返回错误: (404) 未找到。
2018-01-05 20:48:04,529 [9412] INFO  FormLogin - 远程服务器返回错误: (404) 未找到。
2018-01-05 20:48:04,710 [3812] INFO  FormLogin - 远程服务器返回错误: (404) 未找到。
2018-01-05 20:48:05,008 [12016] INFO  FormLogin - 远程服务器返回错误: (404) 未找到。
2018-01-05 20:48:05,248 [11768] INFO  FormLogin - 远程服务器返回错误: (404) 未找到。
2018-01-05 20:48:05,403 [3812] INFO  FormLogin - 远程服务器返回错误: (404) 未找到。
2018-01-05 20:48:05,604 [10704] INFO  FormLogin - 远程服务器返回错误: (404) 未找到。
2018-01-05 20:48:05,689 [12016] INFO  FormLogin - 远程服务器返回错误: (404) 未找到。
2018-01-05 20:48:05,815 [11768] INFO  FormLogin - 远程服务器返回错误: (404) 未找到。
2018-01-05 20:48:05,891 [3812] INFO  FormLogin - 远程服务器返回错误: (404) 未找到。
2018-01-05 20:48:05,969 [10704] INFO  FormLogin - 远程服务器返回错误: (404) 未找到。
2018-01-05 20:48:06,026 [4060] INFO  FormLogin - 远程服务器返回错误: (404) 未找到。
2018-01-05 20:48:06,160 [12016] INFO  FormLogin - 远程服务器返回错误: (404) 未找到。
2018-01-05 20:48:06,227 [11768] INFO  FormLogin - 远程服务器返回错误: (404) 未找到。
2018-01-05 20:48:06,307 [9412] INFO  FormLogin - 远程服务器返回错误: (404) 未找到。
2018-01-05 20:48:25,698 [9684] INFO  FormLogin - 远程服务器返回错误: (404) 未找到。
2018-01-05 20:48:25,785 [9412] INFO  FormLogin - 远程服务器返回错误: (404) 未找到。
2018-01-05 20:48:25,846 [11032] INFO  FormLogin - 远程服务器返回错误: (404) 未找到。
2018-01-05 20:48:26,091 [9412] INFO  FormLogin - 远程服务器返回错误: (404) 未找到。
2018-01-05 20:48:26,211 [1268] INFO  FormLogin - 远程服务器返回错误: (404) 未找到。
2018-01-05 20:48:26,277 [9684] INFO  FormLogin - 远程服务器返回错误: (404) 未找到。
2018-01-05 20:48:26,429 [9412] INFO  FormLogin - 远程服务器返回错误: (404) 未找到。
2018-01-05 20:48:26,543 [9684] INFO  FormLogin - 远程服务器返回错误: (404) 未找到。
2018-01-05 20:48:26,653 [9412] INFO  FormLogin - 远程服务器返回错误: (404) 未找到。
2018-01-05 20:48:26,716 [1268] INFO  FormLogin - 远程服务器返回错误: (404) 未找到。
2018-01-05 20:48:26,778 [1268] INFO  FormLogin - 远程服务器返回错误: (404) 未找到。
2018-01-05 20:48:27,047 [1268] INFO  FormLogin - 远程服务器返回错误: (404) 未找到。
2018-01-05 20:48:27,174 [9684] INFO  FormLogin - 远程服务器返回错误: (404) 未找到。
2018-01-05 20:48:27,239 [9412] INFO  FormLogin - 远程服务器返回错误: (404) 未找到。
2018-01-05 20:48:27,304 [1268] INFO  FormLogin - 远程服务器返回错误: (404) 未找到。
2018-01-05 20:48:27,516 [9412] INFO  FormLogin - 远程服务器返回错误: (404) 未找到。
2018-01-05 20:48:27,640 [9684] INFO  FormLogin - 远程服务器返回错误: (404) 未找到。
2018-01-05 20:48:27,783 [1268] INFO  FormLogin - 远程服务器返回错误: (404) 未找到。
2018-01-05 20:48:27,946 [9412] INFO  FormLogin - 远程服务器返回错误: (404) 未找到。
2018-01-05 20:48:28,072 [11032] INFO  FormLogin - 远程服务器返回错误: (404) 未找到。
2018-01-05 20:48:28,174 [9412] INFO  FormLogin - 远程服务器返回错误: (404) 未找到。
2018-01-05 20:48:28,305 [9684] INFO  FormLogin - 远程服务器返回错误: (404) 未找到。
2018-01-05 20:48:28,380 [1268] INFO  FormLogin - 远程服务器返回错误: (404) 未找到。
2018-01-05 20:48:28,497 [9412] INFO  FormLogin - 远程服务器返回错误: (404) 未找到。
2018-01-05 20:48:28,611 [9412] INFO  FormLogin - 远程服务器返回错误: (404) 未找到。
2018-01-05 20:48:28,921 [9412] INFO  FormLogin - 远程服务器返回错误: (404) 未找到。
2018-01-05 20:48:28,988 [11032] INFO  FormLogin - 远程服务器返回错误: (404) 未找到。
2018-01-05 20:48:29,100 [1268] INFO  FormLogin - 远程服务器返回错误: (404) 未找到。
2018-01-05 20:49:02,521 [1268] INFO  FormLogin - 远程服务器返回错误: (404) 未找到。
2018-01-05 20:49:02,536 [7004] INFO  FormLogin - 远程服务器返回错误: (404) 未找到。
2018-01-05 20:49:02,566 [11340] INFO  FormLogin - 远程服务器返回错误: (404) 未找到。
2018-01-05 20:49:02,593 [7788] INFO  FormLogin - 远程服务器返回错误: (404) 未找到。
2018-01-05 20:49:02,622 [7004] INFO  FormLogin - 远程服务器返回错误: (404) 未找到。
2018-01-05 20:49:02,638 [1268] INFO  FormLogin - 远程服务器返回错误: (404) 未找到。
2018-01-05 20:49:02,666 [7788] INFO  FormLogin - 远程服务器返回错误: (404) 未找到。
2018-01-05 20:49:02,697 [11340] INFO  FormLogin - 远程服务器返回错误: (404) 未找到。
2018-01-05 20:49:02,738 [7004] INFO  FormLogin - 远程服务器返回错误: (404) 未找到。
2018-01-05 20:49:02,754 [1268] INFO  FormLogin - 远程服务器返回错误: (404) 未找到。
2018-01-05 20:49:02,782 [11340] INFO  FormLogin - 远程服务器返回错误: (404) 未找到。
2018-01-05 20:49:02,815 [7004] INFO  FormLogin - 远程服务器返回错误: (404) 未找到。
2018-01-05 20:49:02,831 [11340] INFO  FormLogin - 远程服务器返回错误: (404) 未找到。
2018-01-05 20:49:02,861 [1268] INFO  FormLogin - 远程服务器返回错误: (404) 未找到。
2018-01-05 20:49:02,916 [11340] INFO  FormLogin - 远程服务器返回错误: (404) 未找到。
2018-01-05 20:49:02,934 [7788] INFO  FormLogin - 远程服务器返回错误: (404) 未找到。
2018-01-05 20:49:02,963 [7788] INFO  FormLogin - 远程服务器返回错误: (404) 未找到。
2018-01-05 20:49:02,992 [11340] INFO  FormLogin - 远程服务器返回错误: (404) 未找到。
2018-01-05 20:49:03,020 [1268] INFO  FormLogin - 远程服务器返回错误: (404) 未找到。
2018-01-05 20:49:03,050 [11340] INFO  FormLogin - 远程服务器返回错误: (404) 未找到。
2018-01-05 20:49:03,066 [7004] INFO  FormLogin - 远程服务器返回错误: (404) 未找到。
2018-01-05 20:49:03,099 [1268] INFO  FormLogin - 远程服务器返回错误: (404) 未找到。
2018-01-05 20:49:03,129 [11340] INFO  FormLogin - 远程服务器返回错误: (404) 未找到。
2018-01-05 20:49:03,172 [1268] INFO  FormLogin - 远程服务器返回错误: (404) 未找到。
2018-01-05 20:49:03,200 [7004] INFO  FormLogin - 远程服务器返回错误: (404) 未找到。
2018-01-05 20:49:03,226 [1268] INFO  FormLogin - 远程服务器返回错误: (404) 未找到。
2018-01-05 20:49:03,264 [11340] INFO  FormLogin - 远程服务器返回错误: (404) 未找到。
2018-01-05 20:49:03,279 [1268] INFO  FormLogin - 远程服务器返回错误: (404) 未找到。
