2018-02-01 11:16:03,036 [7308] INFO  FormPosBan - 修改交班记录
2018-02-01 11:16:03,122 [7308] INFO  FormPosBan - 修改交班记录成功
2018-02-01 11:16:03,248 [7308] INFO  FormPosBan - 开始上传数据
2018-02-01 11:16:05,998 [7308] INFO  FormPosBan - 上传数据成功
2018-02-01 13:31:43,129 [5676] INFO  FormClientRecharge - 无法连接到远程服务器
2018-02-01 16:04:00,488 [9736] INFO  FormLogin - 远程服务器返回错误: (502) 错误的网关。
2018-02-01 16:04:00,626 [3436] INFO  FormLogin - 远程服务器返回错误: (502) 错误的网关。
2018-02-01 16:04:00,655 [9108] INFO  FormLogin - 远程服务器返回错误: (502) 错误的网关。
2018-02-01 16:04:00,708 [1040] INFO  FormLogin - 远程服务器返回错误: (502) 错误的网关。
2018-02-01 16:04:00,754 [8172] INFO  FormLogin - 远程服务器返回错误: (502) 错误的网关。
2018-02-01 16:04:00,802 [1040] INFO  FormLogin - 远程服务器返回错误: (502) 错误的网关。
2018-02-01 16:04:00,838 [3436] INFO  FormLogin - 远程服务器返回错误: (502) 错误的网关。
2018-02-01 16:04:00,871 [1040] INFO  FormLogin - 远程服务器返回错误: (502) 错误的网关。
2018-02-01 16:04:00,916 [9108] INFO  FormLogin - 远程服务器返回错误: (502) 错误的网关。
2018-02-01 16:04:00,944 [3436] INFO  FormLogin - 远程服务器返回错误: (502) 错误的网关。
2018-02-01 16:04:00,967 [8172] INFO  FormLogin - 远程服务器返回错误: (502) 错误的网关。
2018-02-01 16:04:00,985 [7776] INFO  FormLogin - 远程服务器返回错误: (502) 错误的网关。
2018-02-01 16:04:01,001 [1040] INFO  FormLogin - 远程服务器返回错误: (502) 错误的网关。
2018-02-01 16:04:01,019 [9736] INFO  FormLogin - 远程服务器返回错误: (502) 错误的网关。
2018-02-01 16:05:30,392 [3456] INFO  FormLogin - 远程服务器返回错误: (504) 网关超时。
2018-02-01 16:05:31,088 [3456] INFO  FormLogin - 远程服务器返回错误: (504) 网关超时。
