2018-01-23 11:17:25,134 [8256] INFO  FormLogin - ****************************异常文本****************************
【出现时间】：2018-01-23 11:17:25
【异常类型】：FormatException
【异常信息】：输入字符串的格式不正确。
【堆栈调用】：   在 POS.BLL.SaleBLL.GetClntDay(Int32 day) 位置 D:\开发\开发\Pos\POS.BLL\SaleBLL.cs:行号 137
   在 POS.Sale.FormMain.Sale(GoodModel good, Nullable`1 saleID, Guid id) 位置 D:\开发\开发\Pos\POS\Sale\FormMain.cs:行号 1784
   在 POS.Sale.FormMain.bteClientName_EditValueChanged(Object sender, EventArgs e) 位置 D:\开发\开发\Pos\POS\Sale\FormMain.cs:行号 2683
   在 DevExpress.XtraEditors.Repository.RepositoryItem.RaiseEditValueChangedCore(EventArgs e)
   在 DevExpress.XtraEditors.TextEdit.OnEditValueChanged()
   在 DevExpress.XtraEditors.BaseEdit.OnEditValueChanging(ChangingEventArgs e)
   在 DevExpress.XtraEditors.TextEdit.OnEditValueChanging(ChangingEventArgs e)
   在 DevExpress.XtraEditors.TextEdit.set_Text(String value)
   在 POS.Sale.FormMain.SetClientInfo() 位置 D:\开发\开发\Pos\POS\Sale\FormMain.cs:行号 787
   在 POS.Sale.FormMain.QueryClnt() 位置 D:\开发\开发\Pos\POS\Sale\FormMain.cs:行号 737
   在 POS.Sale.FormMain.bteClientCode_KeyDown(Object sender, KeyEventArgs e) 位置 D:\开发\开发\Pos\POS\Sale\FormMain.cs:行号 689
   在 System.Windows.Forms.Control.OnKeyDown(KeyEventArgs e)
   在 DevExpress.XtraEditors.BaseEdit.OnKeyDown(KeyEventArgs e)
   在 System.Windows.Forms.Control.OnKeyDown(KeyEventArgs e)
   在 DevExpress.XtraEditors.Mask.MaskBox.OnKeyDown(KeyEventArgs e)
   在 System.Windows.Forms.Control.ProcessKeyEventArgs(Message& m)
   在 System.Windows.Forms.Control.WmKeyChar(Message& m)
   在 System.Windows.Forms.Control.WndProc(Message& m)
   在 System.Windows.Forms.TextBox.WndProc(Message& m)
   在 DevExpress.XtraEditors.Mask.MaskBox.WndProc(Message& m)
   在 DevExpress.XtraEditors.TextBoxMaskBox.WndProc(Message& msg)
   在 System.Windows.Forms.NativeWindow.Callback(IntPtr hWnd, Int32 msg, IntPtr wparam, IntPtr lparam)
***************************************************************

