2018-03-01 09:44:55,010 [4348] INFO  HttpClient - 无法连接到远程服务器
2018-03-01 09:45:18,357 [4348] INFO  HttpClient - 无法连接到远程服务器
2018-03-01 10:08:28,729 [8636] INFO  FormLogin - 验证失败
2018-03-01 11:05:52,272 [6716] INFO  HttpClient - 验证失败
2018-03-01 13:41:56,381 [6552] INFO  HttpClient - 验证失败
2018-03-01 13:41:56,450 [2616] INFO  HttpClient - 验证失败
2018-03-01 14:02:48,818 [6720] INFO  HttpClient - 未将对象引用设置到对象的实例。
2018-03-01 14:22:03,892 [10508] INFO  FormPosBan - 验证失败
2018-03-01 14:26:46,902 [5952] INFO  FormPosBan - 验证失败
2018-03-01 14:27:32,380 [5952] INFO  FormPosBan - 验证失败
2018-03-01 14:27:51,352 [11068] INFO  FormPosBan - 验证失败
2018-03-01 14:27:51,370 [11068] INFO  FormPosBan - 验证失败
2018-03-01 14:27:51,569 [2624] INFO  FormPosBan - 验证失败
2018-03-01 14:27:51,697 [2624] INFO  FormPosBan - 验证失败
2018-03-01 14:27:51,725 [5952] INFO  FormPosBan - 验证失败
2018-03-01 14:27:51,767 [11068] INFO  FormPosBan - 验证失败
2018-03-01 14:27:51,804 [2624] INFO  FormPosBan - 验证失败
2018-03-01 14:27:51,849 [5952] INFO  FormPosBan - 验证失败
2018-03-01 14:27:51,889 [11068] INFO  FormPosBan - 验证失败
2018-03-01 14:27:51,927 [5952] INFO  FormPosBan - 验证失败
2018-03-01 14:27:51,967 [11076] INFO  FormPosBan - 验证失败
2018-03-01 14:27:51,999 [11068] INFO  FormPosBan - 验证失败
2018-03-01 14:27:52,036 [11068] INFO  FormPosBan - 验证失败
2018-03-01 14:27:52,108 [11068] INFO  FormPosBan - 验证失败
2018-03-01 14:27:52,240 [11068] INFO  FormPosBan - 验证失败
2018-03-01 14:27:52,248 [5952] INFO  FormPosBan - 验证失败
2018-03-01 14:27:52,286 [11068] INFO  FormPosBan - 验证失败
2018-03-01 14:27:52,332 [11076] INFO  FormPosBan - 验证失败
2018-03-01 14:27:52,372 [5952] INFO  FormPosBan - 验证失败
2018-03-01 14:27:52,410 [5952] INFO  FormPosBan - 验证失败
2018-03-01 14:27:52,465 [11076] INFO  FormPosBan - 验证失败
2018-03-01 14:27:52,543 [11068] INFO  FormPosBan - 验证失败
2018-03-01 14:27:52,582 [2624] INFO  FormPosBan - 验证失败
2018-03-01 14:27:52,590 [11076] INFO  FormPosBan - 验证失败
2018-03-01 14:27:52,632 [11076] INFO  FormPosBan - 验证失败
2018-03-01 14:27:52,669 [11068] INFO  FormPosBan - 验证失败
2018-03-01 14:27:52,688 [11068] INFO  FormPosBan - 验证失败
2018-03-01 16:37:05,215 [10656] INFO  FormLogin - 验证失败
2018-03-01 16:37:05,268 [2040] INFO  FormLogin - 验证失败
2018-03-01 16:37:05,373 [10656] INFO  FormLogin - 验证失败
2018-03-01 16:37:05,584 [2040] INFO  FormLogin - 验证失败
2018-03-01 16:37:05,590 [4036] INFO  FormLogin - 验证失败
2018-03-01 16:37:05,622 [2040] INFO  FormLogin - 验证失败
2018-03-01 16:37:05,628 [10656] INFO  FormLogin - 验证失败
2018-03-01 16:37:05,655 [1376] INFO  FormLogin - 验证失败
2018-03-01 16:37:05,664 [2040] INFO  FormLogin - 验证失败
2018-03-01 16:37:05,697 [1376] INFO  FormLogin - 验证失败
2018-03-01 16:37:05,736 [2040] INFO  FormLogin - 验证失败
2018-03-01 16:37:05,794 [1376] INFO  FormLogin - 验证失败
2018-03-01 16:37:05,821 [2040] INFO  FormLogin - 验证失败
2018-03-01 16:37:05,890 [2040] INFO  FormLogin - 验证失败
2018-03-01 16:37:05,927 [1376] INFO  FormLogin - 验证失败
2018-03-01 16:37:05,991 [2040] INFO  FormLogin - 验证失败
2018-03-01 16:37:06,025 [4036] INFO  FormLogin - 验证失败
2018-03-01 16:37:06,056 [1376] INFO  FormLogin - 验证失败
2018-03-01 16:37:06,094 [1376] INFO  FormLogin - 验证失败
2018-03-01 16:37:06,131 [1376] INFO  FormLogin - 验证失败
2018-03-01 16:37:06,173 [4036] INFO  FormLogin - 验证失败
2018-03-01 16:37:06,182 [1376] INFO  FormLogin - 验证失败
2018-03-01 16:37:06,295 [1376] INFO  FormLogin - 验证失败
2018-03-01 16:37:06,330 [10656] INFO  FormLogin - 验证失败
2018-03-01 16:37:06,341 [1376] INFO  FormLogin - 验证失败
2018-03-01 16:37:06,361 [1376] INFO  FormLogin - 验证失败
2018-03-01 16:37:06,401 [1376] INFO  FormLogin - 验证失败
2018-03-01 16:37:07,935 [10656] INFO  FormLogin - 验证失败
2018-03-01 16:37:07,994 [10656] INFO  FormLogin - 验证失败
2018-03-01 16:37:08,308 [1376] INFO  FormLogin - 验证失败
2018-03-01 16:37:08,591 [2040] INFO  FormLogin - 验证失败
2018-03-01 16:37:08,598 [10656] INFO  FormLogin - 验证失败
2018-03-01 16:37:08,657 [10656] INFO  FormLogin - 验证失败
2018-03-01 16:37:08,832 [1376] INFO  FormLogin - 验证失败
2018-03-01 16:37:08,840 [2040] INFO  FormLogin - 验证失败
2018-03-01 16:37:08,906 [1376] INFO  FormLogin - 验证失败
2018-03-01 16:37:08,937 [2040] INFO  FormLogin - 验证失败
2018-03-01 16:37:09,000 [2040] INFO  FormLogin - 验证失败
2018-03-01 16:37:09,082 [2040] INFO  FormLogin - 验证失败
2018-03-01 16:37:09,123 [2040] INFO  FormLogin - 验证失败
2018-03-01 16:37:09,204 [1376] INFO  FormLogin - 验证失败
2018-03-01 16:37:09,386 [10656] INFO  FormLogin - 验证失败
2018-03-01 16:37:09,425 [1376] INFO  FormLogin - 验证失败
2018-03-01 16:37:09,427 [2040] INFO  FormLogin - 验证失败
2018-03-01 16:37:09,429 [4036] INFO  FormLogin - 验证失败
2018-03-01 16:37:09,471 [2040] INFO  FormLogin - 验证失败
2018-03-01 16:37:09,514 [1376] INFO  FormLogin - 验证失败
2018-03-01 16:37:09,580 [4036] INFO  FormLogin - 验证失败
2018-03-01 16:37:09,637 [2040] INFO  FormLogin - 验证失败
2018-03-01 16:37:09,688 [2040] INFO  FormLogin - 验证失败
2018-03-01 16:37:09,791 [4036] INFO  FormLogin - 验证失败
2018-03-01 16:37:09,868 [2040] INFO  FormLogin - 验证失败
2018-03-01 16:37:09,871 [4036] INFO  FormLogin - 验证失败
2018-03-01 16:37:09,922 [2040] INFO  FormLogin - 验证失败
2018-03-01 16:37:11,385 [1376] INFO  FormLogin - 验证失败
2018-03-01 16:37:11,417 [1376] INFO  FormLogin - 验证失败
2018-03-01 16:37:11,471 [4036] INFO  FormLogin - 验证失败
2018-03-01 16:37:11,606 [4036] INFO  FormLogin - 验证失败
2018-03-01 16:37:11,652 [1376] INFO  FormLogin - 验证失败
2018-03-01 16:37:11,702 [1376] INFO  FormLogin - 验证失败
2018-03-01 16:37:11,742 [1376] INFO  FormLogin - 验证失败
2018-03-01 16:37:11,787 [2040] INFO  FormLogin - 验证失败
2018-03-01 16:37:11,836 [4036] INFO  FormLogin - 验证失败
2018-03-01 16:37:11,891 [1376] INFO  FormLogin - 验证失败
2018-03-01 16:37:11,949 [1376] INFO  FormLogin - 验证失败
2018-03-01 16:37:12,081 [2040] INFO  FormLogin - 验证失败
2018-03-01 16:37:12,117 [1376] INFO  FormLogin - 验证失败
2018-03-01 16:37:12,151 [4036] INFO  FormLogin - 验证失败
2018-03-01 16:37:12,178 [1376] INFO  FormLogin - 验证失败
2018-03-01 16:37:12,208 [1376] INFO  FormLogin - 验证失败
2018-03-01 16:37:12,313 [1376] INFO  FormLogin - 验证失败
2018-03-01 16:37:12,362 [1376] INFO  FormLogin - 验证失败
2018-03-01 16:37:12,425 [4036] INFO  FormLogin - 验证失败
2018-03-01 16:37:12,571 [1376] INFO  FormLogin - 验证失败
2018-03-01 16:37:14,243 [2040] INFO  FormLogin - 验证失败
2018-03-01 16:37:14,311 [10656] INFO  FormLogin - 验证失败
2018-03-01 16:37:14,529 [10656] INFO  FormLogin - 验证失败
2018-03-01 16:37:14,567 [4036] INFO  FormLogin - 验证失败
2018-03-01 16:37:14,657 [2040] INFO  FormLogin - 验证失败
2018-03-01 16:37:14,701 [10656] INFO  FormLogin - 验证失败
2018-03-01 16:37:14,785 [4036] INFO  FormLogin - 验证失败
2018-03-01 16:37:14,922 [10656] INFO  FormLogin - 验证失败
2018-03-01 16:37:14,969 [1376] INFO  FormLogin - 验证失败
2018-03-01 16:37:14,971 [2040] INFO  FormLogin - 验证失败
2018-03-01 16:37:15,000 [4036] INFO  FormLogin - 验证失败
2018-03-01 16:37:15,078 [4036] INFO  FormLogin - 验证失败
2018-03-01 16:37:15,261 [4036] INFO  FormLogin - 验证失败
2018-03-01 16:37:15,393 [1376] INFO  FormLogin - 验证失败
2018-03-01 16:37:15,439 [10656] INFO  FormLogin - 验证失败
2018-03-01 16:37:15,440 [4036] INFO  FormLogin - 验证失败
2018-03-01 16:37:15,524 [4036] INFO  FormLogin - 验证失败
2018-03-01 16:37:15,579 [2040] INFO  FormLogin - 验证失败
2018-03-01 16:37:15,655 [10656] INFO  FormLogin - 验证失败
2018-03-01 16:37:15,716 [4036] INFO  FormLogin - 验证失败
2018-03-01 16:37:15,802 [2040] INFO  FormLogin - 验证失败
2018-03-01 16:37:15,848 [10656] INFO  FormLogin - 验证失败
2018-03-01 16:37:15,937 [4036] INFO  FormLogin - 验证失败
2018-03-01 16:37:15,984 [2040] INFO  FormLogin - 验证失败
2018-03-01 16:37:16,029 [4036] INFO  FormLogin - 验证失败
2018-03-01 16:37:16,070 [4036] INFO  FormLogin - 验证失败
2018-03-01 16:37:21,011 [10656] INFO  FormLogin - 验证失败
2018-03-01 16:37:21,344 [2040] INFO  FormLogin - 验证失败
2018-03-01 16:37:21,449 [10656] INFO  FormLogin - 验证失败
2018-03-01 16:37:21,493 [2040] INFO  FormLogin - 验证失败
2018-03-01 16:37:21,537 [10656] INFO  FormLogin - 验证失败
2018-03-01 16:37:23,090 [10656] INFO  FormLogin - 验证失败
2018-03-01 16:37:26,554 [10656] INFO  FormLogin - 验证失败
2018-03-01 16:37:26,632 [10656] INFO  FormLogin - 验证失败
2018-03-01 16:37:26,687 [2040] INFO  FormLogin - 验证失败
2018-03-01 16:37:26,854 [2040] INFO  FormLogin - 验证失败
2018-03-01 16:37:26,904 [10656] INFO  FormLogin - 验证失败
2018-03-01 16:37:26,989 [2040] INFO  FormLogin - 验证失败
2018-03-01 16:37:27,040 [10656] INFO  FormLogin - 验证失败
2018-03-01 16:37:27,116 [4036] INFO  FormLogin - 验证失败
2018-03-01 16:37:27,169 [4036] INFO  FormLogin - 验证失败
2018-03-01 16:37:27,175 [10656] INFO  FormLogin - 验证失败
2018-03-01 16:37:27,405 [10656] INFO  FormLogin - 验证失败
2018-03-01 16:37:27,437 [4036] INFO  FormLogin - 验证失败
2018-03-01 16:37:27,482 [4036] INFO  FormLogin - 验证失败
2018-03-01 16:37:27,608 [4036] INFO  FormLogin - 验证失败
2018-03-01 16:37:27,694 [10656] INFO  FormLogin - 验证失败
2018-03-01 16:37:27,742 [2040] INFO  FormLogin - 验证失败
2018-03-01 16:37:27,824 [4036] INFO  FormLogin - 验证失败
2018-03-01 16:37:27,871 [4036] INFO  FormLogin - 验证失败
2018-03-01 16:37:27,951 [4036] INFO  FormLogin - 验证失败
2018-03-01 16:37:28,006 [10656] INFO  FormLogin - 验证失败
2018-03-01 16:37:28,088 [4036] INFO  FormLogin - 验证失败
2018-03-01 16:37:28,137 [10656] INFO  FormLogin - 验证失败
2018-03-01 16:37:28,216 [10656] INFO  FormLogin - 验证失败
2018-03-01 16:37:28,261 [10656] INFO  FormLogin - 验证失败
2018-03-01 16:37:28,305 [2040] INFO  FormLogin - 验证失败
2018-03-01 16:37:28,337 [2040] INFO  FormLogin - 验证失败
2018-03-01 16:37:29,950 [4036] INFO  FormLogin - 验证失败
2018-03-01 16:37:29,994 [4036] INFO  FormLogin - 验证失败
2018-03-01 16:37:30,048 [2040] INFO  FormLogin - 验证失败
2018-03-01 16:37:30,268 [4036] INFO  FormLogin - 验证失败
2018-03-01 16:37:30,430 [10656] INFO  FormLogin - 验证失败
2018-03-01 16:37:30,436 [2040] INFO  FormLogin - 验证失败
2018-03-01 16:37:30,797 [2040] INFO  FormLogin - 验证失败
2018-03-01 16:37:30,826 [7284] INFO  FormLogin - 验证失败
2018-03-01 16:37:30,840 [7284] INFO  FormLogin - 验证失败
2018-03-01 16:37:30,854 [7284] INFO  FormLogin - 验证失败
2018-03-01 16:37:31,069 [7284] INFO  FormLogin - 验证失败
2018-03-01 16:37:31,099 [7284] INFO  FormLogin - 验证失败
2018-03-01 16:37:31,178 [7284] INFO  FormLogin - 验证失败
2018-03-01 16:37:31,254 [2040] INFO  FormLogin - 验证失败
2018-03-01 16:37:31,379 [2040] INFO  FormLogin - 验证失败
2018-03-01 16:37:31,422 [10656] INFO  FormLogin - 验证失败
2018-03-01 16:37:31,501 [10656] INFO  FormLogin - 验证失败
2018-03-01 16:37:31,543 [2040] INFO  FormLogin - 验证失败
2018-03-01 16:37:31,632 [7284] INFO  FormLogin - 验证失败
2018-03-01 16:37:31,674 [10656] INFO  FormLogin - 验证失败
2018-03-01 16:37:31,768 [10656] INFO  FormLogin - 验证失败
2018-03-01 16:37:31,805 [7284] INFO  FormLogin - 验证失败
2018-03-01 16:37:31,903 [2040] INFO  FormLogin - 验证失败
2018-03-01 16:37:31,904 [10656] INFO  FormLogin - 验证失败
2018-03-01 16:37:32,031 [10656] INFO  FormLogin - 验证失败
2018-03-01 16:37:32,066 [10656] INFO  FormLogin - 验证失败
2018-03-01 16:37:32,068 [10656] INFO  FormLogin - 验证失败
2018-03-01 16:37:33,425 [10656] INFO  FormLogin - 验证失败
2018-03-01 16:37:33,472 [4036] INFO  FormLogin - 验证失败
2018-03-01 16:37:33,500 [4036] INFO  FormLogin - 验证失败
2018-03-01 16:37:33,530 [2040] INFO  FormLogin - 验证失败
2018-03-01 16:37:33,579 [4036] INFO  FormLogin - 验证失败
2018-03-01 16:37:33,701 [4036] INFO  FormLogin - 验证失败
2018-03-01 16:37:33,730 [2040] INFO  FormLogin - 验证失败
2018-03-01 16:37:33,763 [4036] INFO  FormLogin - 验证失败
2018-03-01 16:37:33,797 [4036] INFO  FormLogin - 验证失败
2018-03-01 16:37:33,847 [4036] INFO  FormLogin - 验证失败
2018-03-01 16:37:33,917 [2040] INFO  FormLogin - 验证失败
2018-03-01 16:37:33,956 [4036] INFO  FormLogin - 验证失败
2018-03-01 16:37:34,004 [2040] INFO  FormLogin - 验证失败
2018-03-01 16:37:34,033 [1376] INFO  FormLogin - 验证失败
2018-03-01 16:37:34,067 [1376] INFO  FormLogin - 验证失败
2018-03-01 16:37:34,151 [1376] INFO  FormLogin - 验证失败
2018-03-01 16:37:34,196 [4036] INFO  FormLogin - 验证失败
2018-03-01 16:37:34,235 [1376] INFO  FormLogin - 验证失败
2018-03-01 16:37:34,272 [1376] INFO  FormLogin - 验证失败
2018-03-01 16:37:34,399 [10656] INFO  FormLogin - 验证失败
2018-03-01 16:37:34,401 [2040] INFO  FormLogin - 验证失败
2018-03-01 16:37:34,403 [1376] INFO  FormLogin - 验证失败
2018-03-01 16:37:34,434 [2040] INFO  FormLogin - 验证失败
2018-03-01 16:37:34,471 [10656] INFO  FormLogin - 验证失败
2018-03-01 16:37:34,506 [1376] INFO  FormLogin - 验证失败
2018-03-01 16:37:34,543 [1376] INFO  FormLogin - 验证失败
2018-03-01 16:37:34,575 [2040] INFO  FormLogin - 验证失败
2018-03-01 16:37:34,596 [2040] INFO  FormLogin - 验证失败
2018-03-01 16:37:36,123 [2040] INFO  FormLogin - 验证失败
2018-03-01 16:37:36,168 [2040] INFO  FormLogin - 验证失败
2018-03-01 16:37:36,223 [1376] INFO  FormLogin - 验证失败
2018-03-01 16:37:36,362 [2040] INFO  FormLogin - 验证失败
2018-03-01 16:37:36,363 [1376] INFO  FormLogin - 验证失败
2018-03-01 16:37:36,408 [1376] INFO  FormLogin - 验证失败
2018-03-01 16:37:36,456 [2040] INFO  FormLogin - 验证失败
2018-03-01 16:37:36,505 [4036] INFO  FormLogin - 验证失败
2018-03-01 16:37:36,548 [1376] INFO  FormLogin - 验证失败
2018-03-01 16:37:36,597 [2040] INFO  FormLogin - 验证失败
2018-03-01 16:37:36,650 [2040] INFO  FormLogin - 验证失败
2018-03-01 16:37:36,717 [1376] INFO  FormLogin - 验证失败
2018-03-01 16:37:36,748 [4036] INFO  FormLogin - 验证失败
2018-03-01 16:37:36,787 [4036] INFO  FormLogin - 验证失败
2018-03-01 16:37:36,868 [2040] INFO  FormLogin - 验证失败
2018-03-01 16:37:36,960 [2040] INFO  FormLogin - 验证失败
2018-03-01 16:37:37,004 [1376] INFO  FormLogin - 验证失败
2018-03-01 16:37:37,051 [4036] INFO  FormLogin - 验证失败
2018-03-01 16:37:37,136 [2040] INFO  FormLogin - 验证失败
2018-03-01 16:37:37,193 [1376] INFO  FormLogin - 验证失败
2018-03-01 16:37:37,243 [1376] INFO  FormLogin - 验证失败
2018-03-01 16:37:37,338 [7284] INFO  FormLogin - 验证失败
2018-03-01 16:37:37,390 [1376] INFO  FormLogin - 验证失败
2018-03-01 16:37:37,391 [2040] INFO  FormLogin - 验证失败
2018-03-01 16:37:37,446 [4036] INFO  FormLogin - 验证失败
2018-03-01 16:37:37,490 [1376] INFO  FormLogin - 验证失败
2018-03-01 16:37:37,518 [1376] INFO  FormLogin - 验证失败
2018-03-01 16:37:37,544 [1376] INFO  FormLogin - 验证失败
2018-03-01 16:37:39,017 [1376] INFO  FormLogin - 验证失败
2018-03-01 16:37:39,069 [2040] INFO  FormLogin - 验证失败
2018-03-01 16:37:39,206 [2040] INFO  FormLogin - 验证失败
2018-03-01 16:37:39,256 [2040] INFO  FormLogin - 验证失败
2018-03-01 16:37:39,347 [1376] INFO  FormLogin - 验证失败
2018-03-01 16:37:39,397 [4036] INFO  FormLogin - 验证失败
2018-03-01 16:37:39,442 [2040] INFO  FormLogin - 验证失败
2018-03-01 16:37:39,494 [1376] INFO  FormLogin - 验证失败
2018-03-01 16:37:39,537 [1376] INFO  FormLogin - 验证失败
2018-03-01 16:37:39,619 [1376] INFO  FormLogin - 验证失败
2018-03-01 16:37:39,652 [1376] INFO  FormLogin - 验证失败
2018-03-01 16:37:39,757 [4036] INFO  FormLogin - 验证失败
2018-03-01 16:37:40,032 [4036] INFO  FormLogin - 验证失败
2018-03-01 16:37:40,083 [2040] INFO  FormLogin - 验证失败
2018-03-01 16:37:40,178 [2040] INFO  FormLogin - 验证失败
2018-03-01 16:37:40,244 [4036] INFO  FormLogin - 验证失败
2018-03-01 16:37:40,354 [2040] INFO  FormLogin - 验证失败
2018-03-01 16:37:40,411 [4036] INFO  FormLogin - 验证失败
2018-03-01 16:37:40,480 [4036] INFO  FormLogin - 验证失败
2018-03-01 16:37:40,622 [4036] INFO  FormLogin - 验证失败
2018-03-01 16:37:40,684 [1376] INFO  FormLogin - 验证失败
2018-03-01 16:37:40,721 [2040] INFO  FormLogin - 验证失败
2018-03-01 16:37:40,733 [2040] INFO  FormLogin - 验证失败
2018-03-01 16:37:42,053 [4036] INFO  FormLogin - 验证失败
2018-03-01 16:37:42,082 [1376] INFO  FormLogin - 验证失败
2018-03-01 16:37:42,116 [1376] INFO  FormLogin - 验证失败
2018-03-01 16:37:42,326 [1376] INFO  FormLogin - 验证失败
2018-03-01 16:37:42,400 [2040] INFO  FormLogin - 验证失败
2018-03-01 16:37:42,521 [2040] INFO  FormLogin - 验证失败
2018-03-01 16:37:42,583 [4036] INFO  FormLogin - 验证失败
2018-03-01 16:37:42,684 [2040] INFO  FormLogin - 验证失败
2018-03-01 16:37:42,748 [1376] INFO  FormLogin - 验证失败
2018-03-01 16:37:42,850 [4036] INFO  FormLogin - 验证失败
2018-03-01 16:37:42,922 [1376] INFO  FormLogin - 验证失败
2018-03-01 16:37:42,923 [2040] INFO  FormLogin - 验证失败
2018-03-01 16:37:42,947 [2040] INFO  FormLogin - 验证失败
2018-03-01 16:37:43,065 [1376] INFO  FormLogin - 验证失败
2018-03-01 16:37:43,127 [2040] INFO  FormLogin - 验证失败
2018-03-01 16:37:43,309 [1376] INFO  FormLogin - 验证失败
2018-03-01 16:37:43,381 [2040] INFO  FormLogin - 验证失败
2018-03-01 16:37:43,534 [1376] INFO  FormLogin - 验证失败
2018-03-01 16:37:43,645 [1376] INFO  FormLogin - 验证失败
2018-03-01 16:37:43,702 [1376] INFO  FormLogin - 验证失败
2018-03-01 16:37:43,808 [1376] INFO  FormLogin - 验证失败
2018-03-01 16:37:43,902 [7284] INFO  FormLogin - 验证失败
2018-03-01 16:37:43,934 [4036] INFO  FormLogin - 验证失败
2018-03-01 16:37:44,094 [4036] INFO  FormLogin - 验证失败
2018-03-01 16:37:44,183 [4036] INFO  FormLogin - 验证失败
2018-03-01 16:37:44,236 [4036] INFO  FormLogin - 验证失败
2018-03-01 16:37:44,263 [4036] INFO  FormLogin - 验证失败
2018-03-01 16:37:44,307 [1376] INFO  FormLogin - 验证失败
2018-03-01 16:37:45,802 [7284] INFO  FormLogin - 验证失败
2018-03-01 16:37:45,862 [7284] INFO  FormLogin - 验证失败
2018-03-01 16:37:45,923 [1376] INFO  FormLogin - 验证失败
2018-03-01 16:37:46,131 [1376] INFO  FormLogin - 验证失败
2018-03-01 16:37:46,183 [1376] INFO  FormLogin - 验证失败
2018-03-01 16:37:46,277 [7284] INFO  FormLogin - 验证失败
2018-03-01 16:37:46,327 [7284] INFO  FormLogin - 验证失败
2018-03-01 16:37:46,405 [2040] INFO  FormLogin - 验证失败
2018-03-01 16:37:46,443 [1376] INFO  FormLogin - 验证失败
2018-03-01 16:37:46,546 [7284] INFO  FormLogin - 验证失败
2018-03-01 16:37:46,628 [2040] INFO  FormLogin - 验证失败
2018-03-01 16:37:46,652 [1376] INFO  FormLogin - 验证失败
2018-03-01 16:37:46,776 [1376] INFO  FormLogin - 验证失败
2018-03-01 16:37:46,847 [2040] INFO  FormLogin - 验证失败
2018-03-01 16:37:46,958 [2040] INFO  FormLogin - 验证失败
2018-03-01 16:37:47,035 [7284] INFO  FormLogin - 验证失败
2018-03-01 16:37:47,080 [1376] INFO  FormLogin - 验证失败
2018-03-01 16:37:47,147 [1376] INFO  FormLogin - 验证失败
2018-03-01 16:37:47,263 [1376] INFO  FormLogin - 验证失败
2018-03-01 16:37:47,324 [7284] INFO  FormLogin - 验证失败
2018-03-01 16:37:47,489 [2040] INFO  FormLogin - 验证失败
2018-03-01 16:37:47,491 [1376] INFO  FormLogin - 验证失败
2018-03-01 16:37:47,586 [1376] INFO  FormLogin - 验证失败
2018-03-01 16:37:47,662 [7284] INFO  FormLogin - 验证失败
2018-03-01 16:37:47,696 [2040] INFO  FormLogin - 验证失败
2018-03-01 16:37:47,721 [2040] INFO  FormLogin - 验证失败
2018-03-01 16:37:47,922 [7284] INFO  FormLogin - 验证失败
2018-03-01 16:37:48,612 [2040] INFO  FormLogin - 验证失败
2018-03-01 16:37:48,836 [7284] INFO  FormLogin - 验证失败
2018-03-01 16:37:49,248 [7284] INFO  FormLogin - 验证失败
2018-03-01 16:37:49,464 [2040] INFO  FormLogin - 验证失败
2018-03-01 16:38:08,214 [7408] INFO  FormLogin - 验证失败
2018-03-01 16:38:10,114 [2040] INFO  FormLogin - 验证失败
2018-03-01 16:38:10,331 [7408] INFO  FormLogin - 验证失败
2018-03-01 16:38:41,783 [3824] INFO  FormLogin - 无法连接到远程服务器
2018-03-01 16:39:11,481 [4060] INFO  FormLogin - 无法连接到远程服务器
2018-03-01 16:39:24,907 [4176] INFO  FormLogin - 无法连接到远程服务器
2018-03-01 16:39:40,525 [4060] INFO  FormLogin - 无法连接到远程服务器
2018-03-01 16:39:47,838 [7408] INFO  FormLogin - 无法连接到远程服务器
2018-03-01 16:40:38,812 [4176] INFO  FormLogin - 无法连接到远程服务器
2018-03-01 16:40:40,294 [3920] INFO  FormLogin - 无法连接到远程服务器
2018-03-01 16:40:52,776 [7408] INFO  FormLogin - 无法连接到远程服务器
2018-03-01 16:41:03,743 [4176] INFO  FormLogin - 无法连接到远程服务器
2018-03-01 16:41:45,149 [3920] INFO  FormLogin - 无法连接到远程服务器
2018-03-01 16:41:45,763 [3920] INFO  FormLogin - 无法连接到远程服务器
2018-03-01 16:41:52,226 [3920] INFO  FormLogin - 无法连接到远程服务器
2018-03-01 16:42:18,252 [3920] INFO  FormLogin - 无法连接到远程服务器
2018-03-01 16:43:47,212 [9396] INFO  FormLogin - 无法连接到远程服务器
2018-03-01 16:44:31,883 [8524] INFO  FormLogin - 无法连接到远程服务器
2018-03-01 16:44:44,656 [10852] INFO  FormLogin - 无法连接到远程服务器
2018-03-01 16:45:03,278 [9396] INFO  FormLogin - 无法连接到远程服务器
2018-03-01 16:46:07,833 [11020] INFO  FormLogin - 无法连接到远程服务器
2018-03-01 16:46:30,786 [7960] INFO  FormLogin - 无法连接到远程服务器
2018-03-01 16:46:33,968 [7960] INFO  FormLogin - 无法连接到远程服务器
2018-03-01 16:46:39,954 [7960] INFO  FormLogin - 无法连接到远程服务器
2018-03-01 16:47:36,915 [2024] INFO  FormLogin - 无法连接到远程服务器
2018-03-01 16:47:37,027 [7960] INFO  FormLogin - 无法连接到远程服务器
2018-03-01 16:47:38,793 [2024] INFO  FormLogin - 无法连接到远程服务器
2018-03-01 16:49:04,027 [7376] INFO  FormLogin - 无法连接到远程服务器
2018-03-01 16:49:16,087 [11064] INFO  FormLogin - 无法连接到远程服务器
2018-03-01 16:57:45,079 [2024] INFO  FormLogin - 无法连接到远程服务器
