2018-02-08 09:33:06,558 [7680] INFO  FormLogin - 无法连接到远程服务器
2018-02-08 09:33:06,596 [7368] INFO  FormLogin - 无法连接到远程服务器
2018-02-08 09:33:06,647 [5220] INFO  FormLogin - 无法连接到远程服务器
2018-02-08 09:33:06,673 [5276] INFO  FormLogin - 无法连接到远程服务器
2018-02-08 09:33:06,698 [7680] INFO  FormLogin - 无法连接到远程服务器
2018-02-08 15:39:29,881 [11560] INFO  FormLogin - 验证失败
2018-02-08 15:39:30,044 [9192] INFO  FormLogin - 验证失败
2018-02-08 15:39:30,157 [9780] INFO  FormLogin - 验证失败
2018-02-08 15:39:30,158 [9780] INFO  FormLogin - 验证失败
2018-02-08 15:39:30,161 [9780] INFO  FormLogin - 验证失败
2018-02-08 15:39:30,189 [9780] INFO  FormLogin - 验证失败
2018-02-08 15:39:35,015 [11120] INFO  FormLogin - 验证失败
2018-02-08 15:39:35,142 [9780] INFO  FormLogin - 验证失败
2018-02-08 15:39:38,320 [11120] INFO  FormLogin - 验证失败
2018-02-08 15:39:38,432 [9780] INFO  FormLogin - 验证失败
2018-02-08 15:39:44,910 [11120] INFO  FormLogin - 验证失败
2018-02-08 15:39:45,024 [9780] INFO  FormLogin - 验证失败
2018-02-08 15:40:27,163 [11012] INFO  FormLogin - 验证失败
2018-02-08 15:40:27,197 [11012] INFO  FormLogin - 验证失败
2018-02-08 15:40:27,267 [10672] INFO  FormLogin - 验证失败
2018-02-08 15:40:27,408 [4260] INFO  FormLogin - 验证失败
2018-02-08 15:40:27,565 [11012] INFO  FormLogin - 验证失败
2018-02-08 15:40:27,566 [9780] INFO  FormLogin - 验证失败
2018-02-08 15:40:27,584 [11012] INFO  FormLogin - 验证失败
2018-02-08 15:40:27,587 [11012] INFO  FormLogin - 验证失败
2018-02-08 15:40:27,603 [9780] INFO  FormLogin - 验证失败
2018-02-08 15:40:27,622 [4260] INFO  FormLogin - 验证失败
2018-02-08 15:40:27,647 [11012] INFO  FormLogin - 验证失败
2018-02-08 15:40:27,653 [4260] INFO  FormLogin - 验证失败
2018-02-08 15:40:27,695 [4260] INFO  FormLogin - 验证失败
2018-02-08 15:40:27,695 [11012] INFO  FormLogin - 验证失败
2018-02-08 15:40:27,747 [11012] INFO  FormLogin - 验证失败
2018-02-08 15:40:27,749 [11012] INFO  FormLogin - 验证失败
2018-02-08 15:40:27,785 [11012] INFO  FormLogin - 验证失败
2018-02-08 15:40:27,785 [9780] INFO  FormLogin - 验证失败
2018-02-08 15:40:27,802 [4260] INFO  FormLogin - 验证失败
2018-02-08 15:40:27,841 [11012] INFO  FormLogin - 验证失败
2018-02-08 15:40:27,842 [11432] INFO  FormLogin - 验证失败
2018-02-08 15:40:27,860 [11012] INFO  FormLogin - 验证失败
2018-02-08 15:40:27,878 [11012] INFO  FormLogin - 验证失败
2018-02-08 15:40:27,896 [11432] INFO  FormLogin - 验证失败
2018-02-08 15:40:27,916 [4260] INFO  FormLogin - 验证失败
2018-02-08 15:40:27,950 [11432] INFO  FormLogin - 验证失败
2018-02-08 15:40:28,004 [4260] INFO  FormLogin - 验证失败
2018-02-08 15:40:28,006 [11432] INFO  FormLogin - 验证失败
2018-02-08 15:41:27,159 [11432] INFO  FormLogin - 验证失败
2018-02-08 15:41:27,165 [11744] INFO  FormLogin - 验证失败
2018-02-08 15:41:27,197 [10356] INFO  FormLogin - 验证失败
2018-02-08 15:41:27,311 [12252] INFO  FormLogin - 验证失败
2018-02-08 15:41:27,400 [12252] INFO  FormLogin - 验证失败
2018-02-08 15:41:27,422 [11432] INFO  FormLogin - 验证失败
2018-02-08 15:41:27,444 [12252] INFO  FormLogin - 验证失败
2018-02-08 15:41:27,464 [12252] INFO  FormLogin - 验证失败
2018-02-08 15:41:27,486 [11432] INFO  FormLogin - 验证失败
2018-02-08 15:41:27,506 [11744] INFO  FormLogin - 验证失败
2018-02-08 15:41:27,518 [12252] INFO  FormLogin - 验证失败
2018-02-08 15:41:27,540 [11744] INFO  FormLogin - 验证失败
2018-02-08 15:41:27,546 [11744] INFO  FormLogin - 验证失败
2018-02-08 15:41:27,570 [11744] INFO  FormLogin - 验证失败
2018-02-08 15:41:27,607 [11432] INFO  FormLogin - 验证失败
2018-02-08 15:41:27,641 [11432] INFO  FormLogin - 验证失败
2018-02-08 15:41:27,666 [12252] INFO  FormLogin - 验证失败
2018-02-08 15:41:27,681 [11432] INFO  FormLogin - 验证失败
2018-02-08 15:41:27,700 [11744] INFO  FormLogin - 验证失败
2018-02-08 15:41:27,720 [11744] INFO  FormLogin - 验证失败
2018-02-08 15:41:27,736 [12252] INFO  FormLogin - 验证失败
2018-02-08 15:41:27,755 [11432] INFO  FormLogin - 验证失败
2018-02-08 15:41:27,769 [12252] INFO  FormLogin - 验证失败
2018-02-08 15:41:27,787 [11432] INFO  FormLogin - 验证失败
2018-02-08 15:41:27,801 [12252] INFO  FormLogin - 验证失败
2018-02-08 15:41:27,821 [11432] INFO  FormLogin - 验证失败
2018-02-08 15:41:27,848 [11432] INFO  FormLogin - 验证失败
2018-02-08 15:41:27,861 [11432] INFO  FormLogin - 验证失败
2018-02-08 15:42:27,225 [10640] INFO  FormLogin - 验证失败
2018-02-08 15:42:27,242 [10640] INFO  FormLogin - 验证失败
2018-02-08 15:42:27,339 [11560] INFO  FormLogin - 验证失败
2018-02-08 15:42:27,462 [10640] INFO  FormLogin - 验证失败
2018-02-08 15:42:27,563 [11116] INFO  FormLogin - 验证失败
2018-02-08 15:42:27,597 [10640] INFO  FormLogin - 验证失败
2018-02-08 15:42:27,618 [11116] INFO  FormLogin - 验证失败
2018-02-08 15:42:27,618 [11432] INFO  FormLogin - 验证失败
2018-02-08 15:42:27,638 [11116] INFO  FormLogin - 验证失败
2018-02-08 15:42:27,657 [4288] INFO  FormLogin - 验证失败
2018-02-08 15:42:27,682 [11116] INFO  FormLogin - 验证失败
2018-02-08 15:42:27,690 [4288] INFO  FormLogin - 验证失败
2018-02-08 15:42:27,709 [4288] INFO  FormLogin - 验证失败
2018-02-08 15:42:27,728 [11116] INFO  FormLogin - 验证失败
2018-02-08 15:42:27,748 [4288] INFO  FormLogin - 验证失败
2018-02-08 15:42:27,783 [4288] INFO  FormLogin - 验证失败
2018-02-08 15:42:27,803 [10640] INFO  FormLogin - 验证失败
2018-02-08 15:42:27,820 [4288] INFO  FormLogin - 验证失败
2018-02-08 15:42:27,836 [4288] INFO  FormLogin - 验证失败
2018-02-08 15:42:27,857 [4288] INFO  FormLogin - 验证失败
2018-02-08 15:42:27,875 [11116] INFO  FormLogin - 验证失败
2018-02-08 15:42:27,893 [10640] INFO  FormLogin - 验证失败
2018-02-08 15:42:27,911 [4288] INFO  FormLogin - 验证失败
2018-02-08 15:42:27,930 [10640] INFO  FormLogin - 验证失败
2018-02-08 15:42:27,944 [11116] INFO  FormLogin - 验证失败
2018-02-08 15:42:27,975 [10640] INFO  FormLogin - 验证失败
2018-02-08 15:42:28,022 [10640] INFO  FormLogin - 验证失败
2018-02-08 15:42:28,023 [11116] INFO  FormLogin - 验证失败
2018-02-08 16:12:20,767 [11052] INFO  FormLogin - 验证失败
2018-02-08 16:12:25,399 [11364] INFO  FormLogin - 验证失败
2018-02-08 16:12:29,176 [520] INFO  FormLogin - 验证失败
2018-02-08 16:12:31,670 [11052] INFO  FormLogin - 验证失败
2018-02-08 16:13:54,035 [8920] INFO  HttpClient - 验证失败
2018-02-08 16:14:01,572 [10724] INFO  FormLogin - 验证失败
2018-02-08 16:14:02,608 [4928] INFO  FormLogin - 验证失败
2018-02-08 16:14:33,103 [4928] INFO  FormLogin - 验证失败
2018-02-08 16:15:04,056 [8256] INFO  FormLogin - 验证失败
2018-02-08 16:15:06,999 [4928] INFO  FormLogin - 验证失败
2018-02-08 16:16:02,292 [10776] INFO  HttpClient - 验证失败
2018-02-08 16:16:02,313 [11872] INFO  HttpClient - 验证失败
2018-02-08 16:16:02,317 [6836] INFO  HttpClient - 验证失败
2018-02-08 16:16:12,702 [6836] INFO  FormLogin - 验证失败
2018-02-08 16:16:12,705 [6836] INFO  FormLogin - 验证失败
2018-02-08 16:16:12,757 [10776] INFO  FormLogin - 验证失败
2018-02-08 16:16:12,841 [10776] INFO  FormLogin - 验证失败
2018-02-08 16:16:12,850 [6836] INFO  FormLogin - 验证失败
2018-02-08 16:16:12,853 [10776] INFO  FormLogin - 验证失败
2018-02-08 16:16:12,860 [10776] INFO  FormLogin - 验证失败
2018-02-08 16:16:12,880 [10776] INFO  FormLogin - 验证失败
2018-02-08 16:16:12,884 [6836] INFO  FormLogin - 验证失败
2018-02-08 16:16:12,891 [6836] INFO  FormLogin - 验证失败
2018-02-08 16:16:12,908 [6836] INFO  FormLogin - 验证失败
2018-02-08 16:16:12,912 [11872] INFO  FormLogin - 验证失败
2018-02-08 16:16:12,920 [11872] INFO  FormLogin - 验证失败
2018-02-08 16:16:12,944 [6836] INFO  FormLogin - 验证失败
2018-02-08 16:16:12,969 [11872] INFO  FormLogin - 验证失败
2018-02-08 16:16:12,972 [6836] INFO  FormLogin - 验证失败
2018-02-08 16:16:12,993 [11872] INFO  FormLogin - 验证失败
2018-02-08 16:16:13,002 [10776] INFO  FormLogin - 验证失败
2018-02-08 16:16:13,008 [11872] INFO  FormLogin - 验证失败
2018-02-08 16:16:13,038 [10776] INFO  FormLogin - 验证失败
2018-02-08 16:16:13,041 [6836] INFO  FormLogin - 验证失败
2018-02-08 16:16:13,044 [11872] INFO  FormLogin - 验证失败
2018-02-08 16:16:13,048 [10776] INFO  FormLogin - 验证失败
2018-02-08 16:16:13,071 [10776] INFO  FormLogin - 验证失败
2018-02-08 16:16:13,076 [11872] INFO  FormLogin - 验证失败
2018-02-08 16:16:13,078 [8932] INFO  FormLogin - 验证失败
2018-02-08 16:16:13,083 [11872] INFO  FormLogin - 验证失败
2018-02-08 16:17:28,279 [11920] INFO  FormLogin - 验证失败
2018-02-08 16:17:28,314 [11880] INFO  FormLogin - 验证失败
2018-02-08 16:17:28,350 [11880] INFO  FormLogin - 验证失败
2018-02-08 16:17:28,465 [11920] INFO  FormLogin - 验证失败
2018-02-08 16:17:28,479 [6836] INFO  FormLogin - 验证失败
2018-02-08 16:17:28,493 [11920] INFO  FormLogin - 验证失败
2018-02-08 16:17:28,498 [6836] INFO  FormLogin - 验证失败
2018-02-08 16:17:28,525 [11920] INFO  FormLogin - 验证失败
2018-02-08 16:17:28,530 [6836] INFO  FormLogin - 验证失败
2018-02-08 16:17:28,548 [11920] INFO  FormLogin - 验证失败
2018-02-08 16:17:28,573 [11880] INFO  FormLogin - 验证失败
2018-02-08 16:17:28,591 [11880] INFO  FormLogin - 验证失败
2018-02-08 16:17:28,612 [11920] INFO  FormLogin - 验证失败
2018-02-08 16:17:28,644 [11880] INFO  FormLogin - 验证失败
2018-02-08 16:17:28,644 [11880] INFO  FormLogin - 验证失败
2018-02-08 16:17:28,687 [11880] INFO  FormLogin - 验证失败
2018-02-08 16:17:28,687 [6836] INFO  FormLogin - 验证失败
2018-02-08 16:17:28,689 [6836] INFO  FormLogin - 验证失败
2018-02-08 16:17:28,708 [11880] INFO  FormLogin - 验证失败
2018-02-08 16:17:28,722 [6836] INFO  FormLogin - 验证失败
2018-02-08 16:17:28,741 [8452] INFO  FormLogin - 验证失败
2018-02-08 16:17:28,754 [11880] INFO  FormLogin - 验证失败
2018-02-08 16:17:28,774 [8452] INFO  FormLogin - 验证失败
2018-02-08 16:17:28,788 [8452] INFO  FormLogin - 验证失败
2018-02-08 16:17:28,803 [11880] INFO  FormLogin - 验证失败
2018-02-08 16:17:28,825 [11880] INFO  FormLogin - 验证失败
2018-02-08 16:17:28,829 [11880] INFO  FormLogin - 验证失败
2018-02-08 16:18:28,289 [11880] INFO  FormLogin - 验证失败
2018-02-08 16:18:28,322 [10716] INFO  FormLogin - 验证失败
2018-02-08 16:18:28,345 [10716] INFO  FormLogin - 验证失败
2018-02-08 16:18:28,480 [10716] INFO  FormLogin - 验证失败
2018-02-08 16:18:28,480 [11880] INFO  FormLogin - 验证失败
2018-02-08 16:18:28,502 [6948] INFO  FormLogin - 验证失败
2018-02-08 16:18:28,519 [11880] INFO  FormLogin - 验证失败
2018-02-08 16:18:28,555 [11880] INFO  FormLogin - 验证失败
2018-02-08 16:18:28,576 [6948] INFO  FormLogin - 验证失败
2018-02-08 16:18:28,601 [11880] INFO  FormLogin - 验证失败
2018-02-08 16:18:28,612 [10716] INFO  FormLogin - 验证失败
2018-02-08 16:18:28,697 [11880] INFO  FormLogin - 验证失败
2018-02-08 16:18:28,717 [6948] INFO  FormLogin - 验证失败
2018-02-08 16:18:28,737 [11880] INFO  FormLogin - 验证失败
2018-02-08 16:18:28,737 [10716] INFO  FormLogin - 验证失败
2018-02-08 16:18:28,755 [7088] INFO  FormLogin - 验证失败
2018-02-08 16:18:28,775 [10716] INFO  FormLogin - 验证失败
2018-02-08 16:18:28,775 [11880] INFO  FormLogin - 验证失败
2018-02-08 16:18:28,797 [10716] INFO  FormLogin - 验证失败
2018-02-08 16:18:28,816 [10716] INFO  FormLogin - 验证失败
2018-02-08 16:18:28,834 [11880] INFO  FormLogin - 验证失败
2018-02-08 16:18:28,852 [7088] INFO  FormLogin - 验证失败
2018-02-08 16:18:28,872 [10716] INFO  FormLogin - 验证失败
2018-02-08 16:18:28,883 [11880] INFO  FormLogin - 验证失败
2018-02-08 16:18:28,903 [10716] INFO  FormLogin - 验证失败
2018-02-08 16:18:28,918 [10716] INFO  FormLogin - 验证失败
2018-02-08 16:18:28,934 [10716] INFO  FormLogin - 验证失败
2018-02-08 16:19:28,327 [10648] INFO  FormLogin - 验证失败
2018-02-08 16:19:28,352 [7556] INFO  FormLogin - 验证失败
2018-02-08 16:19:28,379 [7556] INFO  FormLogin - 验证失败
2018-02-08 16:19:28,493 [10716] INFO  FormLogin - 验证失败
2018-02-08 16:19:28,493 [7556] INFO  FormLogin - 验证失败
2018-02-08 16:19:28,512 [10648] INFO  FormLogin - 验证失败
2018-02-08 16:19:28,530 [10716] INFO  FormLogin - 验证失败
2018-02-08 16:19:28,549 [10716] INFO  FormLogin - 验证失败
2018-02-08 16:19:28,569 [7556] INFO  FormLogin - 验证失败
2018-02-08 16:19:28,594 [10648] INFO  FormLogin - 验证失败
2018-02-08 16:19:28,603 [10648] INFO  FormLogin - 验证失败
2018-02-08 16:19:28,608 [10648] INFO  FormLogin - 验证失败
2018-02-08 16:19:28,643 [7556] INFO  FormLogin - 验证失败
2018-02-08 16:19:28,693 [10716] INFO  FormLogin - 验证失败
2018-02-08 16:19:28,711 [10648] INFO  FormLogin - 验证失败
2018-02-08 16:19:28,731 [10648] INFO  FormLogin - 验证失败
2018-02-08 16:19:28,749 [10716] INFO  FormLogin - 验证失败
2018-02-08 16:19:28,786 [7556] INFO  FormLogin - 验证失败
2018-02-08 16:19:28,788 [4340] INFO  FormLogin - 验证失败
2018-02-08 16:19:28,826 [10648] INFO  FormLogin - 验证失败
2018-02-08 16:19:28,826 [7556] INFO  FormLogin - 验证失败
2018-02-08 16:19:28,879 [7556] INFO  FormLogin - 验证失败
2018-02-08 16:19:28,882 [4340] INFO  FormLogin - 验证失败
2018-02-08 16:19:28,911 [7556] INFO  FormLogin - 验证失败
2018-02-08 16:19:28,930 [7556] INFO  FormLogin - 验证失败
2018-02-08 16:19:28,932 [7556] INFO  FormLogin - 验证失败
2018-02-08 16:19:28,947 [7556] INFO  FormLogin - 验证失败
2018-02-08 16:22:16,173 [8792] INFO  FormLogin - 验证失败
2018-02-08 16:22:47,854 [8792] INFO  FormLogin - 验证失败
2018-02-08 16:22:59,950 [8436] INFO  FormLogin - 验证失败
2018-02-08 16:23:02,225 [7416] INFO  FormLogin - 验证失败
2018-02-08 16:23:02,226 [8792] INFO  FormLogin - 验证失败
2018-02-08 16:23:02,264 [7416] INFO  FormLogin - 验证失败
2018-02-08 16:23:02,379 [11308] INFO  FormLogin - 验证失败
2018-02-08 16:23:02,381 [11344] INFO  FormLogin - 验证失败
2018-02-08 16:23:02,398 [7416] INFO  FormLogin - 验证失败
2018-02-08 16:23:02,415 [7416] INFO  FormLogin - 验证失败
2018-02-08 16:23:02,432 [11344] INFO  FormLogin - 验证失败
2018-02-08 16:23:02,451 [11344] INFO  FormLogin - 验证失败
2018-02-08 16:23:02,475 [7416] INFO  FormLogin - 验证失败
2018-02-08 16:23:02,483 [11308] INFO  FormLogin - 验证失败
2018-02-08 16:23:02,520 [11308] INFO  FormLogin - 验证失败
2018-02-08 16:23:02,520 [7416] INFO  FormLogin - 验证失败
2018-02-08 16:23:02,538 [11308] INFO  FormLogin - 验证失败
2018-02-08 16:23:02,571 [11308] INFO  FormLogin - 验证失败
2018-02-08 16:23:02,590 [11308] INFO  FormLogin - 验证失败
2018-02-08 16:23:02,622 [11308] INFO  FormLogin - 验证失败
2018-02-08 16:23:02,623 [11308] INFO  FormLogin - 验证失败
2018-02-08 16:23:02,643 [11308] INFO  FormLogin - 验证失败
2018-02-08 16:23:02,660 [11344] INFO  FormLogin - 验证失败
2018-02-08 16:23:02,679 [7416] INFO  FormLogin - 验证失败
2018-02-08 16:23:02,696 [11344] INFO  FormLogin - 验证失败
2018-02-08 16:23:02,774 [11308] INFO  FormLogin - 验证失败
2018-02-08 16:23:02,776 [11308] INFO  FormLogin - 验证失败
2018-02-08 16:23:02,805 [11308] INFO  FormLogin - 验证失败
2018-02-08 16:23:02,806 [11308] INFO  FormLogin - 验证失败
2018-02-08 16:23:02,811 [11308] INFO  FormLogin - 验证失败
2018-02-08 16:24:57,863 [8792] INFO  HttpClient - 验证失败
2018-02-08 16:24:57,886 [8792] ERROR HttpClient - 验证失败
2018-02-08 16:24:58,760 [10512] INFO  FormLogin - 验证失败
2018-02-08 16:24:58,760 [10512] ERROR FormLogin - 验证失败
2018-02-08 16:24:59,544 [8704] INFO  FormLogin - 验证失败
2018-02-08 16:24:59,544 [8704] ERROR FormLogin - 验证失败
2018-02-08 16:27:49,242 [8852] INFO  HttpClient - 验证失败
2018-02-08 16:27:49,344 [10348] INFO  HttpClient - 验证失败
2018-02-08 16:27:49,361 [10600] INFO  HttpClient - 验证失败
2018-02-08 16:28:04,771 [7256] INFO  FormLogin - 验证失败
2018-02-08 16:28:04,772 [11304] INFO  FormLogin - 验证失败
2018-02-08 16:28:04,850 [7256] INFO  FormLogin - 验证失败
2018-02-08 16:28:04,943 [11304] INFO  FormLogin - 验证失败
2018-02-08 16:28:04,947 [11304] INFO  FormLogin - 验证失败
2018-02-08 16:28:04,995 [7256] INFO  FormLogin - 验证失败
2018-02-08 16:28:05,004 [7256] INFO  FormLogin - 验证失败
2018-02-08 16:28:05,007 [11128] INFO  FormLogin - 验证失败
2018-02-08 16:28:05,016 [11128] INFO  FormLogin - 验证失败
2018-02-08 16:28:05,023 [11128] INFO  FormLogin - 验证失败
2018-02-08 16:28:05,030 [11128] INFO  FormLogin - 验证失败
2018-02-08 16:28:05,114 [11128] INFO  FormLogin - 验证失败
2018-02-08 16:28:05,119 [11304] INFO  FormLogin - 验证失败
2018-02-08 16:28:05,122 [7256] INFO  FormLogin - 验证失败
2018-02-08 16:28:05,135 [10600] INFO  FormLogin - 验证失败
2018-02-08 16:28:05,154 [7256] INFO  FormLogin - 验证失败
2018-02-08 16:28:05,158 [10600] INFO  FormLogin - 验证失败
2018-02-08 16:28:05,171 [7256] INFO  FormLogin - 验证失败
2018-02-08 16:28:05,177 [11304] INFO  FormLogin - 验证失败
2018-02-08 16:28:05,180 [10600] INFO  FormLogin - 验证失败
2018-02-08 16:28:05,185 [10600] INFO  FormLogin - 验证失败
2018-02-08 16:28:05,204 [7256] INFO  FormLogin - 验证失败
2018-02-08 16:28:05,220 [10600] INFO  FormLogin - 验证失败
2018-02-08 16:28:05,235 [7256] INFO  FormLogin - 验证失败
2018-02-08 16:28:05,255 [7256] INFO  FormLogin - 验证失败
2018-02-08 16:28:05,278 [7256] INFO  FormLogin - 验证失败
2018-02-08 16:28:05,278 [10600] INFO  FormLogin - 验证失败
2018-02-08 16:29:08,679 [11508] INFO  FormLogin - 验证失败
2018-02-08 16:29:08,695 [11508] INFO  FormLogin - 验证失败
2018-02-08 16:29:08,734 [11508] INFO  FormLogin - 验证失败
2018-02-08 16:29:08,902 [9856] INFO  FormLogin - 验证失败
2018-02-08 16:29:08,936 [9856] INFO  FormLogin - 验证失败
2018-02-08 16:29:08,936 [11860] INFO  FormLogin - 验证失败
2018-02-08 16:29:08,947 [11860] INFO  FormLogin - 验证失败
2018-02-08 16:29:08,962 [11860] INFO  FormLogin - 验证失败
2018-02-08 16:29:08,962 [9856] INFO  FormLogin - 验证失败
2018-02-08 16:29:08,964 [9856] INFO  FormLogin - 验证失败
2018-02-08 16:29:08,969 [10600] INFO  FormLogin - 验证失败
2018-02-08 16:29:09,008 [11860] INFO  FormLogin - 验证失败
2018-02-08 16:29:09,008 [9856] INFO  FormLogin - 验证失败
2018-02-08 16:29:09,042 [9856] INFO  FormLogin - 验证失败
2018-02-08 16:29:09,076 [11860] INFO  FormLogin - 验证失败
2018-02-08 16:29:09,094 [11508] INFO  FormLogin - 验证失败
2018-02-08 16:29:09,126 [11860] INFO  FormLogin - 验证失败
2018-02-08 16:29:09,127 [9856] INFO  FormLogin - 验证失败
2018-02-08 16:29:09,132 [9856] INFO  FormLogin - 验证失败
2018-02-08 16:29:09,163 [11860] INFO  FormLogin - 验证失败
2018-02-08 16:29:09,163 [11508] INFO  FormLogin - 验证失败
2018-02-08 16:29:09,209 [10600] INFO  FormLogin - 验证失败
2018-02-08 16:29:09,224 [11508] INFO  FormLogin - 验证失败
2018-02-08 16:29:09,231 [11508] INFO  FormLogin - 验证失败
2018-02-08 16:29:09,259 [11508] INFO  FormLogin - 验证失败
2018-02-08 16:29:09,265 [11508] INFO  FormLogin - 验证失败
2018-02-08 16:29:09,297 [11508] INFO  FormLogin - 验证失败
