2018-01-06 09:41:18,071 [7092] INFO  FormPosBan - 操作超时
2018-01-06 10:09:10,269 [5804] INFO  FormLogin - 操作超时
2018-01-06 10:09:15,659 [8500] INFO  FormLogin - 操作超时
2018-01-06 10:09:18,665 [8268] INFO  FormLogin - 操作超时
2018-01-06 10:09:19,911 [4576] INFO  FormLogin - 无法连接到远程服务器
2018-01-06 10:09:19,950 [3768] INFO  FormLogin - 无法连接到远程服务器
2018-01-06 10:09:21,560 [8328] INFO  FormLogin - 无法连接到远程服务器
2018-01-06 10:09:28,928 [3768] INFO  FormLogin - 无法连接到远程服务器
2018-01-06 10:09:30,136 [7484] INFO  FormLogin - 无法连接到远程服务器
2018-01-06 10:09:30,184 [4576] INFO  FormLogin - 无法连接到远程服务器
2018-01-06 10:09:32,177 [6928] INFO  FormLogin - 无法连接到远程服务器
2018-01-06 10:09:32,212 [7220] INFO  FormLogin - 无法连接到远程服务器
2018-01-06 10:11:19,107 [8636] INFO  FormLogin - 操作超时
2018-01-06 10:11:22,107 [5804] INFO  FormLogin - 操作超时
2018-01-06 10:11:22,162 [7012] INFO  FormLogin - 操作超时
2018-01-06 10:11:31,199 [7368] INFO  FormLogin - 操作超时
2018-01-06 10:21:27,192 [5804] INFO  FormLogin - 操作超时
2018-01-06 10:21:33,439 [6464] INFO  FormLogin - 操作超时
2018-01-06 10:21:39,445 [3784] INFO  FormLogin - 操作超时
2018-01-06 10:21:52,164 [5804] INFO  FormLogin - 操作超时
2018-01-06 10:22:03,558 [6176] INFO  FormLogin - 操作超时
2018-01-06 10:22:09,654 [8592] INFO  FormLogin - 操作超时
2018-01-06 10:22:18,860 [6464] INFO  FormLogin - 操作超时
2018-01-06 10:22:22,391 [5804] INFO  FormLogin - 操作超时
2018-01-06 10:22:27,915 [7844] INFO  FormLogin - 操作超时
2018-01-06 10:22:51,897 [7844] INFO  FormLogin - 操作超时
2018-01-06 10:22:54,922 [8804] INFO  FormLogin - 操作超时
2018-01-06 10:22:57,954 [3316] INFO  FormLogin - 操作超时
2018-01-06 10:23:00,950 [6464] INFO  FormLogin - 操作超时
2018-01-06 10:23:09,926 [7196] INFO  FormLogin - 无法连接到远程服务器
2018-01-06 10:23:09,999 [6908] INFO  FormLogin - 操作超时
2018-01-06 10:23:10,849 [5804] INFO  FormLogin - 操作超时
2018-01-06 10:23:12,002 [7972] INFO  FormLogin - 无法连接到远程服务器
2018-01-06 10:23:13,046 [8900] INFO  FormLogin - 操作超时
2018-01-06 10:23:14,566 [4632] INFO  FormLogin - 无法连接到远程服务器
2018-01-06 10:23:16,160 [8668] INFO  FormLogin - 操作超时
2018-01-06 10:23:19,394 [7084] INFO  FormLogin - 无法连接到远程服务器
2018-01-06 10:23:19,466 [8880] INFO  FormLogin - 无法连接到远程服务器
2018-01-06 10:23:19,522 [480] INFO  FormLogin - 无法连接到远程服务器
2018-01-06 10:23:19,544 [8052] INFO  FormLogin - 无法连接到远程服务器
2018-01-06 10:23:19,566 [2168] INFO  FormLogin - 无法连接到远程服务器
2018-01-06 10:23:19,591 [9196] INFO  FormLogin - 无法连接到远程服务器
2018-01-06 10:23:19,642 [5460] INFO  FormLogin - 无法连接到远程服务器
2018-01-06 10:23:19,750 [9012] INFO  FormLogin - 无法连接到远程服务器
2018-01-06 10:23:19,829 [3812] INFO  FormLogin - 无法连接到远程服务器
2018-01-06 10:23:25,192 [8804] INFO  FormLogin - 操作超时
2018-01-06 10:23:28,979 [5480] INFO  FormLogin - 无法连接到远程服务器
2018-01-06 10:23:29,230 [5472] INFO  FormLogin - 无法连接到远程服务器
2018-01-06 10:23:29,308 [8052] INFO  FormLogin - 无法连接到远程服务器
2018-01-06 10:23:29,657 [6796] INFO  FormLogin - 无法连接到远程服务器
2018-01-06 10:23:29,825 [5848] INFO  FormLogin - 无法连接到远程服务器
2018-01-06 10:23:30,171 [2100] INFO  FormLogin - 无法连接到远程服务器
2018-01-06 10:23:30,403 [8500] INFO  FormLogin - 无法连接到远程服务器
2018-01-06 10:23:30,695 [6824] INFO  FormLogin - 无法连接到远程服务器
2018-01-06 10:23:31,468 [7844] INFO  FormLogin - 操作超时
2018-01-06 10:23:39,030 [8332] INFO  FormLogin - 无法连接到远程服务器
2018-01-06 10:23:39,086 [9200] INFO  FormLogin - 无法连接到远程服务器
2018-01-06 10:23:39,139 [8636] INFO  FormLogin - 无法连接到远程服务器
2018-01-06 10:23:43,216 [8668] INFO  FormLogin - 操作超时
2018-01-06 10:23:43,646 [3908] INFO  FormLogin - 无法连接到远程服务器
2018-01-06 10:23:43,695 [7308] INFO  FormLogin - 无法连接到远程服务器
2018-01-06 10:23:43,845 [2168] INFO  FormLogin - 无法连接到远程服务器
2018-01-06 10:23:43,966 [7724] INFO  FormLogin - 无法连接到远程服务器
2018-01-06 10:23:44,282 [5848] INFO  FormLogin - 无法连接到远程服务器
2018-01-06 10:23:44,467 [480] INFO  FormLogin - 无法连接到远程服务器
2018-01-06 10:23:52,465 [5460] INFO  FormLogin - 无法连接到远程服务器
2018-01-06 10:25:37,295 [5804] INFO  FormLogin - 操作超时
2018-01-06 10:30:07,238 [5804] INFO  FormLogin - 操作超时
2018-01-06 10:30:59,387 [5160] INFO  FormLogin - 操作超时
2018-01-06 10:31:02,413 [6872] INFO  FormLogin - 操作超时
2018-01-06 10:31:02,617 [5804] INFO  FormLogin - 操作超时
2018-01-06 10:31:59,511 [7020] INFO  FormLogin - 操作超时
2018-01-06 10:32:01,779 [5804] INFO  FormLogin - 操作超时
2018-01-06 10:32:02,818 [1632] INFO  FormLogin - 操作超时
2018-01-06 10:32:14,849 [8668] INFO  FormLogin - 操作超时
2018-01-06 10:33:18,605 [6872] INFO  FormLogin - 操作超时
2018-01-06 10:33:21,735 [7020] INFO  FormLogin - 操作超时
2018-01-06 10:33:23,088 [8668] INFO  FormLogin - 操作超时
2018-01-06 10:36:51,822 [5160] INFO  FormLogin - 操作超时
2018-01-06 10:36:52,915 [9364] INFO  FormLogin - 操作超时
2018-01-06 10:37:27,029 [8668] INFO  FormLogin - 操作超时
2018-01-06 10:37:41,857 [9364] INFO  FormLogin - 操作超时
2018-01-06 10:37:44,798 [5804] INFO  FormLogin - 操作超时
2018-01-06 10:37:47,890 [8668] INFO  FormLogin - 操作超时
2018-01-06 10:37:51,012 [7020] INFO  FormLogin - 操作超时
2018-01-06 10:37:53,995 [8288] INFO  FormLogin - 操作超时
2018-01-06 10:38:04,397 [7392] INFO  FormLogin - 操作超时
2018-01-06 10:38:04,542 [5160] INFO  FormLogin - 操作超时
2018-01-06 10:38:40,559 [7972] INFO  FormLogin - 操作超时
2018-01-06 10:38:43,376 [5160] INFO  FormLogin - 操作超时
2018-01-06 10:38:43,764 [9364] INFO  FormLogin - 操作超时
2018-01-06 10:39:21,822 [5160] INFO  FormLogin - 操作超时
2018-01-06 10:39:23,326 [7972] INFO  FormLogin - 操作超时
2018-01-06 10:40:14,177 [7972] INFO  FormLogin - 操作超时
2018-01-06 10:40:24,695 [5160] INFO  FormLogin - 操作超时
2018-01-06 10:40:26,456 [7392] INFO  FormLogin - 操作超时
2018-01-06 10:40:57,758 [7972] INFO  FormLogin - 操作超时
2018-01-06 10:41:33,220 [5160] INFO  FormLogin - 操作超时
2018-01-06 10:41:34,062 [7392] INFO  FormLogin - 操作超时
2018-01-06 10:41:40,071 [8668] INFO  FormLogin - 操作超时
2018-01-06 10:42:48,321 [9364] INFO  FormLogin - 操作超时
2018-01-06 10:42:51,421 [8668] INFO  FormLogin - 操作超时
2018-01-06 10:42:53,516 [5160] INFO  FormLogin - 操作超时
2018-01-06 10:42:54,318 [8860] INFO  FormLogin - 操作超时
2018-01-06 10:42:57,323 [7404] INFO  FormLogin - 操作超时
2018-01-06 10:43:35,711 [5160] INFO  FormLogin - 操作超时
2018-01-06 10:44:13,626 [8668] INFO  FormLogin - 操作超时
2018-01-06 10:44:29,203 [9364] INFO  FormLogin - 操作超时
2018-01-06 10:44:30,712 [5160] INFO  FormLogin - 操作超时
2018-01-06 10:44:32,392 [7404] INFO  FormLogin - 操作超时
2018-01-06 10:44:36,595 [9004] INFO  FormLogin - 操作超时
2018-01-06 10:44:41,800 [10156] INFO  FormLogin - 操作超时
2018-01-06 10:45:19,031 [9004] INFO  FormLogin - 操作超时
2018-01-06 10:45:28,495 [8668] INFO  FormLogin - 操作超时
2018-01-06 10:45:51,489 [8668] INFO  FormLogin - 操作超时
2018-01-06 10:45:54,119 [5160] INFO  FormLogin - 操作超时
2018-01-06 10:45:54,347 [9364] INFO  FormLogin - 操作超时
2018-01-06 10:47:34,223 [1980] INFO  FormLogin - 操作超时
2018-01-06 11:05:38,611 [7220] INFO  FormLogin - 操作超时
2018-01-06 11:18:16,341 [10064] INFO  FormLogin - 操作超时
2018-01-06 11:18:16,980 [9284] INFO  FormLogin - 操作超时
2018-01-06 11:18:20,186 [1308] INFO  FormLogin - 操作超时
2018-01-06 11:18:26,168 [9972] INFO  FormLogin - 操作超时
2018-01-06 11:18:26,611 [5312] INFO  FormLogin - 操作超时
2018-01-06 11:18:32,677 [9560] INFO  FormLogin - 操作超时
2018-01-06 11:19:07,401 [9972] INFO  FormLogin - 操作超时
2018-01-06 11:19:41,940 [9284] INFO  FormLogin - 操作超时
2018-01-06 11:19:51,115 [9560] INFO  FormLogin - 操作超时
2018-01-06 11:19:59,165 [10064] INFO  FormLogin - 操作超时
2018-01-06 11:20:03,707 [5312] INFO  FormLogin - 操作超时
2018-01-06 11:20:06,406 [744] INFO  FormLogin - 操作超时
2018-01-06 11:20:35,385 [5312] INFO  FormLogin - 操作超时
2018-01-06 11:20:35,385 [10064] INFO  FormLogin - 操作超时
2018-01-06 11:20:35,424 [9972] INFO  FormLogin - 操作超时
2018-01-06 11:20:35,424 [9284] INFO  FormLogin - 操作超时
2018-01-06 11:20:35,425 [744] INFO  FormLogin - 操作超时
2018-01-06 11:20:37,220 [10076] INFO  FormLogin - 操作超时
2018-01-06 11:21:30,088 [744] INFO  FormLogin - 操作超时
2018-01-06 11:21:31,027 [10064] INFO  FormLogin - 操作超时
2018-01-06 11:21:31,454 [9972] INFO  FormLogin - 操作超时
2018-01-06 11:21:50,777 [816] INFO  FormLogin - 无法连接到远程服务器
2018-01-06 11:22:10,234 [744] INFO  FormLogin - 操作超时
2018-01-06 11:22:10,849 [9972] INFO  FormLogin - 操作超时
2018-01-06 11:22:12,850 [7372] INFO  FormLogin - 操作超时
2018-01-06 11:22:13,815 [10064] INFO  FormLogin - 操作超时
2018-01-06 11:22:15,249 [7000] INFO  FormLogin - 操作超时
2018-01-06 11:22:18,160 [3560] INFO  FormLogin - 操作超时
2018-01-06 11:22:45,462 [1308] INFO  FormLogin - 操作超时
2018-01-06 11:22:45,669 [9972] INFO  FormLogin - 操作超时
2018-01-06 11:22:45,746 [7000] INFO  FormLogin - 操作超时
2018-01-06 11:22:47,027 [10064] INFO  FormLogin - 操作超时
2018-01-06 11:24:06,490 [10064] INFO  FormLogin - 操作超时
2018-01-06 11:24:06,744 [3560] INFO  FormLogin - 操作超时
2018-01-06 11:24:07,515 [9972] INFO  FormLogin - 操作超时
2018-01-06 11:25:45,952 [8352] INFO  FormLogin - 基础连接已经关闭: 接收时发生错误。
2018-01-06 11:25:46,023 [8580] INFO  FormLogin - 无法连接到远程服务器
2018-01-06 11:26:23,890 [7764] INFO  FormLogin - 无法连接到远程服务器
2018-01-06 11:31:15,770 [8356] INFO  FormLogin - 无法连接到远程服务器
2018-01-06 11:31:19,375 [5648] INFO  FormLogin - 无法连接到远程服务器
2018-01-06 11:31:53,410 [3068] INFO  FormLogin - 无法连接到远程服务器
2018-01-06 12:21:44,026 [9980] INFO  HttpClient - 无法连接到远程服务器
2018-01-06 12:21:45,239 [9980] INFO  HttpClient - 无法连接到远程服务器
2018-01-06 12:22:02,924 [9980] INFO  FormLogin - 无法连接到远程服务器
2018-01-06 12:22:05,581 [9980] INFO  FormLogin - 无法连接到远程服务器
2018-01-06 12:22:14,361 [8168] INFO  FormLogin - 无法连接到远程服务器
2018-01-06 12:22:17,333 [9916] INFO  FormLogin - 无法连接到远程服务器
2018-01-06 12:22:20,346 [2676] INFO  FormLogin - 无法连接到远程服务器
2018-01-06 12:24:41,592 [2408] INFO  HttpClient - 无法连接到远程服务器
2018-01-06 12:24:54,783 [2408] INFO  HttpClient - 无法连接到远程服务器
2018-01-06 12:27:08,746 [3060] INFO  HttpClient - 无法连接到远程服务器
2018-01-06 12:27:09,978 [3060] INFO  HttpClient - 无法连接到远程服务器
2018-01-06 12:29:21,828 [2084] INFO  HttpClient - 无法连接到远程服务器
2018-01-06 12:29:23,085 [2084] INFO  HttpClient - 无法连接到远程服务器
2018-01-06 12:29:40,982 [7964] INFO  HttpClient - 无法连接到远程服务器
2018-01-06 12:29:42,212 [7964] INFO  HttpClient - 无法连接到远程服务器
2018-01-06 12:29:59,899 [10768] INFO  HttpClient - 无法连接到远程服务器
2018-01-06 12:30:01,123 [10768] INFO  HttpClient - 无法连接到远程服务器
2018-01-06 15:09:08,387 [9500] INFO  FormLogin - 操作超时
2018-01-06 15:09:11,392 [6092] INFO  FormLogin - 操作超时
2018-01-06 15:15:47,805 [11204] INFO  FormLogin - 请求被中止: 请求已被取消。
2018-01-06 15:16:09,668 [10544] INFO  FormLogin - 请求被中止: 请求已被取消。
2018-01-06 15:56:41,809 [11080] INFO  HttpClient - 无法连接到远程服务器
2018-01-06 15:56:41,926 [11080] INFO  HttpClient - 无法连接到远程服务器
2018-01-06 15:56:50,010 [11080] INFO  FormLogin - 无法连接到远程服务器
2018-01-06 15:56:54,081 [11080] INFO  FormLogin - 无法连接到远程服务器
2018-01-06 15:56:54,484 [11080] INFO  FormLogin - 无法连接到远程服务器
2018-01-06 15:57:08,846 [5324] INFO  FormLogin - 无法连接到远程服务器
2018-01-06 15:57:11,802 [5324] INFO  FormLogin - 无法连接到远程服务器
2018-01-06 15:57:14,799 [5324] INFO  FormLogin - 无法连接到远程服务器
2018-01-06 15:57:17,814 [11208] INFO  FormLogin - 无法连接到远程服务器
2018-01-06 15:57:20,807 [10832] INFO  FormLogin - 无法连接到远程服务器
2018-01-06 15:57:23,823 [11180] INFO  FormLogin - 无法连接到远程服务器
2018-01-06 15:57:26,849 [11180] INFO  FormLogin - 无法连接到远程服务器
2018-01-06 15:57:28,589 [11080] INFO  FormLogin - 无法连接到远程服务器
2018-01-06 15:57:29,827 [11180] INFO  FormLogin - 无法连接到远程服务器
2018-01-06 15:57:29,983 [11208] INFO  FormLogin - 无法连接到远程服务器
2018-01-06 15:57:30,121 [11080] INFO  FormLogin - 无法连接到远程服务器
2018-01-06 15:57:32,854 [10832] INFO  FormLogin - 无法连接到远程服务器
2018-01-06 15:57:35,869 [10832] INFO  FormLogin - 无法连接到远程服务器
2018-01-06 15:57:38,887 [5324] INFO  FormLogin - 无法连接到远程服务器
2018-01-06 15:57:41,893 [10832] INFO  FormLogin - 无法连接到远程服务器
2018-01-06 15:57:44,906 [5324] INFO  FormLogin - 无法连接到远程服务器
2018-01-06 15:57:45,726 [11080] INFO  FormLogin - 无法连接到远程服务器
2018-01-06 15:57:47,007 [11180] INFO  FormLogin - 无法连接到远程服务器
2018-01-06 15:57:47,118 [11080] INFO  FormLogin - 无法连接到远程服务器
2018-01-06 15:57:47,912 [5324] INFO  FormLogin - 无法连接到远程服务器
2018-01-06 15:57:50,937 [5324] INFO  FormLogin - 无法连接到远程服务器
2018-01-06 15:57:53,915 [11208] INFO  FormLogin - 无法连接到远程服务器
2018-01-06 15:57:56,947 [5324] INFO  FormLogin - 无法连接到远程服务器
2018-01-06 15:57:59,938 [5324] INFO  FormLogin - 无法连接到远程服务器
2018-01-06 15:58:02,956 [5324] INFO  FormLogin - 无法连接到远程服务器
2018-01-06 15:58:05,797 [11180] INFO  FormLogin - 无法连接到远程服务器
2018-01-06 15:58:05,995 [11208] INFO  FormLogin - 无法连接到远程服务器
2018-01-06 15:58:09,021 [10832] INFO  FormLogin - 无法连接到远程服务器
2018-01-06 15:58:12,016 [5324] INFO  FormLogin - 无法连接到远程服务器
2018-01-06 15:58:15,021 [11180] INFO  FormLogin - 无法连接到远程服务器
2018-01-06 15:58:18,060 [11208] INFO  FormLogin - 无法连接到远程服务器
2018-01-06 15:58:21,024 [10832] INFO  FormLogin - 无法连接到远程服务器
2018-01-06 15:58:47,535 [11180] INFO  FormLogin - 无法连接到远程服务器
2018-01-06 16:03:24,839 [8100] INFO  FormLogin - 无法连接到远程服务器
2018-01-06 16:03:24,915 [8908] INFO  FormLogin - 无法连接到远程服务器
2018-01-06 16:03:24,945 [9992] INFO  FormLogin - 无法连接到远程服务器
2018-01-06 16:03:31,019 [8908] INFO  FormLogin - 无法连接到远程服务器
2018-01-06 16:03:31,049 [9992] INFO  FormLogin - 无法连接到远程服务器
2018-01-06 16:03:33,989 [10876] INFO  FormLogin - 无法连接到远程服务器
2018-01-06 16:03:37,038 [8100] INFO  FormLogin - 无法连接到远程服务器
2018-01-06 16:03:40,031 [2112] INFO  FormLogin - 无法连接到远程服务器
2018-01-06 16:03:43,053 [4216] INFO  FormLogin - 无法连接到远程服务器
2018-01-06 16:03:46,070 [2112] INFO  FormLogin - 无法连接到远程服务器
2018-01-06 16:03:49,055 [7356] INFO  FormLogin - 无法连接到远程服务器
2018-01-06 16:03:52,076 [2112] INFO  FormLogin - 无法连接到远程服务器
2018-01-06 16:29:26,626 [5068] INFO  HttpClient - 无法连接到远程服务器
2018-01-06 16:29:26,741 [5068] INFO  HttpClient - 无法连接到远程服务器
2018-01-06 16:29:33,482 [5068] INFO  FormLogin - 无法连接到远程服务器
2018-01-06 16:29:36,015 [5068] INFO  FormLogin - 无法连接到远程服务器
2018-01-06 16:29:36,123 [5068] INFO  FormLogin - 无法连接到远程服务器
2018-01-06 16:29:46,776 [10552] INFO  FormLogin - 无法连接到远程服务器
2018-01-06 16:29:49,801 [8080] INFO  FormLogin - 无法连接到远程服务器
2018-01-06 16:29:52,786 [7312] INFO  FormLogin - 无法连接到远程服务器
2018-01-06 16:29:55,811 [9084] INFO  FormLogin - 无法连接到远程服务器
2018-01-06 16:29:58,803 [7312] INFO  FormLogin - 无法连接到远程服务器
2018-01-06 16:30:01,809 [7312] INFO  FormLogin - 无法连接到远程服务器
2018-01-06 16:40:47,873 [9236] INFO  HttpClient - 无法连接到远程服务器
2018-01-06 16:40:47,988 [9236] INFO  HttpClient - 无法连接到远程服务器
2018-01-06 16:41:18,656 [9236] INFO  FormLogin - 无法连接到远程服务器
2018-01-06 16:41:21,844 [9236] INFO  FormLogin - 无法连接到远程服务器
2018-01-06 16:41:21,953 [9236] INFO  FormLogin - 无法连接到远程服务器
2018-01-06 16:41:28,507 [8952] INFO  FormLogin - 无法连接到远程服务器
2018-01-06 16:41:31,479 [2416] INFO  FormLogin - 无法连接到远程服务器
2018-01-06 16:41:34,508 [9296] INFO  FormLogin - 无法连接到远程服务器
2018-01-06 16:41:37,539 [8952] INFO  FormLogin - 无法连接到远程服务器
2018-01-06 16:48:24,476 [9268] INFO  FormLogin - 操作超时
2018-01-06 16:48:48,516 [9104] INFO  FormLogin - 操作超时
2018-01-06 16:48:54,578 [8544] INFO  FormLogin - 操作超时
2018-01-06 16:49:03,640 [7292] INFO  FormLogin - 操作超时
2018-01-06 16:49:21,684 [9104] INFO  FormLogin - 操作超时
2018-01-06 16:49:58,853 [9268] INFO  FormLogin - 无法连接到远程服务器
2018-01-06 16:50:01,859 [9268] INFO  FormLogin - 无法连接到远程服务器
2018-01-06 16:50:02,682 [8516] INFO  FormLogin - 无法连接到远程服务器
2018-01-06 16:50:03,814 [9104] INFO  FormLogin - 操作超时
2018-01-06 16:50:04,892 [8544] INFO  FormLogin - 无法连接到远程服务器
2018-01-06 16:50:07,898 [6764] INFO  FormLogin - 无法连接到远程服务器
2018-01-06 16:50:10,897 [6764] INFO  FormLogin - 无法连接到远程服务器
2018-01-06 16:50:13,915 [9104] INFO  FormLogin - 无法连接到远程服务器
2018-01-06 16:50:16,926 [6764] INFO  FormLogin - 无法连接到远程服务器
2018-01-06 16:50:20,007 [8544] INFO  FormLogin - 无法连接到远程服务器
2018-01-06 16:50:22,945 [3232] INFO  FormLogin - 无法连接到远程服务器
2018-01-06 16:50:23,131 [9268] INFO  FormLogin - 无法连接到远程服务器
2018-01-06 16:50:25,930 [3232] INFO  FormLogin - 无法连接到远程服务器
2018-01-06 16:50:28,956 [9268] INFO  FormLogin - 无法连接到远程服务器
2018-01-06 16:50:31,975 [7292] INFO  FormLogin - 无法连接到远程服务器
2018-01-06 16:50:35,001 [7292] INFO  FormLogin - 无法连接到远程服务器
2018-01-06 16:50:38,078 [6764] INFO  FormLogin - 无法连接到远程服务器
2018-01-06 16:50:41,063 [9268] INFO  FormLogin - 无法连接到远程服务器
2018-01-06 16:50:44,012 [6764] INFO  FormLogin - 无法连接到远程服务器
2018-01-06 16:50:47,008 [7292] INFO  FormLogin - 无法连接到远程服务器
2018-01-06 16:50:57,295 [7292] INFO  FormLogin - 无法连接到远程服务器
2018-01-06 16:50:57,526 [8516] INFO  FormLogin - 无法连接到远程服务器
2018-01-06 16:50:57,574 [9268] INFO  FormLogin - 无法连接到远程服务器
2018-01-06 16:50:57,575 [5588] INFO  FormLogin - 无法连接到远程服务器
2018-01-06 16:51:00,385 [7972] INFO  FormLogin - 无法连接到远程服务器
2018-01-06 16:51:03,389 [6764] INFO  FormLogin - 无法连接到远程服务器
2018-01-06 16:51:06,387 [5588] INFO  FormLogin - 无法连接到远程服务器
2018-01-06 16:51:09,392 [6764] INFO  FormLogin - 无法连接到远程服务器
2018-01-06 16:51:50,507 [5588] INFO  FormLogin - 操作超时
2018-01-06 16:54:54,169 [7600] INFO  FormLogin - 操作超时
2018-01-06 16:54:57,289 [5572] INFO  FormLogin - 操作超时
2018-01-06 16:55:00,209 [9104] INFO  FormLogin - 操作超时
2018-01-06 16:55:03,183 [7292] INFO  FormLogin - 操作超时
2018-01-06 16:55:06,211 [5588] INFO  FormLogin - 操作超时
2018-01-06 16:55:09,235 [9268] INFO  FormLogin - 操作超时
2018-01-06 16:55:12,199 [4660] INFO  FormLogin - 操作超时
2018-01-06 16:55:15,250 [7620] INFO  FormLogin - 操作超时
2018-01-06 16:55:18,257 [5572] INFO  FormLogin - 操作超时
2018-01-06 16:55:21,248 [9104] INFO  FormLogin - 操作超时
2018-01-06 16:55:24,259 [7292] INFO  FormLogin - 操作超时
2018-01-06 16:55:27,304 [5588] INFO  FormLogin - 操作超时
2018-01-06 16:55:30,272 [3740] INFO  FormLogin - 操作超时
2018-01-06 16:55:30,638 [8516] INFO  FormLogin - 操作超时
2018-01-06 16:55:33,301 [7392] INFO  FormLogin - 操作超时
2018-01-06 16:55:36,310 [9268] INFO  FormLogin - 操作超时
2018-01-06 16:55:39,322 [10236] INFO  FormLogin - 操作超时
2018-01-06 16:55:42,369 [7600] INFO  FormLogin - 操作超时
2018-01-06 16:55:43,236 [8324] INFO  FormLogin - 操作超时
2018-01-06 16:55:45,394 [10272] INFO  FormLogin - 操作超时
2018-01-06 16:55:48,365 [8196] INFO  FormLogin - 操作超时
2018-01-06 16:55:51,365 [9104] INFO  FormLogin - 操作超时
2018-01-06 16:55:54,392 [7620] INFO  FormLogin - 操作超时
2018-01-06 16:55:57,385 [3740] INFO  FormLogin - 操作超时
2018-01-06 16:56:00,399 [5588] INFO  FormLogin - 操作超时
2018-01-06 16:56:03,418 [7392] INFO  FormLogin - 操作超时
2018-01-06 16:56:06,448 [8324] INFO  FormLogin - 操作超时
2018-01-06 16:56:09,439 [5572] INFO  FormLogin - 操作超时
2018-01-06 16:56:12,461 [10236] INFO  FormLogin - 操作超时
2018-01-06 16:56:15,451 [7600] INFO  FormLogin - 操作超时
2018-01-06 16:56:18,456 [3740] INFO  FormLogin - 操作超时
2018-01-06 16:56:21,475 [4660] INFO  FormLogin - 操作超时
2018-01-06 16:56:24,465 [5588] INFO  FormLogin - 操作超时
2018-01-06 16:56:29,292 [8324] INFO  FormLogin - 请求被中止: 操作超时。
2018-01-06 16:56:30,591 [5572] INFO  FormLogin - 操作超时
2018-01-06 16:56:33,518 [10236] INFO  FormLogin - 操作超时
2018-01-06 16:56:36,545 [7600] INFO  FormLogin - 操作超时
2018-01-06 16:56:39,571 [3740] INFO  FormLogin - 操作超时
2018-01-06 16:56:42,567 [4436] INFO  FormLogin - 操作超时
2018-01-06 16:56:43,244 [4660] INFO  FormLogin - 操作超时
2018-01-06 16:56:45,801 [5588] INFO  FormLogin - 操作超时
2018-01-06 16:56:49,608 [8516] INFO  FormLogin - 操作超时
2018-01-06 16:56:57,946 [7392] INFO  FormLogin - 操作超时
2018-01-06 16:56:58,240 [10448] INFO  FormLogin - 操作超时
2018-01-06 16:56:58,244 [8812] INFO  FormLogin - 操作超时
2018-01-06 16:56:58,436 [7624] INFO  FormLogin - 操作超时
2018-01-06 16:57:01,416 [10568] INFO  FormLogin - 操作超时
2018-01-06 16:57:04,482 [10120] INFO  FormLogin - 操作超时
2018-01-06 16:57:07,525 [4780] INFO  FormLogin - 操作超时
2018-01-06 16:57:18,035 [6680] INFO  FormLogin - 操作超时
2018-01-06 16:57:20,486 [8324] INFO  FormLogin - 操作超时
2018-01-06 16:57:23,481 [7624] INFO  FormLogin - 操作超时
2018-01-06 16:57:26,516 [10120] INFO  FormLogin - 操作超时
2018-01-06 16:57:29,521 [8812] INFO  FormLogin - 操作超时
2018-01-06 16:57:32,514 [10568] INFO  FormLogin - 操作超时
2018-01-06 16:57:35,580 [5572] INFO  FormLogin - 操作超时
2018-01-06 16:57:38,514 [3740] INFO  FormLogin - 操作超时
2018-01-06 16:57:41,541 [4780] INFO  FormLogin - 操作超时
2018-01-06 16:57:43,258 [4436] INFO  FormLogin - 操作超时
2018-01-06 16:57:44,530 [5588] INFO  FormLogin - 操作超时
2018-01-06 16:57:47,519 [7624] INFO  FormLogin - 操作超时
2018-01-06 16:57:50,565 [8812] INFO  FormLogin - 操作超时
2018-01-06 16:57:53,567 [10568] INFO  FormLogin - 操作超时
2018-01-06 16:57:56,554 [5572] INFO  FormLogin - 操作超时
2018-01-06 16:57:59,557 [6680] INFO  FormLogin - 操作超时
2018-01-06 16:58:02,673 [10120] INFO  FormLogin - 操作超时
2018-01-06 16:58:05,667 [4436] INFO  FormLogin - 操作超时
2018-01-06 16:58:08,670 [7624] INFO  FormLogin - 操作超时
2018-01-06 16:58:11,720 [4780] INFO  FormLogin - 操作超时
2018-01-06 16:58:14,719 [5588] INFO  FormLogin - 操作超时
2018-01-06 16:58:17,755 [8812] INFO  FormLogin - 操作超时
2018-01-06 16:58:20,724 [10568] INFO  FormLogin - 操作超时
2018-01-06 16:58:23,817 [5572] INFO  FormLogin - 操作超时
2018-01-06 16:58:26,934 [7392] INFO  FormLogin - 操作超时
2018-01-06 16:58:29,876 [10120] INFO  FormLogin - 操作超时
2018-01-06 16:58:32,859 [4780] INFO  FormLogin - 操作超时
2018-01-06 16:58:35,733 [4660] INFO  FormLogin - 操作超时
2018-01-06 16:58:38,727 [7624] INFO  FormLogin - 操作超时
2018-01-06 16:58:41,828 [8812] INFO  FormLogin - 操作超时
2018-01-06 16:58:43,368 [10568] INFO  FormLogin - 操作超时
2018-01-06 16:58:44,961 [8776] INFO  FormLogin - 操作超时
2018-01-06 16:58:47,848 [3740] INFO  FormLogin - 操作超时
2018-01-06 16:58:50,861 [4436] INFO  FormLogin - 操作超时
2018-01-06 16:58:53,829 [5804] INFO  FormLogin - 操作超时
2018-01-06 16:58:56,844 [4780] INFO  FormLogin - 操作超时
2018-01-06 16:58:59,867 [7624] INFO  FormLogin - 操作超时
2018-01-06 16:59:02,893 [6680] INFO  FormLogin - 操作超时
2018-01-06 16:59:05,865 [10568] INFO  FormLogin - 操作超时
2018-01-06 16:59:08,870 [5588] INFO  FormLogin - 操作超时
2018-01-06 16:59:11,883 [8776] INFO  FormLogin - 操作超时
2018-01-06 16:59:14,953 [3740] INFO  FormLogin - 操作超时
2018-01-06 16:59:17,888 [5804] INFO  FormLogin - 操作超时
2018-01-06 16:59:20,884 [7624] INFO  FormLogin - 操作超时
2018-01-06 16:59:23,911 [4780] INFO  FormLogin - 操作超时
2018-01-06 16:59:26,928 [5572] INFO  FormLogin - 操作超时
2018-01-06 16:59:29,962 [8812] INFO  FormLogin - 操作超时
2018-01-06 16:59:32,941 [4436] INFO  FormLogin - 操作超时
2018-01-06 16:59:35,933 [4660] INFO  FormLogin - 操作超时
2018-01-06 16:59:38,950 [10120] INFO  FormLogin - 操作超时
2018-01-06 16:59:41,928 [7624] INFO  FormLogin - 操作超时
2018-01-06 16:59:43,292 [5804] INFO  FormLogin - 操作超时
2018-01-06 16:59:44,999 [3740] INFO  FormLogin - 操作超时
2018-01-06 16:59:48,010 [4780] INFO  FormLogin - 操作超时
2018-01-06 16:59:50,988 [8776] INFO  FormLogin - 操作超时
2018-01-06 16:59:54,002 [4436] INFO  FormLogin - 操作超时
2018-01-06 16:59:57,016 [4660] INFO  FormLogin - 操作超时
2018-01-06 17:00:00,023 [8812] INFO  FormLogin - 操作超时
2018-01-06 17:00:03,019 [7624] INFO  FormLogin - 操作超时
2018-01-06 17:00:06,057 [10120] INFO  FormLogin - 操作超时
2018-01-06 17:00:09,038 [3260] INFO  FormLogin - 操作超时
2018-01-06 17:00:12,060 [6152] INFO  FormLogin - 操作超时
2018-01-06 17:06:32,864 [8852] INFO  HttpClient - 操作超时
2018-01-06 17:06:53,260 [8852] INFO  HttpClient - 操作超时
2018-01-06 17:07:18,578 [8852] INFO  FormLogin - 操作超时
2018-01-06 17:07:38,750 [8852] INFO  FormLogin - 操作超时
2018-01-06 17:08:06,816 [9880] INFO  FormLogin - 操作超时
2018-01-06 17:08:09,886 [5696] INFO  FormLogin - 操作超时
2018-01-06 17:08:12,876 [9944] INFO  FormLogin - 操作超时
2018-01-06 17:08:15,870 [6300] INFO  FormLogin - 操作超时
2018-01-06 17:08:18,127 [8852] INFO  FormLogin - 操作超时
2018-01-06 17:08:18,914 [9704] INFO  FormLogin - 操作超时
2018-01-06 17:08:21,932 [10988] INFO  FormLogin - 操作超时
2018-01-06 17:08:24,921 [6876] INFO  FormLogin - 操作超时
2018-01-06 17:08:27,929 [4436] INFO  FormLogin - 操作超时
2018-01-06 17:08:30,946 [5572] INFO  FormLogin - 操作超时
2018-01-06 17:08:33,949 [8812] INFO  FormLogin - 操作超时
2018-01-06 17:08:36,980 [3060] INFO  FormLogin - 操作超时
2018-01-06 17:08:39,952 [5696] INFO  FormLogin - 操作超时
2018-01-06 17:08:42,983 [9880] INFO  FormLogin - 操作超时
2018-01-06 17:08:44,367 [6684] INFO  FormLogin - 请求被中止: 操作超时。
2018-01-06 17:08:44,505 [8852] INFO  FormLogin - 请求被中止: 操作超时。
2018-01-06 17:08:45,995 [10988] INFO  FormLogin - 操作超时
2018-01-06 17:08:49,015 [6300] INFO  FormLogin - 操作超时
2018-01-06 17:08:51,980 [9704] INFO  FormLogin - 操作超时
2018-01-06 17:08:55,002 [9944] INFO  FormLogin - 操作超时
2018-01-06 17:08:58,067 [7644] INFO  FormLogin - 操作超时
2018-01-06 17:09:01,006 [9812] INFO  FormLogin - 操作超时
2018-01-06 17:09:03,875 [7404] INFO  FormLogin - 操作超时
2018-01-06 17:09:04,944 [4640] INFO  FormLogin - 操作超时
2018-01-06 17:09:08,004 [6684] INFO  FormLogin - 操作超时
2018-01-06 17:09:10,967 [3060] INFO  FormLogin - 操作超时
2018-01-06 17:09:14,011 [5572] INFO  FormLogin - 操作超时
2018-01-06 17:09:16,976 [6300] INFO  FormLogin - 操作超时
2018-01-06 17:09:20,000 [6876] INFO  FormLogin - 操作超时
2018-01-06 17:09:22,266 [8852] INFO  FormLogin - 操作超时
2018-01-06 17:09:23,041 [4436] INFO  FormLogin - 操作超时
2018-01-06 17:09:26,009 [7404] INFO  FormLogin - 操作超时
2018-01-06 17:09:32,962 [9704] INFO  FormLogin - 操作超时
2018-01-06 17:09:36,432 [5696] INFO  FormLogin - 操作超时
2018-01-06 17:09:46,201 [9812] INFO  FormLogin - 请求被中止: 操作超时。
2018-01-06 17:09:47,744 [7248] INFO  FormLogin - 操作超时
2018-01-06 17:09:48,183 [7644] INFO  FormLogin - 操作超时
2018-01-06 17:09:48,294 [3060] INFO  FormLogin - 请求被中止: 操作超时。
2018-01-06 17:09:50,924 [10988] INFO  FormLogin - 操作超时
2018-01-06 17:09:51,658 [9880] INFO  FormLogin - 操作超时
2018-01-06 17:09:56,025 [6300] INFO  FormLogin - 操作超时
2018-01-06 17:10:02,625 [7404] INFO  FormLogin - 操作超时
2018-01-06 17:10:13,964 [5572] INFO  FormLogin - 请求被中止: 操作超时。
2018-01-06 17:10:15,039 [6876] INFO  FormLogin - 请求被中止: 操作超时。
2018-01-06 17:10:15,349 [9116] INFO  FormLogin - 请求被中止: 操作超时。
2018-01-06 17:10:39,180 [4436] INFO  FormLogin - 请求被中止: 操作超时。
2018-01-06 17:10:39,305 [5572] INFO  FormLogin - 请求被中止: 操作超时。
2018-01-06 17:10:39,305 [9944] INFO  FormLogin - 请求被中止: 操作超时。
2018-01-06 17:10:39,363 [4640] INFO  FormLogin - 操作超时
2018-01-06 17:10:39,363 [6684] INFO  FormLogin - 操作超时
2018-01-06 17:10:39,363 [8812] INFO  FormLogin - 操作超时
2018-01-06 17:10:59,346 [10272] INFO  FormLogin - 操作超时
2018-01-06 17:10:59,360 [10504] INFO  FormLogin - 操作超时
2018-01-06 17:11:13,961 [9964] INFO  FormLogin - 操作超时
2018-01-06 17:11:14,049 [8852] INFO  FormLogin - 操作超时
2018-01-06 17:14:01,638 [3360] INFO  FormLogin - 请求被中止: 操作超时。
2018-01-06 17:14:02,235 [7304] INFO  FormLogin - 请求被中止: 操作超时。
2018-01-06 17:14:02,236 [10108] INFO  FormLogin - 请求被中止: 操作超时。
2018-01-06 17:14:02,299 [10308] INFO  FormLogin - 请求被中止: 操作超时。
2018-01-06 17:14:02,349 [5480] INFO  FormLogin - 请求被中止: 操作超时。
2018-01-06 17:14:02,477 [10668] INFO  FormLogin - 请求被中止: 操作超时。
2018-01-06 17:14:02,704 [11088] INFO  FormLogin - 请求被中止: 操作超时。
2018-01-06 17:14:02,718 [7920] INFO  FormLogin - 请求被中止: 操作超时。
2018-01-06 17:14:23,503 [3360] INFO  FormLogin - 请求被中止: 操作超时。
2018-01-06 17:14:23,788 [5508] INFO  FormLogin - 请求被中止: 操作超时。
2018-01-06 17:14:24,375 [9704] INFO  FormLogin - 操作超时
2018-01-06 17:14:27,388 [10308] INFO  FormLogin - 操作超时
2018-01-06 17:14:30,330 [6684] INFO  FormLogin - 操作超时
2018-01-06 17:14:33,275 [10272] INFO  FormLogin - 操作超时
2018-01-06 17:14:36,287 [10108] INFO  FormLogin - 操作超时
2018-01-06 17:14:39,317 [7304] INFO  FormLogin - 操作超时
2018-01-06 17:14:43,856 [5480] INFO  FormLogin - 操作超时
2018-01-06 17:14:44,234 [8852] INFO  FormLogin - 操作超时
2018-01-06 17:14:46,245 [5572] INFO  FormLogin - 操作超时
2018-01-06 17:16:23,143 [3360] INFO  FormLogin - 操作超时
2018-01-06 17:16:23,573 [5508] INFO  FormLogin - 请求被中止: 操作超时。
2018-01-06 17:16:23,574 [9880] INFO  FormLogin - 请求被中止: 操作超时。
2018-01-06 17:16:23,656 [9116] INFO  FormLogin - 请求被中止: 操作超时。
2018-01-06 17:16:23,814 [11088] INFO  FormLogin - 请求被中止: 操作超时。
2018-01-06 17:16:23,815 [7920] INFO  FormLogin - 请求被中止: 操作超时。
2018-01-06 17:16:24,393 [4640] INFO  FormLogin - 请求被中止: 操作超时。
2018-01-06 17:16:26,612 [7404] INFO  FormLogin - 操作超时
2018-01-06 17:16:43,973 [10668] INFO  FormLogin - 操作超时
2018-01-06 17:16:47,441 [9116] INFO  FormLogin - 请求被中止: 操作超时。
2018-01-06 17:16:47,480 [7920] INFO  FormLogin - 操作超时
2018-01-06 17:16:49,558 [5508] INFO  FormLogin - 操作超时
2018-01-06 17:16:52,505 [4640] INFO  FormLogin - 操作超时
2018-01-06 17:16:55,520 [3360] INFO  FormLogin - 操作超时
2018-01-06 17:16:58,559 [9880] INFO  FormLogin - 操作超时
2018-01-06 17:17:01,549 [7404] INFO  FormLogin - 操作超时
2018-01-06 17:17:04,539 [11088] INFO  FormLogin - 操作超时
2018-01-06 17:17:07,560 [9116] INFO  FormLogin - 操作超时
2018-01-06 17:17:07,692 [8852] INFO  FormLogin - 操作超时
2018-01-06 17:17:12,131 [10668] INFO  FormLogin - 请求被中止: 操作超时。
2018-01-06 17:17:13,726 [6808] INFO  FormLogin - 操作超时
2018-01-06 17:17:16,595 [4712] INFO  FormLogin - 操作超时
2018-01-06 17:17:19,601 [8828] INFO  FormLogin - 操作超时
2018-01-06 17:17:22,650 [9012] INFO  FormLogin - 操作超时
2018-01-06 17:17:25,629 [2056] INFO  FormLogin - 操作超时
2018-01-06 17:17:28,629 [11088] INFO  FormLogin - 操作超时
2018-01-06 17:17:32,216 [2676] INFO  FormLogin - 操作超时
2018-01-06 17:17:32,225 [9116] INFO  FormLogin - 操作超时
2018-01-06 17:17:35,120 [9880] INFO  FormLogin - 操作超时
2018-01-06 17:17:38,094 [4712] INFO  FormLogin - 操作超时
2018-01-06 17:17:41,087 [5508] INFO  FormLogin - 操作超时
2018-01-06 17:17:43,015 [8828] INFO  FormLogin - 操作超时
2018-01-06 17:17:44,154 [9012] INFO  FormLogin - 操作超时
2018-01-06 17:17:47,128 [2056] INFO  FormLogin - 操作超时
2018-01-06 17:17:50,153 [11088] INFO  FormLogin - 操作超时
2018-01-06 17:17:53,184 [7920] INFO  FormLogin - 操作超时
2018-01-06 17:17:56,190 [2676] INFO  FormLogin - 操作超时
2018-01-06 17:17:59,194 [10668] INFO  FormLogin - 操作超时
2018-01-06 17:18:02,216 [4712] INFO  FormLogin - 操作超时
2018-01-06 17:18:05,208 [9116] INFO  FormLogin - 操作超时
