2018-03-08 17:09:51,737 [14780] INFO  MicroPay - MicroPay:Micropay is processing...
2018-03-08 17:09:51,918 [14780] DEBUG WxPayApi - WxPayApi:MicroPay request : <xml><appid><![CDATA[wx32665e55bffa086b]]></appid><auth_code><![CDATA[134777726084804803]]></auth_code><body><![CDATA[test]]></body><mch_id><![CDATA[1231139902]]></mch_id><nonce_str><![CDATA[627096a23f1c431299c13671236becd4]]></nonce_str><out_trade_no><![CDATA[123113990220180308170951394]]></out_trade_no><sign><![CDATA[ECC85A315E152146446838914239C222]]></sign><spbill_create_ip><![CDATA[8.8.8.8]]></spbill_create_ip><total_fee>1</total_fee></xml>
2018-03-08 17:09:53,152 [14780] DEBUG HttpService - WxPayApi:MicroPay response : <xml><return_code><![CDATA[SUCCESS]]></return_code>
<return_msg><![CDATA[OK]]></return_msg>
<appid><![CDATA[wx32665e55bffa086b]]></appid>
<mch_id><![CDATA[1231139902]]></mch_id>
<nonce_str><![CDATA[e9tP7hd3SI9K10hE]]></nonce_str>
<sign><![CDATA[F9AFDC0A87D43C40FDEA6546565DFDA5]]></sign>
<result_code><![CDATA[FAIL]]></result_code>
<err_code><![CDATA[USERPAYING]]></err_code>
<err_code_des><![CDATA[需要用户输入支付密码]]></err_code_des>
</xml>
2018-03-08 17:09:53,404 [14780] DEBUG WxPayData - MicroPay:Micropay response check sign success
2018-03-08 17:09:53,407 [14780] DEBUG WxPayData - WxPayApi:OrderQuery request : <xml><appid><![CDATA[wx32665e55bffa086b]]></appid><mch_id><![CDATA[1231139902]]></mch_id><nonce_str><![CDATA[f030f9b1f85348f8808edb8d86bde774]]></nonce_str><out_trade_no><![CDATA[123113990220180308170951394]]></out_trade_no><sign><![CDATA[48B71B5454F2AFF5D7D6E5F73CFD871C]]></sign></xml>
2018-03-08 17:09:53,624 [14780] DEBUG WxPayData - WxPayApi:OrderQuery response : <xml><return_code><![CDATA[SUCCESS]]></return_code>
<return_msg><![CDATA[OK]]></return_msg>
<appid><![CDATA[wx32665e55bffa086b]]></appid>
<mch_id><![CDATA[1231139902]]></mch_id>
<nonce_str><![CDATA[0APddn7eGEHaJU81]]></nonce_str>
<sign><![CDATA[51DC59C466A54A4E77AB45C2ADFB07E8]]></sign>
<result_code><![CDATA[SUCCESS]]></result_code>
<out_trade_no><![CDATA[123113990220180308170951394]]></out_trade_no>
<trade_state><![CDATA[USERPAYING]]></trade_state>
<trade_state_desc><![CDATA[需要用户输入支付密码]]></trade_state_desc>
</xml>
2018-03-08 17:09:55,626 [14780] DEBUG WxPayData - WxPayApi:OrderQuery request : <xml><appid><![CDATA[wx32665e55bffa086b]]></appid><mch_id><![CDATA[1231139902]]></mch_id><nonce_str><![CDATA[ff0b516251354c6fbda8750a3ed4d36d]]></nonce_str><out_trade_no><![CDATA[123113990220180308170951394]]></out_trade_no><sign><![CDATA[9B50E5A87663A1BEDF904BA960526D0F]]></sign></xml>
2018-03-08 17:09:55,839 [14780] DEBUG WxPayData - WxPayApi:OrderQuery response : <xml><return_code><![CDATA[SUCCESS]]></return_code>
<return_msg><![CDATA[OK]]></return_msg>
<appid><![CDATA[wx32665e55bffa086b]]></appid>
<mch_id><![CDATA[1231139902]]></mch_id>
<nonce_str><![CDATA[cRUWsTUeBEIPegWn]]></nonce_str>
<sign><![CDATA[EBD4E1785AFBD6D025E39586DD9A63D7]]></sign>
<result_code><![CDATA[SUCCESS]]></result_code>
<out_trade_no><![CDATA[123113990220180308170951394]]></out_trade_no>
<trade_state><![CDATA[USERPAYING]]></trade_state>
<trade_state_desc><![CDATA[需要用户输入支付密码]]></trade_state_desc>
</xml>
2018-03-08 17:09:57,839 [14780] DEBUG WxPayData - WxPayApi:OrderQuery request : <xml><appid><![CDATA[wx32665e55bffa086b]]></appid><mch_id><![CDATA[1231139902]]></mch_id><nonce_str><![CDATA[ec9d4d92f4cc4471a67ca5a284ce9dc3]]></nonce_str><out_trade_no><![CDATA[123113990220180308170951394]]></out_trade_no><sign><![CDATA[C155100522D966EEFE022939B6C5C74C]]></sign></xml>
2018-03-08 17:09:58,042 [14780] DEBUG WxPayData - WxPayApi:OrderQuery response : <xml><return_code><![CDATA[SUCCESS]]></return_code>
<return_msg><![CDATA[OK]]></return_msg>
<appid><![CDATA[wx32665e55bffa086b]]></appid>
<mch_id><![CDATA[1231139902]]></mch_id>
<nonce_str><![CDATA[NLFTmO7R89NX5nsv]]></nonce_str>
<sign><![CDATA[B62B9E05FF011F438DE55874375AC020]]></sign>
<result_code><![CDATA[SUCCESS]]></result_code>
<out_trade_no><![CDATA[123113990220180308170951394]]></out_trade_no>
<trade_state><![CDATA[USERPAYING]]></trade_state>
<trade_state_desc><![CDATA[需要用户输入支付密码]]></trade_state_desc>
</xml>
2018-03-08 17:10:00,042 [14780] DEBUG WxPayData - WxPayApi:OrderQuery request : <xml><appid><![CDATA[wx32665e55bffa086b]]></appid><mch_id><![CDATA[1231139902]]></mch_id><nonce_str><![CDATA[e7ae27c214d448fab1539959949ad2cc]]></nonce_str><out_trade_no><![CDATA[123113990220180308170951394]]></out_trade_no><sign><![CDATA[5DE831728AAB7F4BF1080AE41ADCA2A9]]></sign></xml>
2018-03-08 17:10:00,261 [14780] DEBUG WxPayData - WxPayApi:OrderQuery response : <xml><return_code><![CDATA[SUCCESS]]></return_code>
<return_msg><![CDATA[OK]]></return_msg>
<appid><![CDATA[wx32665e55bffa086b]]></appid>
<mch_id><![CDATA[1231139902]]></mch_id>
<nonce_str><![CDATA[rGAfyvP9pEjMzkgp]]></nonce_str>
<sign><![CDATA[A1767216CC4FFA5B66E845619E331961]]></sign>
<result_code><![CDATA[SUCCESS]]></result_code>
<out_trade_no><![CDATA[123113990220180308170951394]]></out_trade_no>
<trade_state><![CDATA[USERPAYING]]></trade_state>
<trade_state_desc><![CDATA[需要用户输入支付密码]]></trade_state_desc>
</xml>
2018-03-08 17:10:02,262 [14780] DEBUG WxPayData - WxPayApi:OrderQuery request : <xml><appid><![CDATA[wx32665e55bffa086b]]></appid><mch_id><![CDATA[1231139902]]></mch_id><nonce_str><![CDATA[a347d3fcd8574811818c1d402c25c797]]></nonce_str><out_trade_no><![CDATA[123113990220180308170951394]]></out_trade_no><sign><![CDATA[285FD3A086EC4010BD2596428410C905]]></sign></xml>
2018-03-08 17:10:02,476 [14780] DEBUG WxPayData - WxPayApi:OrderQuery response : <xml><return_code><![CDATA[SUCCESS]]></return_code>
<return_msg><![CDATA[OK]]></return_msg>
<appid><![CDATA[wx32665e55bffa086b]]></appid>
<mch_id><![CDATA[1231139902]]></mch_id>
<nonce_str><![CDATA[ez40g1BprPfme0kA]]></nonce_str>
<sign><![CDATA[04C8C47838786980D5AB3A8BF1E0C6D8]]></sign>
<result_code><![CDATA[SUCCESS]]></result_code>
<out_trade_no><![CDATA[123113990220180308170951394]]></out_trade_no>
<trade_state><![CDATA[USERPAYING]]></trade_state>
<trade_state_desc><![CDATA[需要用户输入支付密码]]></trade_state_desc>
</xml>
2018-03-08 17:10:04,477 [14780] DEBUG WxPayData - WxPayApi:OrderQuery request : <xml><appid><![CDATA[wx32665e55bffa086b]]></appid><mch_id><![CDATA[1231139902]]></mch_id><nonce_str><![CDATA[e57d34804a7c4e4cbb8f6382b0cd7961]]></nonce_str><out_trade_no><![CDATA[123113990220180308170951394]]></out_trade_no><sign><![CDATA[2E5EB61FBA1620417BB80F5847A4F49A]]></sign></xml>
2018-03-08 17:10:04,716 [14780] DEBUG WxPayData - WxPayApi:OrderQuery response : <xml><return_code><![CDATA[SUCCESS]]></return_code>
<return_msg><![CDATA[OK]]></return_msg>
<appid><![CDATA[wx32665e55bffa086b]]></appid>
<mch_id><![CDATA[1231139902]]></mch_id>
<nonce_str><![CDATA[jJyeB8aprPBzbpex]]></nonce_str>
<sign><![CDATA[727DEBF2A81C4DACB9500F9C82B5988C]]></sign>
<result_code><![CDATA[SUCCESS]]></result_code>
<out_trade_no><![CDATA[123113990220180308170951394]]></out_trade_no>
<trade_state><![CDATA[USERPAYING]]></trade_state>
<trade_state_desc><![CDATA[需要用户输入支付密码]]></trade_state_desc>
</xml>
2018-03-08 17:10:06,717 [14780] DEBUG WxPayData - WxPayApi:OrderQuery request : <xml><appid><![CDATA[wx32665e55bffa086b]]></appid><mch_id><![CDATA[1231139902]]></mch_id><nonce_str><![CDATA[ef0e91a5852c4a75b4116e111c465f14]]></nonce_str><out_trade_no><![CDATA[123113990220180308170951394]]></out_trade_no><sign><![CDATA[159BD6C234484D1C7E8639D8C641A05D]]></sign></xml>
2018-03-08 17:10:06,952 [14780] DEBUG WxPayData - WxPayApi:OrderQuery response : <xml><return_code><![CDATA[SUCCESS]]></return_code>
<return_msg><![CDATA[OK]]></return_msg>
<appid><![CDATA[wx32665e55bffa086b]]></appid>
<mch_id><![CDATA[1231139902]]></mch_id>
<nonce_str><![CDATA[S3cNSDPl3xOCRv3Z]]></nonce_str>
<sign><![CDATA[46759B006BA8DB1653F85C0794E4825C]]></sign>
<result_code><![CDATA[SUCCESS]]></result_code>
<out_trade_no><![CDATA[123113990220180308170951394]]></out_trade_no>
<trade_state><![CDATA[USERPAYING]]></trade_state>
<trade_state_desc><![CDATA[需要用户输入支付密码]]></trade_state_desc>
</xml>
2018-03-08 17:10:08,952 [14780] DEBUG WxPayData - WxPayApi:OrderQuery request : <xml><appid><![CDATA[wx32665e55bffa086b]]></appid><mch_id><![CDATA[1231139902]]></mch_id><nonce_str><![CDATA[040c42f0061f46cd8d263ddc140162e5]]></nonce_str><out_trade_no><![CDATA[123113990220180308170951394]]></out_trade_no><sign><![CDATA[A0DC535ACAFDF916A117BDEA23E69C88]]></sign></xml>
2018-03-08 17:10:09,152 [14780] DEBUG WxPayData - WxPayApi:OrderQuery response : <xml><return_code><![CDATA[SUCCESS]]></return_code>
<return_msg><![CDATA[OK]]></return_msg>
<appid><![CDATA[wx32665e55bffa086b]]></appid>
<mch_id><![CDATA[1231139902]]></mch_id>
<nonce_str><![CDATA[BNC7W5NG3yVgRoHf]]></nonce_str>
<sign><![CDATA[57F8444015C149BB1D399E4DAB1FE95E]]></sign>
<result_code><![CDATA[SUCCESS]]></result_code>
<out_trade_no><![CDATA[123113990220180308170951394]]></out_trade_no>
<trade_state><![CDATA[USERPAYING]]></trade_state>
<trade_state_desc><![CDATA[需要用户输入支付密码]]></trade_state_desc>
</xml>
2018-03-08 17:10:11,155 [14780] DEBUG WxPayData - WxPayApi:OrderQuery request : <xml><appid><![CDATA[wx32665e55bffa086b]]></appid><mch_id><![CDATA[1231139902]]></mch_id><nonce_str><![CDATA[5274fdbced7c4cb5acedd61cfc25a211]]></nonce_str><out_trade_no><![CDATA[123113990220180308170951394]]></out_trade_no><sign><![CDATA[7C89825E46A2C049C2EC62F09A020323]]></sign></xml>
2018-03-08 17:10:11,416 [14780] DEBUG WxPayData - WxPayApi:OrderQuery response : <xml><return_code><![CDATA[SUCCESS]]></return_code>
<return_msg><![CDATA[OK]]></return_msg>
<appid><![CDATA[wx32665e55bffa086b]]></appid>
<mch_id><![CDATA[1231139902]]></mch_id>
<nonce_str><![CDATA[14wJxNKWaOX3E4lj]]></nonce_str>
<sign><![CDATA[A7074BC749BCD90E0AED6FFAA324447D]]></sign>
<result_code><![CDATA[SUCCESS]]></result_code>
<out_trade_no><![CDATA[123113990220180308170951394]]></out_trade_no>
<trade_state><![CDATA[USERPAYING]]></trade_state>
<trade_state_desc><![CDATA[需要用户输入支付密码]]></trade_state_desc>
</xml>
2018-03-08 17:10:13,418 [14780] DEBUG WxPayData - WxPayApi:OrderQuery request : <xml><appid><![CDATA[wx32665e55bffa086b]]></appid><mch_id><![CDATA[1231139902]]></mch_id><nonce_str><![CDATA[ea2c992e376c4396ad81e0f637de3928]]></nonce_str><out_trade_no><![CDATA[123113990220180308170951394]]></out_trade_no><sign><![CDATA[DE41A7B3D2A00366D97737070B0E02F7]]></sign></xml>
2018-03-08 17:10:13,604 [14780] DEBUG WxPayData - WxPayApi:OrderQuery response : <xml><return_code><![CDATA[SUCCESS]]></return_code>
<return_msg><![CDATA[OK]]></return_msg>
<appid><![CDATA[wx32665e55bffa086b]]></appid>
<mch_id><![CDATA[1231139902]]></mch_id>
<nonce_str><![CDATA[SYWu5TPPNFqzBES1]]></nonce_str>
<sign><![CDATA[6355F13487C2D801271C5F84C1100E4C]]></sign>
<result_code><![CDATA[SUCCESS]]></result_code>
<out_trade_no><![CDATA[123113990220180308170951394]]></out_trade_no>
<trade_state><![CDATA[USERPAYING]]></trade_state>
<trade_state_desc><![CDATA[需要用户输入支付密码]]></trade_state_desc>
</xml>
2018-03-08 17:10:15,607 [14780] ERROR WxPayData - MicroPay:Micropay failure, Reverse order is processing...
2018-03-08 17:10:15,611 [14780] DEBUG WxPayData - WxPayApi:Reverse request : <xml><appid><![CDATA[wx32665e55bffa086b]]></appid><mch_id><![CDATA[1231139902]]></mch_id><nonce_str><![CDATA[e2198d6e1b774a9eb68fd1fa1713ec65]]></nonce_str><out_trade_no><![CDATA[123113990220180308170951394]]></out_trade_no><sign><![CDATA[94DFB9CB3DCE03FAE381FDE09213DA80]]></sign></xml>
2018-03-08 17:10:16,114 [14780] ERROR WxPayData - HttpService:System.NullReferenceException: 未将对象引用设置到对象的实例。
   在 POS.WxPayAPI.HttpService.Post(String xml, String url, Boolean isUseCert, Int32 timeout) 位置 D:\开发\开发\Pos\POS\WxPayAPI\HttpService.cs:行号 68
2018-03-08 17:22:22,468 [4200] INFO  MicroPay - MicroPay:Micropay is processing...
2018-03-08 17:22:22,593 [4200] DEBUG WxPayApi - WxPayApi:MicroPay request : <xml><appid><![CDATA[wx32665e55bffa086b]]></appid><auth_code><![CDATA[134602796450442032]]></auth_code><body><![CDATA[test]]></body><mch_id><![CDATA[1231139902]]></mch_id><nonce_str><![CDATA[c04015ac0888403489c271f385faa078]]></nonce_str><out_trade_no><![CDATA[12311399022018030817222262]]></out_trade_no><sign><![CDATA[888F42CCBF2D81BFC914784827DBCE37]]></sign><spbill_create_ip><![CDATA[8.8.8.8]]></spbill_create_ip><total_fee>1</total_fee></xml>
2018-03-08 17:22:23,837 [4200] DEBUG HttpService - WxPayApi:MicroPay response : <xml><return_code><![CDATA[SUCCESS]]></return_code>
<return_msg><![CDATA[OK]]></return_msg>
<appid><![CDATA[wx32665e55bffa086b]]></appid>
<mch_id><![CDATA[1231139902]]></mch_id>
<nonce_str><![CDATA[QwEvhnraMjOQFbzz]]></nonce_str>
<sign><![CDATA[D7AE84776CACDB0CBBA5ABBE4C26D781]]></sign>
<result_code><![CDATA[FAIL]]></result_code>
<err_code><![CDATA[USERPAYING]]></err_code>
<err_code_des><![CDATA[需要用户输入支付密码]]></err_code_des>
</xml>
2018-03-08 17:22:24,260 [4200] DEBUG WxPayData - MicroPay:Micropay response check sign success
2018-03-08 17:22:24,265 [4200] DEBUG WxPayData - WxPayApi:OrderQuery request : <xml><appid><![CDATA[wx32665e55bffa086b]]></appid><mch_id><![CDATA[1231139902]]></mch_id><nonce_str><![CDATA[8a451ddc01494f3dadf36f102e1305d8]]></nonce_str><out_trade_no><![CDATA[12311399022018030817222262]]></out_trade_no><sign><![CDATA[58A48F9F5A3842BE9ACAF0C6617CF341]]></sign></xml>
2018-03-08 17:22:24,488 [4200] DEBUG WxPayData - WxPayApi:OrderQuery response : <xml><return_code><![CDATA[SUCCESS]]></return_code>
<return_msg><![CDATA[OK]]></return_msg>
<appid><![CDATA[wx32665e55bffa086b]]></appid>
<mch_id><![CDATA[1231139902]]></mch_id>
<nonce_str><![CDATA[B5L30n5OL7WjKnoq]]></nonce_str>
<sign><![CDATA[8B01D405EFF388AEC81B5EAAD3C944C6]]></sign>
<result_code><![CDATA[SUCCESS]]></result_code>
<out_trade_no><![CDATA[12311399022018030817222262]]></out_trade_no>
<trade_state><![CDATA[USERPAYING]]></trade_state>
<trade_state_desc><![CDATA[需要用户输入支付密码]]></trade_state_desc>
</xml>
2018-03-08 17:22:26,490 [4200] DEBUG WxPayData - WxPayApi:OrderQuery request : <xml><appid><![CDATA[wx32665e55bffa086b]]></appid><mch_id><![CDATA[1231139902]]></mch_id><nonce_str><![CDATA[f2c8920deeb840139d86630974c8e642]]></nonce_str><out_trade_no><![CDATA[12311399022018030817222262]]></out_trade_no><sign><![CDATA[31697F020D0F3CC43D8E300827F0D5F3]]></sign></xml>
2018-03-08 17:22:26,686 [4200] DEBUG WxPayData - WxPayApi:OrderQuery response : <xml><return_code><![CDATA[SUCCESS]]></return_code>
<return_msg><![CDATA[OK]]></return_msg>
<appid><![CDATA[wx32665e55bffa086b]]></appid>
<mch_id><![CDATA[1231139902]]></mch_id>
<nonce_str><![CDATA[Oh5ENPUQ48s87dqL]]></nonce_str>
<sign><![CDATA[E8C364B204FA64B1C5632624782338D8]]></sign>
<result_code><![CDATA[SUCCESS]]></result_code>
<out_trade_no><![CDATA[12311399022018030817222262]]></out_trade_no>
<trade_state><![CDATA[USERPAYING]]></trade_state>
<trade_state_desc><![CDATA[需要用户输入支付密码]]></trade_state_desc>
</xml>
2018-03-08 17:22:28,687 [4200] DEBUG WxPayData - WxPayApi:OrderQuery request : <xml><appid><![CDATA[wx32665e55bffa086b]]></appid><mch_id><![CDATA[1231139902]]></mch_id><nonce_str><![CDATA[881345deebc344e0ad40d1f5646afd6e]]></nonce_str><out_trade_no><![CDATA[12311399022018030817222262]]></out_trade_no><sign><![CDATA[EFDA432EEBDED74901AFAA236FEEAA59]]></sign></xml>
2018-03-08 17:22:28,868 [4200] DEBUG WxPayData - WxPayApi:OrderQuery response : <xml><return_code><![CDATA[SUCCESS]]></return_code>
<return_msg><![CDATA[OK]]></return_msg>
<appid><![CDATA[wx32665e55bffa086b]]></appid>
<mch_id><![CDATA[1231139902]]></mch_id>
<nonce_str><![CDATA[FaAJRUjQm96C6FxP]]></nonce_str>
<sign><![CDATA[D2336383717B7EDFCEBB1F9899D6D652]]></sign>
<result_code><![CDATA[SUCCESS]]></result_code>
<out_trade_no><![CDATA[12311399022018030817222262]]></out_trade_no>
<trade_state><![CDATA[USERPAYING]]></trade_state>
<trade_state_desc><![CDATA[需要用户输入支付密码]]></trade_state_desc>
</xml>
2018-03-08 17:22:30,868 [4200] DEBUG WxPayData - WxPayApi:OrderQuery request : <xml><appid><![CDATA[wx32665e55bffa086b]]></appid><mch_id><![CDATA[1231139902]]></mch_id><nonce_str><![CDATA[efa38bc798164f6591e65b35b7ddb050]]></nonce_str><out_trade_no><![CDATA[12311399022018030817222262]]></out_trade_no><sign><![CDATA[B0CC04D15A5B657BB3D76399F49A80CC]]></sign></xml>
2018-03-08 17:22:31,047 [4200] DEBUG WxPayData - WxPayApi:OrderQuery response : <xml><return_code><![CDATA[SUCCESS]]></return_code>
<return_msg><![CDATA[OK]]></return_msg>
<appid><![CDATA[wx32665e55bffa086b]]></appid>
<mch_id><![CDATA[1231139902]]></mch_id>
<nonce_str><![CDATA[fYVLsMc4wkFIz5R3]]></nonce_str>
<sign><![CDATA[4A46EAE746F3318170B9E9F526851FBF]]></sign>
<result_code><![CDATA[SUCCESS]]></result_code>
<out_trade_no><![CDATA[12311399022018030817222262]]></out_trade_no>
<trade_state><![CDATA[USERPAYING]]></trade_state>
<trade_state_desc><![CDATA[需要用户输入支付密码]]></trade_state_desc>
</xml>
2018-03-08 17:22:33,048 [4200] DEBUG WxPayData - WxPayApi:OrderQuery request : <xml><appid><![CDATA[wx32665e55bffa086b]]></appid><mch_id><![CDATA[1231139902]]></mch_id><nonce_str><![CDATA[efa5e1fe19164285bcfbb3d6d37a5831]]></nonce_str><out_trade_no><![CDATA[12311399022018030817222262]]></out_trade_no><sign><![CDATA[ACE215CF8568B1C96E6FF09377C20E6D]]></sign></xml>
2018-03-08 17:22:33,252 [4200] DEBUG WxPayData - WxPayApi:OrderQuery response : <xml><return_code><![CDATA[SUCCESS]]></return_code>
<return_msg><![CDATA[OK]]></return_msg>
<appid><![CDATA[wx32665e55bffa086b]]></appid>
<mch_id><![CDATA[1231139902]]></mch_id>
<nonce_str><![CDATA[Iki9wCiE4NkOcQvl]]></nonce_str>
<sign><![CDATA[8C91F981AA3E4C548CD351F5517ACE83]]></sign>
<result_code><![CDATA[SUCCESS]]></result_code>
<out_trade_no><![CDATA[12311399022018030817222262]]></out_trade_no>
<trade_state><![CDATA[USERPAYING]]></trade_state>
<trade_state_desc><![CDATA[需要用户输入支付密码]]></trade_state_desc>
</xml>
2018-03-08 17:22:35,253 [4200] DEBUG WxPayData - WxPayApi:OrderQuery request : <xml><appid><![CDATA[wx32665e55bffa086b]]></appid><mch_id><![CDATA[1231139902]]></mch_id><nonce_str><![CDATA[902a9bd50c1442ca82317345fe7ef448]]></nonce_str><out_trade_no><![CDATA[12311399022018030817222262]]></out_trade_no><sign><![CDATA[C49706BFB31047E8A19D620F0DD7F1E3]]></sign></xml>
2018-03-08 17:22:35,425 [4200] DEBUG WxPayData - WxPayApi:OrderQuery response : <xml><return_code><![CDATA[SUCCESS]]></return_code>
<return_msg><![CDATA[OK]]></return_msg>
<appid><![CDATA[wx32665e55bffa086b]]></appid>
<mch_id><![CDATA[1231139902]]></mch_id>
<nonce_str><![CDATA[TY1IIw9931Sh1je7]]></nonce_str>
<sign><![CDATA[0FDDB2F6A1A3F57F7EFC0F69EEF87048]]></sign>
<result_code><![CDATA[SUCCESS]]></result_code>
<out_trade_no><![CDATA[12311399022018030817222262]]></out_trade_no>
<trade_state><![CDATA[USERPAYING]]></trade_state>
<trade_state_desc><![CDATA[需要用户输入支付密码]]></trade_state_desc>
</xml>
2018-03-08 17:22:37,425 [4200] DEBUG WxPayData - WxPayApi:OrderQuery request : <xml><appid><![CDATA[wx32665e55bffa086b]]></appid><mch_id><![CDATA[1231139902]]></mch_id><nonce_str><![CDATA[19d6053c69a341819613a13fc28b3e16]]></nonce_str><out_trade_no><![CDATA[12311399022018030817222262]]></out_trade_no><sign><![CDATA[CB17D749ECFA12E6036D8A4BC8540A3F]]></sign></xml>
2018-03-08 17:22:37,636 [4200] DEBUG WxPayData - WxPayApi:OrderQuery response : <xml><return_code><![CDATA[SUCCESS]]></return_code>
<return_msg><![CDATA[OK]]></return_msg>
<appid><![CDATA[wx32665e55bffa086b]]></appid>
<mch_id><![CDATA[1231139902]]></mch_id>
<nonce_str><![CDATA[UP6igkSa6NQaMsOe]]></nonce_str>
<sign><![CDATA[1690D07D67BB15E5052BD805EDE960E4]]></sign>
<result_code><![CDATA[SUCCESS]]></result_code>
<out_trade_no><![CDATA[12311399022018030817222262]]></out_trade_no>
<trade_state><![CDATA[USERPAYING]]></trade_state>
<trade_state_desc><![CDATA[需要用户输入支付密码]]></trade_state_desc>
</xml>
2018-03-08 17:22:39,636 [4200] DEBUG WxPayData - WxPayApi:OrderQuery request : <xml><appid><![CDATA[wx32665e55bffa086b]]></appid><mch_id><![CDATA[1231139902]]></mch_id><nonce_str><![CDATA[3b25debf41b141c8b323ddcc808ccce0]]></nonce_str><out_trade_no><![CDATA[12311399022018030817222262]]></out_trade_no><sign><![CDATA[212DDD7B3346357F85A9D7231B96702C]]></sign></xml>
2018-03-08 17:22:39,814 [4200] DEBUG WxPayData - WxPayApi:OrderQuery response : <xml><return_code><![CDATA[SUCCESS]]></return_code>
<return_msg><![CDATA[OK]]></return_msg>
<appid><![CDATA[wx32665e55bffa086b]]></appid>
<mch_id><![CDATA[1231139902]]></mch_id>
<nonce_str><![CDATA[aqO3f66wNlFKbHeH]]></nonce_str>
<sign><![CDATA[546D533308272302F1950F076A62084D]]></sign>
<result_code><![CDATA[SUCCESS]]></result_code>
<out_trade_no><![CDATA[12311399022018030817222262]]></out_trade_no>
<trade_state><![CDATA[USERPAYING]]></trade_state>
<trade_state_desc><![CDATA[需要用户输入支付密码]]></trade_state_desc>
</xml>
2018-03-08 17:22:41,814 [4200] DEBUG WxPayData - WxPayApi:OrderQuery request : <xml><appid><![CDATA[wx32665e55bffa086b]]></appid><mch_id><![CDATA[1231139902]]></mch_id><nonce_str><![CDATA[f205b92ad91e40a8958eb3714fc7aa49]]></nonce_str><out_trade_no><![CDATA[12311399022018030817222262]]></out_trade_no><sign><![CDATA[BF6B16630B3F009DD3ADAC46B70C876B]]></sign></xml>
2018-03-08 17:22:41,993 [4200] DEBUG WxPayData - WxPayApi:OrderQuery response : <xml><return_code><![CDATA[SUCCESS]]></return_code>
<return_msg><![CDATA[OK]]></return_msg>
<appid><![CDATA[wx32665e55bffa086b]]></appid>
<mch_id><![CDATA[1231139902]]></mch_id>
<nonce_str><![CDATA[S3STMNlU4K8H010h]]></nonce_str>
<sign><![CDATA[FA50C1C24B57C99844DDE6408F149306]]></sign>
<result_code><![CDATA[SUCCESS]]></result_code>
<out_trade_no><![CDATA[12311399022018030817222262]]></out_trade_no>
<trade_state><![CDATA[USERPAYING]]></trade_state>
<trade_state_desc><![CDATA[需要用户输入支付密码]]></trade_state_desc>
</xml>
2018-03-08 17:22:43,995 [4200] DEBUG WxPayData - WxPayApi:OrderQuery request : <xml><appid><![CDATA[wx32665e55bffa086b]]></appid><mch_id><![CDATA[1231139902]]></mch_id><nonce_str><![CDATA[d3ce35a303994d01bcf5b9b6ca057e93]]></nonce_str><out_trade_no><![CDATA[12311399022018030817222262]]></out_trade_no><sign><![CDATA[86E5E6DB528A56358F7A3EAD03E15F74]]></sign></xml>
2018-03-08 17:22:44,185 [4200] DEBUG WxPayData - WxPayApi:OrderQuery response : <xml><return_code><![CDATA[SUCCESS]]></return_code>
<return_msg><![CDATA[OK]]></return_msg>
<appid><![CDATA[wx32665e55bffa086b]]></appid>
<mch_id><![CDATA[1231139902]]></mch_id>
<nonce_str><![CDATA[iblqRoChQbTbrrGQ]]></nonce_str>
<sign><![CDATA[70975AE727DB63BD7BEB202474300454]]></sign>
<result_code><![CDATA[SUCCESS]]></result_code>
<out_trade_no><![CDATA[12311399022018030817222262]]></out_trade_no>
<trade_state><![CDATA[USERPAYING]]></trade_state>
<trade_state_desc><![CDATA[需要用户输入支付密码]]></trade_state_desc>
</xml>
2018-03-08 17:22:46,187 [4200] ERROR WxPayData - MicroPay:Micropay failure, Reverse order is processing...
2018-03-08 17:22:46,196 [4200] DEBUG WxPayData - WxPayApi:Reverse request : <xml><appid><![CDATA[wx32665e55bffa086b]]></appid><mch_id><![CDATA[1231139902]]></mch_id><nonce_str><![CDATA[d90e785da4e5478b87bd1fb10cfe62dd]]></nonce_str><out_trade_no><![CDATA[12311399022018030817222262]]></out_trade_no><sign><![CDATA[AB6F798545751F070DD0003A4482E661]]></sign></xml>
2018-03-08 17:22:46,578 [4200] ERROR WxPayData - HttpService:System.NullReferenceException: 未将对象引用设置到对象的实例。
   在 POS.WxPayAPI.HttpService.Post(String xml, String url, Boolean isUseCert, Int32 timeout) 位置 D:\开发\开发\Pos\POS\WxPayAPI\HttpService.cs:行号 68
