2018-01-26 10:29:22,222 [4636] INFO  FormLogin - ****************************异常文本****************************
【出现时间】：2018-01-26 10:29:22
【异常类型】：ArgumentException
【异常信息】：传入的对象无效，应为“:”或“}”。 (40): {"店员组":{"permission":7,"minDiscount":85"discounQuota":100},"店长组":{"permission":7,"minDiscount":85"discounQuota":100}}
【堆栈调用】：   在 System.Web.Script.Serialization.JavaScriptObjectDeserializer.DeserializeDictionary(Int32 depth)
   在 System.Web.Script.Serialization.JavaScriptObjectDeserializer.DeserializeInternal(Int32 depth)
   在 System.Web.Script.Serialization.JavaScriptObjectDeserializer.DeserializeDictionary(Int32 depth)
   在 System.Web.Script.Serialization.JavaScriptObjectDeserializer.DeserializeInternal(Int32 depth)
   在 System.Web.Script.Serialization.JavaScriptObjectDeserializer.BasicDeserialize(String input, Int32 depthLimit, JavaScriptSerializer serializer)
   在 System.Web.Script.Serialization.JavaScriptSerializer.Deserialize(JavaScriptSerializer serializer, String input, Type type, Int32 depthLimit)
   在 System.Web.Script.Serialization.JavaScriptSerializer.Deserialize[T](String input)
   在 POS.BaseForm.GetPermission(Functions function) 位置 D:\开发\开发\Pos\POS\BaseForm.cs:行号 474
   在 POS.Sale.FormMain.Init() 位置 D:\开发\开发\Pos\POS\Sale\FormMain.cs:行号 130
   在 POS.Sale.FormMain..ctor() 位置 D:\开发\开发\Pos\POS\Sale\FormMain.cs:行号 73
   在 POS.Program.Login(String sid, String xls) 位置 D:\开发\开发\Pos\POS\Program.cs:行号 158
   在 POS.Program.Main() 位置 D:\开发\开发\Pos\POS\Program.cs:行号 73
   在 System.AppDomain._nExecuteAssembly(RuntimeAssembly assembly, String[] args)
   在 System.AppDomain.ExecuteAssembly(String assemblyFile, Evidence assemblySecurity, String[] args)
   在 Microsoft.VisualStudio.HostingProcess.HostProc.RunUsersAssembly()
   在 System.Threading.ExecutionContext.RunInternal(ExecutionContext executionContext, ContextCallback callback, Object state, Boolean preserveSyncCtx)
   在 System.Threading.ExecutionContext.Run(ExecutionContext executionContext, ContextCallback callback, Object state, Boolean preserveSyncCtx)
   在 System.Threading.ExecutionContext.Run(ExecutionContext executionContext, ContextCallback callback, Object state)
   在 System.Threading.ThreadHelper.ThreadStart()
***************************************************************

2018-01-26 10:35:33,885 [8412] INFO  FormLogin - ****************************异常文本****************************
【出现时间】：2018-01-26 10:35:33
【异常类型】：ArgumentException
【异常信息】：传入的对象无效，应为“:”或“}”。 (40): {"店员组":{"permission":7,"minDiscount":85"discounQuota":100},"店长组":{"permission":7,"minDiscount":85"discounQuota":100}}
【堆栈调用】：   在 System.Web.Script.Serialization.JavaScriptObjectDeserializer.DeserializeDictionary(Int32 depth)
   在 System.Web.Script.Serialization.JavaScriptObjectDeserializer.DeserializeInternal(Int32 depth)
   在 System.Web.Script.Serialization.JavaScriptObjectDeserializer.DeserializeDictionary(Int32 depth)
   在 System.Web.Script.Serialization.JavaScriptObjectDeserializer.DeserializeInternal(Int32 depth)
   在 System.Web.Script.Serialization.JavaScriptObjectDeserializer.BasicDeserialize(String input, Int32 depthLimit, JavaScriptSerializer serializer)
   在 System.Web.Script.Serialization.JavaScriptSerializer.Deserialize(JavaScriptSerializer serializer, String input, Type type, Int32 depthLimit)
   在 System.Web.Script.Serialization.JavaScriptSerializer.Deserialize[T](String input)
   在 POS.BaseForm.GetPermission(Functions function) 位置 D:\开发\开发\Pos\POS\BaseForm.cs:行号 474
   在 POS.Sale.FormMain.Init() 位置 D:\开发\开发\Pos\POS\Sale\FormMain.cs:行号 130
   在 POS.Sale.FormMain..ctor() 位置 D:\开发\开发\Pos\POS\Sale\FormMain.cs:行号 73
   在 POS.Program.Login(String sid, String xls) 位置 D:\开发\开发\Pos\POS\Program.cs:行号 158
   在 POS.Program.Main() 位置 D:\开发\开发\Pos\POS\Program.cs:行号 73
   在 System.AppDomain._nExecuteAssembly(RuntimeAssembly assembly, String[] args)
   在 System.AppDomain.ExecuteAssembly(String assemblyFile, Evidence assemblySecurity, String[] args)
   在 Microsoft.VisualStudio.HostingProcess.HostProc.RunUsersAssembly()
   在 System.Threading.ExecutionContext.RunInternal(ExecutionContext executionContext, ContextCallback callback, Object state, Boolean preserveSyncCtx)
   在 System.Threading.ExecutionContext.Run(ExecutionContext executionContext, ContextCallback callback, Object state, Boolean preserveSyncCtx)
   在 System.Threading.ExecutionContext.Run(ExecutionContext executionContext, ContextCallback callback, Object state)
   在 System.Threading.ThreadHelper.ThreadStart()
***************************************************************

2018-01-26 11:57:09,293 [6608] INFO  FormLogin - 无法连接到远程服务器
2018-01-26 11:57:27,348 [8380] INFO  FormLogin - 无法连接到远程服务器
2018-01-26 11:57:30,369 [6044] INFO  FormLogin - 无法连接到远程服务器
2018-01-26 11:57:33,397 [7532] INFO  FormLogin - 无法连接到远程服务器
2018-01-26 11:57:36,391 [8416] INFO  FormLogin - 无法连接到远程服务器
2018-01-26 11:57:39,386 [3472] INFO  FormLogin - 无法连接到远程服务器
2018-01-26 11:57:42,431 [8100] INFO  FormLogin - 无法连接到远程服务器
2018-01-26 11:57:45,197 [9204] INFO  FormLogin - 无法连接到远程服务器
2018-01-26 11:57:45,218 [816] INFO  FormLogin - 无法连接到远程服务器
2018-01-26 11:57:45,238 [1184] INFO  FormLogin - 无法连接到远程服务器
2018-01-26 11:57:45,259 [4404] INFO  FormLogin - 无法连接到远程服务器
2018-01-26 11:57:45,283 [4404] INFO  FormLogin - 无法连接到远程服务器
2018-01-26 11:57:45,303 [9204] INFO  FormLogin - 无法连接到远程服务器
2018-01-26 11:57:45,323 [4404] INFO  FormLogin - 无法连接到远程服务器
2018-01-26 11:57:45,343 [9204] INFO  FormLogin - 无法连接到远程服务器
2018-01-26 11:57:45,363 [1184] INFO  FormLogin - 无法连接到远程服务器
2018-01-26 11:57:51,394 [5768] INFO  FormLogin - 无法连接到远程服务器
2018-01-26 11:58:12,494 [5520] INFO  FormLogin - 无法连接到远程服务器
2018-01-26 14:46:12,870 [8972] INFO  FormLogin - 无法连接到远程服务器
2018-01-26 14:46:13,077 [6004] INFO  FormLogin - 无法连接到远程服务器
2018-01-26 14:46:13,592 [8732] INFO  FormLogin - 无法连接到远程服务器
2018-01-26 14:48:11,420 [8732] INFO  FormLogin - 无法连接到远程服务器
2018-01-26 14:48:12,119 [6472] INFO  FormLogin - 无法连接到远程服务器
2018-01-26 14:48:31,263 [8972] INFO  FormLogin - 无法连接到远程服务器
2018-01-26 14:48:40,365 [6472] INFO  FormLogin - 无法连接到远程服务器
2018-01-26 14:48:40,455 [8972] INFO  FormLogin - 无法连接到远程服务器
2018-01-26 14:54:36,836 [1272] INFO  FormLogin - 无法连接到远程服务器
2018-01-26 14:56:14,393 [3336] INFO  FormLogin - 无法连接到远程服务器
2018-01-26 14:56:14,577 [3336] INFO  FormLogin - 无法连接到远程服务器
2018-01-26 15:01:09,919 [7972] INFO  FormLogin - 无法连接到远程服务器
2018-01-26 15:01:10,105 [8552] INFO  FormLogin - 无法连接到远程服务器
2018-01-26 15:01:27,805 [8552] INFO  FormLogin - 无法连接到远程服务器
2018-01-26 15:01:53,918 [9660] INFO  FormLogin - 无法连接到远程服务器
2018-01-26 15:02:04,974 [2416] INFO  FormLogin - 无法连接到远程服务器
2018-01-26 15:02:05,096 [9660] INFO  FormLogin - 无法连接到远程服务器
2018-01-26 15:02:19,618 [8804] INFO  FormLogin - 无法连接到远程服务器
2018-01-26 15:03:02,335 [9660] INFO  FormLogin - 无法连接到远程服务器
2018-01-26 15:03:27,931 [9660] INFO  FormLogin - 无法连接到远程服务器
2018-01-26 15:03:31,279 [2460] INFO  FormLogin - 无法连接到远程服务器
2018-01-26 15:03:32,404 [8524] INFO  FormLogin - 无法连接到远程服务器
2018-01-26 15:04:10,415 [6420] INFO  FormLogin - 无法连接到远程服务器
2018-01-26 15:04:12,227 [8252] INFO  FormLogin - 无法连接到远程服务器
2018-01-26 15:04:29,382 [8804] INFO  FormLogin - 无法连接到远程服务器
2018-01-26 17:03:23,822 [1116] INFO  FormPosBan - 无法连接到远程服务器
2018-01-26 17:03:26,838 [10180] INFO  FormPosBan - 无法连接到远程服务器
2018-01-26 17:03:26,925 [10180] INFO  FormPosBan - 无法连接到远程服务器
2018-01-26 17:03:26,945 [7160] INFO  FormPosBan - 无法连接到远程服务器
2018-01-26 17:03:26,962 [7788] INFO  FormPosBan - 无法连接到远程服务器
2018-01-26 17:03:26,979 [6000] INFO  FormPosBan - 无法连接到远程服务器
2018-01-26 17:03:29,816 [5904] INFO  FormPosBan - 无法连接到远程服务器
2018-01-26 17:03:32,834 [8864] INFO  FormPosBan - 无法连接到远程服务器
2018-01-26 17:03:35,847 [7056] INFO  FormPosBan - 无法连接到远程服务器
2018-01-26 17:03:38,837 [7100] INFO  FormPosBan - 无法连接到远程服务器
2018-01-26 17:03:41,878 [9720] INFO  FormPosBan - 无法连接到远程服务器
2018-01-26 17:03:44,904 [868] INFO  FormPosBan - 无法连接到远程服务器
