2018-02-07 09:40:40,678 [6284] INFO  FormLogin - 无法连接到远程服务器
2018-02-07 09:40:53,515 [1288] INFO  FormLogin - 无法连接到远程服务器
2018-02-07 09:40:53,538 [8100] INFO  FormLogin - 无法连接到远程服务器
2018-02-07 09:42:47,842 [7932] INFO  FormLogin - 无法连接到远程服务器
2018-02-07 09:42:48,673 [8048] INFO  FormLogin - 无法连接到远程服务器
2018-02-07 09:43:09,251 [6072] INFO  FormLogin - 无法连接到远程服务器
2018-02-07 09:43:09,286 [7060] INFO  FormLogin - 无法连接到远程服务器
2018-02-07 09:43:09,375 [8100] INFO  FormLogin - 无法连接到远程服务器
2018-02-07 09:51:27,692 [7772] INFO  HttpClient - 无法连接到远程服务器
2018-02-07 09:53:28,879 [7772] INFO  HttpClient - 无法连接到远程服务器
2018-02-07 09:53:57,911 [7772] INFO  HttpClient - 无法连接到远程服务器
2018-02-07 10:00:13,932 [5472] INFO  FormLogin - 远程服务器返回错误: (404) 未找到。
2018-02-07 10:00:16,869 [6724] INFO  FormLogin - 远程服务器返回错误: (404) 未找到。
2018-02-07 10:00:19,889 [5472] INFO  FormLogin - 远程服务器返回错误: (404) 未找到。
2018-02-07 10:00:22,879 [5472] INFO  FormLogin - 远程服务器返回错误: (404) 未找到。
2018-02-07 10:00:25,887 [6724] INFO  FormLogin - 远程服务器返回错误: (404) 未找到。
2018-02-07 10:18:05,471 [5880] INFO  HttpClient - 无法连接到远程服务器
2018-02-07 10:18:27,106 [5880] INFO  HttpClient - 无法连接到远程服务器
2018-02-07 13:44:34,616 [4628] INFO  FormLogin - 验证失败
2018-02-07 13:44:38,635 [9072] INFO  FormLogin - 验证失败
2018-02-07 13:44:38,663 [5252] INFO  FormLogin - 验证失败
2018-02-07 14:25:07,498 [2536] INFO  HttpClient - 验证失败
2018-02-07 14:26:00,160 [9012] INFO  FormLogin - 验证失败
2018-02-07 14:30:30,236 [8828] INFO  HttpClient - 验证失败
2018-02-07 14:30:30,255 [2344] INFO  HttpClient - 验证失败
2018-02-07 14:30:30,258 [2632] INFO  HttpClient - 验证失败
2018-02-07 14:30:41,715 [8828] INFO  FormLogin - 验证失败
2018-02-07 14:30:41,730 [8828] INFO  FormLogin - 验证失败
2018-02-07 14:30:42,023 [10140] INFO  FormLogin - 验证失败
2018-02-07 14:30:47,276 [2344] INFO  FormLogin - 验证失败
2018-02-07 14:30:47,366 [2344] INFO  FormLogin - 验证失败
2018-02-07 14:30:47,374 [2344] INFO  FormLogin - 验证失败
2018-02-07 14:30:47,381 [5092] INFO  FormLogin - 验证失败
2018-02-07 14:30:47,385 [5092] INFO  FormLogin - 验证失败
2018-02-07 14:30:47,393 [2344] INFO  FormLogin - 验证失败
2018-02-07 14:30:47,409 [2344] INFO  FormLogin - 验证失败
2018-02-07 14:30:47,414 [5092] INFO  FormLogin - 验证失败
2018-02-07 14:30:47,421 [5092] INFO  FormLogin - 验证失败
2018-02-07 14:30:47,426 [5092] INFO  FormLogin - 验证失败
2018-02-07 14:30:47,436 [5092] INFO  FormLogin - 验证失败
2018-02-07 14:30:47,456 [2344] INFO  FormLogin - 验证失败
2018-02-07 14:30:47,470 [2344] INFO  FormLogin - 验证失败
2018-02-07 14:30:47,497 [5092] INFO  FormLogin - 验证失败
2018-02-07 14:30:47,505 [2344] INFO  FormLogin - 验证失败
2018-02-07 14:30:47,511 [8828] INFO  FormLogin - 验证失败
2018-02-07 14:30:47,520 [4328] INFO  FormLogin - 验证失败
2018-02-07 14:30:47,524 [8828] INFO  FormLogin - 验证失败
2018-02-07 14:30:47,532 [4328] INFO  FormLogin - 验证失败
2018-02-07 14:30:47,549 [4328] INFO  FormLogin - 验证失败
2018-02-07 14:30:47,552 [8828] INFO  FormLogin - 验证失败
2018-02-07 14:30:47,558 [4328] INFO  FormLogin - 验证失败
2018-02-07 14:30:47,582 [5092] INFO  FormLogin - 验证失败
2018-02-07 14:30:47,587 [5092] INFO  FormLogin - 验证失败
2018-02-07 14:30:47,592 [5092] INFO  FormLogin - 验证失败
2018-02-07 14:32:01,471 [9220] INFO  FormLogin - 验证失败
2018-02-07 14:32:01,504 [6636] INFO  FormLogin - 验证失败
2018-02-07 14:32:02,354 [9816] INFO  FormLogin - 验证失败
2018-02-07 14:32:02,449 [9220] INFO  FormLogin - 验证失败
2018-02-07 14:32:02,553 [6636] INFO  FormLogin - 验证失败
2018-02-07 14:32:02,553 [6384] INFO  FormLogin - 验证失败
2018-02-07 14:32:02,554 [5092] INFO  FormLogin - 验证失败
2018-02-07 14:32:02,555 [6384] INFO  FormLogin - 验证失败
2018-02-07 14:32:02,584 [6384] INFO  FormLogin - 验证失败
2018-02-07 14:32:02,588 [6384] INFO  FormLogin - 验证失败
2018-02-07 14:32:02,619 [6636] INFO  FormLogin - 验证失败
2018-02-07 14:32:02,619 [5092] INFO  FormLogin - 验证失败
2018-02-07 14:32:02,633 [7380] INFO  FormLogin - 验证失败
2018-02-07 14:32:02,651 [6636] INFO  FormLogin - 验证失败
2018-02-07 14:32:02,673 [6636] INFO  FormLogin - 验证失败
2018-02-07 14:32:02,684 [7380] INFO  FormLogin - 验证失败
2018-02-07 14:32:02,720 [5092] INFO  FormLogin - 验证失败
2018-02-07 14:32:02,720 [7380] INFO  FormLogin - 验证失败
2018-02-07 14:32:02,733 [7380] INFO  FormLogin - 验证失败
2018-02-07 14:32:02,749 [6384] INFO  FormLogin - 验证失败
2018-02-07 14:32:02,762 [6384] INFO  FormLogin - 验证失败
2018-02-07 14:32:02,786 [5092] INFO  FormLogin - 验证失败
2018-02-07 14:32:02,798 [5092] INFO  FormLogin - 验证失败
2018-02-07 14:32:02,805 [5092] INFO  FormLogin - 验证失败
2018-02-07 14:32:02,827 [5092] INFO  FormLogin - 验证失败
2018-02-07 14:32:02,831 [5092] INFO  FormLogin - 验证失败
2018-02-07 14:32:02,843 [5092] INFO  FormLogin - 验证失败
2018-02-07 14:32:02,854 [5092] INFO  FormLogin - 验证失败
2018-02-07 14:35:25,858 [10064] INFO  HttpClient - 验证失败
2018-02-07 14:35:25,876 [9084] INFO  HttpClient - 验证失败
2018-02-07 14:35:25,879 [9336] INFO  HttpClient - 验证失败
2018-02-07 14:36:01,620 [9336] INFO  FormLogin - 验证失败
2018-02-07 14:36:01,631 [9336] INFO  FormLogin - 验证失败
2018-02-07 14:36:01,808 [492] INFO  FormLogin - 验证失败
2018-02-07 14:36:01,907 [8268] INFO  FormLogin - 验证失败
2018-02-07 14:36:01,994 [8268] INFO  FormLogin - 验证失败
2018-02-07 14:36:02,000 [8268] INFO  FormLogin - 验证失败
2018-02-07 14:36:02,014 [7508] INFO  FormLogin - 验证失败
2018-02-07 14:36:02,024 [7508] INFO  FormLogin - 验证失败
2018-02-07 14:36:02,030 [7508] INFO  FormLogin - 验证失败
2018-02-07 14:36:02,040 [8268] INFO  FormLogin - 验证失败
2018-02-07 14:36:02,045 [7508] INFO  FormLogin - 验证失败
2018-02-07 14:36:02,054 [7508] INFO  FormLogin - 验证失败
2018-02-07 14:36:02,068 [9336] INFO  FormLogin - 验证失败
2018-02-07 14:36:02,075 [9336] INFO  FormLogin - 验证失败
2018-02-07 14:36:02,095 [7508] INFO  FormLogin - 验证失败
2018-02-07 14:36:02,124 [7508] INFO  FormLogin - 验证失败
2018-02-07 14:36:02,127 [8268] INFO  FormLogin - 验证失败
2018-02-07 14:36:02,135 [7508] INFO  FormLogin - 验证失败
2018-02-07 14:36:02,144 [8268] INFO  FormLogin - 验证失败
2018-02-07 14:36:02,153 [9336] INFO  FormLogin - 验证失败
2018-02-07 14:36:02,161 [8268] INFO  FormLogin - 验证失败
2018-02-07 14:36:02,176 [9336] INFO  FormLogin - 验证失败
2018-02-07 14:36:02,179 [8268] INFO  FormLogin - 验证失败
2018-02-07 14:36:02,192 [8268] INFO  FormLogin - 验证失败
2018-02-07 14:36:02,197 [9448] INFO  FormLogin - 验证失败
2018-02-07 14:36:02,220 [9336] INFO  FormLogin - 验证失败
2018-02-07 14:36:02,226 [9448] INFO  FormLogin - 验证失败
2018-02-07 14:36:02,230 [7508] INFO  FormLogin - 验证失败
2018-02-07 14:37:05,330 [10016] INFO  FormLogin - 验证失败
2018-02-07 14:37:05,356 [7140] INFO  FormLogin - 验证失败
2018-02-07 14:37:05,377 [7456] INFO  FormLogin - 验证失败
2018-02-07 14:37:05,487 [7140] INFO  FormLogin - 验证失败
2018-02-07 14:37:05,593 [7508] INFO  FormLogin - 验证失败
2018-02-07 14:37:05,615 [7140] INFO  FormLogin - 验证失败
2018-02-07 14:37:05,650 [7140] INFO  FormLogin - 验证失败
2018-02-07 14:37:05,667 [7508] INFO  FormLogin - 验证失败
2018-02-07 14:37:05,670 [7508] INFO  FormLogin - 验证失败
2018-02-07 14:37:05,686 [7508] INFO  FormLogin - 验证失败
2018-02-07 14:37:05,693 [7140] INFO  FormLogin - 验证失败
2018-02-07 14:37:05,694 [7508] INFO  FormLogin - 验证失败
2018-02-07 14:37:05,731 [7140] INFO  FormLogin - 验证失败
2018-02-07 14:37:05,731 [7508] INFO  FormLogin - 验证失败
2018-02-07 14:37:05,747 [7140] INFO  FormLogin - 验证失败
2018-02-07 14:37:05,782 [7140] INFO  FormLogin - 验证失败
2018-02-07 14:37:05,808 [7140] INFO  FormLogin - 验证失败
2018-02-07 14:37:05,813 [7508] INFO  FormLogin - 验证失败
2018-02-07 14:37:05,828 [7508] INFO  FormLogin - 验证失败
2018-02-07 14:37:05,838 [10016] INFO  FormLogin - 验证失败
2018-02-07 14:37:05,850 [10016] INFO  FormLogin - 验证失败
2018-02-07 14:37:05,862 [10016] INFO  FormLogin - 验证失败
2018-02-07 14:37:05,873 [7508] INFO  FormLogin - 验证失败
2018-02-07 14:37:05,892 [7508] INFO  FormLogin - 验证失败
2018-02-07 14:37:05,906 [10016] INFO  FormLogin - 验证失败
2018-02-07 14:37:05,913 [10016] INFO  FormLogin - 验证失败
2018-02-07 14:37:05,921 [10016] INFO  FormLogin - 验证失败
2018-02-07 14:37:05,938 [10016] INFO  FormLogin - 验证失败
2018-02-07 14:38:05,257 [6372] INFO  FormLogin - 验证失败
2018-02-07 14:38:05,386 [3856] INFO  FormLogin - 验证失败
2018-02-07 14:38:05,391 [2576] INFO  FormLogin - 验证失败
2018-02-07 14:38:05,527 [10016] INFO  FormLogin - 验证失败
2018-02-07 14:38:05,610 [3856] INFO  FormLogin - 验证失败
2018-02-07 14:38:05,621 [3856] INFO  FormLogin - 验证失败
2018-02-07 14:38:05,634 [3856] INFO  FormLogin - 验证失败
2018-02-07 14:38:05,647 [10016] INFO  FormLogin - 验证失败
2018-02-07 14:38:05,658 [3856] INFO  FormLogin - 验证失败
2018-02-07 14:38:05,678 [10016] INFO  FormLogin - 验证失败
2018-02-07 14:38:05,680 [10016] INFO  FormLogin - 验证失败
2018-02-07 14:38:05,688 [6372] INFO  FormLogin - 验证失败
2018-02-07 14:38:05,718 [10016] INFO  FormLogin - 验证失败
2018-02-07 14:38:05,719 [3856] INFO  FormLogin - 验证失败
2018-02-07 14:38:05,758 [3856] INFO  FormLogin - 验证失败
2018-02-07 14:38:05,759 [3856] INFO  FormLogin - 验证失败
2018-02-07 14:38:05,781 [10016] INFO  FormLogin - 验证失败
2018-02-07 14:38:05,794 [3856] INFO  FormLogin - 验证失败
2018-02-07 14:38:05,812 [3856] INFO  FormLogin - 验证失败
2018-02-07 14:38:05,827 [6372] INFO  FormLogin - 验证失败
2018-02-07 14:38:05,828 [10016] INFO  FormLogin - 验证失败
2018-02-07 14:38:05,855 [6372] INFO  FormLogin - 验证失败
2018-02-07 14:38:05,858 [6372] INFO  FormLogin - 验证失败
2018-02-07 14:38:05,871 [9280] INFO  FormLogin - 验证失败
2018-02-07 14:38:05,880 [6372] INFO  FormLogin - 验证失败
2018-02-07 14:38:05,895 [9280] INFO  FormLogin - 验证失败
2018-02-07 14:38:05,905 [9280] INFO  FormLogin - 验证失败
2018-02-07 14:38:05,919 [9280] INFO  FormLogin - 验证失败
2018-02-07 15:07:05,192 [2996] INFO  HttpClient - 验证失败
2018-02-07 15:07:05,393 [9264] INFO  HttpClient - 验证失败
2018-02-07 15:07:05,396 [7300] INFO  HttpClient - 验证失败
2018-02-07 15:07:15,002 [7300] INFO  FormLogin - 验证失败
2018-02-07 15:07:15,003 [7300] INFO  FormLogin - 验证失败
2018-02-07 15:07:15,174 [7432] INFO  FormLogin - 验证失败
2018-02-07 15:07:15,289 [2996] INFO  FormLogin - 验证失败
2018-02-07 15:07:15,382 [9264] INFO  FormLogin - 验证失败
2018-02-07 15:07:15,390 [2996] INFO  FormLogin - 验证失败
2018-02-07 15:07:15,401 [7300] INFO  FormLogin - 验证失败
2018-02-07 15:07:15,406 [7300] INFO  FormLogin - 验证失败
2018-02-07 15:07:15,414 [7300] INFO  FormLogin - 验证失败
2018-02-07 15:07:15,425 [7300] INFO  FormLogin - 验证失败
2018-02-07 15:07:15,430 [2996] INFO  FormLogin - 验证失败
2018-02-07 15:07:15,439 [2996] INFO  FormLogin - 验证失败
2018-02-07 15:07:15,454 [7300] INFO  FormLogin - 验证失败
2018-02-07 15:07:15,459 [2996] INFO  FormLogin - 验证失败
2018-02-07 15:07:15,474 [2996] INFO  FormLogin - 验证失败
2018-02-07 15:07:15,494 [2996] INFO  FormLogin - 验证失败
2018-02-07 15:07:15,503 [2996] INFO  FormLogin - 验证失败
2018-02-07 15:07:15,517 [9264] INFO  FormLogin - 验证失败
2018-02-07 15:07:15,522 [8500] INFO  FormLogin - 验证失败
2018-02-07 15:07:15,536 [9264] INFO  FormLogin - 验证失败
2018-02-07 15:07:15,548 [8500] INFO  FormLogin - 验证失败
2018-02-07 15:07:15,551 [2996] INFO  FormLogin - 验证失败
2018-02-07 15:07:15,558 [8500] INFO  FormLogin - 验证失败
2018-02-07 15:07:15,571 [8500] INFO  FormLogin - 验证失败
2018-02-07 15:07:15,589 [2996] INFO  FormLogin - 验证失败
2018-02-07 15:07:15,600 [9264] INFO  FormLogin - 验证失败
2018-02-07 15:07:15,604 [7300] INFO  FormLogin - 验证失败
2018-02-07 15:07:15,621 [7300] INFO  FormLogin - 验证失败
