2018-01-08 10:36:31,034 [2512] INFO  FormPosBan - 操作超时
2018-01-08 10:36:34,121 [8164] INFO  FormPosBan - 操作超时
2018-01-08 10:36:37,048 [9152] INFO  FormPosBan - 操作超时
2018-01-08 10:36:46,081 [7816] INFO  FormPosBan - 操作超时
2018-01-08 10:36:52,103 [1840] INFO  FormPosBan - 操作超时
2018-01-08 11:04:22,540 [8100] INFO  FormPosBan - 操作超时
2018-01-08 11:04:25,504 [1840] INFO  FormPosBan - 操作超时
2018-01-08 11:05:37,766 [9116] INFO  FormPosBan - 操作超时
2018-01-08 11:05:43,834 [8100] INFO  FormPosBan - 操作超时
2018-01-08 11:06:04,872 [9116] INFO  FormPosBan - 操作超时
2018-01-08 11:06:29,078 [2444] INFO  FormPosBan - 操作超时
2018-01-08 11:06:50,031 [8100] INFO  FormPosBan - 操作超时
2018-01-08 11:06:56,114 [1840] INFO  FormPosBan - 操作超时
2018-01-08 11:07:05,133 [2444] INFO  FormPosBan - 操作超时
2018-01-08 11:07:11,162 [2512] INFO  FormPosBan - 操作超时
2018-01-08 11:07:14,197 [8100] INFO  FormPosBan - 操作超时
2018-01-08 11:07:17,365 [4972] INFO  FormPosBan - 操作超时
2018-01-08 11:07:23,153 [9124] INFO  FormPosBan - 操作超时
2018-01-08 11:07:39,904 [8720] INFO  FormPosBan - 无法连接到远程服务器
2018-01-08 11:07:39,972 [8720] INFO  FormPosBan - 无法连接到远程服务器
2018-01-08 11:07:39,984 [8720] INFO  FormPosBan - 无法连接到远程服务器
2018-01-08 11:07:40,173 [8720] INFO  FormPosBan - 无法连接到远程服务器
2018-01-08 11:08:08,383 [9124] INFO  FormPosBan - 操作超时
2018-01-08 11:08:29,418 [8540] INFO  FormPosBan - 操作超时
2018-01-08 11:08:41,585 [9124] INFO  FormPosBan - 操作超时
2018-01-08 11:08:44,519 [9212] INFO  FormPosBan - 操作超时
2018-01-08 11:08:47,530 [8808] INFO  FormPosBan - 操作超时
2018-01-08 11:18:59,159 [8100] INFO  FormPosBan - 操作超时
2018-01-08 11:19:14,184 [8124] INFO  FormPosBan - 操作超时
2018-01-08 11:19:17,148 [8796] INFO  FormPosBan - 操作超时
2018-01-08 11:19:20,823 [8624] INFO  FormPosBan - 操作超时
2018-01-08 11:19:23,184 [9212] INFO  FormPosBan - 操作超时
2018-01-08 11:19:26,260 [5048] INFO  FormPosBan - 操作超时
2018-01-08 11:19:29,269 [6708] INFO  FormPosBan - 操作超时
2018-01-08 11:19:32,335 [8100] INFO  FormPosBan - 操作超时
2018-01-08 11:19:35,366 [5812] INFO  FormPosBan - 操作超时
2018-01-08 11:19:35,896 [4972] INFO  FormPosBan - 操作超时
2018-01-08 11:19:38,489 [3132] INFO  FormPosBan - 操作超时
2018-01-08 11:19:39,878 [972] INFO  FormPosBan - 操作超时
2018-01-08 11:19:41,457 [4172] INFO  FormPosBan - 操作超时
2018-01-08 11:19:44,263 [8828] INFO  FormPosBan - 操作超时
2018-01-08 11:29:59,160 [8828] INFO  FormPosBan - 操作超时
2018-01-08 11:30:08,216 [972] INFO  FormPosBan - 操作超时
2018-01-08 11:30:32,310 [6708] INFO  FormPosBan - 操作超时
2018-01-08 11:30:35,306 [8796] INFO  FormPosBan - 操作超时
2018-01-08 11:30:38,334 [8828] INFO  FormPosBan - 操作超时
2018-01-08 11:30:40,097 [972] INFO  FormPosBan - 操作超时
2018-01-08 11:30:41,314 [8840] INFO  FormPosBan - 操作超时
2018-01-08 11:30:44,250 [8056] INFO  FormPosBan - 操作超时
2018-01-08 11:30:47,304 [3264] INFO  FormPosBan - 操作超时
2018-01-08 11:30:50,271 [4172] INFO  FormPosBan - 操作超时
2018-01-08 11:30:53,361 [824] INFO  FormPosBan - 操作超时
2018-01-08 11:30:56,309 [8796] INFO  FormPosBan - 操作超时
2018-01-08 11:30:59,558 [8828] INFO  FormPosBan - 操作超时
2018-01-08 11:31:02,405 [8840] INFO  FormPosBan - 操作超时
2018-01-08 11:31:05,572 [6708] INFO  FormPosBan - 操作超时
2018-01-08 11:31:08,577 [8056] INFO  FormPosBan - 操作超时
2018-01-08 11:31:11,612 [3264] INFO  FormPosBan - 操作超时
2018-01-08 11:31:14,576 [824] INFO  FormPosBan - 操作超时
2018-01-08 11:31:17,440 [4172] INFO  FormPosBan - 操作超时
2018-01-08 11:31:20,675 [8796] INFO  FormPosBan - 操作超时
2018-01-08 11:31:23,391 [8840] INFO  FormPosBan - 操作超时
2018-01-08 11:31:26,402 [8828] INFO  FormPosBan - 操作超时
2018-01-08 11:31:29,412 [8056] INFO  FormPosBan - 操作超时
2018-01-08 11:31:32,532 [6708] INFO  FormPosBan - 操作超时
2018-01-08 11:31:35,545 [824] INFO  FormPosBan - 操作超时
2018-01-08 11:31:38,572 [972] INFO  FormPosBan - 操作超时
2018-01-08 11:31:40,083 [4172] INFO  FormPosBan - 操作超时
2018-01-08 11:31:41,545 [8796] INFO  FormPosBan - 操作超时
2018-01-08 11:31:44,548 [8840] INFO  FormPosBan - 操作超时
2018-01-08 11:31:47,559 [8828] INFO  FormPosBan - 操作超时
2018-01-08 11:31:50,492 [3264] INFO  FormPosBan - 操作超时
2018-01-08 11:31:56,515 [824] INFO  FormPosBan - 操作超时
2018-01-08 11:31:59,525 [6708] INFO  FormPosBan - 操作超时
2018-01-08 11:32:05,730 [4172] INFO  FormPosBan - 操作超时
2018-01-08 11:32:11,662 [3264] INFO  FormPosBan - 操作超时
2018-01-08 11:32:15,024 [8796] INFO  FormPosBan - 操作超时
2018-01-08 11:32:17,724 [824] INFO  FormPosBan - 操作超时
2018-01-08 11:32:20,713 [8828] INFO  FormPosBan - 操作超时
2018-01-08 11:32:23,691 [4940] INFO  FormPosBan - 操作超时
2018-01-08 11:32:26,724 [4172] INFO  FormPosBan - 操作超时
2018-01-08 11:32:29,713 [8840] INFO  FormPosBan - 操作超时
2018-01-08 11:32:32,646 [3264] INFO  FormPosBan - 操作超时
2018-01-08 11:32:35,677 [8796] INFO  FormPosBan - 操作超时
2018-01-08 11:32:38,685 [824] INFO  FormPosBan - 操作超时
2018-01-08 11:32:40,041 [8056] INFO  FormPosBan - 操作超时
2018-01-08 11:32:41,676 [6708] INFO  FormPosBan - 操作超时
2018-01-08 11:32:44,687 [4940] INFO  FormPosBan - 操作超时
2018-01-08 11:32:47,728 [4172] INFO  FormPosBan - 操作超时
2018-01-08 11:32:50,818 [972] INFO  FormPosBan - 操作超时
2018-01-08 11:32:53,905 [8828] INFO  FormPosBan - 操作超时
2018-01-08 11:32:56,824 [8796] INFO  FormPosBan - 操作超时
2018-01-08 11:32:59,882 [3264] INFO  FormPosBan - 操作超时
2018-01-08 11:33:02,927 [8056] INFO  FormPosBan - 操作超时
2018-01-08 11:33:05,858 [4940] INFO  FormPosBan - 操作超时
2018-01-08 11:33:08,868 [824] INFO  FormPosBan - 操作超时
2018-01-08 11:33:11,818 [972] INFO  FormPosBan - 操作超时
2018-01-08 11:33:17,511 [8828] INFO  FormPosBan - 操作超时
2018-01-08 11:33:17,835 [6708] INFO  FormPosBan - 操作超时
2018-01-08 11:33:21,886 [4172] INFO  FormPosBan - 操作超时
2018-01-08 11:33:23,861 [3264] INFO  FormPosBan - 操作超时
2018-01-08 11:33:26,856 [8796] INFO  FormPosBan - 操作超时
2018-01-08 11:33:29,962 [8056] INFO  FormPosBan - 操作超时
2018-01-08 11:33:37,527 [4940] INFO  FormPosBan - 操作超时
2018-01-08 11:33:40,148 [6708] INFO  FormPosBan - 操作超时
2018-01-08 11:33:40,523 [8828] INFO  FormPosBan - 操作超时
2018-01-08 11:33:43,486 [4172] INFO  FormPosBan - 操作超时
2018-01-08 11:33:46,482 [972] INFO  FormPosBan - 操作超时
2018-01-08 11:33:49,525 [3264] INFO  FormPosBan - 操作超时
2018-01-08 11:33:52,536 [824] INFO  FormPosBan - 操作超时
2018-01-08 11:34:16,630 [3264] INFO  FormPosBan - 操作超时
2018-01-08 11:34:31,586 [4940] INFO  FormPosBan - 操作超时
2018-01-08 11:34:34,572 [824] INFO  FormPosBan - 操作超时
2018-01-08 11:34:37,706 [3264] INFO  FormPosBan - 操作超时
2018-01-08 11:34:41,203 [8796] INFO  FormPosBan - 操作超时
2018-01-08 11:34:44,010 [8212] INFO  FormPosBan - 操作超时
2018-01-08 11:34:46,959 [4996] INFO  FormPosBan - 操作超时
2018-01-08 11:34:50,065 [8408] INFO  FormPosBan - 操作超时
2018-01-08 11:34:56,227 [824] INFO  FormPosBan - 操作超时
2018-01-08 11:34:59,316 [2560] INFO  FormPosBan - 操作超时
2018-01-08 11:35:08,486 [4940] INFO  FormPosBan - 操作超时
2018-01-08 11:37:52,476 [1420] INFO  FormLogin - 操作超时
2018-01-08 11:38:13,132 [1420] INFO  FormLogin - 操作超时
2018-01-08 11:55:56,957 [7856] INFO  FormPosBan - 操作超时
2018-01-08 11:55:58,844 [4760] INFO  FormPosBan - 无法连接到远程服务器
2018-01-08 11:55:59,166 [4760] INFO  FormPosBan - 无法连接到远程服务器
2018-01-08 11:55:59,886 [6928] INFO  FormPosBan - 操作超时
2018-01-08 11:56:38,993 [1416] INFO  FormPosBan - 操作超时
2018-01-08 11:56:42,024 [6708] INFO  FormPosBan - 操作超时
2018-01-08 11:57:23,599 [5024] INFO  FormPosBan - 操作超时
2018-01-08 11:57:52,055 [6928] INFO  FormPosBan - 操作超时
2018-01-08 11:58:01,014 [8224] INFO  FormPosBan - 操作超时
2018-01-08 12:00:16,649 [8224] INFO  FormPosBan - 操作超时
2018-01-08 12:00:19,629 [7856] INFO  FormPosBan - 操作超时
2018-01-08 12:00:22,719 [8792] INFO  FormPosBan - 操作超时
2018-01-08 12:00:25,706 [1068] INFO  FormPosBan - 操作超时
2018-01-08 12:00:28,654 [8452] INFO  FormPosBan - 操作超时
2018-01-08 12:00:31,667 [6708] INFO  FormPosBan - 操作超时
2018-01-08 12:00:34,692 [3824] INFO  FormPosBan - 操作超时
2018-01-08 12:00:37,686 [8224] INFO  FormPosBan - 操作超时
2018-01-08 12:00:40,758 [7856] INFO  FormPosBan - 操作超时
2018-01-08 12:00:43,822 [7892] INFO  FormPosBan - 操作超时
2018-01-08 12:00:46,757 [1068] INFO  FormPosBan - 操作超时
2018-01-08 12:00:49,745 [8452] INFO  FormPosBan - 操作超时
2018-01-08 12:00:52,292 [8792] INFO  FormPosBan - 操作超时
2018-01-08 12:00:52,788 [6708] INFO  FormPosBan - 操作超时
2018-01-08 12:00:55,801 [588] INFO  FormPosBan - 操作超时
2018-01-08 12:00:58,806 [8064] INFO  FormPosBan - 操作超时
2018-01-08 12:01:01,879 [3824] INFO  FormPosBan - 操作超时
2018-01-08 12:01:04,818 [7892] INFO  FormPosBan - 操作超时
2018-01-08 12:01:07,842 [8224] INFO  FormPosBan - 操作超时
2018-01-08 12:01:10,821 [7856] INFO  FormPosBan - 操作超时
2018-01-08 12:06:42,546 [8792] INFO  FormPosBan - 操作超时
2018-01-08 12:06:45,578 [8452] INFO  FormPosBan - 操作超时
2018-01-08 12:14:50,631 [4136] INFO  FormPosBan - 操作超时
2018-01-08 13:37:55,687 [3892] INFO  FormPosBan - 操作超时
2018-01-08 13:37:58,698 [8184] INFO  FormPosBan - 操作超时
2018-01-08 13:38:01,729 [7640] INFO  FormPosBan - 操作超时
2018-01-08 13:38:01,983 [5024] INFO  FormPosBan - 操作超时
2018-01-08 13:38:04,757 [1284] INFO  FormPosBan - 操作超时
2018-01-08 13:38:07,725 [7856] INFO  FormPosBan - 操作超时
2018-01-08 13:38:10,734 [7588] INFO  FormPosBan - 操作超时
2018-01-08 13:38:13,745 [5416] INFO  FormPosBan - 操作超时
2018-01-08 13:38:16,759 [8964] INFO  FormPosBan - 操作超时
2018-01-08 13:38:19,765 [6584] INFO  FormPosBan - 操作超时
2018-01-08 13:38:22,778 [3892] INFO  FormPosBan - 操作超时
2018-01-08 13:38:23,976 [5472] INFO  FormPosBan - 操作超时
2018-01-08 13:38:25,798 [7640] INFO  FormPosBan - 操作超时
2018-01-08 13:38:28,804 [7856] INFO  FormPosBan - 操作超时
2018-01-08 13:38:31,814 [7588] INFO  FormPosBan - 操作超时
2018-01-08 13:38:34,857 [5416] INFO  FormPosBan - 操作超时
2018-01-08 13:38:37,857 [8964] INFO  FormPosBan - 操作超时
2018-01-08 13:38:40,845 [6584] INFO  FormPosBan - 操作超时
2018-01-08 13:38:43,940 [1284] INFO  FormPosBan - 操作超时
2018-01-08 13:38:46,869 [8184] INFO  FormPosBan - 操作超时
2018-01-08 13:38:52,884 [7640] INFO  FormPosBan - 操作超时
2018-01-08 13:38:55,917 [7588] INFO  FormPosBan - 操作超时
2018-01-08 13:38:59,011 [3892] INFO  FormPosBan - 操作超时
2018-01-08 14:04:11,699 [4844] INFO  FormPosBan - 操作超时
2018-01-08 14:04:17,655 [8128] INFO  FormPosBan - 操作超时
2018-01-08 14:04:23,823 [5472] INFO  FormPosBan - 操作超时
2018-01-08 14:05:27,904 [5552] INFO  FormPosBan - 远程服务器返回错误: (502) 错误的网关。
2018-01-08 14:05:37,483 [8128] INFO  FormPosBan - 操作超时
2018-01-08 14:05:46,460 [4844] INFO  FormPosBan - 操作超时
2018-01-08 14:05:48,368 [5552] INFO  FormPosBan - 无法连接到远程服务器
2018-01-08 14:05:49,293 [8836] INFO  FormPosBan - 无法连接到远程服务器
2018-01-08 14:05:49,559 [5552] INFO  FormPosBan - 无法连接到远程服务器
2018-01-08 14:05:49,733 [5416] INFO  FormPosBan - 操作超时
2018-01-08 14:05:50,121 [8836] INFO  FormPosBan - 无法连接到远程服务器
2018-01-08 14:06:08,950 [4844] INFO  FormPosBan - 操作超时
2018-01-08 14:30:22,503 [4844] INFO  FormPosBan - 无法连接到远程服务器
2018-01-08 14:30:22,842 [5024] INFO  FormPosBan - 修改交班记录
2018-01-08 14:30:22,881 [5024] INFO  FormPosBan - 修改交班记录成功
2018-01-08 14:30:23,062 [5024] INFO  FormPosBan - 开始上传数据
2018-01-08 14:30:24,395 [5024] INFO  FormPosBan - 无法连接到远程服务器
2018-01-08 14:30:25,165 [5472] INFO  FormPosBan - 无法连接到远程服务器
2018-01-08 14:30:25,802 [5024] INFO  FormPosBan - 上传数据成功
2018-01-08 14:30:28,513 [5024] INFO  FormPosBan - 无法连接到远程服务器
2018-01-08 14:30:28,624 [5416] INFO  FormPosBan - 无法连接到远程服务器
2018-01-08 14:34:37,934 [10056] INFO  FormPosBan - 修改交班记录
2018-01-08 14:34:38,005 [10056] INFO  FormPosBan - 修改交班记录成功
2018-01-08 14:34:38,013 [10056] INFO  FormPosBan - 开始上传数据
2018-01-08 14:34:40,599 [10056] INFO  FormPosBan - 上传数据成功
2018-01-08 15:36:38,292 [8188] INFO  FormLogin - 操作超时
2018-01-08 15:36:41,340 [10144] INFO  FormLogin - 操作超时
2018-01-08 15:36:44,258 [8424] INFO  FormLogin - 操作超时
2018-01-08 15:36:47,425 [9264] INFO  FormLogin - 操作超时
2018-01-08 15:36:50,485 [8776] INFO  FormLogin - 操作超时
2018-01-08 15:36:53,650 [7608] INFO  FormLogin - 操作超时
2018-01-08 15:36:56,317 [9416] INFO  FormLogin - 操作超时
2018-01-08 15:36:59,344 [8188] INFO  FormLogin - 操作超时
2018-01-08 15:37:02,365 [10144] INFO  FormLogin - 操作超时
2018-01-08 15:37:05,264 [5076] INFO  FormLogin - 操作超时
2018-01-08 15:37:08,285 [9264] INFO  FormLogin - 操作超时
2018-01-08 15:37:11,419 [8776] INFO  FormLogin - 操作超时
2018-01-08 15:37:14,209 [7608] INFO  FormLogin - 操作超时
2018-01-08 15:37:14,415 [8424] INFO  FormLogin - 操作超时
2018-01-08 15:37:18,661 [9416] INFO  FormLogin - 操作超时
2018-01-08 15:37:21,362 [8188] INFO  FormLogin - 操作超时
2018-01-08 15:38:44,826 [8064] INFO  FormLogin - 操作超时
2018-01-08 15:41:48,721 [8064] INFO  FormLogin - 操作超时
2018-01-08 15:42:48,920 [8872] INFO  FormLogin - 操作超时
2018-01-08 15:43:28,079 [8872] INFO  FormLogin - 操作超时
2018-01-08 15:43:40,099 [4012] INFO  FormLogin - 操作超时
2018-01-08 15:43:46,070 [10212] INFO  FormLogin - 操作超时
2018-01-08 15:44:01,211 [8872] INFO  FormLogin - 操作超时
2018-01-08 15:44:16,203 [9932] INFO  FormLogin - 操作超时
2018-01-08 15:44:28,302 [8872] INFO  FormLogin - 操作超时
2018-01-08 15:44:31,287 [10212] INFO  FormLogin - 操作超时
2018-01-08 15:44:52,370 [9696] INFO  FormLogin - 操作超时
2018-01-08 15:44:55,301 [8064] INFO  FormLogin - 操作超时
2018-01-08 15:45:04,421 [10212] INFO  FormLogin - 操作超时
2018-01-08 15:45:10,414 [6464] INFO  FormLogin - 操作超时
2018-01-08 15:45:22,472 [2476] INFO  FormLogin - 操作超时
2018-01-08 15:45:25,540 [9696] INFO  FormLogin - 操作超时
2018-01-08 15:45:58,655 [10212] INFO  FormLogin - 操作超时
2018-01-08 15:46:01,632 [8872] INFO  FormLogin - 操作超时
2018-01-08 15:46:07,583 [9932] INFO  FormLogin - 操作超时
2018-01-08 15:46:13,611 [9696] INFO  FormLogin - 操作超时
2018-01-08 15:46:16,674 [2476] INFO  FormLogin - 操作超时
2018-01-08 15:46:19,696 [10212] INFO  FormLogin - 操作超时
2018-01-08 15:46:37,950 [9616] INFO  FormLogin - 无法连接到远程服务器
2018-01-08 15:46:40,782 [8064] INFO  FormLogin - 操作超时
2018-01-08 15:46:46,723 [10212] INFO  FormLogin - 操作超时
2018-01-08 15:46:49,763 [9932] INFO  FormLogin - 操作超时
2018-01-08 15:46:58,808 [2476] INFO  FormLogin - 操作超时
2018-01-08 15:47:01,855 [8064] INFO  FormLogin - 操作超时
2018-01-08 15:47:04,839 [7052] INFO  FormLogin - 操作超时
2018-01-08 15:47:13,906 [9932] INFO  FormLogin - 操作超时
2018-01-08 15:47:16,936 [6132] INFO  FormLogin - 操作超时
2018-01-08 15:55:34,250 [8636] INFO  FormLogin - 操作超时
2018-01-08 15:55:52,317 [9696] INFO  FormLogin - 操作超时
2018-01-08 15:55:55,252 [1924] INFO  FormLogin - 操作超时
2018-01-08 15:55:58,269 [1820] INFO  FormLogin - 操作超时
2018-01-08 15:56:01,280 [6916] INFO  FormLogin - 操作超时
2018-01-08 15:56:04,407 [1700] INFO  FormLogin - 操作超时
2018-01-08 15:56:07,449 [2644] INFO  FormLogin - 操作超时
2018-01-08 15:56:10,371 [6132] INFO  FormLogin - 操作超时
2018-01-08 15:56:13,378 [4252] INFO  FormLogin - 操作超时
2018-01-08 15:56:14,995 [9696] INFO  FormLogin - 操作超时
2018-01-08 15:56:16,411 [8636] INFO  FormLogin - 操作超时
2018-01-08 15:56:19,390 [1924] INFO  FormLogin - 操作超时
2018-01-08 15:56:22,463 [6916] INFO  FormLogin - 操作超时
2018-01-08 15:56:25,443 [1820] INFO  FormLogin - 操作超时
2018-01-08 15:56:28,370 [2644] INFO  FormLogin - 操作超时
2018-01-08 15:56:31,430 [1700] INFO  FormLogin - 操作超时
2018-01-08 15:56:34,401 [6132] INFO  FormLogin - 操作超时
2018-01-08 15:56:37,529 [9696] INFO  FormLogin - 操作超时
2018-01-08 15:56:40,530 [8636] INFO  FormLogin - 操作超时
2018-01-08 15:56:43,547 [1924] INFO  FormLogin - 操作超时
2018-01-08 15:56:46,520 [6916] INFO  FormLogin - 操作超时
2018-01-08 15:56:49,558 [4252] INFO  FormLogin - 操作超时
2018-01-08 15:56:52,577 [5716] INFO  FormLogin - 操作超时
2018-01-08 15:56:55,598 [2644] INFO  FormLogin - 操作超时
2018-01-08 15:56:58,614 [1700] INFO  FormLogin - 操作超时
2018-01-08 15:57:01,581 [1336] INFO  FormLogin - 操作超时
2018-01-08 15:57:04,560 [6132] INFO  FormLogin - 操作超时
2018-01-08 15:57:07,663 [8636] INFO  FormLogin - 操作超时
2018-01-08 15:57:10,680 [9696] INFO  FormLogin - 操作超时
2018-01-08 15:57:13,721 [5716] INFO  FormLogin - 操作超时
2018-01-08 15:57:14,768 [1924] INFO  FormLogin - 操作超时
2018-01-08 15:57:16,664 [5492] INFO  FormLogin - 操作超时
2018-01-08 15:57:19,645 [4252] INFO  FormLogin - 操作超时
2018-01-08 15:57:22,690 [6916] INFO  FormLogin - 操作超时
2018-01-08 15:57:25,665 [1336] INFO  FormLogin - 操作超时
2018-01-08 15:57:28,734 [6132] INFO  FormLogin - 操作超时
2018-01-08 15:57:31,701 [8636] INFO  FormLogin - 操作超时
2018-01-08 15:57:34,668 [5716] INFO  FormLogin - 操作超时
2018-01-08 15:57:37,664 [1924] INFO  FormLogin - 操作超时
2018-01-08 15:57:40,705 [5492] INFO  FormLogin - 操作超时
2018-01-08 15:57:43,782 [6916] INFO  FormLogin - 操作超时
2018-01-08 15:57:46,812 [1336] INFO  FormLogin - 操作超时
2018-01-08 15:57:48,586 [5492] INFO  FormLogin - 无法连接到远程服务器
2018-01-08 15:57:50,094 [1820] INFO  FormLogin - 操作超时
2018-01-08 15:57:52,831 [4252] INFO  FormLogin - 操作超时
2018-01-08 15:57:55,810 [5716] INFO  FormLogin - 操作超时
2018-01-08 15:57:58,774 [8636] INFO  FormLogin - 操作超时
2018-01-08 15:58:01,807 [9672] INFO  FormLogin - 操作超时
2018-01-08 15:58:04,818 [6132] INFO  FormLogin - 操作超时
2018-01-08 15:58:10,771 [1336] INFO  FormLogin - 操作超时
2018-01-08 15:58:13,779 [5492] INFO  FormLogin - 操作超时
2018-01-08 15:58:14,635 [1820] INFO  FormLogin - 操作超时
2018-01-08 15:58:16,777 [4252] INFO  FormLogin - 操作超时
2018-01-08 15:58:19,925 [5716] INFO  FormLogin - 操作超时
2018-01-08 15:58:22,873 [9828] INFO  FormLogin - 操作超时
2018-01-08 15:58:25,950 [6916] INFO  FormLogin - 操作超时
2018-01-08 15:58:28,889 [9672] INFO  FormLogin - 操作超时
2018-01-08 15:58:31,899 [1924] INFO  FormLogin - 操作超时
2018-01-08 15:58:34,910 [6132] INFO  FormLogin - 操作超时
2018-01-08 15:58:37,924 [4252] INFO  FormLogin - 操作超时
2018-01-08 15:58:40,953 [5716] INFO  FormLogin - 操作超时
2018-01-08 15:58:43,981 [5492] INFO  FormLogin - 操作超时
2018-01-08 15:58:45,418 [6132] INFO  FormLogin - 无法连接到远程服务器
2018-01-08 15:58:45,523 [9672] INFO  FormLogin - 无法连接到远程服务器
2018-01-08 15:58:45,530 [5372] INFO  FormLogin - 无法连接到远程服务器
2018-01-08 15:58:45,614 [6916] INFO  FormLogin - 无法连接到远程服务器
2018-01-08 15:58:45,658 [7588] INFO  FormLogin - 无法连接到远程服务器
2018-01-08 15:58:45,672 [8952] INFO  FormLogin - 无法连接到远程服务器
2018-01-08 15:58:45,687 [4252] INFO  FormLogin - 无法连接到远程服务器
2018-01-08 15:58:45,687 [9828] INFO  FormLogin - 无法连接到远程服务器
2018-01-08 15:58:45,701 [1924] INFO  FormLogin - 无法连接到远程服务器
2018-01-08 15:58:47,944 [1924] INFO  FormLogin - 无法连接到远程服务器
2018-01-08 15:58:51,074 [9672] INFO  FormLogin - 无法连接到远程服务器
2018-01-08 15:58:54,062 [5560] INFO  FormLogin - 无法连接到远程服务器
2018-01-08 15:58:54,704 [4252] INFO  FormLogin - 无法连接到远程服务器
2018-01-08 15:58:57,085 [1924] INFO  FormLogin - 无法连接到远程服务器
2018-01-08 15:59:00,067 [7588] INFO  FormLogin - 无法连接到远程服务器
2018-01-08 15:59:03,082 [5716] INFO  FormLogin - 无法连接到远程服务器
2018-01-08 15:59:06,105 [5560] INFO  FormLogin - 无法连接到远程服务器
2018-01-08 15:59:09,116 [7588] INFO  FormLogin - 无法连接到远程服务器
2018-01-08 15:59:12,104 [9672] INFO  FormLogin - 无法连接到远程服务器
2018-01-08 15:59:15,050 [9672] INFO  FormLogin - 无法连接到远程服务器
2018-01-08 15:59:18,049 [6916] INFO  FormLogin - 无法连接到远程服务器
2018-01-08 15:59:21,158 [6132] INFO  FormLogin - 无法连接到远程服务器
2018-01-08 15:59:24,172 [9828] INFO  FormLogin - 无法连接到远程服务器
2018-01-08 15:59:27,177 [4252] INFO  FormLogin - 无法连接到远程服务器
2018-01-08 15:59:30,199 [6916] INFO  FormLogin - 无法连接到远程服务器
2018-01-08 15:59:33,197 [6916] INFO  FormLogin - 无法连接到远程服务器
2018-01-08 15:59:36,210 [6916] INFO  FormLogin - 无法连接到远程服务器
2018-01-08 15:59:39,217 [9672] INFO  FormLogin - 无法连接到远程服务器
2018-01-08 15:59:42,130 [6916] INFO  FormLogin - 无法连接到远程服务器
2018-01-08 15:59:45,140 [9828] INFO  FormLogin - 无法连接到远程服务器
2018-01-08 15:59:48,154 [9672] INFO  FormLogin - 无法连接到远程服务器
2018-01-08 15:59:51,256 [6916] INFO  FormLogin - 无法连接到远程服务器
2018-01-08 15:59:54,281 [9672] INFO  FormLogin - 无法连接到远程服务器
2018-01-08 15:59:54,716 [6132] INFO  FormLogin - 无法连接到远程服务器
2018-01-08 15:59:57,280 [4252] INFO  FormLogin - 无法连接到远程服务器
2018-01-08 16:00:00,297 [9828] INFO  FormLogin - 无法连接到远程服务器
2018-01-08 16:00:03,300 [7588] INFO  FormLogin - 无法连接到远程服务器
2018-01-08 16:00:06,331 [7588] INFO  FormLogin - 无法连接到远程服务器
2018-01-08 16:00:09,226 [9828] INFO  FormLogin - 无法连接到远程服务器
2018-01-08 16:00:12,244 [6132] INFO  FormLogin - 无法连接到远程服务器
2018-01-08 16:00:15,249 [7588] INFO  FormLogin - 无法连接到远程服务器
2018-01-08 16:00:18,364 [7588] INFO  FormLogin - 无法连接到远程服务器
2018-01-08 16:00:21,363 [9828] INFO  FormLogin - 无法连接到远程服务器
2018-01-08 16:00:24,387 [1924] INFO  FormLogin - 无法连接到远程服务器
2018-01-08 16:00:27,394 [7588] INFO  FormLogin - 无法连接到远程服务器
2018-01-08 16:00:30,396 [7588] INFO  FormLogin - 无法连接到远程服务器
2018-01-08 16:00:33,402 [6916] INFO  FormLogin - 无法连接到远程服务器
2018-01-08 16:00:36,326 [9828] INFO  FormLogin - 无法连接到远程服务器
2018-01-08 16:00:39,343 [9828] INFO  FormLogin - 无法连接到远程服务器
2018-01-08 16:00:42,349 [7588] INFO  FormLogin - 无法连接到远程服务器
2018-01-08 16:00:45,462 [7588] INFO  FormLogin - 无法连接到远程服务器
2018-01-08 16:00:48,469 [6132] INFO  FormLogin - 无法连接到远程服务器
2018-01-08 16:00:51,477 [6132] INFO  FormLogin - 无法连接到远程服务器
2018-01-08 16:00:54,490 [1924] INFO  FormLogin - 无法连接到远程服务器
2018-01-08 16:00:54,807 [7588] INFO  FormLogin - 无法连接到远程服务器
2018-01-08 16:00:57,502 [7588] INFO  FormLogin - 无法连接到远程服务器
2018-01-08 16:01:00,502 [4252] INFO  FormLogin - 无法连接到远程服务器
2018-01-08 16:01:03,435 [6916] INFO  FormLogin - 无法连接到远程服务器
2018-01-08 16:01:06,433 [7588] INFO  FormLogin - 无法连接到远程服务器
2018-01-08 16:01:09,443 [6916] INFO  FormLogin - 无法连接到远程服务器
2018-01-08 16:01:12,546 [9828] INFO  FormLogin - 无法连接到远程服务器
2018-01-08 16:01:15,565 [6132] INFO  FormLogin - 无法连接到远程服务器
2018-01-08 16:01:18,580 [6132] INFO  FormLogin - 无法连接到远程服务器
2018-01-08 16:01:21,589 [4252] INFO  FormLogin - 无法连接到远程服务器
2018-01-08 16:01:24,599 [6132] INFO  FormLogin - 无法连接到远程服务器
2018-01-08 16:01:27,594 [4252] INFO  FormLogin - 无法连接到远程服务器
2018-01-08 16:01:30,526 [6916] INFO  FormLogin - 无法连接到远程服务器
2018-01-08 16:01:33,529 [9828] INFO  FormLogin - 无法连接到远程服务器
2018-01-08 16:01:36,559 [7588] INFO  FormLogin - 无法连接到远程服务器
2018-01-08 16:01:39,649 [7588] INFO  FormLogin - 无法连接到远程服务器
2018-01-08 16:01:42,665 [6132] INFO  FormLogin - 无法连接到远程服务器
2018-01-08 16:01:45,666 [9828] INFO  FormLogin - 无法连接到远程服务器
2018-01-08 16:01:48,674 [9828] INFO  FormLogin - 无法连接到远程服务器
2018-01-08 16:01:51,698 [7588] INFO  FormLogin - 无法连接到远程服务器
2018-01-08 16:01:54,729 [9828] INFO  FormLogin - 无法连接到远程服务器
2018-01-08 16:01:54,831 [4252] INFO  FormLogin - 无法连接到远程服务器
2018-01-08 16:01:57,633 [7588] INFO  FormLogin - 无法连接到远程服务器
2018-01-08 16:02:00,630 [6132] INFO  FormLogin - 无法连接到远程服务器
2018-01-08 16:02:03,694 [6916] INFO  FormLogin - 无法连接到远程服务器
2018-01-08 16:02:06,790 [4252] INFO  FormLogin - 无法连接到远程服务器
2018-01-08 16:02:09,789 [6132] INFO  FormLogin - 无法连接到远程服务器
2018-01-08 16:02:12,788 [4252] INFO  FormLogin - 无法连接到远程服务器
2018-01-08 16:02:15,854 [9828] INFO  FormLogin - 无法连接到远程服务器
2018-01-08 16:02:18,835 [9828] INFO  FormLogin - 无法连接到远程服务器
2018-01-08 16:02:21,842 [9828] INFO  FormLogin - 无法连接到远程服务器
2018-01-08 16:02:24,859 [6132] INFO  FormLogin - 无法连接到远程服务器
2018-01-08 16:02:27,770 [9828] INFO  FormLogin - 无法连接到远程服务器
2018-01-08 16:02:30,784 [6132] INFO  FormLogin - 无法连接到远程服务器
2018-01-08 16:02:33,797 [9828] INFO  FormLogin - 无法连接到远程服务器
2018-01-08 16:02:36,809 [6132] INFO  FormLogin - 无法连接到远程服务器
2018-01-08 16:02:39,916 [6132] INFO  FormLogin - 无法连接到远程服务器
2018-01-08 16:02:42,964 [1924] INFO  FormLogin - 无法连接到远程服务器
2018-01-08 16:02:45,962 [6132] INFO  FormLogin - 无法连接到远程服务器
2018-01-08 16:02:48,962 [4252] INFO  FormLogin - 无法连接到远程服务器
2018-01-08 16:02:51,976 [9828] INFO  FormLogin - 无法连接到远程服务器
2018-01-08 16:02:54,742 [2568] INFO  FormLogin - 无法连接到远程服务器
2018-01-08 16:02:54,890 [4252] INFO  FormLogin - 无法连接到远程服务器
2018-01-08 16:02:57,898 [4252] INFO  FormLogin - 无法连接到远程服务器
2018-01-08 16:03:00,909 [9828] INFO  FormLogin - 无法连接到远程服务器
2018-01-08 16:03:04,022 [6132] INFO  FormLogin - 无法连接到远程服务器
2018-01-08 16:03:07,057 [6132] INFO  FormLogin - 无法连接到远程服务器
2018-01-08 16:03:10,063 [1924] INFO  FormLogin - 无法连接到远程服务器
2018-01-08 16:03:13,140 [6132] INFO  FormLogin - 无法连接到远程服务器
2018-01-08 16:03:16,169 [6132] INFO  FormLogin - 无法连接到远程服务器
2018-01-08 16:03:19,082 [6132] INFO  FormLogin - 无法连接到远程服务器
2018-01-08 16:03:22,104 [4252] INFO  FormLogin - 无法连接到远程服务器
2018-01-08 16:03:25,011 [2568] INFO  FormLogin - 无法连接到远程服务器
2018-01-08 16:03:28,024 [1924] INFO  FormLogin - 无法连接到远程服务器
2018-01-08 16:03:31,030 [2568] INFO  FormLogin - 无法连接到远程服务器
2018-01-08 16:03:34,042 [6132] INFO  FormLogin - 无法连接到远程服务器
2018-01-08 16:03:37,146 [2568] INFO  FormLogin - 无法连接到远程服务器
2018-01-08 16:03:40,164 [6132] INFO  FormLogin - 无法连接到远程服务器
2018-01-08 16:03:43,171 [2568] INFO  FormLogin - 无法连接到远程服务器
2018-01-08 16:03:46,211 [1924] INFO  FormLogin - 无法连接到远程服务器
2018-01-08 16:03:49,172 [2568] INFO  FormLogin - 无法连接到远程服务器
2018-01-08 16:03:52,134 [6916] INFO  FormLogin - 无法连接到远程服务器
2018-01-08 16:03:54,761 [2568] INFO  FormLogin - 无法连接到远程服务器
2018-01-08 16:03:55,133 [2568] INFO  FormLogin - 无法连接到远程服务器
2018-01-08 16:03:58,154 [2568] INFO  FormLogin - 无法连接到远程服务器
2018-01-08 16:04:01,249 [6132] INFO  FormLogin - 无法连接到远程服务器
2018-01-08 16:04:04,270 [4252] INFO  FormLogin - 无法连接到远程服务器
2018-01-08 16:04:07,269 [2568] INFO  FormLogin - 无法连接到远程服务器
2018-01-08 16:04:10,334 [2568] INFO  FormLogin - 无法连接到远程服务器
2018-01-08 16:04:13,285 [1924] INFO  FormLogin - 无法连接到远程服务器
2018-01-08 16:04:16,214 [6916] INFO  FormLogin - 无法连接到远程服务器
2018-01-08 16:04:19,358 [6916] INFO  FormLogin - 无法连接到远程服务器
2018-01-08 16:04:22,229 [4252] INFO  FormLogin - 无法连接到远程服务器
2018-01-08 16:04:25,338 [4252] INFO  FormLogin - 无法连接到远程服务器
2018-01-08 16:04:28,361 [6132] INFO  FormLogin - 无法连接到远程服务器
2018-01-08 16:04:31,365 [2568] INFO  FormLogin - 无法连接到远程服务器
2018-01-08 16:04:34,402 [2568] INFO  FormLogin - 无法连接到远程服务器
2018-01-08 16:04:37,419 [6916] INFO  FormLogin - 无法连接到远程服务器
2018-01-08 16:04:40,394 [6916] INFO  FormLogin - 无法连接到远程服务器
2018-01-08 16:04:43,407 [6132] INFO  FormLogin - 无法连接到远程服务器
2018-01-08 16:04:46,319 [6132] INFO  FormLogin - 无法连接到远程服务器
2018-01-08 16:04:49,328 [1924] INFO  FormLogin - 无法连接到远程服务器
2018-01-08 16:04:52,337 [4252] INFO  FormLogin - 无法连接到远程服务器
2018-01-08 16:04:54,769 [2568] INFO  FormLogin - 无法连接到远程服务器
2018-01-08 16:04:55,348 [6132] INFO  FormLogin - 无法连接到远程服务器
2018-01-08 16:04:58,459 [6132] INFO  FormLogin - 无法连接到远程服务器
2018-01-08 16:05:01,465 [6132] INFO  FormLogin - 无法连接到远程服务器
2018-01-08 16:05:04,482 [6132] INFO  FormLogin - 无法连接到远程服务器
2018-01-08 16:05:07,493 [6132] INFO  FormLogin - 无法连接到远程服务器
2018-01-08 16:05:10,497 [4252] INFO  FormLogin - 无法连接到远程服务器
2018-01-08 16:05:13,415 [4252] INFO  FormLogin - 无法连接到远程服务器
2018-01-08 16:05:16,427 [2568] INFO  FormLogin - 无法连接到远程服务器
2018-01-08 16:05:19,434 [4252] INFO  FormLogin - 无法连接到远程服务器
2018-01-08 16:05:22,451 [6132] INFO  FormLogin - 无法连接到远程服务器
2018-01-08 16:05:25,588 [2568] INFO  FormLogin - 无法连接到远程服务器
2018-01-08 16:05:28,567 [6916] INFO  FormLogin - 无法连接到远程服务器
2018-01-08 16:05:31,570 [2568] INFO  FormLogin - 无法连接到远程服务器
2018-01-08 16:05:34,594 [6132] INFO  FormLogin - 无法连接到远程服务器
2018-01-08 16:05:37,600 [1924] INFO  FormLogin - 无法连接到远程服务器
2018-01-08 16:05:40,512 [6916] INFO  FormLogin - 无法连接到远程服务器
2018-01-08 16:05:43,522 [6916] INFO  FormLogin - 无法连接到远程服务器
2018-01-08 16:05:46,536 [2568] INFO  FormLogin - 无法连接到远程服务器
2018-01-08 16:05:49,546 [2568] INFO  FormLogin - 无法连接到远程服务器
2018-01-08 16:05:52,648 [2568] INFO  FormLogin - 无法连接到远程服务器
2018-01-08 16:05:54,884 [4252] INFO  FormLogin - 无法连接到远程服务器
2018-01-08 16:05:55,665 [2568] INFO  FormLogin - 无法连接到远程服务器
2018-01-08 16:05:58,679 [6132] INFO  FormLogin - 无法连接到远程服务器
2018-01-08 16:06:01,679 [2568] INFO  FormLogin - 无法连接到远程服务器
2018-01-08 16:06:04,703 [6132] INFO  FormLogin - 无法连接到远程服务器
2018-01-08 16:06:07,610 [6132] INFO  FormLogin - 无法连接到远程服务器
2018-01-08 16:06:10,619 [6916] INFO  FormLogin - 无法连接到远程服务器
2018-01-08 16:06:13,631 [6132] INFO  FormLogin - 无法连接到远程服务器
2018-01-08 16:06:16,742 [4252] INFO  FormLogin - 无法连接到远程服务器
2018-01-08 16:06:19,749 [6132] INFO  FormLogin - 无法连接到远程服务器
2018-01-08 16:06:22,842 [6132] INFO  FormLogin - 无法连接到远程服务器
2018-01-08 16:06:25,776 [4252] INFO  FormLogin - 无法连接到远程服务器
2018-01-08 16:06:28,782 [2568] INFO  FormLogin - 无法连接到远程服务器
2018-01-08 16:06:31,697 [2568] INFO  FormLogin - 无法连接到远程服务器
2018-01-08 16:06:34,712 [6916] INFO  FormLogin - 无法连接到远程服务器
2018-01-08 16:06:37,720 [6132] INFO  FormLogin - 无法连接到远程服务器
2018-01-08 16:06:40,731 [4252] INFO  FormLogin - 无法连接到远程服务器
2018-01-08 16:06:43,828 [2568] INFO  FormLogin - 无法连接到远程服务器
2018-01-08 16:06:49,625 [2568] INFO  FormLogin - 无法连接到远程服务器
2018-01-08 16:07:09,818 [1924] INFO  FormLogin - 操作超时
2018-01-08 16:07:12,909 [6916] INFO  FormLogin - 操作超时
2018-01-08 16:07:14,905 [2568] INFO  FormLogin - 操作超时
2018-01-08 16:07:15,917 [4252] INFO  FormLogin - 操作超时
2018-01-08 16:07:18,902 [6132] INFO  FormLogin - 操作超时
2018-01-08 16:07:22,785 [8452] INFO  FormLogin - 操作超时
2018-01-08 16:07:25,776 [8424] INFO  FormLogin - 操作超时
2018-01-08 16:07:28,733 [8124] INFO  FormLogin - 操作超时
2018-01-08 16:07:31,792 [1924] INFO  FormLogin - 操作超时
2018-01-08 16:07:34,768 [9284] INFO  FormLogin - 操作超时
2018-01-08 16:07:37,868 [2568] INFO  FormLogin - 操作超时
2018-01-08 16:07:40,858 [6132] INFO  FormLogin - 操作超时
2018-01-08 16:07:43,898 [8452] INFO  FormLogin - 操作超时
2018-01-08 16:07:46,881 [4252] INFO  FormLogin - 操作超时
2018-01-08 16:07:49,925 [8124] INFO  FormLogin - 操作超时
2018-01-08 16:07:52,851 [1924] INFO  FormLogin - 操作超时
2018-01-08 16:07:55,831 [9284] INFO  FormLogin - 操作超时
2018-01-08 16:07:58,877 [2568] INFO  FormLogin - 操作超时
2018-01-08 16:08:01,913 [6132] INFO  FormLogin - 操作超时
2018-01-08 16:08:05,116 [6916] INFO  FormLogin - 操作超时
2018-01-08 16:08:06,107 [6916] INFO  FormLogin - 无法连接到远程服务器
2018-01-08 16:08:08,106 [8424] INFO  FormLogin - 操作超时
2018-01-08 16:08:09,095 [6916] INFO  FormLogin - 无法连接到远程服务器
2018-01-08 16:08:10,977 [8452] INFO  FormLogin - 操作超时
2018-01-08 16:08:13,989 [816] INFO  FormLogin - 操作超时
2018-01-08 16:08:15,229 [8124] INFO  FormLogin - 操作超时
2018-01-08 16:08:17,017 [1924] INFO  FormLogin - 操作超时
2018-01-08 16:08:19,995 [9284] INFO  FormLogin - 操作超时
2018-01-08 16:08:22,963 [6132] INFO  FormLogin - 操作超时
2018-01-08 16:08:32,068 [2568] INFO  FormLogin - 操作超时
2018-01-08 16:08:34,723 [8124] INFO  FormLogin - 无法连接到远程服务器
2018-01-08 16:08:34,872 [1924] INFO  FormLogin - 无法连接到远程服务器
2018-01-08 16:08:34,873 [816] INFO  FormLogin - 无法连接到远程服务器
2018-01-08 16:08:34,938 [2568] INFO  FormLogin - 无法连接到远程服务器
2018-01-08 16:08:34,942 [9284] INFO  FormLogin - 无法连接到远程服务器
2018-01-08 16:08:35,099 [6132] INFO  FormLogin - 无法连接到远程服务器
2018-01-08 16:08:35,099 [8424] INFO  FormLogin - 无法连接到远程服务器
2018-01-08 16:08:36,331 [816] INFO  FormLogin - 无法连接到远程服务器
2018-01-08 16:08:39,167 [9284] INFO  FormLogin - 无法连接到远程服务器
2018-01-08 16:08:42,178 [1924] INFO  FormLogin - 无法连接到远程服务器
2018-01-08 16:08:45,213 [8124] INFO  FormLogin - 无法连接到远程服务器
2018-01-08 16:08:48,107 [8124] INFO  FormLogin - 无法连接到远程服务器
2018-01-08 16:08:51,118 [6132] INFO  FormLogin - 无法连接到远程服务器
2018-01-08 16:08:54,124 [1924] INFO  FormLogin - 无法连接到远程服务器
2018-01-08 16:08:54,828 [2568] INFO  FormLogin - 无法连接到远程服务器
2018-01-08 16:08:57,243 [816] INFO  FormLogin - 无法连接到远程服务器
2018-01-08 16:09:00,260 [8424] INFO  FormLogin - 无法连接到远程服务器
2018-01-08 16:09:03,275 [6132] INFO  FormLogin - 无法连接到远程服务器
2018-01-08 16:09:06,259 [816] INFO  FormLogin - 无法连接到远程服务器
2018-01-08 16:09:09,296 [6132] INFO  FormLogin - 无法连接到远程服务器
2018-01-08 16:09:12,198 [1924] INFO  FormLogin - 无法连接到远程服务器
2018-01-08 16:09:15,203 [816] INFO  FormLogin - 无法连接到远程服务器
2018-01-08 16:09:18,215 [1924] INFO  FormLogin - 无法连接到远程服务器
2018-01-08 16:09:21,222 [816] INFO  FormLogin - 无法连接到远程服务器
2018-01-08 16:09:24,334 [1924] INFO  FormLogin - 无法连接到远程服务器
2018-01-08 16:09:27,361 [2568] INFO  FormLogin - 无法连接到远程服务器
2018-01-08 16:09:30,361 [8424] INFO  FormLogin - 无法连接到远程服务器
2018-01-08 16:09:33,389 [1924] INFO  FormLogin - 无法连接到远程服务器
2018-01-08 16:09:36,372 [816] INFO  FormLogin - 无法连接到远程服务器
2018-01-08 16:09:39,287 [816] INFO  FormLogin - 无法连接到远程服务器
2018-01-08 16:09:42,297 [6132] INFO  FormLogin - 无法连接到远程服务器
2018-01-08 16:09:45,324 [8424] INFO  FormLogin - 无法连接到远程服务器
2018-01-08 16:09:48,415 [1924] INFO  FormLogin - 无法连接到远程服务器
2018-01-08 16:09:51,421 [816] INFO  FormLogin - 无法连接到远程服务器
2018-01-08 16:09:54,445 [2568] INFO  FormLogin - 无法连接到远程服务器
2018-01-08 16:09:54,941 [2568] INFO  FormLogin - 无法连接到远程服务器
2018-01-08 16:09:57,444 [1924] INFO  FormLogin - 无法连接到远程服务器
2018-01-08 16:10:00,456 [816] INFO  FormLogin - 无法连接到远程服务器
2018-01-08 16:10:03,378 [6132] INFO  FormLogin - 无法连接到远程服务器
2018-01-08 16:10:06,383 [816] INFO  FormLogin - 无法连接到远程服务器
2018-01-08 16:10:09,399 [816] INFO  FormLogin - 无法连接到远程服务器
2018-01-08 16:10:12,408 [2568] INFO  FormLogin - 无法连接到远程服务器
2018-01-08 16:10:15,511 [816] INFO  FormLogin - 无法连接到远程服务器
2018-01-08 16:10:18,520 [816] INFO  FormLogin - 无法连接到远程服务器
2018-01-08 16:10:21,527 [8424] INFO  FormLogin - 无法连接到远程服务器
2018-01-08 16:10:24,553 [2568] INFO  FormLogin - 无法连接到远程服务器
2018-01-08 16:10:27,550 [6132] INFO  FormLogin - 无法连接到远程服务器
2018-01-08 16:10:30,469 [1924] INFO  FormLogin - 无法连接到远程服务器
2018-01-08 16:10:33,484 [8424] INFO  FormLogin - 无法连接到远程服务器
2018-01-08 16:10:36,494 [1924] INFO  FormLogin - 无法连接到远程服务器
2018-01-08 16:10:39,503 [8424] INFO  FormLogin - 无法连接到远程服务器
2018-01-08 16:10:42,610 [8424] INFO  FormLogin - 无法连接到远程服务器
2018-01-08 16:10:45,843 [1924] INFO  FormLogin - 无法连接到远程服务器
2018-01-08 16:10:48,634 [816] INFO  FormLogin - 无法连接到远程服务器
2018-01-08 16:10:51,864 [8424] INFO  FormLogin - 无法连接到远程服务器
2018-01-08 16:10:54,699 [816] INFO  FormLogin - 无法连接到远程服务器
2018-01-08 16:10:54,945 [816] INFO  FormLogin - 无法连接到远程服务器
2018-01-08 16:10:57,586 [2568] INFO  FormLogin - 无法连接到远程服务器
2018-01-08 16:11:00,595 [816] INFO  FormLogin - 无法连接到远程服务器
2018-01-08 16:11:03,610 [816] INFO  FormLogin - 无法连接到远程服务器
2018-01-08 16:11:06,619 [816] INFO  FormLogin - 无法连接到远程服务器
2018-01-08 16:11:09,729 [816] INFO  FormLogin - 无法连接到远程服务器
2018-01-08 16:11:12,733 [816] INFO  FormLogin - 无法连接到远程服务器
2018-01-08 16:11:15,738 [8424] INFO  FormLogin - 无法连接到远程服务器
2018-01-08 16:11:18,819 [2568] INFO  FormLogin - 无法连接到远程服务器
2018-01-08 16:11:21,672 [2568] INFO  FormLogin - 无法连接到远程服务器
2018-01-08 16:11:24,684 [6132] INFO  FormLogin - 无法连接到远程服务器
2018-01-08 16:11:27,694 [2568] INFO  FormLogin - 无法连接到远程服务器
2018-01-08 16:11:30,703 [816] INFO  FormLogin - 无法连接到远程服务器
2018-01-08 16:11:33,817 [1924] INFO  FormLogin - 无法连接到远程服务器
2018-01-08 16:11:36,823 [6132] INFO  FormLogin - 无法连接到远程服务器
2018-01-08 16:11:39,827 [816] INFO  FormLogin - 无法连接到远程服务器
2018-01-08 16:11:42,849 [2568] INFO  FormLogin - 无法连接到远程服务器
2018-01-08 16:11:45,844 [6132] INFO  FormLogin - 无法连接到远程服务器
2018-01-08 16:11:48,778 [6132] INFO  FormLogin - 无法连接到远程服务器
2018-01-08 16:11:51,783 [816] INFO  FormLogin - 无法连接到远程服务器
2018-01-08 16:11:54,789 [816] INFO  FormLogin - 无法连接到远程服务器
2018-01-08 16:11:54,868 [8424] INFO  FormLogin - 无法连接到远程服务器
2018-01-08 16:11:57,804 [816] INFO  FormLogin - 无法连接到远程服务器
2018-01-08 16:12:00,913 [2568] INFO  FormLogin - 无法连接到远程服务器
2018-01-08 16:12:03,952 [6132] INFO  FormLogin - 无法连接到远程服务器
2018-01-08 16:12:06,956 [6132] INFO  FormLogin - 无法连接到远程服务器
2018-01-08 16:12:09,964 [2568] INFO  FormLogin - 无法连接到远程服务器
2018-01-08 16:12:12,973 [816] INFO  FormLogin - 无法连接到远程服务器
2018-01-08 16:12:15,887 [816] INFO  FormLogin - 无法连接到远程服务器
2018-01-08 16:12:18,890 [816] INFO  FormLogin - 无法连接到远程服务器
2018-01-08 16:12:21,905 [816] INFO  FormLogin - 无法连接到远程服务器
2018-01-08 16:12:24,919 [8424] INFO  FormLogin - 无法连接到远程服务器
2018-01-08 16:12:28,020 [6132] INFO  FormLogin - 无法连接到远程服务器
2018-01-08 16:12:31,050 [816] INFO  FormLogin - 无法连接到远程服务器
2018-01-08 16:12:34,072 [2568] INFO  FormLogin - 无法连接到远程服务器
2018-01-08 16:12:37,069 [2568] INFO  FormLogin - 无法连接到远程服务器
2018-01-08 16:12:40,080 [1924] INFO  FormLogin - 无法连接到远程服务器
2018-01-08 16:12:42,986 [8424] INFO  FormLogin - 无法连接到远程服务器
2018-01-08 16:12:45,993 [2568] INFO  FormLogin - 无法连接到远程服务器
2018-01-08 16:12:49,000 [6132] INFO  FormLogin - 无法连接到远程服务器
2018-01-08 16:12:52,009 [816] INFO  FormLogin - 无法连接到远程服务器
2018-01-08 16:12:54,982 [8424] INFO  FormLogin - 无法连接到远程服务器
2018-01-08 16:12:55,123 [2568] INFO  FormLogin - 无法连接到远程服务器
2018-01-08 16:12:58,130 [1924] INFO  FormLogin - 无法连接到远程服务器
2018-01-08 16:13:01,146 [2568] INFO  FormLogin - 无法连接到远程服务器
2018-01-08 16:13:04,156 [2568] INFO  FormLogin - 无法连接到远程服务器
2018-01-08 16:13:07,158 [8424] INFO  FormLogin - 无法连接到远程服务器
2018-01-08 16:13:10,082 [1924] INFO  FormLogin - 无法连接到远程服务器
2018-01-08 16:13:13,089 [2568] INFO  FormLogin - 无法连接到远程服务器
2018-01-08 16:13:16,100 [1924] INFO  FormLogin - 无法连接到远程服务器
2018-01-08 16:13:19,112 [816] INFO  FormLogin - 无法连接到远程服务器
2018-01-08 16:13:22,223 [816] INFO  FormLogin - 无法连接到远程服务器
2018-01-08 16:13:25,217 [816] INFO  FormLogin - 无法连接到远程服务器
2018-01-08 16:13:28,241 [2568] INFO  FormLogin - 无法连接到远程服务器
2018-01-08 16:13:31,245 [8424] INFO  FormLogin - 无法连接到远程服务器
2018-01-08 16:13:34,276 [1924] INFO  FormLogin - 无法连接到远程服务器
2018-01-08 16:13:37,175 [8424] INFO  FormLogin - 无法连接到远程服务器
2018-01-08 16:13:40,185 [8424] INFO  FormLogin - 无法连接到远程服务器
2018-01-08 16:13:43,220 [816] INFO  FormLogin - 无法连接到远程服务器
2018-01-08 16:13:46,339 [2568] INFO  FormLogin - 无法连接到远程服务器
2018-01-08 16:13:49,337 [816] INFO  FormLogin - 无法连接到远程服务器
2018-01-08 16:13:52,444 [8424] INFO  FormLogin - 无法连接到远程服务器
2018-01-08 16:13:54,983 [2568] INFO  FormLogin - 无法连接到远程服务器
2018-01-08 16:13:55,350 [1924] INFO  FormLogin - 无法连接到远程服务器
2018-01-08 16:13:58,501 [1924] INFO  FormLogin - 无法连接到远程服务器
2018-01-08 16:14:01,357 [816] INFO  FormLogin - 无法连接到远程服务器
2018-01-08 16:14:04,278 [816] INFO  FormLogin - 无法连接到远程服务器
2018-01-08 16:14:07,284 [816] INFO  FormLogin - 无法连接到远程服务器
2018-01-08 16:14:10,296 [2568] INFO  FormLogin - 无法连接到远程服务器
2018-01-08 16:14:13,400 [2568] INFO  FormLogin - 无法连接到远程服务器
2018-01-08 16:14:16,489 [8424] INFO  FormLogin - 无法连接到远程服务器
2018-01-08 16:14:19,479 [1924] INFO  FormLogin - 无法连接到远程服务器
2018-01-08 16:14:22,439 [6132] INFO  FormLogin - 无法连接到远程服务器
2018-01-08 16:14:25,459 [1924] INFO  FormLogin - 无法连接到远程服务器
2018-01-08 16:14:28,365 [1924] INFO  FormLogin - 无法连接到远程服务器
2018-01-08 16:14:31,371 [816] INFO  FormLogin - 无法连接到远程服务器
2018-01-08 16:14:34,484 [2568] INFO  FormLogin - 无法连接到远程服务器
2018-01-08 16:14:37,536 [816] INFO  FormLogin - 无法连接到远程服务器
2018-01-08 16:14:40,520 [816] INFO  FormLogin - 无法连接到远程服务器
2018-01-08 16:14:43,615 [1924] INFO  FormLogin - 无法连接到远程服务器
2018-01-08 16:14:46,519 [8424] INFO  FormLogin - 无法连接到远程服务器
2018-01-08 16:14:49,531 [8424] INFO  FormLogin - 无法连接到远程服务器
2018-01-08 16:14:52,445 [8424] INFO  FormLogin - 无法连接到远程服务器
2018-01-08 16:14:54,914 [1924] INFO  FormLogin - 无法连接到远程服务器
2018-01-08 16:14:55,458 [8424] INFO  FormLogin - 无法连接到远程服务器
2018-01-08 16:14:58,465 [8424] INFO  FormLogin - 无法连接到远程服务器
2018-01-08 16:15:01,585 [8424] INFO  FormLogin - 无法连接到远程服务器
2018-01-08 16:15:04,597 [8424] INFO  FormLogin - 无法连接到远程服务器
2018-01-08 16:15:07,604 [2568] INFO  FormLogin - 无法连接到远程服务器
2018-01-08 16:15:10,599 [816] INFO  FormLogin - 无法连接到远程服务器
2018-01-08 16:15:13,638 [816] INFO  FormLogin - 无法连接到远程服务器
2018-01-08 16:15:16,532 [8424] INFO  FormLogin - 无法连接到远程服务器
2018-01-08 16:15:19,546 [8424] INFO  FormLogin - 无法连接到远程服务器
2018-01-08 16:15:22,551 [816] INFO  FormLogin - 无法连接到远程服务器
2018-01-08 16:15:25,662 [1924] INFO  FormLogin - 无法连接到远程服务器
2018-01-08 16:15:28,667 [2568] INFO  FormLogin - 无法连接到远程服务器
2018-01-08 16:15:31,681 [816] INFO  FormLogin - 无法连接到远程服务器
2018-01-08 16:15:34,700 [1924] INFO  FormLogin - 无法连接到远程服务器
2018-01-08 16:15:37,721 [1924] INFO  FormLogin - 无法连接到远程服务器
2018-01-08 16:15:40,619 [8424] INFO  FormLogin - 无法连接到远程服务器
2018-01-08 16:15:43,640 [1924] INFO  FormLogin - 无法连接到远程服务器
2018-01-08 16:15:46,641 [8424] INFO  FormLogin - 无法连接到远程服务器
2018-01-08 16:15:49,648 [2568] INFO  FormLogin - 无法连接到远程服务器
2018-01-08 16:15:52,755 [6132] INFO  FormLogin - 无法连接到远程服务器
2018-01-08 16:15:55,045 [1924] INFO  FormLogin - 无法连接到远程服务器
2018-01-08 16:15:55,782 [816] INFO  FormLogin - 无法连接到远程服务器
2018-01-08 16:15:58,810 [8424] INFO  FormLogin - 无法连接到远程服务器
2018-01-08 16:16:01,807 [6132] INFO  FormLogin - 无法连接到远程服务器
2018-01-08 16:16:04,819 [816] INFO  FormLogin - 无法连接到远程服务器
2018-01-08 16:16:07,730 [816] INFO  FormLogin - 无法连接到远程服务器
2018-01-08 16:16:10,740 [816] INFO  FormLogin - 无法连接到远程服务器
2018-01-08 16:16:13,752 [8424] INFO  FormLogin - 无法连接到远程服务器
2018-01-08 16:16:16,768 [6132] INFO  FormLogin - 无法连接到远程服务器
2018-01-08 16:16:19,978 [1924] INFO  FormLogin - 无法连接到远程服务器
2018-01-08 16:16:22,922 [2568] INFO  FormLogin - 无法连接到远程服务器
2018-01-08 16:16:25,906 [8424] INFO  FormLogin - 无法连接到远程服务器
2018-01-08 16:16:28,906 [6132] INFO  FormLogin - 无法连接到远程服务器
2018-01-08 16:16:31,927 [816] INFO  FormLogin - 无法连接到远程服务器
2018-01-08 16:16:34,955 [1924] INFO  FormLogin - 无法连接到远程服务器
2018-01-08 16:16:37,838 [8424] INFO  FormLogin - 无法连接到远程服务器
2018-01-08 16:16:40,849 [1924] INFO  FormLogin - 无法连接到远程服务器
2018-01-08 16:16:43,861 [816] INFO  FormLogin - 无法连接到远程服务器
2018-01-08 16:16:46,980 [816] INFO  FormLogin - 无法连接到远程服务器
2018-01-08 16:16:50,104 [816] INFO  FormLogin - 无法连接到远程服务器
2018-01-08 16:16:53,084 [1924] INFO  FormLogin - 无法连接到远程服务器
2018-01-08 16:16:55,469 [1924] INFO  FormLogin - 无法连接到远程服务器
2018-01-08 16:16:56,053 [1924] INFO  FormLogin - 无法连接到远程服务器
2018-01-08 16:16:59,404 [1924] INFO  FormLogin - 无法连接到远程服务器
2018-01-08 16:17:02,099 [8424] INFO  FormLogin - 无法连接到远程服务器
2018-01-08 16:17:04,982 [6132] INFO  FormLogin - 无法连接到远程服务器
2018-01-08 16:17:07,995 [816] INFO  FormLogin - 无法连接到远程服务器
2018-01-08 16:17:11,020 [816] INFO  FormLogin - 无法连接到远程服务器
2018-01-08 16:17:14,065 [816] INFO  FormLogin - 无法连接到远程服务器
2018-01-08 16:17:17,124 [816] INFO  FormLogin - 无法连接到远程服务器
2018-01-08 16:17:20,191 [8424] INFO  FormLogin - 无法连接到远程服务器
2018-01-08 16:17:23,149 [816] INFO  FormLogin - 无法连接到远程服务器
2018-01-08 16:17:26,155 [1924] INFO  FormLogin - 无法连接到远程服务器
2018-01-08 16:17:47,258 [9164] INFO  FormLogin - 无法连接到远程服务器
2018-01-08 16:17:49,571 [8424] INFO  FormLogin - 操作超时
2018-01-08 16:17:52,235 [1924] INFO  FormLogin - 操作超时
2018-01-08 16:17:56,217 [6132] INFO  FormLogin - 操作超时
2018-01-08 16:17:58,225 [2568] INFO  FormLogin - 操作超时
2018-01-08 16:18:01,152 [816] INFO  FormLogin - 操作超时
2018-01-08 16:18:04,147 [7060] INFO  FormLogin - 操作超时
2018-01-08 16:18:10,388 [9164] INFO  FormLogin - 操作超时
2018-01-08 16:18:13,448 [1924] INFO  FormLogin - 操作超时
2018-01-08 16:18:15,215 [8424] INFO  FormLogin - 操作超时
2018-01-08 16:18:16,415 [6132] INFO  FormLogin - 操作超时
2018-01-08 16:18:19,437 [2568] INFO  FormLogin - 操作超时
2018-01-08 16:18:22,423 [8336] INFO  FormLogin - 操作超时
2018-01-08 16:18:25,430 [816] INFO  FormLogin - 操作超时
2018-01-08 16:18:28,352 [7060] INFO  FormLogin - 操作超时
2018-01-08 16:18:31,402 [9468] INFO  FormLogin - 操作超时
2018-01-08 16:18:31,844 [8424] INFO  FormLogin - 无法连接到远程服务器
2018-01-08 16:18:31,895 [2568] INFO  FormLogin - 无法连接到远程服务器
2018-01-08 16:18:31,913 [1924] INFO  FormLogin - 无法连接到远程服务器
2018-01-08 16:18:31,930 [8336] INFO  FormLogin - 无法连接到远程服务器
2018-01-08 16:18:31,930 [9164] INFO  FormLogin - 无法连接到远程服务器
2018-01-08 16:18:31,936 [816] INFO  FormLogin - 无法连接到远程服务器
2018-01-08 16:18:32,449 [8424] INFO  FormLogin - 无法连接到远程服务器
2018-01-08 16:53:38,212 [816] INFO  FormLogin - 操作超时
2018-01-08 16:53:53,328 [7060] INFO  FormLogin - 操作超时
2018-01-08 16:54:11,322 [2568] INFO  FormLogin - 操作超时
2018-01-08 16:54:14,400 [7060] INFO  FormLogin - 操作超时
2018-01-08 16:54:38,564 [9468] INFO  FormLogin - 操作超时
2018-01-08 16:55:14,551 [9468] INFO  FormLogin - 操作超时
2018-01-08 16:55:41,681 [9468] INFO  FormLogin - 操作超时
2018-01-08 16:56:23,889 [816] INFO  FormLogin - 操作超时
2018-01-08 16:56:29,899 [9468] INFO  FormLogin - 操作超时
2018-01-08 16:56:41,902 [7060] INFO  FormLogin - 操作超时
2018-01-08 16:57:00,036 [9468] INFO  FormLogin - 操作超时
2018-01-08 16:57:03,060 [8424] INFO  FormLogin - 操作超时
2018-01-08 16:57:06,056 [2568] INFO  FormLogin - 操作超时
2018-01-08 16:57:09,062 [816] INFO  FormLogin - 操作超时
2018-01-08 17:40:45,893 [9196] INFO  FormLogin - 无法连接到远程服务器
2018-01-08 17:40:46,446 [9196] INFO  FormLogin - 无法连接到远程服务器
2018-01-08 17:40:58,719 [1980] INFO  FormLogin - 操作超时
2018-01-08 17:41:52,908 [10236] INFO  FormLogin - 操作超时
2018-01-08 17:42:44,085 [7632] INFO  FormLogin - 操作超时
2018-01-08 17:42:44,931 [9988] INFO  FormLogin - 无法连接到远程服务器
2018-01-08 17:42:45,349 [4472] INFO  FormLogin - 无法连接到远程服务器
2018-01-08 17:42:45,645 [9988] INFO  FormLogin - 无法连接到远程服务器
