[0123/135222:ERROR:angle_platform_impl.cc(33)] ANGLE Display::initialize error 5: DXGI 1.2 required to present to HWNDs owned by another process.
[0123/135222:ERROR:gl_surface_egl.cc(513)] eglInitialize D3D11 failed with error EGL_NOT_INITIALIZED, trying next display type
[0123/135430:ERROR:angle_platform_impl.cc(33)] ANGLE Display::initialize error 5: DXGI 1.2 required to present to HWNDs owned by another process.
[0123/135430:ERROR:gl_surface_egl.cc(513)] eglInitialize D3D11 failed with error EGL_NOT_INITIALIZED, trying next display type
[0123/135440:WARNING:raw_channel_win.cc(532)] WriteFile: 管道正在被关闭。 (0xE8)
[0123/135440:WARNING:channel.cc(359)] RawChannel write error
[0123/135440:ERROR:ipc_channel_win.cc(217)] pipe error: 109
[0123/135539:ERROR:angle_platform_impl.cc(33)] ANGLE Display::initialize error 5: DXGI 1.2 required to present to HWNDs owned by another process.
[0123/135539:ERROR:gl_surface_egl.cc(513)] eglInitialize D3D11 failed with error EGL_NOT_INITIALIZED, trying next display type
[0123/135645:ERROR:angle_platform_impl.cc(33)] ANGLE Display::initialize error 5: DXGI 1.2 required to present to HWNDs owned by another process.
[0123/135645:ERROR:gl_surface_egl.cc(513)] eglInitialize D3D11 failed with error EGL_NOT_INITIALIZED, trying next display type
[0123/135758:ERROR:angle_platform_impl.cc(33)] ANGLE Display::initialize error 5: DXGI 1.2 required to present to HWNDs owned by another process.
[0123/135758:ERROR:gl_surface_egl.cc(513)] eglInitialize D3D11 failed with error EGL_NOT_INITIALIZED, trying next display type
[0123/140700:ERROR:angle_platform_impl.cc(33)] ANGLE Display::initialize error 5: DXGI 1.2 required to present to HWNDs owned by another process.
[0123/140700:ERROR:gl_surface_egl.cc(513)] eglInitialize D3D11 failed with error EGL_NOT_INITIALIZED, trying next display type
[0123/140803:ERROR:angle_platform_impl.cc(33)] ANGLE Display::initialize error 5: DXGI 1.2 required to present to HWNDs owned by another process.
[0123/140803:ERROR:gl_surface_egl.cc(513)] eglInitialize D3D11 failed with error EGL_NOT_INITIALIZED, trying next display type
[0123/141233:ERROR:angle_platform_impl.cc(33)] ANGLE Display::initialize error 5: DXGI 1.2 required to present to HWNDs owned by another process.
[0123/141233:ERROR:gl_surface_egl.cc(513)] eglInitialize D3D11 failed with error EGL_NOT_INITIALIZED, trying next display type
[0123/143251:ERROR:angle_platform_impl.cc(33)] ANGLE Display::initialize error 5: DXGI 1.2 required to present to HWNDs owned by another process.
[0123/143251:ERROR:gl_surface_egl.cc(513)] eglInitialize D3D11 failed with error EGL_NOT_INITIALIZED, trying next display type
[0123/144213:ERROR:angle_platform_impl.cc(33)] ANGLE Display::initialize error 5: DXGI 1.2 required to present to HWNDs owned by another process.
[0123/144213:ERROR:gl_surface_egl.cc(513)] eglInitialize D3D11 failed with error EGL_NOT_INITIALIZED, trying next display type
[0123/144853:ERROR:angle_platform_impl.cc(33)] ANGLE Display::initialize error 5: DXGI 1.2 required to present to HWNDs owned by another process.
[0123/144853:ERROR:gl_surface_egl.cc(513)] eglInitialize D3D11 failed with error EGL_NOT_INITIALIZED, trying next display type
[0123/155017:ERROR:angle_platform_impl.cc(33)] ANGLE Display::initialize error 5: DXGI 1.2 required to present to HWNDs owned by another process.
[0123/155017:ERROR:gl_surface_egl.cc(513)] eglInitialize D3D11 failed with error EGL_NOT_INITIALIZED, trying next display type
[0123/155053:WARNING:raw_channel_win.cc(532)] WriteFile: 管道正在被关闭。 (0xE8)
[0123/155053:WARNING:channel.cc(359)] RawChannel write error
[0123/164453:ERROR:angle_platform_impl.cc(33)] ANGLE Display::initialize error 5: DXGI 1.2 required to present to HWNDs owned by another process.
[0123/164453:ERROR:gl_surface_egl.cc(513)] eglInitialize D3D11 failed with error EGL_NOT_INITIALIZED, trying next display type
[0123/172035:ERROR:angle_platform_impl.cc(33)] ANGLE Display::initialize error 5: DXGI 1.2 required to present to HWNDs owned by another process.
[0123/172035:ERROR:gl_surface_egl.cc(513)] eglInitialize D3D11 failed with error EGL_NOT_INITIALIZED, trying next display type
[0123/174111:ERROR:angle_platform_impl.cc(33)] ANGLE Display::initialize error 5: DXGI 1.2 required to present to HWNDs owned by another process.
[0123/174111:ERROR:gl_surface_egl.cc(513)] eglInitialize D3D11 failed with error EGL_NOT_INITIALIZED, trying next display type
[0129/162307:ERROR:angle_platform_impl.cc(33)] ANGLE Display::initialize error 5: DXGI 1.2 required to present to HWNDs owned by another process.
[0129/162307:ERROR:gl_surface_egl.cc(513)] eglInitialize D3D11 failed with error EGL_NOT_INITIALIZED, trying next display type
[0129/162525:ERROR:angle_platform_impl.cc(33)] ANGLE Display::initialize error 5: DXGI 1.2 required to present to HWNDs owned by another process.
[0129/162525:ERROR:gl_surface_egl.cc(513)] eglInitialize D3D11 failed with error EGL_NOT_INITIALIZED, trying next display type
[0129/163016:ERROR:angle_platform_impl.cc(33)] ANGLE Display::initialize error 5: DXGI 1.2 required to present to HWNDs owned by another process.
[0129/163016:ERROR:gl_surface_egl.cc(513)] eglInitialize D3D11 failed with error EGL_NOT_INITIALIZED, trying next display type
[0129/171101:ERROR:angle_platform_impl.cc(33)] ANGLE Display::initialize error 5: DXGI 1.2 required to present to HWNDs owned by another process.
[0129/171101:ERROR:gl_surface_egl.cc(513)] eglInitialize D3D11 failed with error EGL_NOT_INITIALIZED, trying next display type
[0129/171451:ERROR:angle_platform_impl.cc(33)] ANGLE Display::initialize error 5: DXGI 1.2 required to present to HWNDs owned by another process.
[0129/171451:ERROR:gl_surface_egl.cc(513)] eglInitialize D3D11 failed with error EGL_NOT_INITIALIZED, trying next display type
[0129/172459:WARNING:raw_channel_win.cc(532)] WriteFile: 管道正在被关闭。 (0xE8)
[0129/172459:WARNING:channel.cc(359)] RawChannel write error
[0129/172459:ERROR:ipc_channel_win.cc(217)] pipe error: 109
[0129/172507:ERROR:angle_platform_impl.cc(33)] ANGLE Display::initialize error 5: DXGI 1.2 required to present to HWNDs owned by another process.
[0129/172507:ERROR:gl_surface_egl.cc(513)] eglInitialize D3D11 failed with error EGL_NOT_INITIALIZED, trying next display type
