[0123/153241:ERROR:angle_platform_impl.cc(33)] ANGLE Display::initialize error 5: DXGI 1.2 required to present to HWNDs owned by another process.
[0123/153241:ERROR:gl_surface_egl.cc(513)] eglInitialize D3D11 failed with error EGL_NOT_INITIALIZED, trying next display type
[0123/153742:ERROR:angle_platform_impl.cc(33)] ANGLE Display::initialize error 5: DXGI 1.2 required to present to HWNDs owned by another process.
[0123/153742:ERROR:gl_surface_egl.cc(513)] eglInitialize D3D11 failed with error EGL_NOT_INITIALIZED, trying next display type
[0123/154215:ERROR:angle_platform_impl.cc(33)] ANGLE Display::initialize error 5: DXGI 1.2 required to present to HWNDs owned by another process.
[0123/154215:ERROR:gl_surface_egl.cc(513)] eglInitialize D3D11 failed with error EGL_NOT_INITIALIZED, trying next display type
[0123/154543:ERROR:angle_platform_impl.cc(33)] ANGLE Display::initialize error 5: DXGI 1.2 required to present to HWNDs owned by another process.
[0123/154543:ERROR:gl_surface_egl.cc(513)] eglInitialize D3D11 failed with error EGL_NOT_INITIALIZED, trying next display type
[0123/155403:ERROR:angle_platform_impl.cc(33)] ANGLE Display::initialize error 5: DXGI 1.2 required to present to HWNDs owned by another process.
[0123/155403:ERROR:gl_surface_egl.cc(513)] eglInitialize D3D11 failed with error EGL_NOT_INITIALIZED, trying next display type
[0123/160637:ERROR:angle_platform_impl.cc(33)] ANGLE Display::initialize error 5: DXGI 1.2 required to present to HWNDs owned by another process.
[0123/160637:ERROR:gl_surface_egl.cc(513)] eglInitialize D3D11 failed with error EGL_NOT_INITIALIZED, trying next display type
[0123/160645:ERROR:angle_platform_impl.cc(33)] ANGLE Display::initialize error 5: DXGI 1.2 required to present to HWNDs owned by another process.
[0123/160645:ERROR:gl_surface_egl.cc(513)] eglInitialize D3D11 failed with error EGL_NOT_INITIALIZED, trying next display type
[0123/160758:ERROR:angle_platform_impl.cc(33)] ANGLE Display::initialize error 5: DXGI 1.2 required to present to HWNDs owned by another process.
[0123/160758:ERROR:gl_surface_egl.cc(513)] eglInitialize D3D11 failed with error EGL_NOT_INITIALIZED, trying next display type
[0123/161724:ERROR:angle_platform_impl.cc(33)] ANGLE Display::initialize error 5: DXGI 1.2 required to present to HWNDs owned by another process.
[0123/161724:ERROR:gl_surface_egl.cc(513)] eglInitialize D3D11 failed with error EGL_NOT_INITIALIZED, trying next display type
[0123/161742:ERROR:angle_platform_impl.cc(33)] ANGLE Display::initialize error 5: DXGI 1.2 required to present to HWNDs owned by another process.
[0123/161742:ERROR:gl_surface_egl.cc(513)] eglInitialize D3D11 failed with error EGL_NOT_INITIALIZED, trying next display type
[0123/170504:ERROR:angle_platform_impl.cc(33)] ANGLE Display::initialize error 5: DXGI 1.2 required to present to HWNDs owned by another process.
[0123/170504:ERROR:gl_surface_egl.cc(513)] eglInitialize D3D11 failed with error EGL_NOT_INITIALIZED, trying next display type
[0123/170525:ERROR:angle_platform_impl.cc(33)] ANGLE Display::initialize error 5: DXGI 1.2 required to present to HWNDs owned by another process.
[0123/170525:ERROR:gl_surface_egl.cc(513)] eglInitialize D3D11 failed with error EGL_NOT_INITIALIZED, trying next display type
[0123/170528:WARNING:raw_channel_win.cc(532)] WriteFile: 管道正在被关闭。 (0xE8)
[0123/170528:WARNING:channel.cc(359)] RawChannel write error
[0123/170528:ERROR:ipc_channel_win.cc(217)] pipe error: 109
[0123/170531:ERROR:angle_platform_impl.cc(33)] ANGLE Display::initialize error 5: DXGI 1.2 required to present to HWNDs owned by another process.
[0123/170531:ERROR:gl_surface_egl.cc(513)] eglInitialize D3D11 failed with error EGL_NOT_INITIALIZED, trying next display type
[0123/170547:WARNING:raw_channel_win.cc(532)] WriteFile: 管道正在被关闭。 (0xE8)
[0123/170547:WARNING:channel.cc(359)] RawChannel write error
[0123/170547:ERROR:ipc_channel_win.cc(217)] pipe error: 109
[0123/170558:ERROR:angle_platform_impl.cc(33)] ANGLE Display::initialize error 5: DXGI 1.2 required to present to HWNDs owned by another process.
[0123/170558:ERROR:gl_surface_egl.cc(513)] eglInitialize D3D11 failed with error EGL_NOT_INITIALIZED, trying next display type
[0123/170609:ERROR:ipc_channel_win.cc(217)] pipe error: 109
[0123/171300:ERROR:angle_platform_impl.cc(33)] ANGLE Display::initialize error 5: DXGI 1.2 required to present to HWNDs owned by another process.
[0123/171300:ERROR:gl_surface_egl.cc(513)] eglInitialize D3D11 failed with error EGL_NOT_INITIALIZED, trying next display type
[0123/171910:ERROR:angle_platform_impl.cc(33)] ANGLE Display::initialize error 5: DXGI 1.2 required to present to HWNDs owned by another process.
[0123/171910:ERROR:gl_surface_egl.cc(513)] eglInitialize D3D11 failed with error EGL_NOT_INITIALIZED, trying next display type
[0123/172851:ERROR:angle_platform_impl.cc(33)] ANGLE Display::initialize error 5: DXGI 1.2 required to present to HWNDs owned by another process.
[0123/172851:ERROR:gl_surface_egl.cc(513)] eglInitialize D3D11 failed with error EGL_NOT_INITIALIZED, trying next display type
[0123/172913:ERROR:angle_platform_impl.cc(33)] ANGLE Display::initialize error 5: DXGI 1.2 required to present to HWNDs owned by another process.
[0123/172913:ERROR:gl_surface_egl.cc(513)] eglInitialize D3D11 failed with error EGL_NOT_INITIALIZED, trying next display type
[0123/173112:WARNING:raw_channel_win.cc(532)] WriteFile: 管道正在被关闭。 (0xE8)
[0123/173112:WARNING:channel.cc(359)] RawChannel write error
[0123/173112:ERROR:ipc_channel_win.cc(217)] pipe error: 109
[0123/173114:ERROR:angle_platform_impl.cc(33)] ANGLE Display::initialize error 5: DXGI 1.2 required to present to HWNDs owned by another process.
[0123/173114:ERROR:gl_surface_egl.cc(513)] eglInitialize D3D11 failed with error EGL_NOT_INITIALIZED, trying next display type
[0123/173133:ERROR:angle_platform_impl.cc(33)] ANGLE Display::initialize error 5: DXGI 1.2 required to present to HWNDs owned by another process.
[0123/173133:ERROR:gl_surface_egl.cc(513)] eglInitialize D3D11 failed with error EGL_NOT_INITIALIZED, trying next display type
[0123/173151:ERROR:ipc_channel_win.cc(217)] pipe error: 109
[0123/173203:ERROR:angle_platform_impl.cc(33)] ANGLE Display::initialize error 5: DXGI 1.2 required to present to HWNDs owned by another process.
[0123/173203:ERROR:gl_surface_egl.cc(513)] eglInitialize D3D11 failed with error EGL_NOT_INITIALIZED, trying next display type
[0123/173509:ERROR:angle_platform_impl.cc(33)] ANGLE Display::initialize error 5: DXGI 1.2 required to present to HWNDs owned by another process.
[0123/173509:ERROR:gl_surface_egl.cc(513)] eglInitialize D3D11 failed with error EGL_NOT_INITIALIZED, trying next display type
[0123/173537:ERROR:angle_platform_impl.cc(33)] ANGLE Display::initialize error 5: DXGI 1.2 required to present to HWNDs owned by another process.
[0123/173537:ERROR:gl_surface_egl.cc(513)] eglInitialize D3D11 failed with error EGL_NOT_INITIALIZED, trying next display type
[0123/174146:ERROR:angle_platform_impl.cc(33)] ANGLE Display::initialize error 5: DXGI 1.2 required to present to HWNDs owned by another process.
[0123/174146:ERROR:gl_surface_egl.cc(513)] eglInitialize D3D11 failed with error EGL_NOT_INITIALIZED, trying next display type
[0124/091218:ERROR:angle_platform_impl.cc(33)] ANGLE Display::initialize error 5: DXGI 1.2 required to present to HWNDs owned by another process.
[0124/091218:ERROR:gl_surface_egl.cc(513)] eglInitialize D3D11 failed with error EGL_NOT_INITIALIZED, trying next display type
[0124/091227:ERROR:angle_platform_impl.cc(33)] ANGLE Display::initialize error 5: DXGI 1.2 required to present to HWNDs owned by another process.
[0124/091227:ERROR:gl_surface_egl.cc(513)] eglInitialize D3D11 failed with error EGL_NOT_INITIALIZED, trying next display type
[0124/091243:WARNING:dns_config_service_win.cc(674)] Failed to read DnsConfig.
[0124/093755:ERROR:angle_platform_impl.cc(33)] ANGLE Display::initialize error 5: DXGI 1.2 required to present to HWNDs owned by another process.
[0124/093755:ERROR:gl_surface_egl.cc(513)] eglInitialize D3D11 failed with error EGL_NOT_INITIALIZED, trying next display type
[0124/093757:WARNING:raw_channel_win.cc(532)] WriteFile: 管道正在被关闭。 (0xE8)
[0124/093757:ERROR:ipc_channel_win.cc(217)] pipe error: 109
[0124/093757:WARNING:channel.cc(359)] RawChannel write error
[0124/111948:ERROR:angle_platform_impl.cc(33)] ANGLE Display::initialize error 5: DXGI 1.2 required to present to HWNDs owned by another process.
[0124/111948:ERROR:gl_surface_egl.cc(513)] eglInitialize D3D11 failed with error EGL_NOT_INITIALIZED, trying next display type
[0124/111957:ERROR:angle_platform_impl.cc(33)] ANGLE Display::initialize error 5: DXGI 1.2 required to present to HWNDs owned by another process.
[0124/111957:ERROR:gl_surface_egl.cc(513)] eglInitialize D3D11 failed with error EGL_NOT_INITIALIZED, trying next display type
[0124/113351:ERROR:ipc_channel_win.cc(217)] pipe error: 109
[0124/142433:ERROR:angle_platform_impl.cc(33)] ANGLE Display::initialize error 5: DXGI 1.2 required to present to HWNDs owned by another process.
[0124/142433:ERROR:gl_surface_egl.cc(513)] eglInitialize D3D11 failed with error EGL_NOT_INITIALIZED, trying next display type
[0125/091617:ERROR:angle_platform_impl.cc(33)] ANGLE Display::initialize error 5: DXGI 1.2 required to present to HWNDs owned by another process.
[0125/091617:ERROR:gl_surface_egl.cc(513)] eglInitialize D3D11 failed with error EGL_NOT_INITIALIZED, trying next display type
[0125/115212:WARNING:dns_config_service_win.cc(674)] Failed to read DnsConfig.
[0125/145521:ERROR:ipc_channel_win.cc(217)] pipe error: 109
[0125/145521:WARNING:raw_channel_win.cc(532)] WriteFile: 管道正在被关闭。 (0xE8)
[0125/145521:WARNING:channel.cc(359)] RawChannel write error
[0126/094855:ERROR:angle_platform_impl.cc(33)] ANGLE Display::initialize error 5: DXGI 1.2 required to present to HWNDs owned by another process.
[0126/094855:ERROR:gl_surface_egl.cc(513)] eglInitialize D3D11 failed with error EGL_NOT_INITIALIZED, trying next display type
[0126/111713:WARNING:raw_channel_win.cc(532)] WriteFile: 管道正在被关闭。 (0xE8)
[0126/111713:WARNING:channel.cc(359)] RawChannel write error
[0126/111713:ERROR:ipc_channel_win.cc(217)] pipe error: 109
[0126/141121:ERROR:angle_platform_impl.cc(33)] ANGLE Display::initialize error 5: DXGI 1.2 required to present to HWNDs owned by another process.
[0126/141121:ERROR:gl_surface_egl.cc(513)] eglInitialize D3D11 failed with error EGL_NOT_INITIALIZED, trying next display type
[0126/164931:WARNING:dns_config_service_win.cc(674)] Failed to read DnsConfig.
[0126/173420:ERROR:angle_platform_impl.cc(33)] ANGLE Display::initialize error 5: DXGI 1.2 required to present to HWNDs owned by another process.
[0126/173420:ERROR:gl_surface_egl.cc(513)] eglInitialize D3D11 failed with error EGL_NOT_INITIALIZED, trying next display type
[0129/092313:ERROR:angle_platform_impl.cc(33)] ANGLE Display::initialize error 5: DXGI 1.2 required to present to HWNDs owned by another process.
[0129/092313:ERROR:gl_surface_egl.cc(513)] eglInitialize D3D11 failed with error EGL_NOT_INITIALIZED, trying next display type
[0129/164853:WARNING:raw_channel_win.cc(532)] WriteFile: 管道正在被关闭。 (0xE8)
[0129/164853:WARNING:channel.cc(359)] RawChannel write error
[0129/164853:ERROR:ipc_channel_win.cc(217)] pipe error: 109
[0130/092329:ERROR:angle_platform_impl.cc(33)] ANGLE Display::initialize error 5: DXGI 1.2 required to present to HWNDs owned by another process.
[0130/092329:ERROR:gl_surface_egl.cc(513)] eglInitialize D3D11 failed with error EGL_NOT_INITIALIZED, trying next display type
[0130/094941:ERROR:angle_platform_impl.cc(33)] ANGLE Display::initialize error 5: DXGI 1.2 required to present to HWNDs owned by another process.
[0130/094941:ERROR:gl_surface_egl.cc(513)] eglInitialize D3D11 failed with error EGL_NOT_INITIALIZED, trying next display type
[0130/095708:ERROR:angle_platform_impl.cc(33)] ANGLE Display::initialize error 5: DXGI 1.2 required to present to HWNDs owned by another process.
[0130/095708:ERROR:gl_surface_egl.cc(513)] eglInitialize D3D11 failed with error EGL_NOT_INITIALIZED, trying next display type
[0130/100005:WARNING:raw_channel_win.cc(532)] WriteFile: 管道正在被关闭。 (0xE8)
[0130/100005:WARNING:channel.cc(359)] RawChannel write error
[0130/100005:ERROR:ipc_channel_win.cc(512)] pipe error: 232
[0130/100005:ERROR:ipc_channel_win.cc(217)] pipe error: 109
[0130/112509:ERROR:angle_platform_impl.cc(33)] ANGLE Display::initialize error 5: DXGI 1.2 required to present to HWNDs owned by another process.
[0130/112509:ERROR:gl_surface_egl.cc(513)] eglInitialize D3D11 failed with error EGL_NOT_INITIALIZED, trying next display type
[0130/122544:WARNING:dns_config_service_win.cc(674)] Failed to read DnsConfig.
[0130/122544:WARNING:dns_config_service_win.cc(674)] Failed to read DnsConfig.
[0130/122703:WARNING:dns_config_service_win.cc(674)] Failed to read DnsConfig.
[0130/122719:WARNING:dns_config_service_win.cc(674)] Failed to read DnsConfig.
[0130/122724:WARNING:dns_config_service_win.cc(674)] Failed to read DnsConfig.
[0130/122734:WARNING:dns_config_service_win.cc(674)] Failed to read DnsConfig.
[0131/101121:ERROR:angle_platform_impl.cc(33)] ANGLE Display::initialize error 5: DXGI 1.2 required to present to HWNDs owned by another process.
[0131/101121:ERROR:gl_surface_egl.cc(513)] eglInitialize D3D11 failed with error EGL_NOT_INITIALIZED, trying next display type
[0131/133250:WARNING:dns_config_service_win.cc(674)] Failed to read DnsConfig.
[0131/151434:WARNING:dns_config_service_win.cc(674)] Failed to read DnsConfig.
[0131/151434:WARNING:dns_config_service_win.cc(674)] Failed to read DnsConfig.
[0131/152951:WARNING:dns_config_service_win.cc(674)] Failed to read DnsConfig.
[0131/152951:WARNING:dns_config_service_win.cc(674)] Failed to read DnsConfig.
[0131/153000:WARNING:dns_config_service_win.cc(674)] Failed to read DnsConfig.
[0131/153000:WARNING:dns_config_service_win.cc(674)] Failed to read DnsConfig.
[0131/153038:WARNING:dns_config_service_win.cc(674)] Failed to read DnsConfig.
[0131/154239:ERROR:angle_platform_impl.cc(33)] ANGLE Display::initialize error 5: DXGI 1.2 required to present to HWNDs owned by another process.
[0131/154239:ERROR:gl_surface_egl.cc(513)] eglInitialize D3D11 failed with error EGL_NOT_INITIALIZED, trying next display type
[0131/154346:ERROR:angle_platform_impl.cc(33)] ANGLE Display::initialize error 5: DXGI 1.2 required to present to HWNDs owned by another process.
[0131/154346:ERROR:gl_surface_egl.cc(513)] eglInitialize D3D11 failed with error EGL_NOT_INITIALIZED, trying next display type
[0201/092632:ERROR:angle_platform_impl.cc(33)] ANGLE Display::initialize error 5: DXGI 1.2 required to present to HWNDs owned by another process.
[0201/092632:ERROR:gl_surface_egl.cc(513)] eglInitialize D3D11 failed with error EGL_NOT_INITIALIZED, trying next display type
[0201/095825:WARNING:dns_config_service_win.cc(674)] Failed to read DnsConfig.
[0201/095825:WARNING:dns_config_service_win.cc(674)] Failed to read DnsConfig.
[0201/133148:WARNING:dns_config_service_win.cc(674)] Failed to read DnsConfig.
[0201/133151:WARNING:dns_config_service_win.cc(674)] Failed to read DnsConfig.
[0201/171445:WARNING:dns_config_service_win.cc(674)] Failed to read DnsConfig.
[0201/171445:WARNING:dns_config_service_win.cc(674)] Failed to read DnsConfig.
[0201/173329:WARNING:raw_channel_win.cc(532)] WriteFile: 管道正在被关闭。 (0xE8)
[0201/173329:WARNING:channel.cc(359)] RawChannel write error
[0201/173329:ERROR:ipc_channel_win.cc(217)] pipe error: 109
[0202/092216:ERROR:angle_platform_impl.cc(33)] ANGLE Display::initialize error 5: DXGI 1.2 required to present to HWNDs owned by another process.
[0202/092216:ERROR:gl_surface_egl.cc(513)] eglInitialize D3D11 failed with error EGL_NOT_INITIALIZED, trying next display type
[0202/135200:WARNING:dns_config_service_win.cc(674)] Failed to read DnsConfig.
[0202/135557:WARNING:dns_config_service_win.cc(674)] Failed to read DnsConfig.
[0202/135557:WARNING:dns_config_service_win.cc(674)] Failed to read DnsConfig.
[0202/135624:WARNING:dns_config_service_win.cc(674)] Failed to read DnsConfig.
[0202/135814:WARNING:dns_config_service_win.cc(674)] Failed to read DnsConfig.
[0202/135814:WARNING:dns_config_service_win.cc(674)] Failed to read DnsConfig.
[0202/172335:WARNING:dns_config_service_win.cc(674)] Failed to read DnsConfig.
[0202/172335:WARNING:dns_config_service_win.cc(674)] Failed to read DnsConfig.
[0205/091349:ERROR:angle_platform_impl.cc(33)] ANGLE Display::initialize error 5: DXGI 1.2 required to present to HWNDs owned by another process.
[0205/091349:ERROR:gl_surface_egl.cc(513)] eglInitialize D3D11 failed with error EGL_NOT_INITIALIZED, trying next display type
[0205/093759:WARNING:dns_config_service_win.cc(674)] Failed to read DnsConfig.
[0205/093759:WARNING:dns_config_service_win.cc(674)] Failed to read DnsConfig.
[0205/123229:WARNING:dns_config_service_win.cc(674)] Failed to read DnsConfig.
[0205/124032:WARNING:dns_config_service_win.cc(674)] Failed to read DnsConfig.
[0205/124032:WARNING:dns_config_service_win.cc(674)] Failed to read DnsConfig.
[0205/135825:WARNING:dns_config_service_win.cc(674)] Failed to read DnsConfig.
[0205/135825:WARNING:dns_config_service_win.cc(674)] Failed to read DnsConfig.
[0205/165254:ERROR:angle_platform_impl.cc(33)] ANGLE Display::initialize error 5: DXGI 1.2 required to present to HWNDs owned by another process.
[0205/165254:ERROR:gl_surface_egl.cc(513)] eglInitialize D3D11 failed with error EGL_NOT_INITIALIZED, trying next display type
[0206/091704:ERROR:angle_platform_impl.cc(33)] ANGLE Display::initialize error 5: DXGI 1.2 required to present to HWNDs owned by another process.
[0206/091704:ERROR:gl_surface_egl.cc(513)] eglInitialize D3D11 failed with error EGL_NOT_INITIALIZED, trying next display type
[0206/093907:WARNING:dns_config_service_win.cc(674)] Failed to read DnsConfig.
[0206/105817:WARNING:dns_config_service_win.cc(674)] Failed to read DnsConfig.
[0207/102514:ERROR:angle_platform_impl.cc(33)] ANGLE Display::initialize error 5: DXGI 1.2 required to present to HWNDs owned by another process.
[0207/102514:ERROR:gl_surface_egl.cc(513)] eglInitialize D3D11 failed with error EGL_NOT_INITIALIZED, trying next display type
[0207/133030:WARNING:dns_config_service_win.cc(674)] Failed to read DnsConfig.
[0207/155935:WARNING:dns_config_service_win.cc(674)] Failed to read DnsConfig.
[0208/092137:ERROR:angle_platform_impl.cc(33)] ANGLE Display::initialize error 5: DXGI 1.2 required to present to HWNDs owned by another process.
[0208/092137:ERROR:gl_surface_egl.cc(513)] eglInitialize D3D11 failed with error EGL_NOT_INITIALIZED, trying next display type
[0208/093237:ERROR:angle_platform_impl.cc(33)] ANGLE Display::initialize error 5: DXGI 1.2 required to present to HWNDs owned by another process.
[0208/093237:ERROR:gl_surface_egl.cc(513)] eglInitialize D3D11 failed with error EGL_NOT_INITIALIZED, trying next display type
[0208/103740:WARNING:dns_config_service_win.cc(674)] Failed to read DnsConfig.
[0208/103840:WARNING:dns_config_service_win.cc(674)] Failed to read DnsConfig.
[0208/103854:WARNING:dns_config_service_win.cc(674)] Failed to read DnsConfig.
[0208/103854:WARNING:dns_config_service_win.cc(674)] Failed to read DnsConfig.
[0208/165925:ERROR:ipc_channel_win.cc(217)] pipe error: 109
[0208/165925:WARNING:raw_channel_win.cc(532)] WriteFile: 管道正在被关闭。 (0xE8)
[0208/165925:WARNING:channel.cc(359)] RawChannel write error
[0209/112558:ERROR:angle_platform_impl.cc(33)] ANGLE Display::initialize error 5: DXGI 1.2 required to present to HWNDs owned by another process.
[0209/112558:ERROR:gl_surface_egl.cc(513)] eglInitialize D3D11 failed with error EGL_NOT_INITIALIZED, trying next display type
[0209/133139:WARNING:dns_config_service_win.cc(674)] Failed to read DnsConfig.
[0209/140316:WARNING:dns_config_service_win.cc(674)] Failed to read DnsConfig.
[0209/155100:WARNING:dns_config_service_win.cc(674)] Failed to read DnsConfig.
[0224/115857:ERROR:angle_platform_impl.cc(33)] ANGLE Display::initialize error 5: DXGI 1.2 required to present to HWNDs owned by another process.
[0224/115857:ERROR:gl_surface_egl.cc(513)] eglInitialize D3D11 failed with error EGL_NOT_INITIALIZED, trying next display type
[0224/133213:WARNING:dns_config_service_win.cc(674)] Failed to read DnsConfig.
[0224/133218:WARNING:dns_config_service_win.cc(674)] Failed to read DnsConfig.
[0224/133218:WARNING:dns_config_service_win.cc(674)] Failed to read DnsConfig.
[0224/161144:WARNING:dns_config_service_win.cc(674)] Failed to read DnsConfig.
[0224/161144:WARNING:dns_config_service_win.cc(674)] Failed to read DnsConfig.
[0226/105713:ERROR:angle_platform_impl.cc(33)] ANGLE Display::initialize error 5: DXGI 1.2 required to present to HWNDs owned by another process.
[0226/105713:ERROR:gl_surface_egl.cc(513)] eglInitialize D3D11 failed with error EGL_NOT_INITIALIZED, trying next display type
[0226/113130:WARNING:dns_config_service_win.cc(674)] Failed to read DnsConfig.
[0226/175229:WARNING:raw_channel_win.cc(532)] WriteFile: 管道正在被关闭。 (0xE8)
[0226/175229:ERROR:ipc_channel_win.cc(217)] pipe error: 109
[0226/175229:WARNING:channel.cc(359)] RawChannel write error
[0227/100354:ERROR:angle_platform_impl.cc(33)] ANGLE Display::initialize error 5: DXGI 1.2 required to present to HWNDs owned by another process.
[0227/100354:ERROR:gl_surface_egl.cc(513)] eglInitialize D3D11 failed with error EGL_NOT_INITIALIZED, trying next display type
[0228/093341:ERROR:angle_platform_impl.cc(33)] ANGLE Display::initialize error 5: DXGI 1.2 required to present to HWNDs owned by another process.
[0228/093341:ERROR:gl_surface_egl.cc(513)] eglInitialize D3D11 failed with error EGL_NOT_INITIALIZED, trying next display type
[0228/105839:WARNING:dns_config_service_win.cc(674)] Failed to read DnsConfig.
[0228/122420:WARNING:dns_config_service_win.cc(674)] Failed to read DnsConfig.
[0228/122420:WARNING:dns_config_service_win.cc(674)] Failed to read DnsConfig.
[0228/135314:WARNING:dns_config_service_win.cc(674)] Failed to read DnsConfig.
[0228/143110:WARNING:dns_config_service_win.cc(674)] Failed to read DnsConfig.
[0228/155811:ERROR:angle_platform_impl.cc(33)] ANGLE Display::initialize error 5: DXGI 1.2 required to present to HWNDs owned by another process.
[0228/155811:ERROR:gl_surface_egl.cc(513)] eglInitialize D3D11 failed with error EGL_NOT_INITIALIZED, trying next display type
[0301/094821:ERROR:angle_platform_impl.cc(33)] ANGLE Display::initialize error 5: DXGI 1.2 required to present to HWNDs owned by another process.
[0301/094821:ERROR:gl_surface_egl.cc(513)] eglInitialize D3D11 failed with error EGL_NOT_INITIALIZED, trying next display type
[0301/100307:ERROR:angle_platform_impl.cc(33)] ANGLE Display::initialize error 5: DXGI 1.2 required to present to HWNDs owned by another process.
[0301/100307:ERROR:gl_surface_egl.cc(513)] eglInitialize D3D11 failed with error EGL_NOT_INITIALIZED, trying next display type
[0301/105357:ERROR:ipc_channel_win.cc(217)] pipe error: 109
[0301/105357:WARNING:raw_channel_win.cc(532)] WriteFile: 管道正在被关闭。 (0xE8)
[0301/105632:ERROR:angle_platform_impl.cc(33)] ANGLE Display::initialize error 5: DXGI 1.2 required to present to HWNDs owned by another process.
[0301/105632:ERROR:gl_surface_egl.cc(513)] eglInitialize D3D11 failed with error EGL_NOT_INITIALIZED, trying next display type
[0301/112327:WARNING:dns_config_service_win.cc(674)] Failed to read DnsConfig.
[0301/112546:WARNING:dns_config_service_win.cc(674)] Failed to read DnsConfig.
[0301/112546:WARNING:dns_config_service_win.cc(674)] Failed to read DnsConfig.
[0305/152426:ERROR:angle_platform_impl.cc(33)] ANGLE Display::initialize error 5: DXGI 1.2 required to present to HWNDs owned by another process.
[0305/152426:ERROR:gl_surface_egl.cc(513)] eglInitialize D3D11 failed with error EGL_NOT_INITIALIZED, trying next display type
[0306/145339:ERROR:angle_platform_impl.cc(33)] ANGLE Display::initialize error 5: DXGI 1.2 required to present to HWNDs owned by another process.
[0306/145339:ERROR:gl_surface_egl.cc(513)] eglInitialize D3D11 failed with error EGL_NOT_INITIALIZED, trying next display type
[0307/103916:ERROR:angle_platform_impl.cc(33)] ANGLE Display::initialize error 5: DXGI 1.2 required to present to HWNDs owned by another process.
[0307/103916:ERROR:gl_surface_egl.cc(513)] eglInitialize D3D11 failed with error EGL_NOT_INITIALIZED, trying next display type
[0307/140038:WARNING:dns_config_service_win.cc(674)] Failed to read DnsConfig.
[0307/140039:WARNING:dns_config_service_win.cc(674)] Failed to read DnsConfig.
[0307/140040:WARNING:dns_config_service_win.cc(674)] Failed to read DnsConfig.
[0307/140040:WARNING:dns_config_service_win.cc(674)] Failed to read DnsConfig.
[0307/165058:WARNING:dns_config_service_win.cc(674)] Failed to read DnsConfig.
[0309/142022:ERROR:angle_platform_impl.cc(33)] ANGLE Display::initialize error 5: DXGI 1.2 required to present to HWNDs owned by another process.
[0309/142022:ERROR:gl_surface_egl.cc(513)] eglInitialize D3D11 failed with error EGL_NOT_INITIALIZED, trying next display type
[0309/174730:ERROR:angle_platform_impl.cc(33)] ANGLE Display::initialize error 5: DXGI 1.2 required to present to HWNDs owned by another process.
[0309/174730:ERROR:gl_surface_egl.cc(513)] eglInitialize D3D11 failed with error EGL_NOT_INITIALIZED, trying next display type
[0313/104039:ERROR:angle_platform_impl.cc(33)] ANGLE Display::initialize error 5: DXGI 1.2 required to present to HWNDs owned by another process.
[0313/104039:ERROR:gl_surface_egl.cc(513)] eglInitialize D3D11 failed with error EGL_NOT_INITIALIZED, trying next display type
[0313/111018:WARNING:dns_config_service_win.cc(674)] Failed to read DnsConfig.
[0313/111122:WARNING:dns_config_service_win.cc(674)] Failed to read DnsConfig.
[0313/111122:WARNING:dns_config_service_win.cc(674)] Failed to read DnsConfig.
[0313/111225:WARNING:dns_config_service_win.cc(674)] Failed to read DnsConfig.
[0313/111225:WARNING:dns_config_service_win.cc(674)] Failed to read DnsConfig.
[0313/133043:WARNING:dns_config_service_win.cc(674)] Failed to read DnsConfig.
[0313/153529:ERROR:angle_platform_impl.cc(33)] ANGLE Display::initialize error 5: DXGI 1.2 required to present to HWNDs owned by another process.
[0313/153529:ERROR:gl_surface_egl.cc(513)] eglInitialize D3D11 failed with error EGL_NOT_INITIALIZED, trying next display type
[0313/153711:ERROR:angle_platform_impl.cc(33)] ANGLE Display::initialize error 5: DXGI 1.2 required to present to HWNDs owned by another process.
[0313/153711:ERROR:gl_surface_egl.cc(513)] eglInitialize D3D11 failed with error EGL_NOT_INITIALIZED, trying next display type
[0314/140110:ERROR:angle_platform_impl.cc(33)] ANGLE Display::initialize error 5: DXGI 1.2 required to present to HWNDs owned by another process.
[0314/140110:ERROR:gl_surface_egl.cc(513)] eglInitialize D3D11 failed with error EGL_NOT_INITIALIZED, trying next display type
[0314/141037:WARNING:dns_config_service_win.cc(674)] Failed to read DnsConfig.
[0314/141037:WARNING:dns_config_service_win.cc(674)] Failed to read DnsConfig.
[0314/141548:WARNING:dns_config_service_win.cc(674)] Failed to read DnsConfig.
[0314/151046:WARNING:dns_config_service_win.cc(674)] Failed to read DnsConfig.
[0314/151046:WARNING:dns_config_service_win.cc(674)] Failed to read DnsConfig.
[0314/173600:ERROR:ipc_channel_win.cc(217)] pipe error: 109
[0328/171142:ERROR:angle_platform_impl.cc(33)] ANGLE Display::initialize error 5: DXGI 1.2 required to present to HWNDs owned by another process.
[0328/171142:ERROR:gl_surface_egl.cc(513)] eglInitialize D3D11 failed with error EGL_NOT_INITIALIZED, trying next display type
[0329/161451:ERROR:angle_platform_impl.cc(33)] ANGLE Display::initialize error 5: DXGI 1.2 required to present to HWNDs owned by another process.
[0329/161451:ERROR:gl_surface_egl.cc(513)] eglInitialize D3D11 failed with error EGL_NOT_INITIALIZED, trying next display type
[0329/161841:WARNING:raw_channel_win.cc(532)] WriteFile: 管道正在被关闭。 (0xE8)
[0329/161841:ERROR:ipc_channel_win.cc(217)] pipe error: 109
[0329/161841:WARNING:channel.cc(359)] RawChannel write error
[0402/135740:ERROR:angle_platform_impl.cc(33)] ANGLE Display::initialize error 5: DXGI 1.2 required to present to HWNDs owned by another process.
[0402/135740:ERROR:gl_surface_egl.cc(513)] eglInitialize D3D11 failed with error EGL_NOT_INITIALIZED, trying next display type
[0403/101032:ERROR:angle_platform_impl.cc(33)] ANGLE Display::initialize error 5: DXGI 1.2 required to present to HWNDs owned by another process.
[0403/101032:ERROR:gl_surface_egl.cc(513)] eglInitialize D3D11 failed with error EGL_NOT_INITIALIZED, trying next display type
[0418/170743:ERROR:angle_platform_impl.cc(33)] ANGLE Display::initialize error 5: DXGI 1.2 required to present to HWNDs owned by another process.
[0418/170743:ERROR:gl_surface_egl.cc(513)] eglInitialize D3D11 failed with error EGL_NOT_INITIALIZED, trying next display type
