[0123/153241:ERROR:angle_platform_impl.cc(33)] ANGLE Display::initialize error 5: DXGI 1.2 required to present to HWNDs owned by another process.
[0123/153241:ERROR:gl_surface_egl.cc(513)] eglInitialize D3D11 failed with error EGL_NOT_INITIALIZED, trying next display type
[0123/153742:ERROR:angle_platform_impl.cc(33)] ANGLE Display::initialize error 5: DXGI 1.2 required to present to HWNDs owned by another process.
[0123/153742:ERROR:gl_surface_egl.cc(513)] eglInitialize D3D11 failed with error EGL_NOT_INITIALIZED, trying next display type
[0123/154215:ERROR:angle_platform_impl.cc(33)] ANGLE Display::initialize error 5: DXGI 1.2 required to present to HWNDs owned by another process.
[0123/154215:ERROR:gl_surface_egl.cc(513)] eglInitialize D3D11 failed with error EGL_NOT_INITIALIZED, trying next display type
[0123/154543:ERROR:angle_platform_impl.cc(33)] ANGLE Display::initialize error 5: DXGI 1.2 required to present to HWNDs owned by another process.
[0123/154543:ERROR:gl_surface_egl.cc(513)] eglInitialize D3D11 failed with error EGL_NOT_INITIALIZED, trying next display type
[0123/155403:ERROR:angle_platform_impl.cc(33)] ANGLE Display::initialize error 5: DXGI 1.2 required to present to HWNDs owned by another process.
[0123/155403:ERROR:gl_surface_egl.cc(513)] eglInitialize D3D11 failed with error EGL_NOT_INITIALIZED, trying next display type
[0123/160637:ERROR:angle_platform_impl.cc(33)] ANGLE Display::initialize error 5: DXGI 1.2 required to present to HWNDs owned by another process.
[0123/160637:ERROR:gl_surface_egl.cc(513)] eglInitialize D3D11 failed with error EGL_NOT_INITIALIZED, trying next display type
[0123/160645:ERROR:angle_platform_impl.cc(33)] ANGLE Display::initialize error 5: DXGI 1.2 required to present to HWNDs owned by another process.
[0123/160645:ERROR:gl_surface_egl.cc(513)] eglInitialize D3D11 failed with error EGL_NOT_INITIALIZED, trying next display type
[0123/160758:ERROR:angle_platform_impl.cc(33)] ANGLE Display::initialize error 5: DXGI 1.2 required to present to HWNDs owned by another process.
[0123/160758:ERROR:gl_surface_egl.cc(513)] eglInitialize D3D11 failed with error EGL_NOT_INITIALIZED, trying next display type
[0123/161724:ERROR:angle_platform_impl.cc(33)] ANGLE Display::initialize error 5: DXGI 1.2 required to present to HWNDs owned by another process.
[0123/161724:ERROR:gl_surface_egl.cc(513)] eglInitialize D3D11 failed with error EGL_NOT_INITIALIZED, trying next display type
[0123/161742:ERROR:angle_platform_impl.cc(33)] ANGLE Display::initialize error 5: DXGI 1.2 required to present to HWNDs owned by another process.
[0123/161742:ERROR:gl_surface_egl.cc(513)] eglInitialize D3D11 failed with error EGL_NOT_INITIALIZED, trying next display type
[0123/170504:ERROR:angle_platform_impl.cc(33)] ANGLE Display::initialize error 5: DXGI 1.2 required to present to HWNDs owned by another process.
[0123/170504:ERROR:gl_surface_egl.cc(513)] eglInitialize D3D11 failed with error EGL_NOT_INITIALIZED, trying next display type
[0123/170525:ERROR:angle_platform_impl.cc(33)] ANGLE Display::initialize error 5: DXGI 1.2 required to present to HWNDs owned by another process.
[0123/170525:ERROR:gl_surface_egl.cc(513)] eglInitialize D3D11 failed with error EGL_NOT_INITIALIZED, trying next display type
[0123/170528:WARNING:raw_channel_win.cc(532)] WriteFile: 管道正在被关闭。 (0xE8)
[0123/170528:WARNING:channel.cc(359)] RawChannel write error
[0123/170528:ERROR:ipc_channel_win.cc(217)] pipe error: 109
[0123/170531:ERROR:angle_platform_impl.cc(33)] ANGLE Display::initialize error 5: DXGI 1.2 required to present to HWNDs owned by another process.
[0123/170531:ERROR:gl_surface_egl.cc(513)] eglInitialize D3D11 failed with error EGL_NOT_INITIALIZED, trying next display type
[0123/170547:WARNING:raw_channel_win.cc(532)] WriteFile: 管道正在被关闭。 (0xE8)
[0123/170547:WARNING:channel.cc(359)] RawChannel write error
[0123/170547:ERROR:ipc_channel_win.cc(217)] pipe error: 109
[0123/170558:ERROR:angle_platform_impl.cc(33)] ANGLE Display::initialize error 5: DXGI 1.2 required to present to HWNDs owned by another process.
[0123/170558:ERROR:gl_surface_egl.cc(513)] eglInitialize D3D11 failed with error EGL_NOT_INITIALIZED, trying next display type
[0123/170609:ERROR:ipc_channel_win.cc(217)] pipe error: 109
[0123/171300:ERROR:angle_platform_impl.cc(33)] ANGLE Display::initialize error 5: DXGI 1.2 required to present to HWNDs owned by another process.
[0123/171300:ERROR:gl_surface_egl.cc(513)] eglInitialize D3D11 failed with error EGL_NOT_INITIALIZED, trying next display type
[0123/171910:ERROR:angle_platform_impl.cc(33)] ANGLE Display::initialize error 5: DXGI 1.2 required to present to HWNDs owned by another process.
[0123/171910:ERROR:gl_surface_egl.cc(513)] eglInitialize D3D11 failed with error EGL_NOT_INITIALIZED, trying next display type
[0123/172851:ERROR:angle_platform_impl.cc(33)] ANGLE Display::initialize error 5: DXGI 1.2 required to present to HWNDs owned by another process.
[0123/172851:ERROR:gl_surface_egl.cc(513)] eglInitialize D3D11 failed with error EGL_NOT_INITIALIZED, trying next display type
[0123/172913:ERROR:angle_platform_impl.cc(33)] ANGLE Display::initialize error 5: DXGI 1.2 required to present to HWNDs owned by another process.
[0123/172913:ERROR:gl_surface_egl.cc(513)] eglInitialize D3D11 failed with error EGL_NOT_INITIALIZED, trying next display type
[0123/173112:WARNING:raw_channel_win.cc(532)] WriteFile: 管道正在被关闭。 (0xE8)
[0123/173112:WARNING:channel.cc(359)] RawChannel write error
[0123/173112:ERROR:ipc_channel_win.cc(217)] pipe error: 109
[0123/173114:ERROR:angle_platform_impl.cc(33)] ANGLE Display::initialize error 5: DXGI 1.2 required to present to HWNDs owned by another process.
[0123/173114:ERROR:gl_surface_egl.cc(513)] eglInitialize D3D11 failed with error EGL_NOT_INITIALIZED, trying next display type
[0123/173133:ERROR:angle_platform_impl.cc(33)] ANGLE Display::initialize error 5: DXGI 1.2 required to present to HWNDs owned by another process.
[0123/173133:ERROR:gl_surface_egl.cc(513)] eglInitialize D3D11 failed with error EGL_NOT_INITIALIZED, trying next display type
[0123/173151:ERROR:ipc_channel_win.cc(217)] pipe error: 109
[0123/173203:ERROR:angle_platform_impl.cc(33)] ANGLE Display::initialize error 5: DXGI 1.2 required to present to HWNDs owned by another process.
[0123/173203:ERROR:gl_surface_egl.cc(513)] eglInitialize D3D11 failed with error EGL_NOT_INITIALIZED, trying next display type
[0123/173509:ERROR:angle_platform_impl.cc(33)] ANGLE Display::initialize error 5: DXGI 1.2 required to present to HWNDs owned by another process.
[0123/173509:ERROR:gl_surface_egl.cc(513)] eglInitialize D3D11 failed with error EGL_NOT_INITIALIZED, trying next display type
[0123/173537:ERROR:angle_platform_impl.cc(33)] ANGLE Display::initialize error 5: DXGI 1.2 required to present to HWNDs owned by another process.
[0123/173537:ERROR:gl_surface_egl.cc(513)] eglInitialize D3D11 failed with error EGL_NOT_INITIALIZED, trying next display type
[0123/174146:ERROR:angle_platform_impl.cc(33)] ANGLE Display::initialize error 5: DXGI 1.2 required to present to HWNDs owned by another process.
[0123/174146:ERROR:gl_surface_egl.cc(513)] eglInitialize D3D11 failed with error EGL_NOT_INITIALIZED, trying next display type
[0124/091218:ERROR:angle_platform_impl.cc(33)] ANGLE Display::initialize error 5: DXGI 1.2 required to present to HWNDs owned by another process.
[0124/091218:ERROR:gl_surface_egl.cc(513)] eglInitialize D3D11 failed with error EGL_NOT_INITIALIZED, trying next display type
[0124/091227:ERROR:angle_platform_impl.cc(33)] ANGLE Display::initialize error 5: DXGI 1.2 required to present to HWNDs owned by another process.
[0124/091227:ERROR:gl_surface_egl.cc(513)] eglInitialize D3D11 failed with error EGL_NOT_INITIALIZED, trying next display type
[0124/091243:WARNING:dns_config_service_win.cc(674)] Failed to read DnsConfig.
[0124/093755:ERROR:angle_platform_impl.cc(33)] ANGLE Display::initialize error 5: DXGI 1.2 required to present to HWNDs owned by another process.
[0124/093755:ERROR:gl_surface_egl.cc(513)] eglInitialize D3D11 failed with error EGL_NOT_INITIALIZED, trying next display type
[0124/093757:WARNING:raw_channel_win.cc(532)] WriteFile: 管道正在被关闭。 (0xE8)
[0124/093757:ERROR:ipc_channel_win.cc(217)] pipe error: 109
[0124/093757:WARNING:channel.cc(359)] RawChannel write error
